1	35.8379
2	34.3292
3	33.0398
4	31.4823
5	29.4884
6	28.3341
7	27.7741
8	27.3072
9	26.9157
10	26.0086
11	24.5312
12	23.4764
13	22.4352
14	21.5588
15	21.1827
16	20.975
17	20.993
18	20.6231
19	20.4998
20	20.1355
21	19.835
22	19.859
23	19.3352
24	18.7583
25	18.2643
26	17.8034
27	17.6688
28	17.6286
29	17.1814
30	16.7404
31	16.6788
32	16.6139
33	16.4724
34	16.6744
35	16.3408
36	15.9749
37	15.929
38	15.7818
39	15.4687
40	15.1868
41	14.9994
42	14.9346
43	14.7848
44	14.6452
45	14.6451
46	14.6449
47	14.6447
48	14.641
49	14.6367
50	14.6328
51	14.5721
52	14.4504
53	14.2926
54	14.0507
55	13.8919
56	13.7445
57	13.6265
58	13.6265
59	13.6265
60	13.6233
61	13.7574
62	13.6739
63	13.7818
64	13.5185
65	13.421
66	12.3281
67	11.2261
68	11.2183
69	11.2142
70	11.2025
71	11.1611
72	11.0457
73	10.536
74	10.0847
75	10.082
76	10.0815
77	10.071
78	10.0565
79	10.0514
80	10.0423
81	10.0308
82	10.0232
83	10.008
84	9.87945
85	9.54618
86	9.2429
87	9.15061
88	9.14904
89	9.14733
90	9.14724
91	9.14696
92	9.14658
93	9.14649
94	9.14649
95	9.13367
96	8.848
97	8.5275
98	8.50548
99	8.50548
100	8.50548
101	8.50548
102	8.50547
103	8.50533
104	8.50455
105	8.49369
106	8.47513
107	8.46426
108	8.46118
109	8.46118
110	8.45411
111	8.36563
112	8.28422
113	8.28422
114	8.28422
115	8.28422
116	8.28422
117	8.28422
118	8.28422
119	8.28422
120	8.27696
121	8.14614
122	7.96444
123	7.92083
124	7.92083
125	7.92083
126	7.92083
127	7.92083
128	7.92083
129	7.92083
130	7.92083
131	7.92083
132	7.92083
133	7.92083
134	7.92083
135	7.92083
136	7.92083
137	7.92083
138	7.92083
139	7.92083
140	7.91089
141	7.74214
142	7.46975
143	6.94293
144	6.3514
145	6.2403
146	6.2403
147	6.2403
148	6.2403
149	6.2403
150	6.2403
151	6.2403
152	6.2403
153	6.2403
154	6.2403
155	6.2403
156	6.2403
157	6.2403
158	6.2403
159	6.2403
160	6.2403
161	6.2403
162	6.2403
163	6.2403
164	6.2403
165	6.2403
166	6.2403
167	6.2403
168	6.2403
169	6.2403
170	6.2403
171	6.2403
172	6.2403
173	6.2403
174	6.2403
175	6.2403
176	6.2403
177	6.2403
178	6.2403
179	6.2403
180	6.2403
181	6.2403
182	6.2403
183	6.2403
184	6.2403
185	6.2403
186	6.2403
187	6.2403
188	6.2403
189	6.2403
190	6.2403
191	6.2403
192	6.2403
193	6.2403
194	6.2403
195	6.2403
196	6.2403
197	6.2403
198	6.2403
199	6.2403
200	6.2403
201	6.2403
202	6.2403
203	6.2403
204	6.2403
205	6.2403
206	6.2403
207	6.2403
208	6.2403
209	6.2403
210	6.2403
211	6.2403
212	6.2403
213	6.2403
214	6.2403
215	6.2403
216	6.2403
217	6.2403
218	6.2403
219	6.2403
220	6.2403
221	6.2403
222	6.2403
223	6.2403
224	6.2403
225	6.2403
226	6.2403
227	6.2403
228	6.2403
229	6.2403
230	6.2403
231	6.2403
232	6.2403
233	6.2403
234	6.2403
235	6.2403
236	6.2403
237	6.2403
238	6.2403
239	6.2403
240	6.2403
241	6.2403
242	6.2403
243	6.2403
244	6.2403
245	6.2403
246	6.2403
247	6.2403
248	6.2403
249	6.2403
250	6.2403
251	6.2403
252	6.2403
253	6.2403
254	6.2403
255	6.2403
256	6.2403
257	6.2403
258	6.2403
259	6.2403
260	6.2403
261	6.2403
262	6.2403
263	6.2403
264	6.2403
265	6.2403
266	6.2403
267	6.2403
268	6.2403
269	6.2403
270	6.2403
271	6.2403
272	6.2403
273	6.2403
274	6.2403
275	6.2403
276	6.2403
277	6.2403
278	6.2403
279	6.2403
280	6.2403
281	6.2403
282	6.2403
283	6.2403
284	6.2403
285	6.2403
286	6.2403
287	6.2403
288	6.2403
289	6.2403
290	6.2403
291	6.2403
292	6.2403
293	6.2403
294	6.2403
295	6.2403
296	6.2403
297	6.2403
298	6.2403
299	6.2403
300	6.2403
301	6.2403
302	6.2403
303	6.2403
304	6.2403
305	6.2403
306	6.2403
307	6.2403
308	6.2403
309	6.2403
310	6.2403
311	6.2403
312	6.2403
313	6.2403
314	6.2403
315	6.2403
316	6.2403
317	6.2403
318	6.2403
319	6.2403
320	6.2403
321	6.2403
322	6.2403
323	6.2403
324	6.2403
325	6.2403
326	6.2403
327	6.2403
328	6.2403
329	6.2403
330	6.2403
331	6.2403
332	6.2403
333	6.2403
334	6.2403
335	6.2403
336	6.2403
337	6.2403
338	6.2403
339	6.2403
340	6.2403
341	6.2403
342	6.2403
343	6.2403
344	6.2403
345	6.2403
346	6.2403
347	6.2403
348	6.2403
349	6.2403
350	6.2403
351	6.2403
352	6.2403
353	6.2403
354	6.2403
355	6.2403
356	6.2403
357	6.2403
358	6.2403
359	6.2403
360	6.2403
361	6.2403
362	6.2403
363	6.2403
364	6.2403
365	6.2403
366	6.2403
367	6.2403
368	6.2403
369	6.2403
370	6.2403
371	6.2403
372	6.2403
373	6.2403
374	6.2403
375	6.2403
376	6.2403
377	6.2403
378	6.2403
379	6.2403
380	6.2403
381	6.2403
382	6.2403
383	6.2403
384	6.2403
385	6.2403
386	6.2403
387	6.2403
388	6.2403
389	6.2403
390	6.2403
391	6.2403
392	6.2403
393	6.2403
394	6.2403
395	6.2403
396	6.2403
397	6.2403
398	6.2403
399	6.2403
400	6.2403
401	6.2403
402	6.2403
403	6.2403
404	6.2403
405	6.2403
406	6.2403
407	6.2403
408	6.2403
409	6.2403
410	6.2403
411	6.2403
412	6.2403
413	6.2403
414	6.2403
415	6.2403
416	6.2403
417	6.2403
418	6.2403
419	6.2403
420	6.2403
421	6.2403
422	6.2403
423	6.2403
424	6.2403
425	6.2403
426	6.2403
427	6.2403
428	6.2403
429	6.2403
430	6.2403
431	6.2403
432	6.2403
433	6.2403
434	6.2403
435	6.2403
436	6.2403
437	6.2403
438	6.2403
439	6.2403
440	6.2403
441	6.2403
442	6.2403
443	6.2403
444	6.2403
445	6.2403
446	6.2403
447	6.2403
448	6.2403
449	6.2403
450	6.2403
451	6.2403
452	6.2403
453	6.2403
454	6.2403
455	6.2403
456	6.2403
457	6.2403
458	6.2403
459	6.2403
460	6.2403
461	6.2403
462	6.2403
463	6.2403
464	6.2403
465	6.2403
466	6.2403
467	6.2403
468	6.2403
469	6.2403
470	6.2403
471	6.2403
472	6.2403
473	6.2403
474	6.2403
475	6.2403
476	6.2403
477	6.2403
478	6.2403
479	6.2403
480	6.2403
481	6.2403
482	6.2403
483	6.2403
484	6.2403
485	6.2403
486	6.2403
487	6.2403
488	6.2403
489	6.2403
490	6.2403
491	6.2403
492	6.2403
493	6.2403
494	6.2403
495	6.2403
496	6.2403
497	6.2403
498	6.2403
499	6.2403
500	6.2403
