1	29.6928		1
2	29.6928		1
3	29.6928		1
4	27.5883		4
5	27.5883		4
6	27.5883		4
7	27.0568		7
8	26.9031		8
9	24.3344		9
10	23.9429		10
11	22.7968		11
12	22.5062		12
13	21.2781		13
14	21.1011		14
15	20.7986		15
16	20.4823		16
17	20.4823		16
18	20.1277		18
19	19.8458		19
20	19.8458		19
21	19.3115		21
22	18.9247		22
23	17.6864		23
24	17.6864		23
25	17.6864		23
26	17.6418		26
27	17.6418		26
28	16.7442		28
29	16.7442		28
30	16.6221		30
31	16.6218		31
32	16.2618		32
33	15.9434		33
34	15.9434		33
35	15.9434		33
36	15.9434		33
37	15.4505		37
38	15.2221		38
39	14.9448		39
40	14.9448		39
41	14.9336		41
42	14.6452		42
43	14.6452		42
44	14.6449		44
45	14.6449		44
46	14.6449		44
47	14.6361		47
48	14.6361		47
49	14.6361		47
50	14.4706		50
51	14.4145		51
52	14.1133		52
53	13.8724		53
54	13.8724		53
55	13.6265		55
56	13.6265		55
57	13.6265		55
58	13.6265		55
59	13.6265		55
60	13.4676		60
61	13.4676		60
62	13.4676		60
63	13.4676		60
64	13.4676		60
65	11.2353		65
66	11.2197		66
67	11.2121		67
68	11.2121		67
69	11.1944		69
70	11.0352		70
71	11.006		71
72	10.082		72
73	10.082		72
74	10.082		72
75	10.082		72
76	10.0584		76
77	10.0511		77
78	10.0511		77
79	10.0289		79
80	10.0289		79
81	10.0119		81
82	10.0112		82
83	9.69357		83
84	9.46901		84
85	9.15068		85
86	9.15068		85
87	9.14726		87
88	9.14726		87
89	9.14726		87
90	9.14649		90
91	9.14649		90
92	9.14649		90
93	9.14649		90
94	9.14649		90
95	8.50548		95
96	8.50548		95
97	8.50548		95
98	8.50548		95
99	8.50548		95
100	8.50548		95
101	8.50548		101
102	8.5052		102
103	8.5052		102
104	8.48013		104
105	8.46876		105
106	8.46118		106
107	8.46118		106
108	8.46118		106
109	8.46118		106
110	8.28422		110
111	8.28422		110
112	8.28422		110
113	8.28422		110
114	8.28422		110
115	8.28422		110
116	8.28422		110
117	8.28422		110
118	8.28422		110
119	8.28422		110
120	7.92083		120
121	7.92083		120
122	7.92083		120
123	7.92083		120
124	7.92083		120
125	7.92083		120
126	7.92083		120
127	7.92083		120
128	7.92083		120
129	7.92083		120
130	7.92083		120
131	7.92083		120
132	7.92083		120
133	7.92083		120
134	7.92083		120
135	7.92083		120
136	7.92083		120
137	7.92083		120
138	7.92083		120
139	7.92083		120
140	7.42337		140
141	7.42337		140
142	6.2403		142
143	6.2403		142
144	6.2403		142
145	6.2403		142
146	6.2403		142
147	6.2403		142
148	6.2403		142
149	6.2403		142
150	6.2403		142
151	6.2403		142
152	6.2403		142
153	6.2403		142
154	6.2403		142
155	6.2403		142
156	6.2403		142
157	6.2403		142
158	6.2403		142
159	6.2403		142
160	6.2403		142
161	6.2403		142
162	6.2403		142
163	6.2403		142
164	6.2403		142
165	6.2403		142
166	6.2403		142
167	6.2403		142
168	6.2403		142
169	6.2403		142
170	6.2403		142
171	6.2403		142
172	6.2403		142
173	6.2403		142
174	6.2403		142
175	6.2403		142
176	6.2403		142
177	6.2403		142
178	6.2403		142
179	6.2403		142
180	6.2403		142
181	6.2403		142
182	6.2403		142
183	6.2403		142
184	6.2403		142
185	6.2403		142
186	6.2403		142
187	6.2403		142
188	6.2403		142
189	6.2403		142
190	6.2403		142
191	6.2403		142
192	6.2403		142
193	6.2403		142
194	6.2403		142
195	6.2403		142
196	6.2403		142
197	6.2403		142
198	6.2403		142
199	6.2403		142
200	6.2403		142
201	6.2403		142
202	6.2403		142
203	6.2403		142
204	6.2403		142
205	6.2403		142
206	6.2403		142
207	6.2403		142
208	6.2403		142
209	6.2403		142
210	6.2403		142
211	6.2403		142
212	6.2403		142
213	6.2403		142
214	6.2403		142
215	6.2403		142
216	6.2403		142
217	6.2403		142
218	6.2403		142
219	6.2403		142
220	6.2403		142
221	6.2403		142
222	6.2403		142
223	6.2403		142
224	6.2403		142
225	6.2403		142
226	6.2403		142
227	6.2403		142
228	6.2403		142
229	6.2403		142
230	6.2403		142
231	6.2403		142
232	6.2403		142
233	6.2403		142
234	6.2403		142
235	6.2403		142
236	6.2403		142
237	6.2403		142
238	6.2403		142
239	6.2403		142
240	6.2403		142
241	6.2403		142
242	6.2403		142
243	6.2403		142
244	6.2403		142
245	6.2403		142
246	6.2403		142
247	6.2403		142
248	6.2403		142
249	6.2403		142
250	6.2403		142
251	6.2403		142
252	6.2403		142
253	6.2403		142
254	6.2403		142
255	6.2403		142
256	6.2403		142
257	6.2403		142
258	6.2403		142
259	6.2403		142
260	6.2403		142
261	6.2403		142
262	6.2403		142
263	6.2403		142
264	6.2403		142
265	6.2403		142
266	6.2403		142
267	6.2403		142
268	6.2403		142
269	6.2403		142
270	6.2403		142
271	6.2403		142
272	6.2403		142
273	6.2403		142
274	6.2403		142
275	6.2403		142
276	6.2403		142
277	6.2403		142
278	6.2403		142
279	6.2403		142
280	6.2403		142
281	6.2403		142
282	6.2403		142
283	6.2403		142
284	6.2403		142
285	6.2403		142
286	6.2403		142
287	6.2403		142
288	6.2403		142
289	6.2403		142
290	6.2403		142
291	6.2403		142
292	6.2403		142
293	6.2403		142
294	6.2403		142
295	6.2403		142
296	6.2403		142
297	6.2403		142
298	6.2403		142
299	6.2403		142
300	6.2403		142
301	6.2403		142
302	6.2403		142
303	6.2403		142
304	6.2403		142
305	6.2403		142
306	6.2403		142
307	6.2403		142
308	6.2403		142
309	6.2403		142
310	6.2403		142
311	6.2403		142
312	6.2403		142
313	6.2403		142
314	6.2403		142
315	6.2403		142
316	6.2403		142
317	6.2403		142
318	6.2403		142
319	6.2403		142
320	6.2403		142
321	6.2403		142
322	6.2403		142
323	6.2403		142
324	6.2403		142
325	6.2403		142
326	6.2403		142
327	6.2403		142
328	6.2403		142
329	6.2403		142
330	6.2403		142
331	6.2403		142
332	6.2403		142
333	6.2403		142
334	6.2403		142
335	6.2403		142
336	6.2403		142
337	6.2403		142
338	6.2403		142
339	6.2403		142
340	6.2403		142
341	6.2403		142
342	6.2403		142
343	6.2403		142
344	6.2403		142
345	6.2403		142
346	6.2403		142
347	6.2403		142
348	6.2403		142
349	6.2403		142
350	6.2403		142
351	6.2403		142
352	6.2403		142
353	6.2403		142
354	6.2403		142
355	6.2403		142
356	6.2403		142
357	6.2403		142
358	6.2403		142
359	6.2403		142
360	6.2403		142
361	6.2403		142
362	6.2403		142
363	6.2403		142
364	6.2403		142
365	6.2403		142
366	6.2403		142
367	6.2403		142
368	6.2403		142
369	6.2403		142
370	6.2403		142
371	6.2403		142
372	6.2403		142
373	6.2403		142
374	6.2403		142
375	6.2403		142
376	6.2403		142
377	6.2403		142
378	6.2403		142
379	6.2403		142
380	6.2403		142
381	6.2403		142
382	6.2403		142
383	6.2403		142
384	6.2403		142
385	6.2403		142
386	6.2403		142
387	6.2403		142
388	6.2403		142
389	6.2403		142
390	6.2403		142
391	6.2403		142
392	6.2403		142
393	6.2403		142
394	6.2403		142
395	6.2403		142
396	6.2403		142
397	6.2403		142
398	6.2403		142
399	6.2403		142
400	6.2403		142
401	6.2403		142
402	6.2403		142
403	6.2403		142
404	6.2403		142
405	6.2403		142
406	6.2403		142
407	6.2403		142
408	6.2403		142
409	6.2403		142
410	6.2403		142
411	6.2403		142
412	6.2403		142
413	6.2403		142
414	6.2403		142
415	6.2403		142
416	6.2403		142
417	6.2403		142
418	6.2403		142
419	6.2403		142
420	6.2403		142
421	6.2403		142
422	6.2403		142
423	6.2403		142
424	6.2403		142
425	6.2403		142
426	6.2403		142
427	6.2403		142
428	6.2403		142
429	6.2403		142
430	6.2403		142
431	6.2403		142
432	6.2403		142
433	6.2403		142
434	6.2403		142
435	6.2403		142
436	6.2403		142
437	6.2403		142
438	6.2403		142
439	6.2403		142
440	6.2403		142
441	6.2403		142
442	6.2403		142
443	6.2403		142
444	6.2403		142
445	6.2403		142
446	6.2403		142
447	6.2403		142
448	6.2403		142
449	6.2403		142
450	6.2403		142
451	6.2403		142
452	6.2403		142
453	6.2403		142
454	6.2403		142
455	6.2403		142
456	6.2403		142
457	6.2403		142
458	6.2403		142
459	6.2403		142
460	6.2403		142
461	6.2403		142
462	6.2403		142
463	6.2403		142
464	6.2403		142
465	6.2403		142
466	6.2403		142
467	6.2403		142
468	6.2403		142
469	6.2403		142
470	6.2403		142
471	6.2403		142
472	6.2403		142
473	6.2403		142
474	6.2403		142
475	6.2403		142
476	6.2403		142
477	6.2403		142
478	6.2403		142
479	6.2403		142
480	6.2403		142
481	6.2403		142
482	6.2403		142
483	6.2403		142
484	6.2403		142
485	6.2403		142
486	6.2403		142
487	6.2403		142
488	6.2403		142
489	6.2403		142
490	6.2403		142
491	6.2403		142
492	6.2403		142
493	6.2403		142
494	6.2403		142
495	6.2403		142
496	6.2403		142
497	6.2403		142
498	6.2403		142
499	6.2403		142
500	6.2403		142
