1	30.3281		1
2	28.0056		2
3	27.4405		3
4	24.7692		4
5	24.4278		5
6	24.1954		6
7	23.611		7
8	23.611		7
9	22.7297		9
10	22.7224		10
11	22.7224		10
12	21.0067		12
13	21.0047		13
14	19.8989		14
15	19.5231		15
16	18.4208		16
17	18.0926		17
18	17.17		18
19	16.3457		19
20	16.3457		19
21	15.6958		21
22	15.6958		21
23	15.6769		23
24	15.3365		24
25	15.3002		25
26	15.101		26
27	15.101		26
28	14.336		28
29	14.0713		29
30	14.0713		29
31	14.0713		29
32	12.6133		32
33	12.6133		32
34	12.0668		34
35	12.0668		34
36	12.0668		34
37	11.2272		37
38	11.2272		37
39	11.0927		39
40	11.0927		39
41	11.0759		41
42	10.7512		42
43	10.7512		42
44	10.7512		42
45	10.2575		45
46	10.2575		45
47	10.2575		45
48	10.2575		45
49	9.93034		49
50	9.48576		50
51	9.48576		50
52	9.11014		52
53	7.46095		53
54	7.43437		54
55	7.43437		54
56	7.43437		54
57	7.41007		57
58	7.41007		57
59	7.41007		57
60	7.41007		57
61	7.41007		57
62	7.2349		62
63	7.23479		63
64	7.23479		63
65	7.15843		65
66	7.15843		65
67	7.15843		65
68	7.15843		65
69	7.15843		65
70	7.15843		65
71	7.15843		65
72	7.15843		65
73	7.15843		65
74	7.15843		65
75	7.15843		65
76	7.15843		65
77	7.15843		65
78	7.15843		65
79	7.15843		65
80	7.15843		65
81	7.15843		65
82	7.15843		65
83	7.15843		65
84	7.15843		65
85	7.15843		65
86	7.15843		65
87	7.15843		65
88	7.15843		65
89	7.15843		65
90	7.15843		65
91	7.15843		65
92	7.15843		65
93	7.15843		65
94	7.15843		65
95	7.15843		65
96	7.15843		65
97	7.15843		65
98	7.15843		65
99	7.15843		65
100	7.15843		65
101	7.15843		65
102	7.15843		65
103	7.15843		65
104	7.15843		65
105	7.15843		65
106	7.15843		65
107	7.15843		65
108	7.15843		65
109	7.15843		65
110	7.15843		65
111	7.15843		65
112	7.15843		65
113	7.15843		65
114	7.15843		65
115	7.15843		65
116	7.15843		65
117	7.15843		65
118	7.15843		65
119	7.15843		65
120	7.15843		65
121	7.15843		65
122	7.15843		65
123	6.89383		123
124	6.89383		123
125	6.89383		123
126	6.89383		123
127	6.89383		123
128	6.89383		123
129	6.89383		123
130	6.89383		123
131	6.89383		123
132	6.89383		123
133	6.89383		123
134	6.89383		123
135	6.89383		123
136	6.89383		123
137	6.89383		123
138	6.89383		123
139	6.89383		123
140	6.89383		123
141	6.89383		123
142	6.89383		123
143	6.89383		123
144	6.89383		123
145	6.89383		123
146	6.89383		123
147	6.89383		123
148	6.2403		148
149	6.2403		148
150	6.2403		148
151	6.2403		148
152	6.2403		148
153	6.2403		148
154	6.2403		148
155	6.2403		148
156	6.2403		148
157	6.2403		148
158	6.2403		148
159	6.2403		148
160	6.2403		148
161	6.2403		148
162	6.2403		148
163	6.2403		148
164	6.2403		148
165	6.2403		148
166	6.2403		148
167	6.2403		148
168	6.2403		148
169	6.2403		148
170	6.2403		148
171	6.2403		148
172	6.2403		148
173	6.2403		148
174	6.2403		148
175	6.2403		148
176	6.2403		148
177	6.2403		148
178	6.2403		148
179	6.2403		148
180	6.2403		148
181	6.2403		148
182	6.2403		148
183	6.2403		148
184	6.2403		148
185	6.2403		148
186	6.2403		148
187	6.2403		148
188	6.2403		148
189	6.2403		148
190	6.2403		148
191	6.2403		148
192	6.2403		148
193	6.2403		148
194	6.2403		148
195	6.2403		148
196	6.2403		148
197	6.2403		148
198	6.2403		148
199	6.2403		148
200	6.2403		148
201	6.2403		148
202	6.2403		148
203	6.2403		148
204	6.2403		148
205	6.2403		148
206	6.2403		148
207	6.2403		148
208	6.2403		148
209	6.2403		148
210	6.2403		148
211	6.2403		148
212	6.2403		148
213	6.2403		148
214	6.2403		148
215	6.2403		148
216	6.2403		148
217	6.2403		148
218	6.2403		148
219	6.2403		148
220	6.2403		148
221	6.2403		148
222	6.2403		148
223	6.2403		148
224	6.2403		148
225	6.2403		148
226	6.2403		148
227	6.2403		148
228	6.2403		148
229	6.2403		148
230	6.2403		148
231	6.2403		148
232	6.2403		148
233	6.2403		148
234	6.2403		148
235	6.2403		148
236	6.2403		148
237	6.2403		148
238	6.2403		148
239	6.2403		148
240	6.2403		148
241	6.2403		148
242	6.2403		148
243	6.2403		148
244	6.2403		148
245	6.2403		148
246	6.2403		148
247	6.2403		148
248	6.2403		148
249	6.2403		148
250	6.2403		148
251	6.2403		148
252	6.2403		148
253	6.2403		148
254	6.2403		148
255	6.2403		148
256	6.2403		148
257	6.2403		148
258	6.2403		148
259	6.2403		148
260	6.2403		148
261	6.2403		148
262	6.2403		148
263	6.2403		148
264	6.2403		148
265	6.2403		148
266	6.2403		148
267	6.2403		148
268	6.2403		148
269	6.2403		148
270	6.2403		148
271	6.2403		148
272	6.2403		148
273	6.2403		148
274	6.2403		148
275	6.2403		148
276	6.2403		148
277	6.2403		148
278	6.2403		148
279	6.2403		148
280	6.2403		148
281	6.2403		148
282	6.2403		148
283	6.2403		148
284	6.2403		148
285	6.2403		148
286	6.2403		148
287	6.2403		148
288	6.2403		148
289	6.2403		148
290	6.2403		148
291	6.2403		148
292	6.2403		148
293	6.2403		148
294	6.2403		148
295	6.2403		148
296	6.2403		148
297	6.2403		148
298	6.2403		148
299	6.2403		148
300	6.2403		148
301	6.2403		148
302	6.2403		148
303	6.2403		148
304	6.2403		148
305	6.2403		148
306	6.2403		148
307	6.2403		148
308	6.2403		148
309	6.2403		148
310	6.2403		148
311	6.2403		148
312	6.2403		148
313	6.2403		148
314	6.2403		148
315	6.2403		148
316	6.2403		148
317	6.2403		148
318	6.2403		148
319	6.2403		148
320	6.2403		148
321	6.2403		148
322	6.2403		148
323	6.2403		148
324	6.2403		148
325	6.2403		148
326	6.2403		148
327	6.2403		148
328	6.2403		148
329	6.2403		148
330	6.2403		148
331	6.2403		148
332	6.2403		148
333	6.2403		148
334	6.2403		148
335	6.2403		148
336	6.2403		148
337	6.2403		148
338	6.2403		148
339	6.2403		148
340	6.2403		148
341	6.2403		148
342	6.2403		148
343	6.2403		148
344	6.2403		148
345	6.2403		148
346	6.2403		148
347	6.2403		148
348	6.2403		148
349	6.2403		148
350	6.2403		148
351	6.2403		148
352	6.2403		148
353	6.2403		148
354	6.2403		148
355	6.2403		148
356	6.2403		148
357	6.2403		148
358	6.2403		148
359	6.2403		148
360	6.2403		148
361	6.2403		148
362	6.2403		148
363	6.2403		148
364	6.2403		148
365	6.2403		148
366	6.2403		148
367	6.2403		148
368	6.2403		148
369	6.2403		148
370	6.2403		148
371	6.2403		148
372	6.2403		148
373	6.2403		148
374	6.2403		148
375	6.2403		148
376	6.2403		148
377	6.2403		148
378	6.2403		148
379	6.2403		148
380	6.2403		148
381	6.2403		148
382	6.2403		148
383	6.2403		148
384	6.2403		148
385	6.2403		148
386	6.2403		148
387	6.2403		148
388	6.2403		148
389	6.2403		148
390	6.2403		148
391	6.2403		148
392	6.2403		148
393	6.2403		148
394	6.2403		148
395	6.2403		148
396	6.2403		148
397	6.2403		148
398	6.2403		148
399	6.2403		148
400	6.2403		148
401	6.2403		148
402	6.2403		148
403	6.2403		148
404	6.2403		148
405	6.2403		148
406	6.2403		148
407	6.2403		148
408	6.2403		148
409	6.2403		148
410	6.2403		148
411	6.2403		148
412	6.2403		148
413	6.2403		148
414	6.2403		148
415	6.2403		148
416	6.2403		148
417	6.2403		148
418	6.2403		148
419	6.2403		148
420	6.2403		148
421	6.2403		148
422	6.2403		148
423	6.2403		148
424	6.2403		148
425	6.2403		148
426	6.2403		148
427	6.2403		148
428	6.2403		148
429	6.2403		148
430	6.2403		148
431	6.2403		148
432	6.2403		148
433	6.2403		148
434	6.2403		148
435	6.2403		148
436	6.2403		148
437	6.2403		148
438	6.2403		148
439	6.2403		148
440	6.2403		148
441	6.2403		148
442	6.2403		148
443	6.2403		148
444	6.2403		148
445	6.2403		148
446	6.2403		148
447	6.2403		148
448	6.2403		148
449	6.2403		148
450	6.2403		148
451	6.2403		148
452	6.2403		148
453	6.2403		148
454	6.2403		148
455	6.2403		148
456	6.2403		148
457	6.2403		148
458	6.2403		148
459	6.2403		148
460	6.2403		148
461	6.2403		148
462	6.2403		148
463	6.2403		148
464	6.2403		148
465	6.2403		148
466	6.2403		148
467	6.2403		148
468	6.2403		148
469	6.2403		148
470	6.2403		148
471	6.2403		148
472	6.2403		148
473	6.2403		148
474	6.2403		148
475	6.2403		148
476	6.2403		148
477	6.2403		148
478	6.2403		148
479	6.2403		148
480	6.2403		148
481	6.2403		148
482	6.2403		148
483	6.2403		148
484	6.2403		148
485	6.2403		148
486	6.2403		148
487	6.2403		148
488	6.2403		148
489	6.2403		148
490	6.2403		148
491	6.2403		148
492	6.2403		148
493	6.2403		148
494	6.2403		148
495	6.2403		148
496	6.2403		148
497	6.2403		148
498	6.2403		148
499	6.2403		148
500	6.2403		148
