1	12.7996		1
2	12.7996		1
3	12.4232		3
4	11.9884		4
5	11.9884		4
6	11.4315		6
7	11.2541		7
8	10.222		8
9	10.1725		9
10	9.9617		10
11	9.73837		11
12	9.67981		12
13	9.4569		13
14	8.92168		14
15	8.92168		14
16	8.91276		16
17	8.79557		17
18	8.78665		18
19	8.78665		18
20	8.6809		20
21	8.60802		21
22	8.60802		21
23	8.60802		21
24	8.60802		21
25	8.60802		21
26	8.59419		26
27	8.59419		26
28	8.49		28
29	8.49		28
30	8.49		28
31	8.3702		31
32	8.3702		31
33	8.3702		31
34	8.08691		34
35	8.08691		34
36	8.07233		36
37	8.03725		37
38	8.02267		38
39	7.92346		39
40	7.76313		40
41	7.76313		40
42	7.67786		42
43	7.67786		42
44	7.64243		44
45	7.18319		45
46	7.14777		46
47	7.03136		47
48	6.969		48
49	6.969		48
50	6.969		48
51	6.85614		51
52	6.85614		51
53	6.85614		51
54	6.85614		51
55	6.643		55
56	6.6291		56
57	6.6291		56
58	6.6291		56
59	6.49074		59
60	6.49074		59
61	6.46222		61
62	6.31106		62
63	6.31106		62
64	6.31106		62
65	6.26194		65
66	6.17353		66
67	5.98367		67
68	5.98367		67
69	5.98367		67
70	5.95515		70
71	5.85986		71
72	5.85986		71
73	5.83134		73
74	5.82748		74
75	5.76159		75
76	5.76159		75
77	5.7256		77
78	5.7256		77
79	5.7256		77
80	5.72		80
81	5.71417		81
82	5.70857		82
83	5.70857		82
84	5.70857		82
85	5.70857		82
86	5.5593		86
87	5.5593		86
88	5.54971		88
89	5.54971		88
90	5.53269		90
91	5.53269		90
92	5.53269		90
93	5.53269		90
94	5.53269		90
95	5.53269		90
96	5.53269		90
97	5.48119		97
98	5.48119		97
99	5.48119		97
100	5.48119		97
101	5.48119		97
102	5.48119		97
103	5.48119		97
104	5.48119		97
105	5.48119		97
106	5.48119		97
107	5.48119		97
108	5.48119		97
109	5.48119		97
110	5.48119		97
111	5.44132		111
112	5.44132		111
113	5.44132		111
114	5.44132		111
115	5.44132		111
116	5.44132		111
117	5.44132		111
118	5.44132		111
119	5.44132		111
120	5.44132		111
121	5.44132		111
122	5.44132		111
123	5.44132		111
124	5.44132		111
125	5.44132		111
126	5.44132		111
127	5.44132		111
128	5.44132		111
129	5.44132		111
130	5.44132		111
131	5.44132		111
132	5.44132		111
133	5.43271		133
134	5.43271		133
135	5.43271		133
136	5.43271		133
137	5.43271		133
138	5.42699		138
139	5.42699		138
140	5.42699		138
141	5.42699		138
142	5.42699		138
143	5.42699		138
144	5.42699		138
145	5.42699		138
146	5.42699		138
147	5.42699		138
148	5.42699		138
149	5.42699		138
150	5.42699		138
151	5.42699		138
152	5.42699		138
153	5.42699		138
154	5.42699		138
155	5.42699		138
156	5.42699		138
157	5.42699		138
158	5.42699		138
159	5.42699		138
160	5.42699		138
161	5.42699		138
162	5.42699		138
163	5.41175		163
164	5.41175		163
165	5.41175		163
166	5.41175		163
167	5.41175		163
168	5.41175		163
169	5.41175		163
170	5.41175		163
171	5.41175		163
172	5.41175		163
173	5.41175		163
174	5.41175		163
175	5.41175		163
176	5.41175		163
177	5.41175		163
178	5.41175		163
179	5.41175		163
180	5.41175		163
181	5.41175		163
182	5.41175		163
183	5.41175		163
184	5.41175		163
185	5.41175		163
186	5.41175		163
187	5.41175		163
188	5.41175		163
189	5.41175		163
190	5.41175		163
191	5.41175		163
192	5.41175		163
193	5.41175		163
194	5.41175		163
195	5.41175		163
196	5.41175		163
197	5.41175		163
198	5.41175		163
199	5.41175		163
200	5.41175		163
201	5.41175		163
202	5.41175		163
203	5.41175		163
204	5.41175		163
205	5.41175		163
206	5.41175		163
207	5.41175		163
208	5.41175		163
209	5.41175		163
210	5.41175		163
211	5.41175		163
212	5.41175		163
213	5.41175		163
214	5.41175		163
215	5.41175		163
216	5.41175		163
217	5.41175		163
218	5.41175		163
219	5.41175		163
220	5.41175		163
221	5.41175		163
222	5.41175		163
223	5.41175		163
224	5.41175		163
225	5.41175		163
226	5.41175		163
227	5.41175		163
228	5.41175		163
229	5.41175		163
230	5.41175		163
231	5.41175		163
232	5.41175		163
233	5.41175		163
234	5.41175		163
235	5.41175		163
236	5.41175		163
237	5.41175		163
238	5.41175		163
239	5.41175		163
240	5.41175		163
241	5.41175		163
242	5.41175		163
243	5.41175		163
244	5.41175		163
245	5.41175		163
246	5.41175		163
247	5.41175		163
248	5.41175		163
249	5.41175		163
250	5.41175		163
251	5.41175		163
252	5.41175		163
253	5.41175		163
254	5.41175		163
255	5.41175		163
256	5.41175		163
257	5.41175		163
258	5.41175		163
259	5.41175		163
260	5.41175		163
261	5.41175		163
262	5.41175		163
263	5.41175		163
264	5.41175		163
265	5.41175		163
266	5.41175		163
267	5.41175		163
268	5.41175		163
269	5.41175		163
270	5.41175		163
271	5.41175		163
272	5.41175		163
273	5.41175		163
274	5.41175		163
275	5.41175		163
276	5.41175		163
277	5.41175		163
278	5.41175		163
279	5.41175		163
280	5.41175		163
281	5.41175		163
282	5.41175		163
283	5.41175		163
284	5.41175		163
285	5.41175		163
286	5.41175		163
287	5.41175		163
288	5.41175		163
289	5.41175		163
290	5.41175		163
291	5.41175		163
292	5.41175		163
293	5.41175		163
294	5.41175		163
295	5.41175		163
296	5.41175		163
297	5.41175		163
298	5.41175		163
299	5.41175		163
300	5.41175		163
301	5.41175		163
302	5.41175		163
303	5.41175		163
304	5.41175		163
305	5.41175		163
306	5.41175		163
307	5.41175		163
308	5.41175		163
309	5.41175		163
310	5.41175		163
311	5.41175		163
312	5.41175		163
313	5.41175		163
314	5.41175		163
315	5.41175		163
316	5.41175		163
317	5.41175		163
318	5.41175		163
319	5.41175		163
320	5.41175		163
321	5.41175		163
322	5.41175		163
323	5.41175		163
324	5.41175		163
325	5.41175		163
326	5.41175		163
327	5.41175		163
328	5.41175		163
329	5.41175		163
330	5.41175		163
331	5.41175		163
332	5.41175		163
333	5.41175		163
334	5.41175		163
335	5.41175		163
336	5.41175		163
337	5.41175		163
338	5.41175		163
339	5.41175		163
340	5.41175		163
341	5.41175		163
342	5.41175		163
343	5.41175		163
344	5.41175		163
345	5.41175		163
346	5.41175		163
347	5.41175		163
348	5.41175		163
349	5.41175		163
350	5.41175		163
351	5.41175		163
352	5.41175		163
353	5.41175		163
354	5.41175		163
355	5.41175		163
356	5.40921		356
357	5.40921		356
358	5.40921		356
359	5.40921		356
360	5.40921		356
361	5.40921		356
362	5.40921		356
363	5.40921		356
364	5.40921		356
365	5.40921		356
366	5.40921		356
367	5.40921		356
368	5.40921		356
369	5.40921		356
370	5.40921		356
371	5.40921		356
372	5.40921		356
373	5.40921		356
374	5.40921		356
375	5.40921		356
376	5.40921		356
377	5.40921		356
378	5.40921		356
379	5.40921		356
380	5.40921		356
381	5.40921		356
382	5.40921		356
383	5.40921		356
384	5.40921		356
385	5.40921		356
386	5.40921		356
387	5.40921		356
388	5.40921		356
389	5.40921		356
390	5.40921		356
391	5.40921		356
392	5.40921		356
393	5.40921		356
394	5.40921		356
395	5.40921		356
396	5.40921		356
397	5.40921		356
398	5.40921		356
399	5.40921		356
400	5.40921		356
401	5.40921		356
402	5.40921		356
403	5.40921		356
404	5.40921		356
405	5.40921		356
406	5.40921		356
407	5.40921		356
408	5.40921		356
409	5.40921		356
410	5.40921		356
411	5.40921		356
412	5.40921		356
413	5.40921		356
414	5.40921		356
415	5.40921		356
416	5.40921		356
417	5.40921		356
418	5.40921		356
419	5.33385		419
420	5.33385		419
421	5.33385		419
422	5.3174		422
423	5.3174		422
424	5.3174		422
425	5.3174		422
426	5.3174		422
427	5.3174		422
428	5.3174		422
429	5.3174		422
430	5.3174		422
431	5.3174		422
432	5.3174		422
433	5.3174		422
434	5.3174		422
435	5.3174		422
436	5.3174		422
437	5.3174		422
438	5.3174		422
439	5.3174		422
440	5.3174		422
441	5.3174		422
442	5.3174		422
443	5.3174		422
444	5.3174		422
445	5.3174		422
446	5.3174		422
447	5.3174		422
448	5.3174		422
449	5.28326		449
450	5.28326		449
451	5.28326		449
452	5.28326		449
453	5.28326		449
454	5.28326		449
455	5.28326		455
456	5.28326		455
457	5.28326		455
458	5.28326		455
459	5.28326		455
460	5.28326		455
461	5.28326		455
462	5.28326		455
463	5.28326		455
464	5.28326		455
465	5.28326		455
466	5.28326		455
467	5.28326		455
468	5.28326		455
469	5.28326		455
470	5.28326		455
471	5.28326		455
472	5.28326		455
473	5.28326		455
474	5.28326		455
475	5.28326		455
476	5.28326		455
477	5.28326		455
478	5.28326		455
479	5.28326		455
480	5.28326		455
481	5.28326		455
482	5.28326		455
483	5.28326		455
484	5.28326		455
485	5.28326		455
486	5.28326		455
487	5.28326		455
488	5.28326		455
489	5.28326		455
490	5.28326		455
491	5.28326		455
492	5.28326		455
493	5.28326		455
494	5.28326		455
495	5.28326		455
496	5.28326		455
497	5.28326		455
498	5.28326		455
499	5.28326		455
500	5.28326		455
501	5.28326		455
502	5.28326		455
503	5.28326		455
504	5.28326		455
505	5.28326		455
506	5.28326		455
507	5.28326		455
508	5.28326		455
509	5.28326		455
510	5.28326		455
511	5.28326		455
512	5.28326		455
513	5.28326		455
514	5.28326		455
515	5.28326		455
516	5.28326		455
517	5.28326		455
518	5.28326		455
519	5.28326		455
520	5.28326		455
521	5.28326		455
522	5.28326		455
523	5.28326		455
524	5.28326		455
525	5.28326		455
526	5.28326		455
527	5.28326		455
528	5.28326		455
529	5.28326		455
530	5.28326		455
531	5.28326		455
532	5.28326		455
533	5.28326		455
534	5.28326		455
535	5.28326		455
536	5.28326		455
537	5.28326		455
538	5.28326		455
539	5.28326		455
540	5.28326		455
541	5.28326		455
542	5.28326		455
543	5.28326		455
544	5.28326		455
545	5.28326		455
546	5.28326		455
547	5.28326		455
548	5.28326		455
549	5.28326		455
550	5.28326		455
551	5.28326		455
552	5.28326		455
553	5.28326		455
554	5.28326		455
555	5.28326		455
556	5.28326		455
557	5.28326		455
558	5.28326		455
559	5.28326		455
560	5.28326		455
561	5.28326		455
562	5.28326		455
563	5.28326		455
564	5.28326		455
565	5.28326		455
566	5.28326		455
567	5.28326		455
568	5.28326		455
569	5.28326		455
570	5.28326		455
571	5.28326		455
572	5.28326		455
573	5.28326		455
574	5.28326		455
575	5.28326		455
576	5.28326		455
577	5.28326		455
578	5.28326		455
579	5.28326		455
580	5.28326		455
581	5.28326		455
582	5.28326		455
583	5.28326		455
584	5.28326		455
585	5.28326		455
586	5.28326		455
587	5.28326		455
588	5.28326		455
589	5.28326		455
590	5.28326		455
591	5.28326		455
592	5.28326		455
593	5.28326		455
594	5.28326		455
595	5.27716		595
596	5.27716		595
597	5.27716		595
598	5.27716		595
599	5.27716		595
600	5.27716		595
601	5.27716		595
602	5.27716		595
603	5.27716		595
604	5.27716		595
605	5.27716		595
606	5.05315		606
607	5.05315		606
608	5.05315		606
609	5.05315		606
610	5.05315		606
611	5.05315		606
612	5.05315		606
613	5.05315		606
614	5.05315		606
615	5.05315		606
616	5.05315		606
617	5.05315		606
618	5.05315		606
619	5.05315		606
620	5.05315		606
621	5.05315		606
622	5.05315		606
623	5.05315		606
624	5.05315		606
625	5.05315		606
626	5.05315		606
627	5.05315		606
628	5.05315		606
629	5.05315		606
630	5.05315		606
631	5.05315		606
632	5.05315		606
633	5.05315		606
634	5.05315		606
635	5.05315		606
636	5.05315		606
637	5.05315		606
638	5.05315		606
639	5.05315		606
640	5.05315		606
641	5.05315		641
642	5.05315		641
643	5.05315		641
644	5.05315		641
645	5.05315		641
646	5.05315		641
647	5.05315		641
648	5.05315		641
649	5.05315		641
650	5.05315		641
651	5.05315		641
652	5.05315		641
653	5.05315		641
654	5.05315		641
655	5.05315		641
656	5.05315		641
657	5.05315		641
658	5.05315		641
659	5.05315		641
660	5.05315		641
661	5.05315		641
662	5.05315		641
663	5.05315		641
664	5.05315		641
665	5.05315		641
666	5.05315		641
667	5.05315		641
668	5.05315		641
669	5.05315		641
670	5.05315		641
671	5.05315		641
672	5.05315		641
673	5.05315		641
674	5.05315		641
675	5.05315		641
676	5.05315		641
677	5.05315		641
678	5.05315		641
679	5.05315		641
680	5.05315		641
681	5.05315		641
682	5.05315		641
683	5.05315		641
684	5.05315		641
685	5.05315		641
686	5.05315		641
687	5.05315		641
688	5.05315		641
689	5.05315		641
690	5.05315		641
691	5.05315		641
692	5.05315		641
693	5.05315		641
694	5.05315		641
695	5.05315		641
696	5.05315		641
697	5.05315		641
698	5.05315		641
699	5.05315		641
700	5.05315		641
701	5.05315		641
702	5.05315		641
703	5.05315		641
704	5.05315		641
705	5.05315		641
706	5.05315		641
707	5.05315		641
708	5.05315		641
709	5.05315		641
710	5.05315		641
711	5.05315		641
712	5.05315		641
713	5.05315		641
714	5.05315		641
715	5.05315		641
716	5.05315		641
717	5.05315		641
718	5.05315		641
719	5.05315		641
720	5.05315		641
721	5.05315		641
722	5.05315		641
723	5.05315		641
724	5.05315		641
725	5.05315		641
726	5.05315		641
727	5.05315		641
728	5.05315		641
729	5.05315		641
730	5.05315		641
731	5.05315		641
732	5.05315		641
733	5.05315		641
734	5.05315		641
735	5.05315		641
736	5.05315		641
737	5.05315		641
738	5.05315		641
739	5.05315		641
740	5.05315		641
741	5.05315		641
742	5.05315		641
743	5.05315		641
744	5.05315		641
745	5.05315		641
746	5.05315		641
747	5.05315		641
748	5.05315		641
749	5.05315		641
750	5.05315		641
751	5.05315		641
752	5.05315		641
753	5.05315		641
754	5.05315		641
755	5.05315		641
756	5.05315		641
757	5.05315		641
758	5.05315		641
759	5.05315		641
760	5.05315		641
761	5.05315		641
762	5.05315		641
763	5.05315		641
764	5.05315		641
765	5.05315		641
766	5.05315		641
767	5.05315		641
768	5.05315		641
769	5.05315		641
770	5.05315		641
771	5.05315		641
772	5.05315		641
773	5.05315		641
774	5.05315		641
775	5.05315		641
776	5.05315		641
777	5.05315		641
778	5.05315		641
779	5.05315		641
780	5.05315		641
781	5.05315		641
782	5.05315		641
783	5.05315		641
784	5.05315		641
785	5.05315		641
786	5.05315		641
787	5.05315		641
788	5.05315		641
789	5.05315		641
790	5.05315		641
791	5.05315		641
792	5.05315		641
793	5.05315		641
794	5.05315		641
795	5.05315		641
796	5.05315		641
797	5.05315		641
798	5.05315		641
799	5.05315		641
800	5.05315		641
801	5.05315		641
802	5.05315		641
803	5.05315		641
804	5.05315		641
805	5.05315		641
806	5.05315		641
807	5.05315		641
808	5.05315		641
809	5.05315		641
810	5.05315		641
811	5.05315		641
812	5.05315		641
813	5.05315		641
814	5.05315		641
815	5.05315		641
816	5.05315		641
817	5.05315		641
818	5.05315		641
819	5.05315		641
820	5.05315		641
821	5.05315		641
822	5.05315		641
823	5.05315		641
824	5.05315		641
825	5.05315		641
826	5.05315		641
827	5.05315		641
828	5.05315		641
829	5.05315		641
830	5.05315		641
831	5.05315		641
832	5.05315		641
833	5.05315		641
834	5.05315		641
835	5.05315		641
836	5.05315		641
837	5.05315		641
838	5.05315		641
839	5.05315		641
840	5.05315		641
841	5.05315		641
842	5.05315		641
843	5.05315		641
844	5.05315		641
845	5.05315		641
846	5.05315		641
847	5.05315		641
848	5.05315		641
849	5.05315		641
850	5.05315		641
851	5.05315		641
852	5.05315		641
853	5.05315		641
854	5.05315		641
855	5.05315		641
856	5.05315		641
857	5.05315		641
858	5.05315		641
859	5.05315		641
860	5.05315		641
861	5.05315		641
862	5.05315		641
863	5.05315		641
864	5.05315		641
865	5.05315		641
866	5.05315		641
867	5.05315		641
868	5.05315		641
869	5.05315		641
870	5.05315		641
871	5.05315		641
872	5.05315		641
873	5.05315		641
874	5.05315		641
875	5.05315		641
876	5.05315		641
877	5.05315		641
878	5.05315		641
879	5.05315		641
880	5.05315		641
881	5.05315		641
882	5.05315		641
883	5.05315		641
884	5.05315		641
885	5.05315		641
886	5.05315		641
887	5.05315		641
888	5.05315		641
889	5.05315		641
890	5.05315		641
891	5.05315		641
892	5.05315		641
893	5.05315		641
894	5.05315		641
895	5.05315		641
896	5.05315		641
897	5.05315		641
898	5.05315		641
899	5.05315		641
900	5.05315		641
901	5.05315		641
902	5.05315		641
903	5.05315		641
904	5.05315		641
905	5.05315		641
906	5.05315		641
907	5.05315		641
908	5.05315		641
909	5.05315		641
910	5.05315		641
911	5.05315		641
912	5.05315		641
913	5.05315		641
914	5.05315		641
915	5.05315		641
916	5.05315		641
917	5.05315		641
918	5.05315		641
919	5.05315		641
920	5.05315		641
921	5.05315		641
922	5.05315		641
923	5.05315		641
924	5.05315		641
925	5.05315		641
926	5.05315		641
927	5.05315		641
928	5.05315		641
929	5.05315		641
930	5.05315		641
931	5.05315		641
932	5.05315		641
933	5.05315		641
934	5.05315		641
935	5.05315		641
936	5.05315		641
937	5.05315		641
938	5.05315		641
939	5.05315		641
940	5.05315		641
941	5.05315		641
942	5.05315		641
943	5.05315		641
944	5.05315		641
945	5.05315		641
946	5.05315		641
947	5.05315		641
948	5.05315		641
949	5.05315		641
950	5.05315		641
951	5.05315		641
952	5.05315		641
953	5.05315		641
954	5.05315		641
955	5.05315		641
956	5.05315		641
957	5.05315		641
958	5.05315		641
959	5.05315		641
960	5.05315		641
961	5.05315		641
962	5.05315		641
963	5.05315		641
964	5.05315		641
965	5.05315		641
966	5.05315		641
967	5.05315		641
968	5.05315		641
969	5.05315		641
970	5.05315		641
971	5.05315		641
972	5.05315		641
973	5.05315		641
974	5.05315		641
975	5.05315		641
976	5.05315		641
977	5.05315		641
978	5.05315		641
979	5.05315		641
980	5.05315		641
981	5.05315		641
982	5.05315		641
983	5.05315		641
984	5.05315		641
985	5.05315		641
986	5.05315		641
987	5.05315		641
988	5.05315		641
989	5.05315		641
990	5.05315		641
991	5.05315		641
992	5.05315		641
993	5.05315		641
994	5.05315		641
995	5.05315		641
996	5.05315		641
997	5.05315		641
998	5.05315		641
999	5.05315		641
1000	5.05315		641
1001	5.05315		641
1002	5.05315		641
1003	5.05315		641
1004	5.05315		641
1005	5.05315		641
1006	5.05315		641
1007	5.05315		641
1008	5.05315		641
1009	5.05315		641
1010	5.05315		641
1011	5.05315		641
1012	5.05315		641
1013	5.05315		641
1014	5.05315		641
1015	5.05315		641
1016	5.05315		641
1017	5.05315		641
1018	5.05315		641
1019	5.05315		641
1020	5.05315		641
1021	5.05315		641
1022	5.05315		641
1023	5.05315		641
1024	5.05315		641
1025	5.05315		641
1026	5.05315		641
1027	5.05315		641
1028	5.05315		641
1029	5.05315		641
1030	5.05315		641
1031	5.05315		641
1032	5.05315		641
1033	5.05315		641
1034	5.05315		641
1035	5.05315		641
1036	5.05315		641
1037	5.05315		641
1038	5.05315		641
1039	5.05315		641
1040	5.05315		641
1041	5.05315		641
1042	5.05315		641
1043	5.05315		641
1044	5.05315		641
1045	5.05315		641
1046	5.05315		641
1047	5.05315		641
1048	5.05315		641
1049	5.05315		641
1050	5.05315		641
1051	5.05315		641
1052	5.05315		641
1053	5.05315		641
1054	5.05315		641
1055	5.05315		641
1056	5.05315		641
1057	5.05315		641
1058	5.05315		641
1059	5.05315		641
1060	5.05315		641
1061	5.05315		641
1062	5.05315		641
1063	5.05315		641
1064	5.05315		641
1065	5.05315		641
1066	5.05315		641
1067	5.05315		641
1068	5.05315		641
1069	5.05315		641
1070	5.05315		641
1071	5.05315		641
1072	5.05315		641
1073	5.05315		641
1074	5.05315		641
1075	5.05315		641
1076	5.05315		641
1077	5.05315		641
1078	5.05315		641
1079	5.05315		641
1080	5.05315		641
1081	5.05315		641
1082	5.05315		641
1083	5.05315		641
1084	5.05315		641
1085	5.05315		641
1086	5.05315		641
1087	5.05315		641
1088	5.05315		641
1089	5.05315		641
1090	5.05315		641
1091	5.05315		641
1092	5.05315		641
1093	5.05315		641
1094	5.05315		641
1095	5.05315		641
1096	5.05315		641
1097	5.05315		641
1098	5.05315		641
1099	5.05315		641
1100	5.05315		641
1101	5.05315		641
1102	5.05315		641
1103	5.05315		641
1104	5.05315		641
1105	5.05315		641
1106	5.05315		641
1107	5.05315		641
1108	5.05315		641
1109	5.05315		641
1110	5.05315		641
1111	5.05315		641
1112	5.05315		641
1113	5.05315		641
1114	5.05315		641
1115	5.05315		641
1116	5.05315		641
1117	5.05315		641
1118	5.05315		641
1119	5.05315		641
1120	5.05315		641
1121	5.05315		641
1122	5.05315		641
1123	5.05315		641
1124	5.05315		641
1125	5.05315		641
1126	5.05315		641
1127	5.05315		641
1128	5.05315		641
1129	5.05315		641
1130	5.05315		641
1131	5.05315		641
1132	5.05315		641
1133	5.05315		641
1134	5.05315		641
1135	5.05315		641
1136	5.05315		641
1137	5.05315		641
1138	5.05315		641
1139	5.05315		641
1140	5.05315		641
1141	5.05315		641
1142	5.05315		641
1143	5.05315		641
1144	5.05315		641
1145	5.05315		641
1146	5.05315		641
1147	5.05315		641
1148	5.05315		641
1149	5.05315		641
1150	5.05315		641
1151	5.05315		641
1152	5.05315		641
1153	5.05315		641
1154	5.05315		641
1155	5.05315		641
1156	5.05315		641
1157	5.05315		641
1158	5.05315		641
1159	5.05315		641
1160	5.05315		641
1161	5.05315		641
1162	5.05315		641
1163	5.05315		641
1164	5.05315		641
1165	5.05315		641
1166	5.05315		641
1167	5.05315		641
1168	5.05315		641
1169	5.05315		641
1170	5.05315		641
1171	5.05315		641
1172	5.05315		641
1173	5.05315		641
1174	5.05315		641
1175	5.05315		641
1176	5.05315		641
1177	5.05315		641
1178	5.05315		641
1179	5.05315		641
1180	5.05315		641
1181	5.05315		641
1182	5.05315		641
1183	5.05315		641
1184	5.05315		641
1185	5.05315		641
1186	5.05315		641
1187	5.05315		641
1188	5.05315		641
1189	5.05315		641
1190	5.05315		641
1191	5.05315		641
1192	5.05315		641
1193	5.05315		641
1194	5.05315		641
1195	5.05315		641
1196	5.05315		641
1197	5.05315		641
1198	5.05315		641
1199	5.05315		641
1200	5.05315		641
1201	5.05315		641
1202	5.05315		641
1203	5.05315		641
1204	5.05315		641
1205	5.05315		641
1206	5.05315		641
1207	5.05315		641
1208	5.05315		641
1209	5.05315		641
1210	5.05315		641
1211	5.05315		641
1212	5.05315		641
1213	5.05315		641
1214	5.05315		641
1215	5.05315		641
1216	5.05315		641
1217	5.05315		641
1218	5.05315		641
1219	5.05315		641
1220	5.05315		641
1221	5.05315		641
1222	5.05315		641
1223	5.05315		641
1224	5.05315		641
1225	5.05315		641
1226	5.05315		641
1227	5.05315		641
1228	5.05315		641
1229	5.05315		641
1230	5.05315		641
1231	5.05315		641
1232	5.05315		641
1233	5.05315		641
1234	5.05315		641
1235	5.05315		641
1236	5.05315		641
1237	5.05315		641
1238	5.05315		641
1239	5.05315		641
1240	5.05315		641
1241	5.05315		641
1242	5.05315		641
1243	5.05315		641
1244	5.05315		641
1245	5.05315		641
1246	5.05315		641
1247	5.05315		641
1248	5.05315		641
1249	5.05315		641
1250	5.05315		641
1251	5.05315		641
1252	5.05315		641
1253	5.05315		641
1254	5.05315		641
1255	5.05315		641
1256	5.05315		641
1257	5.05315		641
1258	5.05315		641
1259	5.05315		641
1260	5.05315		641
1261	5.05315		641
1262	5.05315		641
1263	5.05315		641
1264	5.05315		641
1265	5.05315		641
1266	5.05315		641
1267	5.05315		641
1268	5.05315		641
1269	5.05315		641
1270	5.05315		641
1271	5.05315		641
1272	5.05315		641
1273	5.05315		641
1274	5.05315		641
1275	5.05315		641
1276	5.05315		641
1277	5.05315		641
1278	5.05315		641
1279	5.05315		641
1280	5.05315		641
1281	5.05315		641
1282	5.05315		641
1283	5.05315		641
1284	5.05315		641
1285	5.05315		641
1286	5.05315		641
1287	5.05315		641
1288	5.05315		641
1289	5.05315		641
1290	5.05315		641
1291	5.05315		641
1292	5.05315		641
1293	5.05315		641
1294	5.05315		641
1295	5.05315		641
1296	5.05315		641
1297	5.05315		641
1298	5.05315		641
1299	5.05315		641
1300	5.05315		641
1301	5.05315		641
1302	5.05315		641
1303	5.05315		641
1304	5.05315		641
1305	5.05315		641
1306	5.05315		641
1307	5.05315		641
1308	5.05315		641
1309	5.05315		641
1310	5.05315		641
1311	5.05315		641
1312	5.05315		641
1313	5.05315		641
1314	5.05315		641
1315	5.05315		641
1316	5.05315		641
1317	5.05315		641
1318	5.05315		641
1319	5.05315		641
1320	5.05315		641
1321	5.05315		641
1322	5.05315		641
1323	5.05315		641
1324	5.05315		641
1325	5.05315		641
1326	5.05315		641
1327	5.05315		641
1328	5.05315		641
1329	5.05315		641
1330	5.05315		641
1331	5.05315		641
1332	5.05315		641
1333	5.05315		641
1334	5.05315		641
1335	5.05315		641
1336	5.05315		641
1337	5.05315		641
1338	5.05315		641
1339	5.05315		641
1340	5.05315		641
1341	5.05315		641
1342	5.05315		641
1343	5.05315		641
1344	5.05315		641
1345	5.05315		641
1346	5.05315		641
1347	5.05315		641
1348	5.05315		641
1349	5.05315		641
1350	5.05315		641
1351	5.05315		641
1352	5.05315		641
1353	5.05315		641
1354	5.05315		641
1355	5.05315		641
1356	5.05315		641
1357	5.05315		641
1358	5.05315		641
1359	5.05315		641
1360	5.05315		641
1361	5.05315		641
1362	5.05315		641
1363	5.05315		641
1364	5.05315		641
1365	5.05315		641
1366	5.05315		641
1367	5.05315		641
1368	5.05315		641
1369	5.05315		641
1370	5.05315		641
1371	5.05315		641
1372	5.05315		641
1373	5.05315		641
1374	5.05315		641
1375	5.05315		641
1376	5.05315		641
1377	5.05315		641
1378	5.05315		641
1379	5.05315		641
1380	5.05315		641
1381	5.05315		641
1382	5.05315		641
1383	5.05315		641
1384	5.05315		641
1385	5.05315		641
1386	5.05315		641
1387	5.05315		641
1388	5.05315		641
1389	5.05315		641
1390	5.05315		641
1391	5.05315		641
1392	5.05315		641
1393	5.05315		641
1394	5.05315		641
1395	5.05315		641
1396	5.05315		641
1397	5.05315		641
1398	5.05315		641
1399	5.05315		641
1400	5.05315		641
1401	5.05315		641
1402	5.05315		641
1403	5.05315		641
1404	5.05315		641
1405	5.05315		641
1406	5.05315		641
1407	5.05315		641
1408	5.05315		641
1409	5.05315		641
1410	5.05315		641
1411	5.05315		641
1412	5.05315		641
1413	5.05315		641
1414	5.05315		641
1415	5.05315		641
1416	5.05315		641
1417	5.05315		641
1418	5.05315		641
1419	5.05315		641
1420	5.05315		641
1421	5.05315		641
1422	5.05315		641
1423	5.05315		641
1424	5.05315		641
1425	5.05315		641
1426	5.05315		641
1427	5.05315		641
1428	5.05315		641
1429	5.05315		641
1430	5.05315		641
1431	5.05315		641
1432	5.05315		641
1433	5.05315		641
1434	5.05315		641
1435	5.05315		641
1436	5.05315		641
1437	5.05315		641
1438	5.05315		641
1439	5.05315		641
1440	5.05315		641
1441	5.05315		641
1442	5.05315		641
1443	5.05315		641
1444	5.05315		641
1445	5.05315		641
1446	5.05315		641
1447	5.05315		641
1448	5.05315		641
1449	5.05315		641
1450	5.05315		641
1451	5.05315		641
1452	5.05315		641
1453	5.05315		641
1454	5.05315		641
1455	5.05315		641
1456	5.05315		641
1457	5.05315		641
1458	5.05315		641
1459	5.05315		641
1460	5.05315		641
1461	5.05315		641
1462	5.05315		641
1463	5.05315		641
1464	5.05315		641
1465	5.05315		641
1466	5.05315		641
1467	5.05315		641
1468	5.05315		641
1469	5.05315		641
1470	5.05315		641
1471	5.05315		641
1472	5.05315		641
1473	5.05315		641
1474	5.05315		641
1475	5.05315		641
1476	5.05315		641
1477	5.05315		641
1478	5.05315		641
1479	5.05315		641
1480	5.05315		641
1481	5.05315		641
1482	5.05315		641
1483	5.05315		641
1484	5.05315		641
1485	5.05315		641
1486	5.05315		641
1487	5.05315		641
1488	5.05315		641
1489	5.05315		641
1490	5.05315		641
1491	5.05315		641
1492	5.05315		641
1493	5.05315		641
1494	5.05315		641
1495	5.05315		641
1496	5.05315		641
1497	5.05315		641
1498	5.05315		641
1499	5.05315		641
1500	5.05315		641
1501	5.05315		641
1502	5.05315		641
1503	5.05315		641
1504	5.05315		641
1505	5.05315		641
1506	5.05315		641
1507	5.05315		641
1508	5.05315		641
1509	5.05315		641
1510	5.05315		641
1511	5.05315		641
1512	5.05315		641
1513	5.05315		641
1514	5.05315		641
1515	5.05315		641
1516	5.05315		641
1517	5.05315		641
1518	5.05315		641
1519	5.05315		641
1520	5.05315		641
1521	5.05315		641
1522	5.05315		641
1523	5.05315		641
1524	5.05315		641
1525	5.05315		641
1526	5.05315		641
1527	5.05315		641
1528	5.05315		641
1529	5.05315		641
1530	5.05315		641
1531	5.05315		641
1532	5.05315		641
1533	5.05315		641
1534	5.05315		641
1535	5.05315		641
1536	5.05315		641
1537	5.05315		641
1538	5.05315		641
1539	5.05315		641
1540	5.05315		641
1541	5.05315		641
1542	5.05315		641
1543	5.05315		641
1544	5.05315		641
1545	5.05315		641
1546	5.05315		641
1547	5.05315		641
1548	5.05315		641
1549	5.05315		641
1550	5.05315		641
1551	5.05315		641
1552	5.05315		641
1553	5.05315		641
1554	5.05315		641
1555	5.05315		641
1556	5.05315		641
1557	5.05315		641
1558	5.05315		641
1559	5.05315		641
1560	5.05315		641
1561	5.05315		641
1562	5.05315		641
1563	5.05315		641
1564	5.05315		641
1565	5.05315		641
1566	5.05315		641
1567	5.05315		641
1568	5.05315		641
1569	5.05315		641
1570	5.05315		641
1571	5.05315		641
1572	5.05315		641
1573	5.05315		641
1574	5.05315		641
1575	5.05315		641
1576	5.05315		641
1577	5.05315		641
1578	5.05315		641
1579	5.05315		641
1580	5.05315		641
1581	5.05315		641
1582	5.05315		641
1583	5.05315		641
1584	5.05315		641
1585	5.05315		641
1586	5.05315		641
1587	5.05315		641
1588	5.05315		641
1589	5.05315		641
1590	5.05315		641
1591	5.05315		641
1592	5.05315		641
1593	5.02855		1593
1594	5.02855		1593
1595	5.02855		1593
1596	5.02855		1593
1597	5.02855		1593
1598	5.02855		1593
1599	5.02855		1593
1600	5.02855		1593
1601	5.02855		1593
1602	5.02855		1593
1603	5.02855		1593
1604	5.02855		1593
1605	5.02855		1593
1606	5.02855		1593
1607	5.02855		1593
1608	5.02855		1593
1609	5.02855		1593
1610	5.02855		1593
1611	5.02855		1593
1612	5.02855		1593
1613	5.02855		1593
1614	5.02855		1593
1615	5.02855		1593
1616	5.02855		1593
1617	5.02855		1593
1618	5.02855		1593
1619	5.02855		1593
1620	5.02855		1593
1621	5.02855		1593
1622	5.02855		1593
1623	5.02855		1593
1624	5.02855		1593
1625	5.02855		1593
1626	5.02855		1593
1627	5.02855		1593
1628	5.02855		1593
1629	5.02855		1593
1630	5.02855		1593
1631	5.02855		1593
1632	5.02855		1593
1633	5.02855		1593
1634	5.02855		1593
1635	5.02855		1593
1636	5.02855		1593
1637	5.02855		1593
1638	5.02855		1593
1639	5.02855		1593
1640	5.02855		1593
1641	5.02855		1593
1642	5.02855		1593
1643	5.02855		1593
1644	5.02855		1593
1645	5.02855		1593
1646	5.02855		1593
1647	5.02855		1593
1648	5.02855		1593
1649	5.02855		1593
1650	5.02855		1593
1651	5.02855		1593
1652	5.02855		1593
1653	5.02855		1593
1654	5.02855		1593
1655	5.02855		1593
1656	5.02855		1593
1657	5.02855		1593
1658	5.02855		1593
1659	5.02855		1593
1660	5.02855		1593
1661	5.02855		1593
1662	5.02855		1593
1663	5.02855		1593
1664	5.02855		1593
1665	5.02855		1593
1666	5.02855		1593
1667	5.02855		1593
1668	5.02855		1593
1669	5.02855		1593
1670	5.02855		1593
1671	5.02855		1593
1672	5.02855		1593
1673	5.02855		1593
1674	5.02855		1593
1675	5.02855		1593
1676	5.02855		1593
1677	5.02855		1593
1678	5.02855		1593
1679	5.02855		1593
1680	5.02855		1593
1681	5.02855		1593
1682	5.02855		1593
1683	5.02855		1593
1684	5.02855		1593
1685	5.02855		1593
1686	5.02855		1593
1687	5.02855		1593
1688	5.02855		1593
1689	5.02855		1593
1690	5.02855		1593
1691	5.02855		1593
1692	5.02855		1593
1693	5.02855		1593
1694	5.02855		1593
1695	5.02855		1593
1696	5.02855		1593
1697	5.02855		1593
1698	5.02855		1593
1699	5.02855		1593
1700	5.02855		1593
1701	5.02855		1593
1702	5.02855		1593
1703	5.02855		1593
1704	5.02855		1593
1705	5.02855		1593
1706	5.02855		1593
1707	5.02855		1593
1708	5.02855		1593
1709	5.02855		1593
1710	5.02855		1593
1711	5.02855		1593
1712	5.02855		1593
1713	5.02855		1593
1714	5.02855		1593
1715	5.02855		1593
1716	5.02855		1593
1717	5.02855		1593
1718	5.02855		1593
1719	5.02855		1593
1720	5.02855		1593
1721	5.02855		1593
1722	5.02855		1593
1723	5.02855		1593
1724	5.02855		1593
1725	5.02855		1593
1726	5.02855		1593
1727	5.02855		1593
1728	5.02855		1593
1729	5.02855		1593
1730	5.02855		1593
1731	5.02855		1593
1732	5.02855		1593
1733	5.02855		1593
1734	5.02855		1593
1735	5.02855		1593
1736	5.02855		1593
1737	5.02855		1593
1738	4.96777		1738
1739	4.96777		1738
1740	4.96777		1738
1741	4.96777		1738
1742	4.96777		1738
1743	4.96777		1738
1744	4.96777		1738
1745	4.96777		1738
1746	4.96777		1738
1747	4.96777		1738
1748	4.96777		1738
1749	4.96777		1738
1750	4.96777		1738
1751	4.96777		1738
1752	4.96777		1738
1753	4.96777		1738
1754	4.96777		1738
1755	4.96777		1738
1756	4.96777		1738
1757	4.96777		1738
1758	4.96777		1738
1759	4.96777		1738
1760	4.96777		1738
1761	4.96777		1738
1762	4.96777		1738
1763	4.96777		1738
1764	4.96777		1738
1765	4.96777		1738
1766	4.96777		1738
1767	4.96777		1738
1768	4.96777		1738
1769	4.96777		1738
1770	4.96777		1738
1771	4.96777		1738
1772	4.96777		1738
1773	4.96777		1738
1774	4.96777		1738
1775	4.96777		1738
1776	4.96777		1738
1777	4.96777		1738
1778	4.96777		1738
1779	4.96777		1738
1780	4.96777		1738
1781	4.96777		1738
1782	4.96777		1738
1783	4.96777		1738
1784	4.96777		1738
1785	4.96777		1738
1786	4.96777		1738
1787	4.96777		1738
1788	4.96777		1738
1789	4.96777		1738
1790	4.96777		1738
1791	4.96777		1738
1792	4.96777		1738
1793	4.96777		1738
1794	4.96777		1738
1795	4.96777		1738
1796	4.96777		1738
1797	4.96777		1738
1798	4.96777		1738
1799	4.96777		1738
1800	4.96777		1738
1801	4.96777		1738
1802	4.96777		1738
1803	4.96777		1738
1804	4.96777		1738
1805	4.96777		1738
1806	4.96777		1738
1807	4.96777		1738
1808	4.96777		1738
1809	4.96777		1738
1810	4.96777		1738
1811	4.96777		1738
1812	4.96777		1738
1813	4.96777		1738
1814	4.96777		1738
1815	4.96777		1738
1816	4.96777		1738
1817	4.96777		1738
1818	4.96777		1738
1819	4.96777		1738
1820	4.96777		1738
1821	4.96777		1738
1822	4.96777		1738
1823	4.96777		1738
1824	4.96777		1738
1825	4.96777		1738
1826	4.96777		1738
1827	4.96777		1738
1828	4.96777		1738
1829	4.96777		1738
1830	4.96777		1738
1831	4.96777		1738
1832	4.96777		1738
1833	4.96777		1738
1834	4.96777		1738
1835	4.96777		1738
1836	4.96777		1738
1837	4.96777		1738
1838	4.96777		1738
1839	4.96777		1738
1840	4.96777		1738
1841	4.96777		1738
1842	4.96777		1738
1843	4.96777		1738
1844	4.96777		1738
1845	4.96777		1738
1846	4.96777		1738
1847	4.96777		1738
1848	4.96777		1738
1849	4.96777		1738
1850	4.96777		1738
1851	4.96777		1738
1852	4.96777		1738
1853	4.96777		1738
1854	4.96777		1738
1855	4.96777		1738
1856	4.96777		1738
1857	4.96777		1738
1858	4.96777		1738
1859	4.96777		1738
1860	4.96777		1738
1861	4.96777		1738
1862	4.96777		1738
1863	4.96777		1738
1864	4.96777		1738
1865	4.96777		1738
1866	4.96777		1738
1867	4.96777		1738
1868	4.96777		1738
1869	4.96777		1738
1870	4.96777		1738
1871	4.96777		1738
1872	4.96777		1738
1873	4.96777		1738
1874	4.96777		1738
1875	4.96777		1738
1876	4.96777		1738
1877	4.96777		1738
1878	4.96777		1738
1879	4.96777		1738
1880	4.96777		1738
1881	4.96777		1738
1882	4.96777		1738
1883	4.96777		1738
1884	4.96777		1738
1885	4.96777		1738
1886	4.96777		1738
1887	4.96777		1738
1888	4.96777		1738
1889	4.96777		1738
1890	4.96777		1738
1891	4.96777		1738
1892	4.96777		1738
1893	4.96777		1738
1894	4.96777		1738
1895	4.96777		1738
1896	4.96777		1738
1897	4.96777		1738
1898	4.96777		1738
1899	4.96777		1738
1900	4.96777		1738
1901	4.96777		1738
1902	4.96777		1738
1903	4.96777		1738
1904	4.96777		1738
1905	4.96777		1738
1906	4.96777		1738
1907	4.96777		1738
1908	4.96777		1738
1909	4.96777		1738
1910	4.96777		1738
1911	4.96777		1738
1912	4.96777		1738
1913	4.96777		1738
1914	4.96777		1738
1915	4.96777		1738
1916	4.96777		1738
1917	4.96777		1738
1918	4.96777		1738
1919	4.96777		1738
1920	4.96777		1738
1921	4.96777		1738
1922	4.96777		1738
1923	4.96777		1738
1924	4.96777		1738
1925	4.96777		1738
1926	4.96777		1738
1927	4.96777		1738
1928	4.96777		1738
1929	4.96777		1738
1930	4.96777		1738
1931	4.96777		1738
1932	4.96777		1738
1933	4.96777		1738
1934	4.96777		1738
1935	4.96777		1738
1936	4.96777		1738
1937	4.96777		1738
1938	4.96777		1738
1939	4.96777		1738
1940	4.96777		1738
1941	4.96777		1738
1942	4.96777		1738
1943	4.96777		1738
1944	4.96777		1738
1945	4.96777		1738
1946	4.96777		1738
1947	4.96777		1738
1948	4.96777		1738
1949	4.96777		1738
1950	4.96777		1738
1951	4.96777		1738
1952	4.96777		1738
1953	4.96777		1738
1954	4.96777		1738
1955	4.96777		1738
1956	4.96777		1738
1957	4.96777		1738
1958	4.96777		1738
1959	4.96777		1738
1960	4.96777		1738
1961	4.96777		1738
1962	4.96777		1738
1963	4.96777		1738
1964	4.96777		1738
1965	4.96777		1738
1966	4.96777		1738
1967	4.96777		1738
1968	4.96777		1738
1969	4.96777		1738
1970	4.96777		1738
1971	4.96777		1738
1972	4.96777		1738
1973	4.96777		1738
1974	4.96777		1738
1975	4.96777		1738
1976	4.96777		1738
1977	4.96777		1738
1978	4.96777		1738
1979	4.96777		1738
1980	4.96777		1738
1981	4.96777		1738
1982	4.96777		1738
1983	4.96777		1738
1984	4.96777		1738
1985	4.96777		1738
1986	4.96777		1738
1987	4.96777		1738
1988	4.96777		1738
1989	4.96777		1738
1990	4.96777		1738
1991	4.96777		1738
1992	4.96777		1738
1993	4.96777		1738
1994	4.94805		1994
1995	4.94805		1994
1996	4.94805		1994
1997	4.94805		1994
1998	4.94805		1994
1999	4.94805		1994
2000	4.94805		1994
2001	4.94805		1994
2002	4.94805		1994
2003	4.94805		1994
2004	4.94805		1994
2005	4.94805		1994
2006	4.94805		1994
2007	4.94805		1994
2008	4.94805		1994
2009	4.94805		1994
2010	4.94805		1994
2011	4.94805		1994
2012	4.94805		1994
2013	4.94805		1994
2014	4.94805		1994
2015	4.94805		1994
2016	4.92549		2016
2017	4.92549		2016
2018	4.92549		2016
2019	4.92549		2016
2020	4.92549		2016
2021	4.92549		2016
2022	4.92549		2016
2023	4.92549		2016
2024	4.92549		2016
2025	4.92549		2016
2026	4.92549		2016
2027	4.92549		2016
2028	4.92549		2016
2029	4.92549		2016
2030	4.92549		2016
2031	4.92549		2016
2032	4.92549		2016
2033	4.92549		2016
2034	4.92549		2016
2035	4.92549		2016
2036	4.92549		2016
2037	4.92549		2016
2038	4.92549		2016
2039	4.92549		2016
2040	4.92549		2016
2041	4.92549		2016
2042	4.92549		2016
2043	4.92549		2016
2044	4.92549		2016
2045	4.92549		2016
2046	4.92549		2016
2047	4.92549		2016
2048	4.92549		2016
2049	4.92549		2016
2050	4.92549		2016
2051	4.92549		2016
2052	4.92549		2016
2053	4.92549		2016
2054	4.92549		2016
2055	4.92549		2016
2056	4.90791		2056
2057	4.90791		2056
2058	4.90791		2056
2059	4.90791		2056
2060	4.90791		2056
2061	4.90791		2056
2062	4.90791		2056
2063	4.90791		2056
2064	4.90791		2056
2065	4.90791		2056
2066	4.90791		2056
2067	4.90791		2056
2068	4.90791		2056
2069	4.90791		2056
2070	4.90791		2056
2071	4.90791		2056
2072	4.90791		2056
2073	4.90791		2056
2074	4.90791		2056
2075	4.90791		2056
2076	4.90791		2056
2077	4.90791		2056
2078	4.90791		2056
2079	4.90791		2056
2080	4.90791		2056
2081	4.90791		2056
2082	4.87173		2082
2083	4.87173		2082
2084	4.87173		2082
2085	4.87173		2082
2086	4.87173		2082
2087	4.87173		2082
2088	4.87173		2082
2089	4.87173		2082
2090	4.87173		2082
2091	4.87173		2082
2092	4.87173		2082
2093	4.87173		2082
2094	4.87173		2082
2095	4.87173		2082
2096	4.87173		2082
2097	4.87173		2082
2098	4.87173		2082
2099	4.87173		2082
2100	4.87173		2082
2101	4.87173		2082
2102	4.87173		2082
2103	4.87173		2082
2104	4.87173		2082
2105	4.87173		2082
2106	4.87173		2082
2107	4.87173		2082
2108	4.87173		2082
2109	4.87173		2082
2110	4.87173		2082
2111	4.87173		2082
2112	4.87173		2082
2113	4.87173		2082
2114	4.87173		2082
2115	4.87173		2082
2116	4.87173		2082
2117	4.87173		2082
2118	4.87173		2082
2119	4.87173		2082
2120	4.87173		2082
2121	4.87173		2082
2122	4.87173		2082
2123	4.87173		2082
2124	4.87173		2082
2125	4.87173		2082
2126	4.87173		2082
2127	4.87173		2082
2128	4.87173		2082
2129	4.87173		2082
2130	4.87173		2082
2131	4.87173		2082
2132	4.87173		2082
2133	4.87173		2082
2134	4.87173		2082
2135	4.87173		2082
2136	4.87173		2082
2137	4.87173		2082
2138	4.87173		2082
2139	4.87173		2082
2140	4.87173		2082
2141	4.87173		2082
2142	4.87173		2082
2143	4.87173		2082
2144	4.87173		2082
2145	4.87173		2082
2146	4.87173		2082
2147	4.87173		2082
2148	4.87173		2082
2149	4.87173		2082
2150	4.87173		2082
2151	4.87173		2082
2152	4.87173		2082
2153	4.87173		2082
2154	4.87173		2082
2155	4.87173		2082
2156	4.87173		2082
2157	4.87173		2082
2158	4.87173		2082
2159	4.87173		2082
2160	4.87173		2082
2161	4.87173		2082
2162	4.87173		2082
2163	4.87173		2082
2164	4.87173		2082
2165	4.87173		2082
2166	4.87173		2082
2167	4.87173		2082
2168	4.87173		2082
2169	4.87173		2082
2170	4.87173		2082
2171	4.87173		2082
2172	4.87173		2082
2173	4.87173		2082
2174	4.87173		2082
2175	4.87173		2082
2176	4.87173		2082
2177	4.87173		2082
2178	4.87173		2082
2179	4.87173		2082
2180	4.87173		2082
2181	4.87173		2082
2182	4.87173		2082
2183	4.87173		2082
2184	4.87173		2082
2185	4.87173		2082
2186	4.87173		2082
2187	4.87173		2082
2188	4.87173		2082
2189	4.87173		2082
2190	4.87173		2082
2191	4.87173		2082
2192	4.87173		2082
2193	4.87173		2082
2194	4.87173		2082
2195	4.87173		2082
2196	4.87173		2082
2197	4.87173		2082
2198	4.87173		2082
2199	4.87173		2082
2200	4.87173		2082
2201	4.87173		2082
2202	4.87173		2082
2203	4.87173		2082
2204	4.87173		2082
2205	4.87173		2082
2206	4.87173		2082
2207	4.87173		2082
2208	4.87173		2082
2209	4.87173		2082
2210	4.87173		2082
2211	4.87173		2082
2212	4.87173		2082
2213	4.87173		2082
2214	4.87173		2082
2215	4.87173		2082
2216	4.87173		2082
2217	4.87173		2082
2218	4.87173		2082
2219	4.87173		2082
2220	4.87173		2082
2221	4.87173		2082
2222	4.87173		2082
2223	4.87173		2082
2224	4.87173		2082
2225	4.87173		2082
2226	4.87173		2082
2227	4.87173		2082
2228	4.87173		2082
2229	4.87173		2082
2230	4.87173		2082
2231	4.87173		2082
2232	4.87173		2082
2233	4.87173		2082
2234	4.87173		2082
2235	4.87173		2082
2236	4.87173		2082
2237	4.87173		2082
2238	4.87173		2082
2239	4.87173		2082
2240	4.87173		2082
2241	4.87173		2082
2242	4.87173		2082
2243	4.87173		2082
2244	4.87173		2082
2245	4.87173		2082
2246	4.87173		2082
2247	4.87173		2082
2248	4.87173		2082
2249	4.87173		2082
2250	4.87173		2082
2251	4.87173		2082
2252	4.87173		2082
2253	4.87173		2082
2254	4.87173		2082
2255	4.87173		2082
2256	4.87173		2082
2257	4.87173		2082
2258	4.87173		2082
2259	4.87173		2082
2260	4.87173		2082
2261	4.87173		2082
2262	4.87173		2082
2263	4.87173		2082
2264	4.87173		2082
2265	4.87173		2082
2266	4.87173		2082
2267	4.87173		2082
2268	4.87173		2082
2269	4.87173		2082
2270	4.87173		2082
2271	4.87173		2082
2272	4.87173		2082
2273	4.87173		2082
2274	4.87173		2082
2275	4.87173		2082
2276	4.87173		2082
2277	4.87173		2082
2278	4.87173		2082
2279	4.87173		2082
2280	4.87173		2082
2281	4.87173		2082
2282	4.87173		2082
2283	4.87173		2082
2284	4.87173		2082
2285	4.87173		2082
2286	4.87173		2082
2287	4.87173		2082
2288	4.87173		2082
2289	4.87173		2082
2290	4.87173		2082
2291	4.87173		2082
2292	4.87173		2082
2293	4.87173		2082
2294	4.87173		2082
2295	4.87173		2082
2296	4.87173		2082
2297	4.87173		2082
2298	4.87173		2082
2299	4.87173		2082
2300	4.87173		2082
2301	4.87173		2082
2302	4.87173		2082
2303	4.87173		2082
2304	4.87173		2082
2305	4.87173		2082
2306	4.87173		2082
2307	4.87173		2082
2308	4.87173		2082
2309	4.87173		2082
2310	4.87173		2082
2311	4.87173		2082
2312	4.87173		2082
2313	4.87173		2082
2314	4.87173		2082
2315	4.87173		2082
2316	4.87173		2082
2317	4.87173		2082
2318	4.87173		2082
2319	4.87173		2082
2320	4.87173		2082
2321	4.87173		2082
2322	4.87173		2082
2323	4.87173		2082
2324	4.87173		2082
2325	4.87173		2082
2326	4.87173		2082
2327	4.87173		2082
2328	4.87173		2082
2329	4.87173		2082
2330	4.87173		2082
2331	4.87173		2082
2332	4.87173		2082
2333	4.87173		2082
2334	4.87173		2082
2335	4.87173		2082
2336	4.87173		2082
2337	4.87173		2082
2338	4.87173		2082
2339	4.87173		2082
2340	4.87173		2082
2341	4.87173		2082
2342	4.87173		2082
2343	4.87173		2082
2344	4.87173		2082
2345	4.87173		2082
2346	4.87173		2082
2347	4.87173		2082
2348	4.87173		2082
2349	4.87173		2082
2350	4.87173		2082
2351	4.87173		2082
2352	4.87173		2082
2353	4.87173		2082
2354	4.87173		2082
2355	4.87173		2082
2356	4.87173		2082
2357	4.87173		2082
2358	4.87173		2082
2359	4.87173		2082
2360	4.87173		2082
2361	4.87173		2082
2362	4.87173		2082
2363	4.87173		2082
2364	4.87173		2082
2365	4.87173		2082
2366	4.87173		2082
2367	4.87173		2082
2368	4.87173		2082
2369	4.87173		2082
2370	4.87173		2082
2371	4.87173		2082
2372	4.87173		2082
2373	4.87173		2082
2374	4.87173		2082
2375	4.87173		2082
2376	4.87173		2082
2377	4.87173		2082
2378	4.87173		2082
2379	4.87173		2082
2380	4.87173		2082
2381	4.87173		2082
2382	4.87173		2082
2383	4.87173		2082
2384	4.87173		2082
2385	4.87173		2082
2386	4.87173		2082
2387	4.87173		2082
2388	4.87173		2082
2389	4.87173		2082
2390	4.87173		2082
2391	4.87173		2082
2392	4.87173		2082
2393	4.87173		2082
2394	4.87173		2082
2395	4.87173		2082
2396	4.87173		2082
2397	4.87173		2082
2398	4.87173		2082
2399	4.87173		2082
2400	4.87173		2082
2401	4.87173		2082
2402	4.87173		2082
2403	4.87173		2082
2404	4.87173		2082
2405	4.87173		2082
2406	4.87173		2082
2407	4.87173		2082
2408	4.87173		2082
2409	4.87173		2082
2410	4.87173		2082
2411	4.87173		2082
2412	4.87173		2082
2413	4.87173		2082
2414	4.87173		2082
2415	4.87173		2082
2416	4.87173		2082
2417	4.87173		2082
2418	4.87173		2082
2419	4.87173		2082
2420	4.87173		2082
2421	4.87173		2082
2422	4.87173		2082
2423	4.87173		2082
2424	4.87173		2082
2425	4.87173		2082
2426	4.87173		2082
2427	4.87173		2082
2428	4.87173		2082
2429	4.87173		2082
2430	4.87173		2082
2431	4.87173		2082
2432	4.87173		2082
2433	4.87173		2082
2434	4.87173		2082
2435	4.87173		2082
2436	4.87173		2082
2437	4.87173		2082
2438	4.87173		2082
2439	4.87173		2082
2440	4.87173		2082
2441	4.87173		2082
2442	4.87173		2082
2443	4.87173		2082
2444	4.87173		2082
2445	4.87173		2082
2446	4.87173		2082
2447	4.87173		2082
2448	4.87173		2082
2449	4.87173		2082
2450	4.87173		2082
2451	4.87173		2082
2452	4.87173		2082
2453	4.87173		2082
2454	4.87173		2082
2455	4.87173		2082
2456	4.87173		2082
2457	4.87173		2082
2458	4.87173		2082
2459	4.87173		2082
2460	4.87173		2082
2461	4.87173		2082
2462	4.87173		2082
2463	4.87173		2082
2464	4.87173		2082
2465	4.87173		2082
2466	4.87173		2082
2467	4.87173		2082
2468	4.87173		2082
2469	4.87173		2082
2470	4.87173		2082
2471	4.87173		2082
2472	4.87173		2082
2473	4.87173		2082
2474	4.87173		2082
2475	4.87173		2082
2476	4.87173		2082
2477	4.87173		2082
2478	4.87173		2082
2479	4.87173		2082
2480	4.87173		2082
2481	4.87173		2082
2482	4.87173		2082
2483	4.87173		2082
2484	4.87173		2082
2485	4.87173		2082
2486	4.87173		2082
2487	4.87173		2082
2488	4.87173		2082
2489	4.87173		2082
2490	4.87173		2082
2491	4.87173		2082
2492	4.87173		2082
2493	4.87173		2082
2494	4.87173		2082
2495	4.87173		2082
2496	4.87173		2082
2497	4.87173		2082
2498	4.87173		2082
2499	4.87173		2082
2500	4.87173		2082
2501	4.87173		2082
2502	4.87173		2082
2503	4.87173		2082
2504	4.87173		2082
2505	4.87173		2082
2506	4.87173		2082
2507	4.87173		2082
2508	4.87173		2082
2509	4.87173		2082
2510	4.87173		2082
2511	4.87173		2082
2512	4.87173		2082
2513	4.87173		2082
2514	4.87173		2082
2515	4.87173		2082
2516	4.87173		2082
2517	4.87173		2082
2518	4.87173		2082
2519	4.87173		2082
2520	4.87173		2082
2521	4.87173		2082
2522	4.87173		2082
2523	4.87173		2082
2524	4.87173		2082
2525	4.87173		2082
2526	4.87173		2082
2527	4.87173		2082
2528	4.87173		2082
2529	4.87173		2082
2530	4.87173		2082
2531	4.87173		2082
2532	4.87173		2082
2533	4.87173		2082
2534	4.87173		2082
2535	4.87173		2082
2536	4.87173		2082
2537	4.87173		2082
2538	4.87173		2082
2539	4.87173		2082
2540	4.87173		2082
2541	4.87173		2082
2542	4.87173		2082
2543	4.87173		2082
2544	4.87173		2082
2545	4.87173		2082
2546	4.87173		2082
2547	4.87173		2082
2548	4.87173		2082
2549	4.87173		2082
2550	4.87173		2082
2551	4.87173		2082
2552	4.87173		2082
2553	4.87173		2082
2554	4.87173		2082
2555	4.87173		2082
2556	4.87173		2082
2557	4.87173		2082
2558	4.87173		2082
2559	4.87173		2082
2560	4.87173		2082
2561	4.87173		2082
2562	4.87173		2082
2563	4.87173		2082
2564	4.87173		2082
2565	4.87173		2082
2566	4.87173		2082
2567	4.87173		2082
2568	4.87173		2082
2569	4.87173		2082
2570	4.87173		2082
2571	4.87173		2082
2572	4.87173		2082
2573	4.87173		2082
2574	4.87173		2082
2575	4.87173		2082
2576	4.87173		2082
2577	4.87173		2082
2578	4.87173		2082
2579	4.87173		2082
2580	4.87173		2082
2581	4.87173		2082
2582	4.87173		2082
2583	4.87173		2082
2584	4.87173		2082
2585	4.87173		2082
2586	4.85658		2586
2587	4.85658		2586
2588	4.85658		2586
2589	4.85658		2586
2590	4.85658		2586
2591	4.85658		2586
2592	4.85658		2586
2593	4.85658		2586
2594	4.85658		2586
2595	4.85658		2586
2596	4.85658		2586
2597	4.85658		2586
2598	4.85658		2586
2599	4.85658		2586
2600	4.85658		2586
2601	4.85658		2586
2602	4.85658		2586
2603	4.85658		2586
2604	4.85658		2586
2605	4.85658		2586
2606	4.85658		2586
2607	4.85658		2586
2608	4.85658		2586
2609	4.85658		2586
2610	4.85658		2586
2611	4.85658		2586
2612	4.85658		2586
2613	4.85658		2586
2614	4.85658		2586
2615	4.85658		2586
2616	4.85658		2586
2617	4.85658		2586
2618	4.85658		2586
2619	4.85658		2586
2620	4.85658		2586
2621	4.85658		2586
2622	4.85658		2586
2623	4.85658		2586
2624	4.85658		2586
2625	4.85658		2586
2626	4.85658		2586
2627	4.85658		2586
2628	4.85658		2586
2629	4.85658		2586
2630	4.85658		2586
2631	4.85658		2586
2632	4.85658		2586
2633	4.85658		2586
2634	4.85658		2586
2635	4.85658		2586
2636	4.85658		2586
2637	4.85658		2586
2638	4.85658		2586
2639	4.85658		2586
2640	4.85658		2586
2641	4.85658		2586
2642	4.85658		2586
2643	4.85658		2586
2644	4.85658		2586
2645	4.85658		2586
2646	4.85658		2586
2647	4.85658		2586
2648	4.85658		2586
2649	4.85658		2586
2650	4.85658		2586
2651	4.85658		2586
2652	4.85658		2586
2653	4.85658		2586
2654	4.85658		2586
2655	4.85658		2586
2656	4.85658		2586
2657	4.85658		2586
2658	4.85658		2586
2659	4.85658		2586
2660	4.85658		2586
2661	4.85658		2586
2662	4.85658		2586
2663	4.85658		2586
2664	4.85658		2586
2665	4.85658		2586
2666	4.85658		2586
2667	4.85658		2586
2668	4.85658		2586
2669	4.85658		2586
2670	4.85658		2586
2671	4.85658		2586
2672	4.85658		2586
2673	4.85658		2586
2674	4.85658		2586
2675	4.85658		2586
2676	4.85658		2586
2677	4.85658		2586
2678	4.85658		2586
2679	4.85658		2586
2680	4.85658		2586
2681	4.85658		2586
2682	4.85658		2586
2683	4.85658		2586
2684	4.85658		2586
2685	4.85658		2586
2686	4.85658		2586
2687	4.85658		2586
2688	4.85658		2586
2689	4.85658		2586
2690	4.85658		2586
2691	4.85658		2586
2692	4.85658		2586
2693	4.85658		2586
2694	4.85658		2586
2695	4.85658		2586
2696	4.85658		2586
2697	4.85658		2586
2698	4.85658		2586
2699	4.85658		2586
2700	4.85658		2586
2701	4.85658		2586
2702	4.85658		2586
2703	4.85658		2586
2704	4.85658		2586
2705	4.85658		2586
2706	4.85658		2586
2707	4.85658		2586
2708	4.85658		2586
2709	4.85658		2586
2710	4.85658		2586
2711	4.85658		2586
2712	4.85658		2586
2713	4.85658		2586
2714	4.85658		2586
2715	4.85658		2586
2716	4.85658		2586
2717	4.85658		2586
2718	4.85658		2586
2719	4.85658		2586
2720	4.85658		2586
2721	4.85658		2586
2722	4.85658		2586
2723	4.85658		2586
2724	4.85658		2586
2725	4.85658		2586
2726	4.85658		2586
2727	4.85658		2586
2728	4.85658		2586
2729	4.85658		2586
2730	4.85658		2586
2731	4.85658		2586
2732	4.85658		2586
2733	4.85658		2586
2734	4.85658		2586
2735	4.85658		2586
2736	4.85658		2586
2737	4.85658		2586
2738	4.85658		2586
2739	4.85658		2586
2740	4.85658		2586
2741	4.85658		2586
2742	4.85658		2586
2743	4.85658		2586
2744	4.85658		2586
2745	4.85658		2586
2746	4.85658		2586
2747	4.85658		2586
2748	4.85658		2586
2749	4.85658		2586
2750	4.85658		2586
2751	4.85658		2586
2752	4.85658		2586
2753	4.85658		2586
2754	4.85658		2586
2755	4.85658		2586
2756	4.85658		2586
2757	4.85658		2586
2758	4.85658		2586
2759	4.85658		2586
2760	4.85658		2586
2761	4.85658		2586
2762	4.85658		2586
2763	4.85658		2586
2764	4.85658		2586
2765	4.85658		2586
2766	4.85658		2586
2767	4.85658		2586
2768	4.85658		2586
2769	4.85658		2586
2770	4.85658		2586
2771	4.85658		2586
2772	4.85658		2586
2773	4.85658		2586
2774	4.85658		2586
2775	4.85658		2586
2776	4.85658		2586
2777	4.85658		2586
2778	4.85658		2586
2779	4.85658		2586
2780	4.85658		2586
2781	4.85658		2586
2782	4.85658		2586
2783	4.85658		2586
2784	4.85658		2586
2785	4.85658		2586
2786	4.85658		2586
2787	4.85658		2586
2788	4.85658		2586
2789	4.85658		2586
2790	4.85658		2586
2791	4.85658		2586
2792	4.85658		2586
2793	4.85658		2586
2794	4.85658		2586
2795	4.85658		2586
2796	4.85658		2586
2797	4.85658		2586
2798	4.85658		2586
2799	4.85658		2586
2800	4.85658		2586
2801	4.85658		2586
2802	4.85658		2586
2803	4.85658		2586
2804	4.85658		2586
2805	4.85658		2586
2806	4.85658		2586
2807	4.85658		2586
2808	4.85658		2586
2809	4.85658		2586
2810	4.85658		2586
2811	4.85658		2586
2812	4.85658		2586
2813	4.85658		2586
2814	4.85658		2586
2815	4.85658		2586
2816	4.85658		2586
2817	4.85658		2586
2818	4.85658		2586
2819	4.85658		2586
2820	4.85658		2586
2821	4.85658		2586
2822	4.85658		2586
2823	4.85658		2586
2824	4.85658		2586
2825	4.85658		2586
2826	4.85658		2586
2827	4.85658		2586
2828	4.85658		2586
2829	4.85658		2586
2830	4.85658		2586
2831	4.85658		2586
2832	4.85658		2586
2833	4.85658		2586
2834	4.85658		2586
2835	4.85658		2586
2836	4.85658		2586
2837	4.85658		2586
2838	4.85658		2586
2839	4.85658		2586
2840	4.85658		2586
2841	4.85658		2586
2842	4.85658		2586
2843	4.85658		2586
2844	4.85658		2586
2845	4.85658		2586
2846	4.85658		2586
2847	4.85658		2586
2848	4.85658		2586
2849	4.85658		2586
2850	4.85658		2586
2851	4.85658		2586
2852	4.85658		2586
2853	4.85658		2586
2854	4.85658		2586
2855	4.85658		2586
2856	4.85658		2586
2857	4.85658		2586
2858	4.85658		2586
2859	4.85658		2586
2860	4.85658		2586
2861	4.85658		2586
2862	4.85658		2586
2863	4.85658		2586
2864	4.85658		2586
2865	4.85658		2586
2866	4.85658		2586
2867	4.85658		2586
2868	4.85658		2586
2869	4.85658		2586
2870	4.85658		2586
2871	4.85658		2586
2872	4.85658		2586
2873	4.85658		2586
2874	4.85658		2586
2875	4.85658		2586
2876	4.85658		2586
2877	4.85658		2586
2878	4.85658		2586
2879	4.85658		2586
2880	4.85658		2586
2881	4.85658		2586
2882	4.85658		2586
2883	4.85658		2586
2884	4.85658		2586
2885	4.85658		2586
2886	4.85658		2586
2887	4.85658		2586
2888	4.85658		2586
2889	4.85658		2586
2890	4.85658		2586
2891	4.85658		2586
2892	4.85658		2586
2893	4.85658		2586
2894	4.85658		2586
2895	4.85658		2586
2896	4.85658		2586
2897	4.85658		2586
2898	4.85658		2586
2899	4.85658		2586
2900	4.85658		2586
2901	4.85658		2586
2902	4.85658		2586
2903	4.85658		2586
2904	4.85658		2586
2905	4.85658		2586
2906	4.85658		2586
2907	4.85658		2586
2908	4.85658		2586
2909	4.85658		2586
2910	4.85658		2586
2911	4.85658		2586
2912	4.85658		2586
2913	4.85658		2586
2914	4.85658		2586
2915	4.85658		2586
2916	4.85658		2586
2917	4.85658		2586
2918	4.85658		2586
2919	4.85658		2586
2920	4.85658		2586
2921	4.85658		2586
2922	4.85658		2586
2923	4.85658		2586
2924	4.85658		2586
2925	4.85658		2586
2926	4.85658		2586
2927	4.85658		2586
2928	4.85658		2586
2929	4.85658		2586
2930	4.85658		2586
2931	4.85658		2586
2932	4.85658		2586
2933	4.85658		2586
2934	4.85658		2586
2935	4.85658		2586
2936	4.85658		2586
2937	4.85658		2586
2938	4.85658		2586
2939	4.85658		2586
2940	4.85658		2586
2941	4.85658		2586
2942	4.85658		2586
2943	4.85658		2586
2944	4.85658		2586
2945	4.85658		2586
2946	4.85658		2586
2947	4.85658		2586
2948	4.85658		2586
2949	4.85658		2586
2950	4.85658		2586
2951	4.85658		2586
2952	4.85658		2586
2953	4.85658		2586
2954	4.85658		2586
2955	4.85658		2586
2956	4.85658		2586
2957	4.85658		2586
2958	4.85658		2586
2959	4.85658		2586
2960	4.85658		2586
2961	4.85658		2586
2962	4.85658		2586
2963	4.85658		2586
2964	4.85658		2586
2965	4.85658		2586
2966	4.85658		2586
2967	4.85658		2586
2968	4.85658		2586
2969	4.85658		2586
2970	4.85658		2586
2971	4.85658		2586
2972	4.85658		2586
2973	4.85658		2586
2974	4.85658		2586
2975	4.85658		2586
2976	4.85658		2586
2977	4.85658		2586
2978	4.85658		2586
2979	4.85658		2586
2980	4.85658		2586
2981	4.85658		2586
2982	4.85658		2586
2983	4.85658		2586
2984	4.85658		2586
2985	4.85658		2586
2986	4.85658		2586
2987	4.85658		2586
2988	4.85658		2586
2989	4.85658		2586
2990	4.85658		2586
2991	4.85658		2586
2992	4.85658		2586
2993	4.85658		2586
2994	4.85658		2586
2995	4.85658		2586
2996	4.85658		2586
2997	4.85658		2586
2998	4.85658		2586
2999	4.85658		2586
3000	4.85658		2586
3001	4.85658		2586
3002	4.85658		2586
3003	4.85658		2586
3004	4.85658		2586
3005	4.85658		2586
3006	4.85658		2586
3007	4.85658		2586
3008	4.85658		2586
3009	4.85658		2586
3010	4.85658		2586
3011	4.85658		2586
3012	4.85658		2586
3013	4.85658		2586
3014	4.85658		2586
3015	4.85658		2586
3016	4.85658		2586
3017	4.85658		2586
3018	4.85658		2586
3019	4.85658		2586
3020	4.85658		2586
3021	4.85658		2586
3022	4.85658		2586
3023	4.85658		2586
3024	4.85658		2586
3025	4.85658		2586
3026	4.85658		2586
3027	4.85658		2586
3028	4.85658		2586
3029	4.85658		2586
3030	4.85658		2586
3031	4.85658		2586
3032	4.85658		2586
3033	4.85658		2586
3034	4.85658		2586
3035	4.85658		2586
3036	4.85658		2586
3037	4.85658		2586
3038	4.85658		2586
3039	4.85658		2586
3040	4.85658		2586
3041	4.85658		2586
3042	4.85658		2586
3043	4.85658		2586
3044	4.85658		2586
3045	4.85658		2586
3046	4.85658		2586
3047	4.85658		2586
3048	4.85658		2586
3049	4.85658		2586
3050	4.85658		2586
3051	4.85658		2586
3052	4.85658		2586
3053	4.85658		2586
3054	4.85658		2586
3055	4.85658		2586
3056	4.85658		2586
3057	4.85658		2586
3058	4.85658		2586
3059	4.85658		2586
3060	4.85658		2586
3061	4.85658		2586
3062	4.85658		2586
3063	4.85658		2586
3064	4.85658		2586
3065	4.85658		2586
3066	4.85658		2586
3067	4.85658		2586
3068	4.85658		2586
3069	4.85658		2586
3070	4.85658		2586
3071	4.85658		2586
3072	4.85658		2586
3073	4.85658		2586
3074	4.85658		2586
3075	4.85658		2586
3076	4.85658		2586
3077	4.85658		2586
3078	4.85658		2586
3079	4.85658		2586
3080	4.85658		2586
3081	4.85658		2586
3082	4.85658		2586
3083	4.85658		2586
3084	4.85658		2586
3085	4.85658		2586
3086	4.85658		2586
3087	4.85658		2586
3088	4.85658		2586
3089	4.85658		2586
3090	4.85658		2586
3091	4.85658		2586
3092	4.85658		2586
3093	4.85658		2586
3094	4.85658		2586
3095	4.85658		2586
3096	4.85658		2586
3097	4.85658		2586
3098	4.85658		2586
3099	4.85658		2586
3100	4.85658		2586
3101	4.85658		2586
3102	4.85658		2586
3103	4.85658		2586
3104	4.85658		2586
3105	4.85658		2586
3106	4.85658		2586
3107	4.85658		2586
3108	4.85658		2586
3109	4.85658		2586
3110	4.85658		2586
3111	4.85658		2586
3112	4.85658		2586
3113	4.85658		2586
3114	4.85658		2586
3115	4.85658		2586
3116	4.85658		2586
3117	4.85658		2586
3118	4.85658		2586
3119	4.85658		2586
3120	4.85658		2586
3121	4.85658		2586
3122	4.85658		2586
3123	4.85658		2586
3124	4.85658		2586
3125	4.85658		2586
3126	4.85658		2586
3127	4.85658		2586
3128	4.85658		2586
3129	4.85658		2586
3130	4.85658		2586
3131	4.85658		2586
3132	4.85658		2586
3133	4.85658		2586
3134	4.85658		2586
3135	4.85658		2586
3136	4.85658		2586
3137	4.85658		2586
3138	4.85658		2586
3139	4.85658		2586
3140	4.85658		2586
3141	4.85658		2586
3142	4.85658		2586
3143	4.85658		2586
3144	4.85658		2586
3145	4.85658		2586
3146	4.85658		2586
3147	4.85658		2586
3148	4.85658		2586
3149	4.85658		2586
3150	4.85658		2586
3151	4.85658		2586
3152	4.85658		2586
3153	4.85658		2586
3154	4.85658		2586
3155	4.85658		2586
3156	4.85658		2586
3157	4.85658		2586
3158	4.85658		2586
3159	4.85658		2586
3160	4.85658		2586
3161	4.85658		2586
3162	4.85658		2586
3163	4.85658		2586
3164	4.85658		2586
3165	4.85658		2586
3166	4.85658		2586
3167	4.85658		2586
3168	4.85658		2586
3169	4.85658		2586
3170	4.85658		2586
3171	4.85658		2586
3172	4.85658		2586
3173	4.85658		2586
3174	4.85658		2586
3175	4.85658		2586
3176	4.85658		2586
3177	4.85658		2586
3178	4.85658		2586
3179	4.85658		2586
3180	4.85658		2586
3181	4.85658		2586
3182	4.85658		2586
3183	4.85658		2586
3184	4.85658		2586
3185	4.85658		2586
3186	4.85658		2586
3187	4.85658		2586
3188	4.85658		2586
3189	4.85658		2586
3190	4.85658		2586
3191	4.85658		2586
3192	4.85658		2586
3193	4.85658		2586
3194	4.85658		2586
3195	4.85658		2586
3196	4.85658		2586
3197	4.85658		2586
3198	4.85658		2586
3199	4.85658		2586
3200	4.85658		2586
3201	4.85658		2586
3202	4.85658		2586
3203	4.85658		2586
3204	4.85658		2586
3205	4.85658		2586
3206	4.85658		2586
3207	4.85658		2586
3208	4.85658		2586
3209	4.85658		2586
3210	4.85658		2586
3211	4.85658		2586
3212	4.85658		2586
3213	4.85658		2586
3214	4.85658		2586
3215	4.85658		2586
3216	4.85658		2586
3217	4.85658		2586
3218	4.85658		2586
3219	4.85658		2586
3220	4.85658		2586
3221	4.85658		2586
3222	4.85658		2586
3223	4.85658		2586
3224	4.85658		2586
3225	4.85658		2586
3226	4.85658		2586
3227	4.85658		2586
3228	4.85658		2586
3229	4.85658		2586
3230	4.85658		2586
3231	4.85658		2586
3232	4.85658		2586
3233	4.85658		2586
3234	4.85658		2586
3235	4.85658		2586
3236	4.85658		2586
3237	4.85658		2586
3238	4.85658		2586
3239	4.85658		2586
3240	4.85658		2586
3241	4.85658		2586
3242	4.85658		2586
3243	4.85658		2586
3244	4.85658		2586
3245	4.85658		2586
3246	4.85658		2586
3247	4.85658		2586
3248	4.85658		2586
3249	4.85658		2586
3250	4.85658		2586
3251	4.85658		2586
3252	4.85658		2586
3253	4.85658		2586
3254	4.85658		2586
3255	4.85658		2586
3256	4.85658		2586
3257	4.85658		2586
3258	4.85658		2586
3259	4.85658		2586
3260	4.85658		2586
3261	4.85658		2586
3262	4.85658		2586
3263	4.85658		2586
3264	4.85658		2586
3265	4.85658		2586
3266	4.85658		2586
3267	4.85658		2586
3268	4.85658		2586
3269	4.85658		2586
3270	4.85658		2586
3271	4.85658		2586
3272	4.85658		2586
3273	4.85658		2586
3274	4.85658		2586
3275	4.85658		2586
3276	4.85658		2586
3277	4.85658		2586
3278	4.85658		2586
3279	4.85658		2586
3280	4.85658		2586
3281	4.85658		2586
3282	4.85658		2586
3283	4.85658		2586
3284	4.85658		2586
3285	4.85658		2586
3286	4.85658		2586
3287	4.85658		2586
3288	4.85658		2586
3289	4.85658		2586
3290	4.85658		2586
3291	4.85658		2586
3292	4.85658		2586
3293	4.85658		2586
3294	4.85658		2586
3295	4.85658		2586
3296	4.85658		2586
3297	4.85658		2586
3298	4.85658		2586
3299	4.85658		2586
3300	4.85658		2586
3301	4.85658		2586
3302	4.85658		2586
3303	4.85658		2586
3304	4.85658		2586
3305	4.85658		2586
3306	4.85658		2586
3307	4.85658		2586
3308	4.85658		2586
3309	4.85658		2586
3310	4.85658		2586
3311	4.85658		2586
3312	4.85658		2586
3313	4.85658		2586
3314	4.85658		2586
3315	4.85658		2586
3316	4.85658		2586
3317	4.85658		2586
3318	4.85658		2586
3319	4.85658		2586
3320	4.85658		2586
3321	4.85658		2586
3322	4.85658		2586
3323	4.85658		2586
3324	4.85658		2586
3325	4.85658		2586
3326	4.85658		2586
3327	4.85658		2586
3328	4.85658		2586
3329	4.85658		2586
3330	4.85658		2586
3331	4.85658		2586
3332	4.85658		2586
3333	4.85658		2586
3334	4.85658		2586
3335	4.85658		2586
3336	4.85658		2586
3337	4.85658		2586
3338	4.85658		2586
3339	4.85658		2586
3340	4.85658		2586
3341	4.85658		2586
3342	4.85658		2586
3343	4.85658		2586
3344	4.85658		2586
3345	4.85658		2586
3346	4.85658		2586
3347	4.85658		2586
3348	4.85658		2586
3349	4.85658		2586
3350	4.85658		2586
3351	4.85658		2586
3352	4.85658		2586
3353	4.85658		2586
3354	4.85658		2586
3355	4.85658		2586
3356	4.85658		2586
3357	4.85658		2586
3358	4.85658		2586
3359	4.85658		2586
3360	4.85658		2586
3361	4.85658		2586
3362	4.85658		2586
3363	4.85658		2586
3364	4.85658		2586
3365	4.85658		2586
3366	4.85658		2586
3367	4.85658		2586
3368	4.85658		2586
3369	4.85658		2586
3370	4.85658		2586
3371	4.85658		2586
3372	4.85658		2586
3373	4.85658		2586
3374	4.85658		2586
3375	4.85658		2586
3376	4.85658		2586
3377	4.85658		2586
3378	4.85658		2586
3379	4.85658		2586
3380	4.85658		2586
3381	4.85658		2586
3382	4.85658		2586
3383	4.85658		2586
3384	4.85658		2586
3385	4.85658		2586
3386	4.85658		2586
3387	4.85658		2586
3388	4.85658		2586
3389	4.85658		2586
3390	4.85658		2586
3391	4.85658		2586
3392	4.85658		2586
3393	4.85658		2586
3394	4.85658		2586
3395	4.85658		2586
3396	4.85658		2586
3397	4.85658		2586
3398	4.85658		2586
3399	4.85658		2586
3400	4.85658		2586
3401	4.85658		2586
3402	4.85658		2586
3403	4.85658		2586
3404	4.85658		2586
3405	4.85658		2586
3406	4.85658		2586
3407	4.85658		2586
3408	4.85658		2586
3409	4.85658		2586
3410	4.85658		2586
3411	4.85658		2586
3412	4.85658		2586
3413	4.85658		2586
3414	4.85658		2586
3415	4.85658		2586
3416	4.85658		2586
3417	4.85658		2586
3418	4.85658		2586
3419	4.85658		2586
3420	4.85658		2586
3421	4.85658		2586
3422	4.85658		2586
3423	4.85658		2586
3424	4.85658		2586
3425	4.85658		2586
3426	4.85658		2586
3427	4.85658		2586
3428	4.85658		2586
3429	4.85658		2586
3430	4.85658		2586
3431	4.85658		2586
3432	4.85658		2586
3433	4.85658		2586
3434	4.85658		2586
3435	4.85658		2586
3436	4.85658		2586
3437	4.85658		2586
3438	4.85658		2586
3439	4.85658		2586
3440	4.85658		2586
3441	4.85658		2586
3442	4.85658		2586
3443	4.85658		2586
3444	4.85658		2586
3445	4.85658		2586
3446	4.85658		2586
3447	4.85658		2586
3448	4.85658		2586
3449	4.85658		2586
3450	4.85658		2586
3451	4.85658		2586
3452	4.85658		2586
3453	4.85658		2586
3454	4.85658		2586
3455	4.85658		2586
3456	4.85658		2586
3457	4.85658		2586
3458	4.85658		2586
3459	4.85658		2586
3460	4.85658		2586
3461	4.85658		2586
3462	4.85658		2586
3463	4.85658		2586
3464	4.85658		2586
3465	4.85658		2586
3466	4.85658		2586
3467	4.85658		2586
3468	4.85658		2586
3469	4.85658		2586
3470	4.85658		2586
3471	4.85658		2586
3472	4.85658		2586
3473	4.85658		2586
3474	4.85658		2586
3475	4.85658		2586
3476	4.85658		2586
3477	4.85658		2586
3478	4.85658		2586
3479	4.85658		2586
3480	4.85658		2586
3481	4.85658		2586
3482	4.85658		2586
3483	4.85658		2586
3484	4.85658		2586
3485	4.85658		2586
3486	4.85658		2586
3487	4.85658		2586
3488	4.85658		2586
3489	4.85658		2586
3490	4.85658		2586
3491	4.85658		2586
3492	4.85658		2586
3493	4.85658		2586
3494	4.85658		2586
3495	4.85658		2586
3496	4.85658		2586
3497	4.85658		2586
3498	4.85658		2586
3499	4.85658		2586
3500	4.85658		2586
3501	4.85658		2586
3502	4.85658		2586
3503	4.85658		2586
3504	4.85658		2586
3505	4.85658		2586
3506	4.85658		2586
3507	4.85658		2586
3508	4.85658		2586
3509	4.85658		2586
3510	4.85658		2586
3511	4.85658		2586
3512	4.85658		2586
3513	4.85658		2586
3514	4.85658		2586
3515	4.85658		2586
3516	4.85658		2586
3517	4.85658		2586
3518	4.85658		2586
3519	4.85658		2586
3520	4.85658		2586
3521	4.85658		2586
3522	4.85658		2586
3523	4.85658		2586
3524	4.85658		2586
3525	4.85658		2586
3526	4.85658		2586
3527	4.85658		2586
3528	4.85658		2586
3529	4.85658		2586
3530	4.85658		2586
3531	4.85658		2586
3532	4.85658		2586
3533	4.85658		2586
3534	4.85658		2586
3535	4.85658		2586
3536	4.85658		2586
3537	4.85658		2586
3538	4.85658		2586
3539	4.85658		2586
3540	4.85658		2586
3541	4.85658		2586
3542	4.85658		2586
3543	4.85658		2586
3544	4.85658		2586
3545	4.85658		2586
3546	4.85658		2586
3547	4.85658		2586
3548	4.85658		2586
3549	4.85658		2586
3550	4.85658		2586
3551	4.85658		2586
3552	4.85658		2586
3553	4.85658		2586
3554	4.85658		2586
3555	4.85658		2586
3556	4.85658		2586
3557	4.85658		2586
3558	4.85658		2586
3559	4.85658		2586
3560	4.85658		2586
3561	4.85658		2586
3562	4.85658		2586
3563	4.85658		2586
3564	4.85658		2586
3565	4.85658		2586
3566	4.85658		2586
3567	4.85658		2586
3568	4.85658		2586
3569	4.85658		2586
3570	4.85658		2586
3571	4.85658		2586
3572	4.85658		2586
3573	4.85658		2586
3574	4.85658		2586
3575	4.85658		2586
3576	4.85658		2586
3577	4.85658		2586
3578	4.85658		2586
3579	4.85658		2586
3580	4.85658		2586
3581	4.85658		2586
3582	4.85658		2586
3583	4.85658		2586
3584	4.85658		2586
3585	4.85658		2586
3586	4.85658		2586
3587	4.85658		2586
3588	4.85658		2586
3589	4.85658		2586
3590	4.85658		2586
3591	4.85658		2586
3592	4.85658		2586
3593	4.85658		2586
3594	4.85658		2586
3595	4.85658		2586
3596	4.85658		2586
3597	4.85658		2586
3598	4.85658		2586
3599	4.85658		2586
3600	4.85658		2586
3601	4.85658		2586
3602	4.85658		2586
3603	4.85658		2586
3604	4.85658		2586
3605	4.85658		2586
3606	4.85658		2586
3607	4.85658		2586
3608	4.85658		2586
3609	4.85658		2586
3610	4.85658		2586
3611	4.85658		2586
3612	4.85658		2586
3613	4.85658		2586
3614	4.85658		2586
3615	4.85658		2586
3616	4.85658		2586
3617	4.85658		2586
3618	4.85658		2586
3619	4.85658		2586
3620	4.85658		2586
3621	4.85658		2586
3622	4.85658		2586
3623	4.85658		2586
3624	4.85658		2586
3625	4.85658		2586
3626	4.85658		2586
3627	4.85658		2586
3628	4.85658		2586
3629	4.85658		2586
3630	4.85658		2586
3631	4.85658		2586
3632	4.85658		2586
3633	4.85658		2586
3634	4.85658		2586
3635	4.85658		2586
3636	4.85658		2586
3637	4.85658		2586
3638	4.85658		2586
3639	4.85658		2586
3640	4.85658		2586
3641	4.85658		2586
3642	4.85658		2586
3643	4.85658		2586
3644	4.85658		2586
3645	4.85658		2586
3646	4.85658		2586
3647	4.85658		2586
3648	4.85658		2586
3649	4.85658		2586
3650	4.85658		2586
3651	4.85658		2586
3652	4.85658		2586
3653	4.85658		2586
3654	4.85658		2586
3655	4.85658		2586
3656	4.85658		2586
3657	4.85658		2586
3658	4.85658		2586
3659	4.85658		2586
3660	4.85658		2586
3661	4.85658		2586
3662	4.85658		2586
3663	4.85658		2586
3664	4.85658		2586
3665	4.85658		2586
3666	4.85658		2586
3667	4.85658		2586
3668	4.85658		2586
3669	4.85658		2586
3670	4.85658		2586
3671	4.85658		2586
3672	4.85658		2586
3673	4.85658		2586
3674	4.85658		2586
3675	4.85658		2586
3676	4.85658		2586
3677	4.85658		2586
3678	4.85658		2586
3679	4.85658		2586
3680	4.85658		2586
3681	4.85658		2586
3682	4.85658		2586
3683	4.85658		2586
3684	4.85658		2586
3685	4.85658		2586
3686	4.85658		2586
3687	4.85658		2586
3688	4.85658		2586
3689	4.85658		2586
3690	4.85658		2586
3691	4.85658		2586
3692	4.85658		2586
3693	4.85658		2586
3694	4.85658		2586
3695	4.85658		2586
3696	4.85658		2586
3697	4.85658		2586
3698	4.85658		2586
3699	4.85658		2586
3700	4.85658		2586
3701	4.85658		2586
3702	4.85658		2586
3703	4.85658		2586
3704	4.85658		2586
3705	4.85658		2586
3706	4.85658		2586
3707	4.85658		2586
3708	4.85658		2586
3709	4.85658		2586
3710	4.85658		2586
3711	4.85658		2586
3712	4.85658		2586
3713	4.85658		2586
3714	4.85658		2586
3715	4.85658		2586
3716	4.85658		2586
3717	4.85658		2586
3718	4.85658		2586
3719	4.85658		2586
3720	4.85658		2586
3721	4.85658		2586
3722	4.85658		2586
3723	4.85658		2586
3724	4.85658		2586
3725	4.85658		2586
3726	4.85658		2586
3727	4.85658		2586
3728	4.85658		2586
3729	4.85658		2586
3730	4.85658		2586
3731	4.85658		2586
3732	4.85658		2586
3733	4.85658		2586
3734	4.85658		2586
3735	4.85658		2586
3736	4.85658		2586
3737	4.85658		2586
3738	4.85658		2586
3739	4.85658		2586
3740	4.85658		2586
3741	4.85658		2586
3742	4.85658		2586
3743	4.85658		2586
3744	4.85658		2586
3745	4.85658		2586
3746	4.85658		2586
3747	4.85658		2586
3748	4.85658		2586
3749	4.85658		2586
3750	4.85658		2586
3751	4.85658		2586
3752	4.85658		2586
3753	4.85658		2586
3754	4.85658		2586
3755	4.85658		2586
3756	4.85658		2586
3757	4.85658		2586
3758	4.85658		2586
3759	4.85658		2586
3760	4.85658		2586
3761	4.85658		2586
3762	4.85658		2586
3763	4.85658		2586
3764	4.85658		2586
3765	4.85658		2586
3766	4.85658		2586
3767	4.85658		2586
3768	4.85658		2586
3769	4.85658		2586
3770	4.85658		2586
3771	4.85658		2586
3772	4.85658		2586
3773	4.85658		2586
3774	4.85658		2586
3775	4.85658		2586
3776	4.85658		2586
3777	4.85658		2586
3778	4.85658		2586
3779	4.85658		2586
3780	4.85658		2586
3781	4.85658		2586
3782	4.85658		2586
3783	4.85658		2586
3784	4.85658		2586
3785	4.85658		2586
3786	4.85658		2586
3787	4.85658		2586
3788	4.85658		2586
3789	4.85658		2586
3790	4.85658		2586
3791	4.85658		2586
3792	4.85658		2586
3793	4.85658		2586
3794	4.85658		2586
3795	4.85658		2586
3796	4.85658		2586
3797	4.85658		2586
3798	4.85658		2586
3799	4.85658		2586
3800	4.85658		2586
3801	4.85658		2586
3802	4.85658		2586
3803	4.85658		2586
3804	4.85658		2586
3805	4.85658		2586
3806	4.85658		2586
3807	4.85658		2586
3808	4.85658		2586
3809	4.85658		2586
3810	4.85658		2586
3811	4.85658		2586
3812	4.85658		2586
3813	4.85658		2586
3814	4.85658		2586
3815	4.85658		2586
3816	4.85658		2586
3817	4.85658		2586
3818	4.85658		2586
3819	4.85658		2586
3820	4.85658		2586
3821	4.85658		2586
3822	4.85658		2586
3823	4.85658		2586
3824	4.85658		2586
3825	4.85658		2586
3826	4.85658		2586
3827	4.85658		2586
3828	4.85658		2586
3829	4.85658		2586
3830	4.85658		2586
3831	4.85658		2586
3832	4.85658		2586
3833	4.85658		2586
3834	4.85658		2586
3835	4.85658		2586
3836	4.85658		2586
3837	4.85658		2586
3838	4.85658		2586
3839	4.85658		2586
3840	4.85658		2586
3841	4.85658		2586
3842	4.85658		2586
3843	4.85658		2586
3844	4.85658		2586
3845	4.85658		2586
3846	4.85658		2586
3847	4.85658		2586
3848	4.85658		2586
3849	4.85658		2586
3850	4.85658		2586
3851	4.85658		2586
3852	4.85658		2586
3853	4.85658		2586
3854	4.85658		2586
3855	4.85658		2586
3856	4.85658		2586
3857	4.85658		2586
3858	4.85658		2586
3859	4.85658		2586
3860	4.85658		2586
3861	4.85658		2586
3862	4.85658		2586
3863	4.85658		2586
3864	4.85658		2586
3865	4.85658		2586
3866	4.85658		2586
3867	4.85658		2586
3868	4.85658		2586
3869	4.85658		2586
3870	4.85658		2586
3871	4.85658		2586
3872	4.85658		2586
3873	4.85658		2586
3874	4.85658		2586
3875	4.85658		2586
3876	4.85658		2586
3877	4.85658		2586
3878	4.85658		2586
3879	4.85658		2586
3880	4.85658		2586
3881	4.85658		2586
3882	4.85658		2586
3883	4.85658		2586
3884	4.85658		2586
3885	4.85658		2586
3886	4.85658		2586
3887	4.85658		2586
3888	4.85658		2586
3889	4.85658		2586
3890	4.85658		2586
3891	4.85658		2586
3892	4.85658		2586
3893	4.85658		2586
3894	4.85658		2586
3895	4.85658		2586
3896	4.85658		2586
3897	4.85658		2586
3898	4.85658		2586
3899	4.85658		2586
3900	4.85658		2586
3901	4.85658		2586
3902	4.85658		2586
3903	4.85658		2586
3904	4.85658		2586
3905	4.85658		2586
3906	4.85658		2586
3907	4.85658		2586
3908	4.85658		2586
3909	4.85658		2586
3910	4.85658		2586
3911	4.85658		2586
3912	4.85658		2586
3913	4.85658		2586
3914	4.85658		2586
3915	4.85658		2586
3916	4.85658		2586
3917	4.85658		2586
3918	4.85658		2586
3919	4.85658		2586
3920	4.85658		2586
3921	4.85658		2586
3922	4.85658		2586
3923	4.85658		2586
3924	4.85658		2586
3925	4.85658		2586
3926	4.85658		2586
3927	4.85658		2586
3928	4.85658		2586
3929	4.85658		2586
3930	4.85658		2586
3931	4.85658		2586
3932	4.85658		2586
3933	4.85658		2586
3934	4.85658		2586
3935	4.85658		2586
3936	4.85658		2586
3937	4.85658		2586
3938	4.85658		2586
3939	4.85658		2586
3940	4.85658		2586
3941	4.85658		2586
3942	4.85658		2586
3943	4.85658		2586
3944	4.85658		2586
3945	4.85658		2586
3946	4.85658		2586
3947	4.85658		2586
3948	4.85658		2586
3949	4.85658		2586
3950	4.85658		2586
3951	4.85658		2586
3952	4.85658		2586
3953	4.85658		2586
3954	4.85658		2586
3955	4.85658		2586
3956	4.85658		2586
3957	4.85658		2586
3958	4.85658		2586
3959	4.85658		2586
3960	4.85658		2586
3961	4.85658		2586
3962	4.85658		2586
3963	4.85658		2586
3964	4.85658		2586
3965	4.85658		2586
3966	4.85658		2586
3967	4.85658		2586
3968	4.85658		2586
3969	4.85658		2586
3970	4.85658		2586
3971	4.85658		2586
3972	4.85658		2586
3973	4.85658		2586
3974	4.85658		2586
3975	4.85658		2586
3976	4.85658		2586
3977	4.85658		2586
3978	4.85658		2586
3979	4.85658		2586
3980	4.85658		2586
3981	4.85658		2586
3982	4.85658		2586
3983	4.85658		2586
3984	4.85658		2586
3985	4.85658		2586
3986	4.85658		2586
3987	4.85658		2586
3988	4.85658		2586
3989	4.85658		2586
3990	4.85658		2586
3991	4.85658		2586
3992	4.85658		2586
3993	4.85658		2586
3994	4.85658		2586
3995	4.85658		2586
3996	4.85658		2586
3997	4.85658		2586
3998	4.85658		2586
3999	4.85658		2586
4000	4.85658		2586
4001	4.85658		2586
4002	4.85658		2586
4003	4.85658		2586
4004	4.85658		2586
4005	4.85658		2586
4006	4.85658		2586
4007	4.85658		2586
4008	4.85658		2586
4009	4.85658		2586
4010	4.85658		2586
4011	4.85658		2586
4012	4.85658		2586
4013	4.85658		2586
4014	4.85658		2586
4015	4.85658		2586
4016	4.85658		2586
4017	4.85658		2586
4018	4.85658		2586
4019	4.85658		2586
4020	4.85658		2586
4021	4.85658		2586
4022	4.85658		2586
4023	4.85658		2586
4024	4.85658		2586
4025	4.85658		2586
4026	4.85658		2586
4027	4.85658		2586
4028	4.85658		2586
4029	4.85658		2586
4030	4.85658		2586
4031	4.85658		2586
4032	4.85658		2586
4033	4.85658		2586
4034	4.85658		2586
4035	4.85658		2586
4036	4.85658		2586
4037	4.85658		2586
4038	4.85658		2586
4039	4.85658		2586
4040	4.85658		2586
4041	4.85658		2586
4042	4.85658		2586
4043	4.85658		2586
4044	4.85658		2586
4045	4.85658		2586
4046	4.85658		2586
4047	4.85658		2586
4048	4.85658		2586
4049	4.85658		2586
4050	4.85658		2586
4051	4.85658		2586
4052	4.85658		2586
4053	4.85658		2586
4054	4.85658		2586
4055	4.85658		2586
4056	4.85658		2586
4057	4.85658		2586
4058	4.85658		2586
4059	4.85658		2586
4060	4.85658		2586
4061	4.85658		2586
4062	4.85658		2586
4063	4.85658		2586
4064	4.85658		2586
4065	4.85658		2586
4066	4.85658		2586
4067	4.85658		2586
4068	4.85658		2586
4069	4.85658		2586
4070	4.85658		2586
4071	4.85658		2586
4072	4.85658		2586
4073	4.85658		2586
4074	4.85658		2586
4075	4.85658		2586
4076	4.85658		2586
4077	4.85658		2586
4078	4.85658		2586
4079	4.85658		2586
4080	4.85658		2586
4081	4.85658		2586
4082	4.85658		2586
4083	4.85658		2586
4084	4.85658		2586
4085	4.85658		2586
4086	4.85658		2586
4087	4.85658		2586
4088	4.85658		2586
4089	4.85658		2586
4090	4.85658		2586
4091	4.85658		2586
4092	4.85658		2586
4093	4.85658		2586
4094	4.85658		2586
4095	4.85658		2586
4096	4.85658		2586
4097	4.85658		2586
4098	4.85658		2586
4099	4.85658		2586
4100	4.85658		2586
4101	4.85658		2586
4102	4.85658		2586
4103	4.85658		2586
4104	4.85658		2586
4105	4.85658		2586
4106	4.85658		2586
4107	4.85658		2586
4108	4.85658		2586
4109	4.85658		2586
4110	4.85658		2586
4111	4.85658		2586
4112	4.85658		2586
4113	4.85658		2586
4114	4.85658		2586
4115	4.85658		2586
4116	4.85658		2586
4117	4.85658		2586
4118	4.85658		2586
4119	4.85658		2586
4120	4.85658		2586
4121	4.85658		2586
4122	4.85658		2586
4123	4.85658		2586
4124	4.85658		2586
4125	4.85658		2586
4126	4.85658		2586
4127	4.85658		2586
4128	4.85658		2586
4129	4.85658		2586
4130	4.85658		2586
4131	4.85658		2586
4132	4.85658		2586
4133	4.85658		2586
4134	4.85658		2586
4135	4.85658		2586
4136	4.85658		2586
4137	4.85658		2586
4138	4.85658		2586
4139	4.85658		2586
4140	4.85658		2586
4141	4.85658		2586
4142	4.85658		2586
4143	4.85658		2586
4144	4.85658		2586
4145	4.85658		2586
4146	4.85658		2586
4147	4.85658		2586
4148	4.85658		2586
4149	4.85658		2586
4150	4.85658		2586
4151	4.85658		2586
4152	4.85658		2586
4153	4.85658		2586
4154	4.85658		2586
4155	4.85658		2586
4156	4.85658		2586
4157	4.85658		2586
4158	4.85658		2586
4159	4.85658		2586
4160	4.85658		2586
4161	4.85658		2586
4162	4.85658		2586
4163	4.85658		2586
4164	4.85658		2586
4165	4.85658		2586
4166	4.85658		2586
4167	4.85658		2586
4168	4.85658		2586
4169	4.85658		2586
4170	4.85658		2586
4171	4.85658		2586
4172	4.85658		2586
4173	4.85658		2586
4174	4.85658		2586
4175	4.85658		2586
4176	4.85658		2586
4177	4.85658		2586
4178	4.85658		2586
4179	4.85658		2586
4180	4.85658		2586
4181	4.85658		2586
4182	4.85658		2586
4183	4.85658		2586
4184	4.85658		2586
4185	4.85658		2586
4186	4.85658		2586
4187	4.85658		2586
4188	4.85658		2586
4189	4.85658		2586
4190	4.85658		2586
4191	4.85658		2586
4192	4.85658		2586
4193	4.85658		2586
4194	4.85658		2586
4195	4.85658		2586
4196	4.85658		2586
4197	4.85658		2586
4198	4.85658		2586
4199	4.85658		2586
4200	4.85658		2586
4201	4.85658		2586
4202	4.85658		2586
4203	4.85658		2586
4204	4.85658		2586
4205	4.85658		2586
4206	4.85658		2586
4207	4.85658		2586
4208	4.85658		2586
4209	4.85658		2586
4210	4.85658		2586
4211	4.85658		2586
4212	4.85658		2586
4213	4.85658		2586
4214	4.85658		2586
4215	4.85658		2586
4216	4.85658		2586
4217	4.85658		2586
4218	4.85658		2586
4219	4.85658		2586
4220	4.85658		2586
4221	4.85658		2586
4222	4.85658		2586
4223	4.85658		2586
4224	4.85658		2586
4225	4.85658		2586
4226	4.85658		2586
4227	4.85658		2586
4228	4.85658		2586
4229	4.85658		2586
4230	4.85658		2586
4231	4.85658		2586
4232	4.85658		2586
4233	4.85658		2586
4234	4.85658		2586
4235	4.85658		2586
4236	4.85658		2586
4237	4.85658		2586
4238	4.85658		2586
4239	4.85658		2586
4240	4.85658		2586
4241	4.85658		2586
4242	4.85658		2586
4243	4.85658		2586
4244	4.85658		2586
4245	4.85658		2586
4246	4.85658		2586
4247	4.85658		2586
4248	4.85658		2586
4249	4.85658		2586
4250	4.85658		2586
4251	4.85658		2586
4252	4.85658		2586
4253	4.85658		2586
4254	4.85658		2586
4255	4.85658		2586
4256	4.85658		2586
4257	4.85658		2586
4258	4.85658		2586
4259	4.85658		2586
4260	4.85658		2586
4261	4.85658		2586
4262	4.85658		2586
4263	4.85658		2586
4264	4.85658		2586
4265	4.85658		2586
4266	4.85658		2586
4267	4.85658		2586
4268	4.85658		2586
4269	4.85658		2586
4270	4.85658		2586
4271	4.85658		2586
4272	4.85658		2586
4273	4.85658		2586
4274	4.85658		2586
4275	4.85658		2586
4276	4.85658		2586
4277	4.85658		2586
4278	4.85658		2586
4279	4.85658		2586
4280	4.85658		2586
4281	4.85658		2586
4282	4.85658		2586
4283	4.85658		2586
4284	4.85658		2586
4285	4.85658		2586
4286	4.85658		2586
4287	4.85658		2586
4288	4.85658		2586
4289	4.85658		2586
4290	4.85658		2586
4291	4.85658		2586
4292	4.85658		2586
4293	4.85658		2586
4294	4.85658		2586
4295	4.85658		2586
4296	4.85658		2586
4297	4.85658		2586
4298	4.85658		2586
4299	4.85658		2586
4300	4.85658		2586
4301	4.85658		2586
4302	4.85658		2586
4303	4.85658		2586
4304	4.85658		2586
4305	4.85658		2586
4306	4.85658		2586
4307	4.85658		2586
4308	4.85658		2586
4309	4.85658		2586
4310	4.85658		2586
4311	4.85658		2586
4312	4.85658		2586
4313	4.85658		2586
4314	4.85658		2586
4315	4.85658		2586
4316	4.85658		2586
4317	4.85658		2586
4318	4.85658		2586
4319	4.85658		2586
4320	4.85658		2586
4321	4.85658		2586
4322	4.85658		2586
4323	4.85658		2586
4324	4.85658		2586
4325	4.85658		2586
4326	4.85658		2586
4327	4.85658		2586
4328	4.85658		2586
4329	4.85658		2586
4330	4.85658		2586
4331	4.85658		2586
4332	4.85658		2586
4333	4.85658		2586
4334	4.85658		2586
4335	4.85658		2586
4336	4.85658		2586
4337	4.85658		2586
4338	4.85658		2586
4339	4.85658		2586
4340	4.85658		2586
4341	4.85658		2586
4342	4.85658		2586
4343	4.85658		2586
4344	4.85658		2586
4345	4.85658		2586
4346	4.85658		2586
4347	4.85658		2586
4348	4.85658		2586
4349	4.85658		2586
4350	4.85658		2586
4351	4.85658		2586
4352	4.85658		2586
4353	4.85658		2586
4354	4.85658		2586
4355	4.85658		2586
4356	4.85658		2586
4357	4.85658		2586
4358	4.85658		2586
4359	4.85658		2586
4360	4.85658		2586
4361	4.85658		2586
4362	4.85658		2586
4363	4.85658		2586
4364	4.85658		2586
4365	4.85658		2586
4366	4.85658		2586
4367	4.85658		2586
4368	4.85658		2586
4369	4.85658		2586
4370	4.85658		2586
4371	4.85658		2586
4372	4.85658		2586
4373	4.85658		2586
4374	4.85658		2586
4375	4.85658		2586
4376	4.85658		2586
4377	4.85658		2586
4378	4.85658		2586
4379	4.85658		2586
4380	4.85658		2586
4381	4.85658		2586
4382	4.85658		2586
4383	4.85658		2586
4384	4.85658		2586
4385	4.85658		2586
4386	4.85658		2586
4387	4.85658		2586
4388	4.85658		2586
4389	4.85658		2586
4390	4.85658		2586
4391	4.85658		2586
4392	4.85658		2586
4393	4.85658		2586
4394	4.85658		2586
4395	4.85658		2586
4396	4.85658		2586
4397	4.85658		2586
4398	4.85658		2586
4399	4.85658		2586
4400	4.85658		2586
4401	4.85658		2586
4402	4.85658		2586
4403	4.85658		2586
4404	4.85658		2586
4405	4.85658		2586
4406	4.85658		2586
4407	4.85658		2586
4408	4.85658		2586
4409	4.85658		2586
4410	4.85658		2586
4411	4.85658		2586
4412	4.85658		2586
4413	4.85658		2586
4414	4.85658		2586
4415	4.85658		2586
4416	4.85658		2586
4417	4.85658		2586
4418	4.85658		2586
4419	4.85658		2586
4420	4.85658		2586
4421	4.85658		2586
4422	4.85658		2586
4423	4.85658		2586
4424	4.85658		2586
4425	4.85658		2586
4426	4.85658		2586
4427	4.85658		2586
4428	4.85658		2586
4429	4.85658		2586
4430	4.85658		2586
4431	4.85658		2586
4432	4.85658		2586
4433	4.85658		2586
4434	4.85658		2586
4435	4.85658		2586
4436	4.85658		2586
4437	4.85658		2586
4438	4.85658		2586
4439	4.85658		2586
4440	4.85658		2586
4441	4.85658		2586
4442	4.85658		2586
4443	4.85658		2586
4444	4.85658		2586
4445	4.85658		2586
4446	4.85658		2586
4447	4.85658		2586
4448	4.85658		2586
4449	4.85658		2586
4450	4.85658		2586
4451	4.85658		2586
4452	4.85658		2586
4453	4.85658		2586
4454	4.85658		2586
4455	4.85658		2586
4456	4.85658		2586
4457	4.85658		2586
4458	4.85658		2586
4459	4.85658		2586
4460	4.85658		2586
4461	4.85658		2586
4462	4.85658		2586
4463	4.85658		2586
4464	4.85658		2586
4465	4.85658		2586
4466	4.85658		2586
4467	4.85658		2586
4468	4.85658		2586
4469	4.85658		2586
4470	4.85658		2586
4471	4.85658		2586
4472	4.85658		2586
4473	4.85658		2586
4474	4.85658		2586
4475	4.85658		2586
4476	4.85658		2586
4477	4.85658		2586
4478	4.85658		2586
4479	4.85658		2586
4480	4.85658		2586
4481	4.85658		2586
4482	4.85658		2586
4483	4.85658		2586
4484	4.85658		2586
4485	4.85658		2586
4486	4.85658		2586
4487	4.85658		2586
4488	4.85658		2586
4489	4.85658		2586
4490	4.85658		2586
4491	4.85658		2586
4492	4.85658		2586
4493	4.85658		2586
4494	4.85658		2586
4495	4.85658		2586
4496	4.85658		2586
4497	4.85658		2586
4498	4.85658		2586
4499	4.85658		2586
4500	4.85658		2586
4501	4.85658		2586
4502	4.85658		2586
4503	4.85658		2586
4504	4.85658		2586
4505	4.85658		2586
4506	4.85658		2586
4507	4.85658		2586
4508	4.85658		2586
4509	4.85658		2586
4510	4.85658		2586
4511	4.85658		2586
4512	4.85658		2586
4513	4.85658		2586
4514	4.85658		2586
4515	4.85658		2586
4516	4.85658		2586
4517	4.85658		2586
4518	4.85658		2586
4519	4.85658		2586
4520	4.85658		2586
4521	4.85658		2586
4522	4.85658		2586
4523	4.85658		2586
4524	4.85658		2586
4525	4.85658		2586
4526	4.85658		2586
4527	4.85658		2586
4528	4.85658		2586
4529	4.85658		2586
4530	4.85658		2586
4531	4.85658		2586
4532	4.85658		2586
4533	4.85658		2586
4534	4.85658		2586
4535	4.85658		2586
4536	4.85658		2586
4537	4.85658		2586
4538	4.85658		2586
4539	4.85658		2586
4540	4.85658		2586
4541	4.85658		2586
4542	4.85658		2586
4543	4.85658		2586
4544	4.85658		2586
4545	4.85658		2586
4546	4.85658		2586
4547	4.85658		2586
4548	4.85658		2586
4549	4.85658		2586
4550	4.85658		2586
4551	4.85658		2586
4552	4.85658		2586
4553	4.85658		2586
4554	4.85658		2586
4555	4.85658		2586
4556	4.85658		2586
4557	4.85658		2586
4558	4.85658		2586
4559	4.85658		2586
4560	4.85658		2586
4561	4.85658		2586
4562	4.85658		2586
4563	4.85658		2586
4564	4.85658		2586
4565	4.85658		2586
4566	4.85658		2586
4567	4.85658		2586
4568	4.85658		2586
4569	4.85658		2586
4570	4.85658		2586
4571	4.85658		2586
4572	4.85658		2586
4573	4.85658		2586
4574	4.85658		2586
4575	4.85658		2586
4576	4.85658		2586
4577	4.85658		2586
4578	4.85658		2586
4579	4.85658		2586
4580	4.85658		2586
4581	4.85658		2586
4582	4.85658		2586
4583	4.85658		2586
4584	4.85658		2586
4585	4.85658		2586
4586	4.85658		2586
4587	4.85658		2586
4588	4.85658		2586
4589	4.85658		2586
4590	4.85658		2586
4591	4.85658		2586
4592	4.85658		2586
4593	4.85658		2586
4594	4.85658		2586
4595	4.85658		2586
4596	4.85658		2586
4597	4.85658		2586
4598	4.85658		2586
4599	4.85658		2586
4600	4.85658		2586
4601	4.85658		2586
4602	4.85658		2586
4603	4.85658		2586
4604	4.85658		2586
4605	4.85658		2586
4606	4.85658		2586
4607	4.85658		2586
4608	4.85658		2586
4609	4.85658		2586
4610	4.85658		2586
4611	4.85658		2586
4612	4.85658		2586
4613	4.85658		2586
4614	4.85658		2586
4615	4.85658		2586
4616	4.85658		2586
4617	4.85658		2586
4618	4.85658		2586
4619	4.85658		2586
4620	4.85658		2586
4621	4.85658		2586
4622	4.85658		2586
4623	4.85658		2586
4624	4.85658		2586
4625	4.85658		2586
4626	4.85658		2586
4627	4.85658		2586
4628	4.85658		2586
4629	4.85658		2586
4630	4.85658		2586
4631	4.85658		2586
4632	4.85658		2586
4633	4.85658		2586
4634	4.85658		2586
4635	4.85658		2586
4636	4.85658		2586
4637	4.85658		2586
4638	4.85658		2586
4639	4.85658		2586
4640	4.85658		2586
4641	4.85658		2586
4642	4.85658		2586
4643	4.85658		2586
4644	4.85658		2586
4645	4.85658		2586
4646	4.85658		2586
4647	4.85658		2586
4648	4.85658		2586
4649	4.85658		2586
4650	4.85658		2586
4651	4.85658		2586
4652	4.85658		2586
4653	4.85658		2586
4654	4.85658		2586
4655	4.85658		2586
4656	4.85658		2586
4657	4.85658		2586
4658	4.85658		2586
4659	4.85658		2586
4660	4.85658		2586
4661	4.85658		2586
4662	4.85658		2586
4663	4.85658		2586
4664	4.85658		2586
4665	4.85658		2586
4666	4.85658		2586
4667	4.85658		2586
4668	4.85658		2586
4669	4.85658		2586
4670	4.85658		2586
4671	4.85658		2586
4672	4.85658		2586
4673	4.85658		2586
4674	4.85658		2586
4675	4.85658		2586
4676	4.85658		2586
4677	4.85658		2586
4678	4.85658		2586
4679	4.85658		2586
4680	4.85658		2586
4681	4.85658		2586
4682	4.85658		2586
4683	4.85658		2586
4684	4.85658		2586
4685	4.85658		2586
4686	4.85658		2586
4687	4.85658		2586
4688	4.85658		2586
4689	4.85658		2586
4690	4.85658		2586
4691	4.85658		2586
4692	4.85658		2586
4693	4.85658		2586
4694	4.85658		2586
4695	4.85658		2586
4696	4.85658		2586
4697	4.85658		2586
4698	4.85658		2586
4699	4.85658		2586
4700	4.85658		2586
4701	4.85658		2586
4702	4.85658		2586
4703	4.85658		2586
4704	4.85658		2586
4705	4.85658		2586
4706	4.85658		2586
4707	4.85658		2586
4708	4.85658		2586
4709	4.85658		2586
4710	4.85658		2586
4711	4.85658		2586
4712	4.85658		2586
4713	4.85658		2586
4714	4.85658		2586
4715	4.85658		2586
4716	4.85658		2586
4717	4.85658		2586
4718	4.85658		2586
4719	4.85658		2586
4720	4.85658		2586
4721	4.85658		2586
4722	4.85658		2586
4723	4.85658		2586
4724	4.85658		2586
4725	4.85658		2586
4726	4.85658		2586
4727	4.85658		2586
4728	4.85658		2586
4729	4.85658		2586
4730	4.85658		2586
4731	4.85658		2586
4732	4.85658		2586
4733	4.85658		2586
4734	4.85658		2586
4735	4.85658		2586
4736	4.85658		2586
4737	4.85658		2586
4738	4.85658		2586
4739	4.85658		2586
4740	4.85658		2586
4741	4.85658		2586
4742	4.85658		2586
4743	4.85658		2586
4744	4.85658		2586
4745	4.85658		2586
4746	4.85658		2586
4747	4.85658		2586
4748	4.85658		2586
4749	4.85658		2586
4750	4.85658		2586
4751	4.85658		2586
4752	4.85658		2586
4753	4.85658		2586
4754	4.85658		2586
4755	4.85658		2586
4756	4.85658		2586
4757	4.85658		2586
4758	4.85658		2586
4759	4.85658		2586
4760	4.85658		2586
4761	4.85658		2586
4762	4.85658		2586
4763	4.85658		2586
4764	4.85658		2586
4765	4.85658		2586
4766	4.85658		2586
4767	4.85658		2586
4768	4.85658		2586
4769	4.85658		2586
4770	4.85658		2586
4771	4.85658		2586
4772	4.85658		2586
4773	4.85658		2586
4774	4.85658		2586
4775	4.85658		2586
4776	4.85658		2586
4777	4.85658		2586
4778	4.85658		2586
4779	4.85658		2586
4780	4.85658		2586
4781	4.85658		2586
4782	4.85658		2586
4783	4.85658		2586
4784	4.85658		2586
4785	4.85658		2586
4786	4.85658		2586
4787	4.85658		2586
4788	4.85658		2586
4789	4.85658		2586
4790	4.85658		2586
4791	4.85658		2586
4792	4.85658		2586
4793	4.85658		2586
4794	4.85658		2586
4795	4.85658		2586
4796	4.85658		2586
4797	4.85658		2586
4798	4.85658		2586
4799	4.85658		2586
4800	4.85658		2586
4801	4.85658		2586
4802	4.85658		2586
4803	4.85658		2586
4804	4.85658		2586
4805	4.85658		2586
4806	4.85658		2586
4807	4.85658		2586
4808	4.85658		2586
4809	4.85658		2586
4810	4.85658		2586
4811	4.85658		2586
4812	4.85658		2586
4813	4.85658		2586
4814	4.85658		2586
4815	4.85658		2586
4816	4.85658		2586
4817	4.85658		2586
4818	4.85658		2586
4819	4.85658		2586
4820	4.85658		2586
4821	4.85658		2586
4822	4.85658		2586
4823	4.85658		2586
4824	4.85658		2586
4825	4.85658		2586
4826	4.85658		2586
4827	4.85658		2586
4828	4.85658		2586
4829	4.85658		2586
4830	4.85658		2586
4831	4.85658		2586
4832	4.85658		2586
4833	4.85658		2586
4834	4.85658		2586
4835	4.85658		2586
4836	4.85658		2586
4837	4.85658		2586
4838	4.85658		2586
4839	4.85658		2586
4840	4.85658		2586
4841	4.85658		2586
4842	4.85658		2586
4843	4.85658		2586
4844	4.85658		2586
4845	4.85658		2586
4846	4.85658		2586
4847	4.85658		2586
4848	4.85658		2586
4849	4.85658		2586
4850	4.85658		2586
4851	4.85658		2586
4852	4.85658		2586
4853	4.85658		2586
4854	4.85658		2586
4855	4.85658		2586
4856	4.85658		2586
4857	4.85658		2586
4858	4.85658		2586
4859	4.85658		2586
4860	4.85658		2586
4861	4.85658		2586
4862	4.85658		2586
4863	4.85658		2586
4864	4.85658		2586
4865	4.85658		2586
4866	4.85658		2586
4867	4.85658		2586
4868	4.85658		2586
4869	4.85658		2586
4870	4.85658		2586
4871	4.85658		2586
4872	4.85658		2586
4873	4.85658		2586
4874	4.85658		2586
4875	4.85658		2586
4876	4.85658		2586
4877	4.85658		2586
4878	4.85658		2586
4879	4.85658		2586
4880	4.85658		2586
4881	4.85658		2586
4882	4.85658		2586
4883	4.85658		2586
4884	4.85658		2586
4885	4.85658		2586
4886	4.85658		2586
4887	4.85658		2586
4888	4.85658		2586
4889	4.85658		2586
4890	4.85658		2586
4891	4.85658		2586
4892	4.85658		2586
4893	4.85658		2586
4894	4.85658		2586
4895	4.85658		2586
4896	4.85658		2586
4897	4.85658		2586
4898	4.85658		2586
4899	4.85658		2586
4900	4.85658		2586
4901	4.85658		2586
4902	4.85658		2586
4903	4.85658		2586
4904	4.85658		2586
4905	4.85658		2586
4906	4.85658		2586
4907	4.85658		2586
4908	4.85658		2586
4909	4.85658		2586
4910	4.85658		2586
4911	4.85658		2586
4912	4.85658		2586
4913	4.85658		2586
4914	4.85658		2586
4915	4.85658		2586
4916	4.85658		2586
4917	4.85658		2586
4918	4.85658		2586
4919	4.85658		2586
4920	4.85658		2586
4921	4.85658		2586
4922	4.85658		2586
4923	4.85658		2586
4924	4.85658		2586
4925	4.85658		2586
4926	4.85658		2586
4927	4.85658		2586
4928	4.85658		2586
4929	4.85658		2586
4930	4.85658		2586
4931	4.85658		2586
4932	4.85658		2586
4933	4.85658		2586
4934	4.85658		2586
4935	4.85658		2586
4936	4.85658		2586
4937	4.85658		2586
4938	4.85658		2586
4939	4.85658		2586
4940	4.85658		2586
4941	4.85658		2586
4942	4.85658		2586
4943	4.85658		2586
4944	4.85658		2586
4945	4.85658		2586
4946	4.85658		2586
4947	4.85658		2586
4948	4.85658		2586
4949	4.85658		2586
4950	4.85658		2586
4951	4.85658		2586
4952	4.85658		2586
4953	4.85658		2586
4954	4.85658		2586
4955	4.85658		2586
4956	4.85658		2586
4957	4.85658		2586
4958	4.85658		2586
4959	4.85658		2586
4960	4.85658		2586
4961	4.85658		2586
4962	4.85658		2586
4963	4.85658		2586
4964	4.85658		2586
4965	4.85658		2586
4966	4.85658		2586
4967	4.85658		2586
4968	4.85658		2586
4969	4.85658		2586
4970	4.85658		2586
4971	4.85658		2586
4972	4.85658		2586
4973	4.85658		2586
4974	4.85658		2586
4975	4.85658		2586
4976	4.85658		2586
4977	4.85658		2586
4978	4.85658		2586
4979	4.85658		2586
4980	4.85658		2586
4981	4.85658		2586
4982	4.85658		2586
4983	4.85658		2586
4984	4.85658		2586
4985	4.85658		2586
4986	4.85658		2586
4987	4.85658		2586
4988	4.85658		2586
4989	4.85658		2586
4990	4.85658		2586
4991	4.85658		2586
4992	4.85658		2586
4993	4.85658		2586
4994	4.85658		2586
4995	4.85658		2586
4996	4.85658		2586
4997	4.85658		2586
4998	4.85658		2586
4999	4.85658		2586
5000	4.85658		2586
