1	13.0326		1
2	13.0326		1
3	13.0326		1
4	12.5583		4
5	12.5538		5
6	11.7325		6
7	11.41		7
8	11.41		7
9	10.6157		9
10	10.6157		9
11	10.6157		9
12	10.0754		12
13	10.0485		13
14	9.83305		14
15	9.66906		15
16	9.60836		16
17	9.60836		16
18	9.60836		16
19	9.60836		16
20	9.54338		20
21	9.47407		21
22	9.05572		22
23	9.01813		23
24	9.01813		23
25	9.01813		23
26	8.99074		26
27	8.99074		26
28	8.99074		26
29	8.69608		29
30	8.69608		29
31	8.6791		31
32	8.6791		31
33	8.46488		33
34	8.30783		34
35	8.30783		34
36	8.23528		36
37	8.23528		36
38	8.23528		36
39	8.23528		36
40	8.11492		40
41	8.11492		40
42	8.04257		42
43	7.99198		43
44	7.99198		43
45	7.99198		43
46	7.99198		43
47	7.99198		43
48	7.99198		43
49	7.94869		49
50	7.94869		49
51	7.90692		51
52	7.90692		51
53	7.90692		51
54	7.90692		51
55	7.90692		51
56	7.90692		51
57	7.90692		51
58	7.90692		51
59	7.90692		51
60	7.90692		51
61	7.82176		61
62	7.82176		61
63	7.76562		63
64	7.76562		63
65	7.70959		65
66	7.70959		65
67	7.6888		67
68	7.53916		68
69	7.51953		69
70	7.51953		69
71	7.51953		69
72	7.51953		69
73	7.45004		73
74	7.45004		73
75	7.45004		73
76	7.40065		76
77	7.40065		76
78	7.39022		78
79	7.20779		79
80	7.1131		80
81	7.1131		80
82	7.1131		80
83	7.1131		80
84	7.1131		80
85	7.01294		85
86	7.01294		85
87	7.01294		85
88	7.01294		85
89	7.01294		85
90	7.01294		85
91	7.01294		85
92	7.00954		92
93	7.00954		92
94	7.00954		92
95	7.00726		95
96	7.00726		95
97	7.00726		95
98	6.97274		98
99	6.97274		98
100	6.97274		98
101	6.97274		98
102	6.97274		98
103	6.91966		103
104	6.60988		104
105	6.60988		104
106	6.60988		104
107	6.60988		104
108	6.37417		108
109	6.37417		108
110	6.21584		110
111	6.21584		110
112	6.21584		110
113	6.21584		110
114	6.1975		114
115	6.19051		115
116	6.19051		115
117	6.14101		117
118	6.05258		118
119	6.05258		118
120	6.05258		118
121	6.05258		118
122	6.05258		118
123	6.05258		118
124	6.05258		118
125	6.05258		118
126	6.05258		118
127	6.05258		118
128	6.05258		118
129	6.05258		118
130	6.05258		118
131	6.05258		118
132	6.04686		132
133	6.04686		132
134	6.01154		134
135	6.01154		134
136	5.9777		136
137	5.9777		136
138	5.9777		136
139	5.9777		136
140	5.9777		136
141	5.86391		141
142	5.86391		141
143	5.86391		141
144	5.86391		141
145	5.86391		141
146	5.86391		141
147	5.86391		141
148	5.86391		141
149	5.86391		141
150	5.86391		141
151	5.86391		141
152	5.86391		141
153	5.86391		141
154	5.86391		141
155	5.86391		141
156	5.86391		141
157	5.86391		141
158	5.86391		141
159	5.86391		141
160	5.86391		141
161	5.86391		141
162	5.82961		162
163	5.82961		162
164	5.82961		162
165	5.82961		162
166	5.82961		162
167	5.82961		162
168	5.82961		162
169	5.82961		162
170	5.82961		162
171	5.82961		162
172	5.82961		162
173	5.82961		162
174	5.82961		162
175	5.82961		162
176	5.82961		162
177	5.82961		162
178	5.82961		162
179	5.82961		162
180	5.82961		162
181	5.82402		181
182	5.82402		181
183	5.82402		181
184	5.82402		181
185	5.82402		181
186	5.82402		181
187	5.82402		181
188	5.82402		181
189	5.82402		181
190	5.82402		181
191	5.82402		181
192	5.82402		181
193	5.82402		181
194	5.82402		181
195	5.82402		181
196	5.82402		181
197	5.82402		181
198	5.82402		181
199	5.82402		181
200	5.82402		181
201	5.82402		181
202	5.82402		181
203	5.82402		181
204	5.82402		181
205	5.82402		181
206	5.82402		181
207	5.82402		181
208	5.68822		208
209	5.68822		208
210	5.68822		208
211	5.68822		208
212	5.68822		208
213	5.68822		208
214	5.68822		208
215	5.67349		215
216	5.67349		215
217	5.67349		215
218	5.67349		215
219	5.67349		215
220	5.67349		215
221	5.67349		215
222	5.67349		215
223	5.67349		215
224	5.67349		215
225	5.67349		215
226	5.67349		215
227	5.67349		215
228	5.67349		215
229	5.67349		215
230	5.67349		215
231	5.67349		215
232	5.67349		215
233	5.67349		215
234	5.67349		215
235	5.67349		215
236	5.67349		215
237	5.67349		215
238	5.67349		215
239	5.67349		215
240	5.67349		215
241	5.67349		215
242	5.67349		215
243	5.67349		215
244	5.67349		215
245	5.67349		215
246	5.67349		215
247	5.67349		215
248	5.67349		215
249	5.67349		215
250	5.67349		215
251	5.67349		215
252	5.67349		215
253	5.67349		215
254	5.67349		215
255	5.67349		215
256	5.67349		215
257	5.67349		215
258	5.67349		215
259	5.57806		259
260	5.57806		259
261	5.57806		259
262	5.57806		259
263	5.57806		259
264	5.57806		259
265	5.57806		259
266	5.57806		259
267	5.57806		259
268	5.52286		268
269	5.52286		268
270	5.52286		268
271	5.52286		268
272	5.52286		268
273	5.52286		268
274	5.52286		268
275	5.52286		268
276	5.51135		276
277	5.43104		277
278	5.28643		278
279	5.28643		278
280	5.28643		278
281	5.28643		278
282	5.28643		278
283	5.28643		278
284	5.28643		278
285	5.28643		278
286	5.28643		278
287	5.28643		278
288	5.28643		278
289	5.28643		278
290	5.28643		278
291	5.28643		278
292	5.28643		278
293	5.28643		278
294	5.28643		278
295	5.28643		278
296	5.28643		278
297	5.28643		278
298	5.28643		278
299	5.28643		278
300	5.28643		278
301	5.28643		278
302	5.28643		278
303	5.28643		278
304	5.28643		278
305	5.28643		278
306	5.28643		278
307	5.28643		278
308	5.28643		278
309	5.28643		278
310	5.28643		278
311	5.28643		278
312	5.28643		278
313	5.20612		313
314	5.20612		313
315	5.20612		313
316	5.11988		316
317	5.11988		316
318	5.11988		316
319	5.11988		316
320	5.08921		320
321	5.08921		320
322	5.08921		320
323	5.08921		320
324	5.08921		320
325	5.08921		320
326	5.08921		320
327	5.08921		320
328	5.08921		320
329	5.08921		320
330	5.08921		320
331	5.08921		320
332	5.08921		320
333	5.08921		320
334	5.08921		320
335	5.08921		320
336	5.08921		320
337	5.08921		320
338	5.08921		320
339	5.08921		320
340	5.08921		320
341	5.08921		320
342	5.08921		320
343	5.08921		320
344	5.08921		320
345	5.08921		320
346	5.08921		320
347	5.08921		320
348	5.08921		320
349	5.08921		320
350	5.04909		350
351	5.04909		350
352	5.04909		350
353	5.04909		350
354	5.04909		350
355	5.04909		350
356	5.04909		350
357	5.04909		350
358	5.04909		350
359	5.04909		350
360	5.04909		350
361	5.04909		350
362	5.04909		350
363	5.04909		350
364	5.04909		350
365	5.04909		350
366	5.04909		350
367	5.04909		350
368	5.04909		350
369	5.04909		350
370	5.04909		350
371	5.04909		350
372	5.04909		350
373	5.04909		350
374	5.04909		350
375	5.04909		350
376	5.04909		350
377	5.04909		350
378	5.04909		350
379	5.04909		350
380	5.04909		350
381	5.04909		350
382	5.04909		350
383	5.04909		350
384	5.04909		350
385	5.04909		350
386	5.04909		350
387	5.04909		350
388	5.04909		350
389	5.04909		350
390	5.04909		350
391	5.04909		350
392	5.04909		350
393	5.04909		350
394	5.04909		350
395	5.04909		350
396	5.04909		350
397	5.04909		350
398	5.04909		350
399	5.04909		350
400	5.04909		350
401	5.04909		350
402	5.04909		350
403	5.04909		350
404	5.04909		350
405	5.04909		350
406	5.04909		350
407	5.04909		350
408	5.04909		350
409	5.04909		350
410	5.04909		350
411	5.04909		350
412	5.04909		350
413	5.04909		350
414	5.04909		350
415	5.04909		350
416	5.04909		350
417	5.04909		350
418	5.04909		350
419	5.04909		350
420	5.04909		350
421	5.04909		350
422	5.04909		350
423	4.95948		423
424	4.95948		423
425	4.95948		423
426	4.95948		423
427	4.95948		423
428	4.95948		423
429	4.95948		423
430	4.95948		423
431	4.95948		423
432	4.95948		423
433	4.95948		423
434	4.95948		423
435	4.95948		423
436	4.95948		423
437	4.95948		423
438	4.95948		423
439	4.95948		423
440	4.95948		423
441	4.95948		423
442	4.95948		423
443	4.95948		423
444	4.95948		423
445	4.95948		423
446	4.95948		423
447	4.95948		423
448	4.95948		423
449	4.95948		423
450	4.95948		423
451	4.95948		423
452	4.95948		423
453	4.95948		423
454	4.95948		423
455	4.95948		423
456	4.95948		423
457	4.95948		423
458	4.95948		423
459	4.95948		423
460	4.95948		423
461	4.95948		423
462	4.95948		423
463	4.94903		463
464	4.94903		463
465	4.94903		463
466	4.94903		463
467	4.94903		463
468	4.94903		463
469	4.94903		463
470	4.94903		463
471	4.94903		463
472	4.94903		463
473	4.94903		463
474	4.94903		463
475	4.94903		463
476	4.94903		463
477	4.94903		463
478	4.94903		463
479	4.94903		463
480	4.94903		463
481	4.94903		463
482	4.94903		463
483	4.94903		463
484	4.94903		463
485	4.94903		463
486	4.94903		463
487	4.94903		463
488	4.94903		463
489	4.94903		463
490	4.94903		463
491	4.94903		463
492	4.94903		463
493	4.94903		463
494	4.94903		463
495	4.94903		463
496	4.94903		463
497	4.94903		463
498	4.94903		463
499	4.94903		463
500	4.94903		463
501	4.94903		463
502	4.94903		463
503	4.94903		463
504	4.94903		463
505	4.94903		463
506	4.94903		463
507	4.94903		463
508	4.94903		463
509	4.94903		463
510	4.94903		463
511	4.94903		463
512	4.94903		463
513	4.94903		463
514	4.94903		463
515	4.94903		463
516	4.94903		463
517	4.94903		463
518	4.94903		463
519	4.94903		463
520	4.94903		463
521	4.94903		463
522	4.94903		463
523	4.94903		463
524	4.94903		463
525	4.94903		463
526	4.94903		463
527	4.94903		463
528	4.94903		463
529	4.94903		463
530	4.94903		463
531	4.94903		463
532	4.94903		463
533	4.94903		463
534	4.94903		463
535	4.94903		463
536	4.94903		463
537	4.94903		463
538	4.94903		463
539	4.94903		463
540	4.94903		463
541	4.94903		463
542	4.94903		463
543	4.94903		463
544	4.94903		463
545	4.94903		463
546	4.94903		463
547	4.94903		463
548	4.94903		463
549	4.94903		463
550	4.94903		463
551	4.94903		463
552	4.94903		463
553	4.94903		463
554	4.94903		463
555	4.94903		463
556	4.94903		463
557	4.94903		463
558	4.94903		463
559	4.94903		463
560	4.94903		463
561	4.94903		463
562	4.94903		463
563	4.94903		463
564	4.94903		463
565	4.94903		463
566	4.94903		463
567	4.94903		463
568	4.94903		463
569	4.94903		463
570	4.94903		463
571	4.94903		463
572	4.94903		463
573	4.94903		573
574	4.94903		573
575	4.94903		573
576	4.94903		573
577	4.94903		573
578	4.94903		573
579	4.94903		573
580	4.94903		573
581	4.87988		581
582	4.87988		581
583	4.87988		581
584	4.87988		581
585	4.87988		581
586	4.87988		581
587	4.87988		581
588	4.87988		581
589	4.87988		581
590	4.87988		581
591	4.87988		581
592	4.87988		581
593	4.87988		581
594	4.87988		581
595	4.87988		581
596	4.87988		581
597	4.87988		581
598	4.87165		598
599	4.87165		598
600	4.87165		598
601	4.87165		598
602	4.87165		598
603	4.87165		598
604	4.87165		598
605	4.87165		598
606	4.87165		598
607	4.87165		598
608	4.87165		598
609	4.87165		598
610	4.87165		598
611	4.87165		598
612	4.87165		598
613	4.87165		598
614	4.87165		598
615	4.87165		598
616	4.87165		598
617	4.87165		598
618	4.87165		598
619	4.87165		598
620	4.87165		598
621	4.87165		598
622	4.87165		598
623	4.87165		598
624	4.87165		598
625	4.87165		598
626	4.87165		598
627	4.87165		598
628	4.87165		598
629	4.87165		598
630	4.87165		598
631	4.87165		598
632	4.87165		598
633	4.87165		598
634	4.87165		598
635	4.87165		598
636	4.87165		598
637	4.87165		598
638	4.87165		598
639	4.87165		598
640	4.87165		598
641	4.87165		598
642	4.87165		598
643	4.87165		598
644	4.87165		598
645	4.87165		598
646	4.87165		598
647	4.87165		598
648	4.87165		598
649	4.87165		598
650	4.87165		598
651	4.87165		598
652	4.87165		598
653	4.87165		598
654	4.87165		598
655	4.87165		598
656	4.87165		598
657	4.87165		598
658	4.87165		598
659	4.87165		598
660	4.87165		598
661	4.87165		598
662	4.87165		598
663	4.87165		598
664	4.87165		598
665	4.87165		598
666	4.87165		598
667	4.87165		598
668	4.87165		598
669	4.87165		598
670	4.87165		598
671	4.87165		598
672	4.87165		598
673	4.87165		598
674	4.87165		598
675	4.87165		598
676	4.87165		598
677	4.87165		598
678	4.87165		598
679	4.87165		598
680	4.87165		598
681	4.87165		598
682	4.87165		598
683	4.87165		598
684	4.87165		598
685	4.87165		598
686	4.87165		598
687	4.87165		598
688	4.87165		598
689	4.87165		598
690	4.87165		598
691	4.87165		598
692	4.64898		692
693	4.64898		692
694	4.64898		692
695	4.64898		692
696	4.64898		692
697	4.64898		692
698	4.64898		692
699	4.64898		692
700	4.64898		692
701	4.64898		692
702	4.64898		692
703	4.64898		692
704	4.64898		692
705	4.64898		692
706	4.64898		692
707	4.64898		692
708	4.64898		692
709	4.64898		692
710	4.64898		692
711	4.64898		692
712	4.64898		692
713	4.64898		692
714	4.64898		692
715	4.64898		692
716	4.64898		692
717	4.64898		692
718	4.64898		692
719	4.64898		692
720	4.64898		692
721	4.64898		692
722	4.64898		692
723	4.64898		692
724	4.64898		692
725	4.64898		692
726	4.64898		692
727	4.64898		692
728	4.64898		692
729	4.64898		692
730	4.64898		692
731	4.64898		692
732	4.64898		692
733	4.64898		692
734	4.64898		692
735	4.64898		692
736	4.64898		692
737	4.64898		692
738	4.64898		692
739	4.64898		692
740	4.64898		692
741	4.64898		692
742	4.64898		692
743	4.64898		692
744	4.64898		692
745	4.64898		692
746	4.64898		692
747	4.64898		692
748	4.64898		692
749	4.64898		692
750	4.64898		692
751	4.64898		692
752	4.64898		692
753	4.64898		692
754	4.64898		692
755	4.64898		692
756	4.64898		692
757	4.64898		692
758	4.64898		692
759	4.64898		692
760	4.64898		692
761	4.64898		692
762	4.64898		692
763	4.64898		692
764	4.64898		692
765	4.64898		692
766	4.64898		692
767	4.64898		692
768	4.64898		692
769	4.64898		692
770	4.64898		692
771	4.64898		692
772	4.64898		692
773	4.64898		692
774	4.64898		692
775	4.64898		692
776	4.64898		692
777	4.64898		692
778	4.64898		692
779	4.64898		692
780	4.64898		692
781	4.64898		692
782	4.64898		692
783	4.64898		692
784	4.64898		692
785	4.64898		692
786	4.64898		692
787	4.64898		692
788	4.64898		692
789	4.64898		692
790	4.64898		692
791	4.64898		692
792	4.64898		692
793	4.64898		692
794	4.64898		692
795	4.64898		692
796	4.64898		692
797	4.64898		692
798	4.64898		692
799	4.64898		692
800	4.64898		692
801	4.64898		692
802	4.64898		692
803	4.64898		692
804	4.64898		692
805	4.64898		692
806	4.64898		692
807	4.64898		692
808	4.64898		692
809	4.64898		692
810	4.64898		692
811	4.64898		692
812	4.64898		692
813	4.64898		692
814	4.64898		692
815	4.64898		692
816	4.64898		692
817	4.64898		692
818	4.64898		692
819	4.64898		692
820	4.64898		692
821	4.64898		692
822	4.64898		692
823	4.64898		692
824	4.64898		692
825	4.64898		692
826	4.64898		692
827	4.64898		692
828	4.64898		692
829	4.64898		692
830	4.64898		692
831	4.64898		692
832	4.64898		692
833	4.64898		692
834	4.64898		692
835	4.64898		692
836	4.64898		692
837	4.64898		692
838	4.64898		692
839	4.64898		692
840	4.64898		692
841	4.64898		692
842	4.64898		692
843	4.64898		692
844	4.64898		692
845	4.64898		692
846	4.64898		692
847	4.64898		692
848	4.64898		692
849	4.64898		692
850	4.64898		692
851	4.64898		692
852	4.64898		692
853	4.64898		692
854	4.64898		692
855	4.64898		692
856	4.64898		692
857	4.64898		692
858	4.64898		692
859	4.64898		692
860	4.64898		692
861	4.64898		692
862	4.64898		692
863	4.64898		692
864	4.64898		692
865	4.64898		692
866	4.64898		692
867	4.64898		692
868	4.64898		692
869	4.64898		692
870	4.64898		692
871	4.64898		692
872	4.64898		692
873	4.64898		692
874	4.64898		692
875	4.64898		692
876	4.64898		692
877	4.64898		692
878	4.64898		692
879	4.64898		692
880	4.64898		692
881	4.64898		692
882	4.64898		692
883	4.64898		692
884	4.64898		692
885	4.64898		692
886	4.64898		692
887	4.64898		692
888	4.64898		692
889	4.64898		692
890	4.64898		692
891	4.64898		692
892	4.64898		692
893	4.64898		692
894	4.64898		692
895	4.64898		692
896	4.64898		692
897	4.64898		692
898	4.64898		692
899	4.64898		692
900	4.64898		692
901	4.64898		692
902	4.64898		692
903	4.64898		692
904	4.64898		692
905	4.64898		692
906	4.64898		692
907	4.64898		692
908	4.64898		692
909	4.64898		692
910	4.64898		692
911	4.64898		692
912	4.64898		692
913	4.64898		692
914	4.64898		692
915	4.64898		692
916	4.64898		692
917	4.64898		692
918	4.64898		692
919	4.64898		692
920	4.64898		692
921	4.64898		692
922	4.64898		692
923	4.64898		692
924	4.64898		692
925	4.64898		692
926	4.64898		692
927	4.64898		692
928	4.64898		692
929	4.64898		692
930	4.64898		692
931	4.64898		692
932	4.64898		692
933	4.64898		692
934	4.64898		692
935	4.64898		692
936	4.64898		692
937	4.64898		692
938	4.64898		692
939	4.64898		692
940	4.64898		692
941	4.64898		692
942	4.64898		692
943	4.64898		692
944	4.64898		692
945	4.64898		692
946	4.64898		692
947	4.64898		692
948	4.64898		692
949	4.64898		692
950	4.64898		692
951	4.64898		692
952	4.64898		692
953	4.64898		692
954	4.64898		692
955	4.64898		692
956	4.64898		692
957	4.64898		692
958	4.64898		692
959	4.64898		692
960	4.64898		692
961	4.64898		692
962	4.64898		692
963	4.64898		692
964	4.64898		692
965	4.64898		692
966	4.64898		692
967	4.64898		692
968	4.64898		692
969	4.64898		692
970	4.64898		692
971	4.64898		692
972	4.64898		692
973	4.64898		692
974	4.64898		692
975	4.64898		692
976	4.64898		692
977	4.64898		692
978	4.64898		692
979	4.64898		692
980	4.64898		692
981	4.64898		692
982	4.64898		692
983	4.64898		692
984	4.64898		692
985	4.64898		692
986	4.64898		692
987	4.64898		692
988	4.64898		692
989	4.64898		692
990	4.64898		692
991	4.64898		692
992	4.64898		692
993	4.64898		692
994	4.64898		692
995	4.64898		692
996	4.64898		692
997	4.64898		692
998	4.64898		692
999	4.64898		692
1000	4.64898		692
1001	4.64898		692
1002	4.64898		692
1003	4.64898		692
1004	4.64898		692
1005	4.64898		692
1006	4.64898		692
1007	4.64898		692
1008	4.64898		692
1009	4.64898		692
1010	4.64898		692
1011	4.64898		692
1012	4.64898		692
1013	4.64898		692
1014	4.64898		692
1015	4.64898		692
1016	4.64898		692
1017	4.64898		692
1018	4.64898		692
1019	4.64898		692
1020	4.64898		692
1021	4.64898		692
1022	4.64898		692
1023	4.64898		692
1024	4.64898		692
1025	4.64898		692
1026	4.64898		692
1027	4.64898		692
1028	4.64898		692
1029	4.64898		692
1030	4.64898		692
1031	4.64898		692
1032	4.64898		692
1033	4.64898		692
1034	4.64898		692
1035	4.64898		692
1036	4.64898		692
1037	4.64898		692
1038	4.64898		692
1039	4.64898		692
1040	4.64898		692
1041	4.64898		692
1042	4.64898		692
1043	4.64898		692
1044	4.64898		692
1045	4.64898		692
1046	4.64898		692
1047	4.64898		692
1048	4.64898		692
1049	4.64898		692
1050	4.64898		692
1051	4.64898		692
1052	4.64898		692
1053	4.64898		692
1054	4.64898		692
1055	4.64898		692
1056	4.64898		692
1057	4.64898		692
1058	4.64898		692
1059	4.64898		692
1060	4.64898		692
1061	4.64898		692
1062	4.64898		692
1063	4.64898		692
1064	4.64898		692
1065	4.64898		692
1066	4.64898		692
1067	4.64898		692
1068	4.64898		692
1069	4.64898		692
1070	4.64898		692
1071	4.64898		692
1072	4.64898		692
1073	4.64898		692
1074	4.64898		692
1075	4.64898		692
1076	4.64898		692
1077	4.64898		692
1078	4.64898		692
1079	4.64898		692
1080	4.64898		692
1081	4.64898		692
1082	4.64898		692
1083	4.64898		692
1084	4.64898		692
1085	4.64898		692
1086	4.64898		692
1087	4.64898		692
1088	4.64898		692
1089	4.64898		692
1090	4.64898		692
1091	4.64898		692
1092	4.64898		692
1093	4.64898		692
1094	4.64898		692
1095	4.64898		692
1096	4.64898		692
1097	4.64898		692
1098	4.64898		692
1099	4.64898		692
1100	4.64898		692
1101	4.64898		692
1102	4.64898		692
1103	4.64898		692
1104	4.64898		692
1105	4.64898		692
1106	4.64898		692
1107	4.64898		692
1108	4.64898		692
1109	4.64898		692
1110	4.64898		692
1111	4.64898		692
1112	4.64898		692
1113	4.64898		692
1114	4.64898		692
1115	4.64898		692
1116	4.64898		692
1117	4.64898		692
1118	4.64898		692
1119	4.64898		692
1120	4.64898		692
1121	4.64898		692
1122	4.64898		692
1123	4.64898		692
1124	4.64898		692
1125	4.64898		692
1126	4.64898		692
1127	4.64898		692
1128	4.64898		692
1129	4.64898		692
1130	4.64898		692
1131	4.64898		692
1132	4.64898		692
1133	4.64898		692
1134	4.64898		692
1135	4.64898		692
1136	4.64898		692
1137	4.64898		692
1138	4.64898		692
1139	4.64898		692
1140	4.64898		692
1141	4.64898		692
1142	4.64898		692
1143	4.64898		692
1144	4.64898		692
1145	4.64898		692
1146	4.64898		692
1147	4.64898		692
1148	4.64898		692
1149	4.64898		692
1150	4.64898		692
1151	4.64898		692
1152	4.64898		692
1153	4.64898		692
1154	4.64898		692
1155	4.64898		692
1156	4.64898		692
1157	4.64898		692
1158	4.64898		692
1159	4.64898		692
1160	4.64898		692
1161	4.64898		692
1162	4.64898		692
1163	4.64898		692
1164	4.64898		692
1165	4.64898		692
1166	4.64898		692
1167	4.64898		692
1168	4.64898		692
1169	4.64898		692
1170	4.64898		692
1171	4.64898		692
1172	4.64898		692
1173	4.64898		692
1174	4.64898		692
1175	4.64898		692
1176	4.64898		692
1177	4.64898		692
1178	4.64898		692
1179	4.64898		692
1180	4.64898		692
1181	4.64898		692
1182	4.64898		692
1183	4.64898		692
1184	4.64898		692
1185	4.64898		692
1186	4.64898		692
1187	4.64898		692
1188	4.64898		692
1189	4.64898		692
1190	4.64898		692
1191	4.64898		692
1192	4.64898		692
1193	4.64898		692
1194	4.64898		692
1195	4.64898		692
1196	4.64898		692
1197	4.64898		692
1198	4.64898		692
1199	4.64898		692
1200	4.64898		692
1201	4.64898		692
1202	4.64898		692
1203	4.64898		692
1204	4.64898		692
1205	4.64898		692
1206	4.64898		692
1207	4.64898		692
1208	4.64898		692
1209	4.64898		692
1210	4.64898		692
1211	4.64898		692
1212	4.64898		692
1213	4.64898		692
1214	4.64898		692
1215	4.64898		692
1216	4.64898		692
1217	4.64898		692
1218	4.64898		692
1219	4.64898		692
1220	4.64898		692
1221	4.64898		692
1222	4.64898		692
1223	4.64898		692
1224	4.64898		692
1225	4.64898		692
1226	4.64898		692
1227	4.64898		692
1228	4.64898		692
1229	4.64898		692
1230	4.64898		692
1231	4.64898		692
1232	4.64898		692
1233	4.64898		692
1234	4.64898		692
1235	4.64898		692
1236	4.64898		692
1237	4.64898		692
1238	4.64898		692
1239	4.64898		692
1240	4.64898		692
1241	4.64898		692
1242	4.64898		692
1243	4.64898		692
1244	4.64898		692
1245	4.64898		692
1246	4.64898		692
1247	4.64898		692
1248	4.64898		692
1249	4.64898		692
1250	4.64898		692
1251	4.64898		692
1252	4.64898		692
1253	4.64898		692
1254	4.64898		692
1255	4.64898		692
1256	4.64898		692
1257	4.64898		692
1258	4.64898		692
1259	4.64898		692
1260	4.64898		692
1261	4.64898		692
1262	4.64898		692
1263	4.64898		692
1264	4.64898		692
1265	4.64898		692
1266	4.64898		692
1267	4.64898		692
1268	4.64898		692
1269	4.64898		692
1270	4.64898		692
1271	4.64898		692
1272	4.64898		692
1273	4.64898		692
1274	4.64898		692
1275	4.64898		692
1276	4.64898		692
1277	4.64898		692
1278	4.64898		692
1279	4.64898		692
1280	4.64898		692
1281	4.64898		692
1282	4.64898		692
1283	4.64898		692
1284	4.64898		692
1285	4.64898		692
1286	4.64898		692
1287	4.64898		692
1288	4.64898		692
1289	4.64898		692
1290	4.64898		692
1291	4.64898		692
1292	4.64898		692
1293	4.64898		692
1294	4.64898		692
1295	4.64898		692
1296	4.64898		692
1297	4.64898		692
1298	4.64898		692
1299	4.64898		692
1300	4.64898		692
1301	4.64898		692
1302	4.64898		692
1303	4.64898		692
1304	4.64898		692
1305	4.64898		692
1306	4.64898		692
1307	4.64898		692
1308	4.64898		692
1309	4.64898		692
1310	4.64898		692
1311	4.64898		692
1312	4.64898		692
1313	4.64898		692
1314	4.64898		692
1315	4.64898		692
1316	4.64898		692
1317	4.64898		692
1318	4.64898		692
1319	4.64898		692
1320	4.64898		692
1321	4.64898		692
1322	4.64898		692
1323	4.64898		692
1324	4.64898		692
1325	4.64898		692
1326	4.64898		692
1327	4.64898		692
1328	4.64898		692
1329	4.64898		692
1330	4.64898		692
1331	4.64898		692
1332	4.64898		692
1333	4.64898		692
1334	4.64898		692
1335	4.64898		692
1336	4.64898		692
1337	4.64898		692
1338	4.64898		692
1339	4.64898		692
1340	4.64898		692
1341	4.64898		692
1342	4.64898		692
1343	4.64898		692
1344	4.64898		692
1345	4.64898		692
1346	4.64898		692
1347	4.64898		692
1348	4.64898		692
1349	4.64898		692
1350	4.64898		692
1351	4.64898		692
1352	4.64898		692
1353	4.64898		692
1354	4.64898		692
1355	4.64898		692
1356	4.64898		692
1357	4.64898		692
1358	4.64898		692
1359	4.64898		692
1360	4.64898		692
1361	4.64898		692
1362	4.64898		692
1363	4.64898		692
1364	4.64898		692
1365	4.64898		692
1366	4.64898		692
1367	4.64898		692
1368	4.64898		692
1369	4.64898		692
1370	4.64898		692
1371	4.64898		692
1372	4.64898		692
1373	4.64898		692
1374	4.64898		692
1375	4.64898		692
1376	4.64898		692
1377	4.64898		692
1378	4.64898		692
1379	4.64898		692
1380	4.64898		692
1381	4.64898		692
1382	4.64898		692
1383	4.64898		692
1384	4.64898		692
1385	4.64898		692
1386	4.64898		692
1387	4.64898		692
1388	4.64898		692
1389	4.64898		692
1390	4.64898		692
1391	4.64898		692
1392	4.64898		692
1393	4.64898		692
1394	4.64898		692
1395	4.64898		692
1396	4.64898		692
1397	4.64898		692
1398	4.64898		692
1399	4.64898		692
1400	4.64898		692
1401	4.64898		692
1402	4.64898		692
1403	4.64898		692
1404	4.64898		692
1405	4.64898		692
1406	4.64898		692
1407	4.64898		692
1408	4.64898		692
1409	4.64898		692
1410	4.64898		692
1411	4.64898		692
1412	4.64898		692
1413	4.64898		692
1414	4.64898		692
1415	4.64898		692
1416	4.64898		692
1417	4.64898		692
1418	4.64898		692
1419	4.64898		692
1420	4.64898		692
1421	4.64898		692
1422	4.64898		692
1423	4.64898		692
1424	4.64898		692
1425	4.64898		692
1426	4.64898		692
1427	4.64898		692
1428	4.64898		692
1429	4.64898		692
1430	4.64898		692
1431	4.64898		692
1432	4.64898		692
1433	4.64898		692
1434	4.64898		692
1435	4.64898		692
1436	4.64898		692
1437	4.64898		692
1438	4.64898		692
1439	4.64898		692
1440	4.64898		692
1441	4.64898		692
1442	4.64898		692
1443	4.64898		692
1444	4.64898		692
1445	4.64898		692
1446	4.64898		692
1447	4.64898		692
1448	4.64898		692
1449	4.64898		692
1450	4.64898		692
1451	4.64898		692
1452	4.64898		692
1453	4.64898		692
1454	4.64898		692
1455	4.64898		692
1456	4.64898		692
1457	4.64898		692
1458	4.64898		692
1459	4.64898		692
1460	4.64898		692
1461	4.64898		692
1462	4.64898		692
1463	4.64898		692
1464	4.64898		692
1465	4.64898		692
1466	4.64898		692
1467	4.64898		692
1468	4.64898		692
1469	4.64898		692
1470	4.64898		692
1471	4.64898		692
1472	4.64898		692
1473	4.64898		692
1474	4.64898		692
1475	4.64898		692
1476	4.64898		692
1477	4.64898		692
1478	4.64898		692
1479	4.64898		692
1480	4.64898		692
1481	4.64898		692
1482	4.64898		692
1483	4.64898		692
1484	4.64898		692
1485	4.64898		692
1486	4.64898		692
1487	4.64898		692
1488	4.64898		692
1489	4.64898		692
1490	4.64898		692
1491	4.64898		692
1492	4.64898		692
1493	4.64898		692
1494	4.64898		692
1495	4.64898		692
1496	4.64898		692
1497	4.64898		692
1498	4.64898		692
1499	4.64898		692
1500	4.64898		692
1501	4.64898		692
1502	4.64898		692
1503	4.64898		692
1504	4.64898		692
1505	4.64898		692
1506	4.64898		692
1507	4.64898		692
1508	4.64898		692
1509	4.64898		692
1510	4.64898		692
1511	4.64898		692
1512	4.64898		692
1513	4.64898		692
1514	4.64898		692
1515	4.64898		692
1516	4.64898		692
1517	4.64898		692
1518	4.64898		692
1519	4.64898		692
1520	4.64898		692
1521	4.64898		692
1522	4.64898		692
1523	4.64898		692
1524	4.64898		692
1525	4.64898		692
1526	4.64898		692
1527	4.64898		692
1528	4.64898		692
1529	4.64898		692
1530	4.64898		692
1531	4.64898		692
1532	4.64898		692
1533	4.64898		692
1534	4.64898		692
1535	4.64898		692
1536	4.64898		692
1537	4.64898		692
1538	4.64898		692
1539	4.64898		692
1540	4.64898		692
1541	4.64898		692
1542	4.64898		692
1543	4.64898		692
1544	4.64898		692
1545	4.64898		692
1546	4.64898		692
1547	4.64898		692
1548	4.64898		692
1549	4.64898		692
1550	4.64898		692
1551	4.64898		692
1552	4.64898		692
1553	4.64898		692
1554	4.64898		692
1555	4.64898		692
1556	4.64898		692
1557	4.64898		692
1558	4.64898		692
1559	4.64898		692
1560	4.64898		692
1561	4.64898		692
1562	4.64898		692
1563	4.64898		692
1564	4.64898		692
1565	4.64898		692
1566	4.64898		692
1567	4.64898		692
1568	4.64898		692
1569	4.64898		692
1570	4.64898		692
1571	4.64898		692
1572	4.64898		692
1573	4.64898		692
1574	4.64898		692
1575	4.64898		692
1576	4.64898		692
1577	4.64898		692
1578	4.64898		692
1579	4.64898		692
1580	4.64898		692
1581	4.64898		692
1582	4.64898		692
1583	4.64898		692
1584	4.64898		692
1585	4.64898		692
1586	4.64898		692
1587	4.64898		692
1588	4.64898		692
1589	4.64898		692
1590	4.64898		692
1591	4.64898		692
1592	4.64898		692
1593	4.64898		692
1594	4.64898		692
1595	4.64898		692
1596	4.64898		692
1597	4.64898		692
1598	4.64898		692
1599	4.64898		692
1600	4.64898		692
1601	4.64898		692
1602	4.64898		692
1603	4.64898		692
1604	4.64898		692
1605	4.64898		692
1606	4.64898		692
1607	4.64898		692
1608	4.64898		692
1609	4.64898		692
1610	4.64898		692
1611	4.64898		692
1612	4.64898		692
1613	4.64898		692
1614	4.64898		692
1615	4.64898		692
1616	4.64898		692
1617	4.64898		692
1618	4.64898		692
1619	4.64898		692
1620	4.64898		692
1621	4.64898		692
1622	4.64898		692
1623	4.64898		692
1624	4.64898		692
1625	4.64898		692
1626	4.64898		692
1627	4.64898		692
1628	4.64898		692
1629	4.64898		692
1630	4.64898		692
1631	4.64898		692
1632	4.64898		692
1633	4.64898		692
1634	4.64898		692
1635	4.64898		692
1636	4.64898		692
1637	4.64898		692
1638	4.64898		692
1639	4.64898		692
1640	4.64898		692
1641	4.64898		692
1642	4.64898		692
1643	4.64898		692
1644	4.64898		692
1645	4.64898		692
1646	4.64898		692
1647	4.64898		692
1648	4.64898		692
1649	4.64898		692
1650	4.64898		692
1651	4.64898		692
1652	4.64898		692
1653	4.64898		692
1654	4.64898		692
1655	4.64898		692
1656	4.64898		692
1657	4.64898		692
1658	4.64898		692
1659	4.64898		692
1660	4.64898		692
1661	4.64898		692
1662	4.64898		692
1663	4.64898		692
1664	4.64898		692
1665	4.64898		692
1666	4.64898		692
1667	4.64898		692
1668	4.64898		692
1669	4.64898		692
1670	4.64898		692
1671	4.64898		692
1672	4.64898		692
1673	4.64898		692
1674	4.64898		692
1675	4.64898		692
1676	4.64898		692
1677	4.64898		692
1678	4.64898		692
1679	4.64898		692
1680	4.64898		692
1681	4.64898		692
1682	4.64898		692
1683	4.64898		692
1684	4.64898		692
1685	4.64898		692
1686	4.64898		692
1687	4.64898		692
1688	4.64898		692
1689	4.64898		692
1690	4.64898		692
1691	4.64898		692
1692	4.64898		692
1693	4.64898		692
1694	4.64898		692
1695	4.64898		692
1696	4.64898		692
1697	4.64898		692
1698	4.64898		692
1699	4.64898		692
1700	4.64898		692
1701	4.64898		692
1702	4.64898		692
1703	4.64898		692
1704	4.64898		692
1705	4.64898		692
1706	4.64898		692
1707	4.64898		692
1708	4.64898		692
1709	4.64898		692
1710	4.64898		692
1711	4.64898		692
1712	4.64898		692
1713	4.64898		692
1714	4.64898		692
1715	4.64898		692
1716	4.64898		692
1717	4.64898		692
1718	4.64898		692
1719	4.64898		692
1720	4.64898		692
1721	4.64898		692
1722	4.64898		692
1723	4.64898		692
1724	4.64898		692
1725	4.64898		692
1726	4.64898		692
1727	4.64898		692
1728	4.64898		692
1729	4.64898		692
1730	4.64898		692
1731	4.64898		692
1732	4.64898		692
1733	4.64898		692
1734	4.64898		692
1735	4.64898		692
1736	4.64898		692
1737	4.64898		692
1738	4.64898		692
1739	4.64898		692
1740	4.64898		692
1741	4.64898		692
1742	4.64898		692
1743	4.64898		692
1744	4.64898		692
1745	4.64898		692
1746	4.64898		692
1747	4.64898		692
1748	4.64898		692
1749	4.64898		692
1750	4.64898		692
1751	4.64898		692
1752	4.64898		692
1753	4.64898		692
1754	4.64898		692
1755	4.64898		692
1756	4.64898		692
1757	4.64898		692
1758	4.64898		692
1759	4.64898		692
1760	4.64898		692
1761	4.64898		692
1762	4.64898		692
1763	4.64898		692
1764	4.64898		692
1765	4.64898		692
1766	4.64898		692
1767	4.64898		692
1768	4.64898		692
1769	4.64898		692
1770	4.64898		692
1771	4.64898		692
1772	4.64898		692
1773	4.64898		692
1774	4.64898		692
1775	4.64898		692
1776	4.64898		692
1777	4.64898		692
1778	4.64898		692
1779	4.64898		692
1780	4.64898		692
1781	4.64898		692
1782	4.64898		692
1783	4.64898		692
1784	4.64898		692
1785	4.64898		692
1786	4.64898		692
1787	4.64898		692
1788	4.64898		692
1789	4.64898		692
1790	4.64898		692
1791	4.64898		692
1792	4.64898		692
1793	4.64898		692
1794	4.64898		692
1795	4.64898		692
1796	4.64898		692
1797	4.64898		692
1798	4.64898		692
1799	4.64898		692
1800	4.64898		692
1801	4.64898		692
1802	4.64898		692
1803	4.64898		692
1804	4.64898		692
1805	4.64898		692
1806	4.64898		692
1807	4.64898		692
1808	4.64898		692
1809	4.64898		692
1810	4.64898		692
1811	4.64898		692
1812	4.64898		692
1813	4.64898		692
1814	4.64898		692
1815	4.64898		692
1816	4.64898		692
1817	4.64898		692
1818	4.64898		692
1819	4.64898		692
1820	4.64898		692
1821	4.64898		692
1822	4.64898		692
1823	4.64898		692
1824	4.64898		692
1825	4.64898		692
1826	4.64898		692
1827	4.64898		692
1828	4.64898		692
1829	4.64898		692
1830	4.64898		692
1831	4.64898		692
1832	4.64898		692
1833	4.64898		692
1834	4.64898		692
1835	4.64898		692
1836	4.64898		692
1837	4.64898		692
1838	4.64898		692
1839	4.64898		692
1840	4.64898		692
1841	4.64898		692
1842	4.64898		692
1843	4.64898		692
1844	4.64898		692
1845	4.64898		692
1846	4.64898		692
1847	4.64898		692
1848	4.64898		692
1849	4.64898		692
1850	4.64898		692
1851	4.64898		692
1852	4.64898		692
1853	4.64898		692
1854	4.64898		692
1855	4.64898		692
1856	4.64898		692
1857	4.64898		692
1858	4.64898		692
1859	4.64898		692
1860	4.64898		692
1861	4.64898		692
1862	4.64898		692
1863	4.64898		692
1864	4.64898		692
1865	4.64898		692
1866	4.64898		692
1867	4.64898		692
1868	4.64898		692
1869	4.64898		692
1870	4.64898		692
1871	4.64898		692
1872	4.64898		692
1873	4.64898		692
1874	4.64898		692
1875	4.64898		692
1876	4.64898		692
1877	4.64898		692
1878	4.64898		692
1879	4.64898		692
1880	4.64898		692
1881	4.64898		692
1882	4.64898		692
1883	4.64898		692
1884	4.64898		692
1885	4.64898		692
1886	4.64898		692
1887	4.64898		692
1888	4.64898		692
1889	4.64898		692
1890	4.64898		692
1891	4.64898		692
1892	4.64898		692
1893	4.64898		692
1894	4.64898		692
1895	4.64898		692
1896	4.64898		692
1897	4.64898		692
1898	4.64898		692
1899	4.64898		692
1900	4.64898		692
1901	4.64898		692
1902	4.64898		692
1903	4.64898		692
1904	4.64898		692
1905	4.64898		692
1906	4.64898		692
1907	4.64898		692
1908	4.64898		692
1909	4.64898		692
1910	4.64898		692
1911	4.64898		692
1912	4.64898		692
1913	4.64898		692
1914	4.64898		692
1915	4.64898		692
1916	4.64898		692
1917	4.64898		692
1918	4.64898		692
1919	4.64898		692
1920	4.64898		692
1921	4.64898		692
1922	4.64898		692
1923	4.64898		692
1924	4.64898		692
1925	4.64898		692
1926	4.64898		692
1927	4.64898		692
1928	4.64898		692
1929	4.64898		692
1930	4.64898		692
1931	4.64898		692
1932	4.64898		692
1933	4.64898		692
1934	4.64898		692
1935	4.64898		692
1936	4.64898		692
1937	4.64898		692
1938	4.64898		692
1939	4.64898		692
1940	4.64898		692
1941	4.64898		692
1942	4.64898		692
1943	4.64898		692
1944	4.64898		692
1945	4.64898		692
1946	4.64898		692
1947	4.64898		692
1948	4.64898		692
1949	4.64898		692
1950	4.64898		692
1951	4.64898		692
1952	4.64898		692
1953	4.64898		692
1954	4.64898		692
1955	4.64898		692
1956	4.64898		692
1957	4.64898		692
1958	4.64898		692
1959	4.64898		692
1960	4.64898		692
1961	4.64898		692
1962	4.64898		692
1963	4.64898		692
1964	4.64898		692
1965	4.64898		692
1966	4.64898		692
1967	4.64898		692
1968	4.64898		692
1969	4.64898		692
1970	4.64898		692
1971	4.64898		692
1972	4.64898		692
1973	4.64898		692
1974	4.64898		692
1975	4.64898		692
1976	4.64898		692
1977	4.64898		692
1978	4.64898		692
1979	4.64898		692
1980	4.64898		692
1981	4.64898		692
1982	4.64898		692
1983	4.64898		692
1984	4.64898		692
1985	4.64898		692
1986	4.64898		692
1987	4.64898		692
1988	4.64898		692
1989	4.64898		692
1990	4.64898		692
1991	4.64898		692
1992	4.64898		692
1993	4.64898		692
1994	4.64898		692
1995	4.64898		692
1996	4.64898		692
1997	4.64898		692
1998	4.64898		692
1999	4.64898		692
2000	4.64898		692
2001	4.64898		692
2002	4.64898		692
2003	4.64898		692
2004	4.64898		692
2005	4.64898		692
2006	4.64898		692
2007	4.64898		692
2008	4.64898		692
2009	4.64898		692
2010	4.64898		692
2011	4.64898		692
2012	4.64898		692
2013	4.64898		692
2014	4.64898		692
2015	4.64898		692
2016	4.64898		692
2017	4.64898		692
2018	4.64898		692
2019	4.64898		692
2020	4.64898		692
2021	4.64898		692
2022	4.64898		692
2023	4.64898		692
2024	4.64898		692
2025	4.64898		692
2026	4.64898		692
2027	4.64898		692
2028	4.64898		692
2029	4.64898		692
2030	4.64898		692
2031	4.64898		692
2032	4.64898		692
2033	4.64898		692
2034	4.64898		692
2035	4.64898		692
2036	4.64898		692
2037	4.64898		692
2038	4.64898		692
2039	4.64898		692
2040	4.64898		692
2041	4.64898		692
2042	4.64898		692
2043	4.64898		692
2044	4.64898		692
2045	4.64898		692
2046	4.64898		692
2047	4.64898		692
2048	4.64898		692
2049	4.64898		692
2050	4.64898		692
2051	4.64898		692
2052	4.64898		692
2053	4.64898		692
2054	4.64898		692
2055	4.64898		692
2056	4.64898		692
2057	4.64898		692
2058	4.64898		692
2059	4.64898		692
2060	4.64898		692
2061	4.64898		692
2062	4.64898		692
2063	4.64898		692
2064	4.64898		692
2065	4.64898		692
2066	4.64898		692
2067	4.64898		692
2068	4.64898		692
2069	4.64898		692
2070	4.64898		692
2071	4.64898		692
2072	4.64898		692
2073	4.64898		692
2074	4.64898		692
2075	4.64898		692
2076	4.64898		692
2077	4.64898		692
2078	4.64898		692
2079	4.64898		692
2080	4.64898		692
2081	4.64898		692
2082	4.64898		692
2083	4.64898		692
2084	4.64898		692
2085	4.64898		692
2086	4.64898		692
2087	4.64898		692
2088	4.64898		692
2089	4.64898		692
2090	4.64898		692
2091	4.64898		692
2092	4.64898		692
2093	4.64898		692
2094	4.64898		692
2095	4.64898		692
2096	4.64898		692
2097	4.64898		692
2098	4.64898		692
2099	4.64898		692
2100	4.64898		692
2101	4.64898		692
2102	4.64898		692
2103	4.64898		692
2104	4.64898		692
2105	4.64898		692
2106	4.64898		692
2107	4.64898		692
2108	4.64898		692
2109	4.64898		692
2110	4.64898		692
2111	4.64898		692
2112	4.64898		692
2113	4.64898		692
2114	4.64898		692
2115	4.64898		692
2116	4.64898		692
2117	4.64898		692
2118	4.64898		692
2119	4.64898		692
2120	4.64898		692
2121	4.64898		692
2122	4.64898		692
2123	4.64898		692
2124	4.64898		692
2125	4.64898		692
2126	4.64898		692
2127	4.64898		692
2128	4.64898		692
2129	4.64898		692
2130	4.64898		692
2131	4.64898		692
2132	4.64898		692
2133	4.64898		692
2134	4.64898		692
2135	4.64898		692
2136	4.64898		692
2137	4.64898		692
2138	4.64898		692
2139	4.64898		692
2140	4.64898		692
2141	4.64898		692
2142	4.64898		692
2143	4.64898		692
2144	4.64898		692
2145	4.64898		692
2146	4.64898		692
2147	4.64898		692
2148	4.64898		692
2149	4.64898		692
2150	4.64898		692
2151	4.64898		692
2152	4.64898		692
2153	4.64898		692
2154	4.64898		692
2155	4.64898		692
2156	4.64898		692
2157	4.64898		692
2158	4.64898		692
2159	4.64898		692
2160	4.64898		692
2161	4.64898		692
2162	4.64898		692
2163	4.64898		692
2164	4.64898		692
2165	4.64898		692
2166	4.64898		692
2167	4.64898		692
2168	4.64898		692
2169	4.64898		692
2170	4.64898		692
2171	4.64898		692
2172	4.64898		692
2173	4.64898		692
2174	4.64898		692
2175	4.64898		692
2176	4.64898		692
2177	4.64898		692
2178	4.64898		692
2179	4.64898		692
2180	4.64898		692
2181	4.64898		692
2182	4.64898		692
2183	4.64898		692
2184	4.64898		692
2185	4.64898		692
2186	4.64898		692
2187	4.64898		692
2188	4.64898		692
2189	4.64898		692
2190	4.64898		692
2191	4.64898		692
2192	4.64898		692
2193	4.64898		692
2194	4.64898		692
2195	4.64898		692
2196	4.64898		692
2197	4.64898		692
2198	4.64898		692
2199	4.64898		692
2200	4.64898		692
2201	4.64898		692
2202	4.64898		692
2203	4.64898		692
2204	4.64898		692
2205	4.64898		692
2206	4.64898		692
2207	4.64898		692
2208	4.64898		692
2209	4.64898		692
2210	4.64898		692
2211	4.64898		692
2212	4.64898		692
2213	4.64898		692
2214	4.64898		692
2215	4.64898		692
2216	4.64898		692
2217	4.64898		692
2218	4.64898		692
2219	4.64898		692
2220	4.64898		692
2221	4.64898		692
2222	4.64898		692
2223	4.64898		692
2224	4.64898		692
2225	4.64898		692
2226	4.64898		692
2227	4.64898		692
2228	4.64898		692
2229	4.64898		692
2230	4.64898		692
2231	4.64898		692
2232	4.64898		692
2233	4.64898		692
2234	4.64898		692
2235	4.64898		692
2236	4.64898		692
2237	4.64898		692
2238	4.64898		692
2239	4.64898		692
2240	4.64898		692
2241	4.64898		692
2242	4.64898		692
2243	4.64898		692
2244	4.64898		692
2245	4.64898		692
2246	4.64898		692
2247	4.64898		692
2248	4.64898		692
2249	4.64898		692
2250	4.64898		692
2251	4.64898		692
2252	4.64898		692
2253	4.64898		692
2254	4.64898		692
2255	4.64898		692
2256	4.64898		692
2257	4.64898		692
2258	4.64898		692
2259	4.64898		692
2260	4.64898		692
2261	4.64898		692
2262	4.64898		692
2263	4.64898		692
2264	4.64898		692
2265	4.64898		692
2266	4.64898		692
2267	4.64898		692
2268	4.64898		692
2269	4.64898		692
2270	4.64898		692
2271	4.64898		692
2272	4.64898		692
2273	4.64898		692
2274	4.64898		692
2275	4.64898		692
2276	4.64898		692
2277	4.64898		692
2278	4.64898		692
2279	4.64898		692
2280	4.64898		692
2281	4.64898		692
2282	4.64898		692
2283	4.64898		692
2284	4.64898		692
2285	4.64898		692
2286	4.64898		692
2287	4.64898		692
2288	4.64898		692
2289	4.64898		692
2290	4.64898		692
2291	4.64898		692
2292	4.64898		692
2293	4.64898		692
2294	4.64898		692
2295	4.64898		692
2296	4.64898		692
2297	4.64898		692
2298	4.64898		692
2299	4.64898		692
2300	4.64898		692
2301	4.64898		692
2302	4.64898		692
2303	4.64898		692
2304	4.64898		692
2305	4.64898		692
2306	4.64898		692
2307	4.64898		692
2308	4.64898		692
2309	4.64898		692
2310	4.64898		692
2311	4.64898		692
2312	4.64898		692
2313	4.64898		692
2314	4.64898		692
2315	4.64898		692
2316	4.64898		692
2317	4.64898		692
2318	4.64898		692
2319	4.64898		692
2320	4.64898		692
2321	4.64898		692
2322	4.64898		692
2323	4.64898		692
2324	4.64898		692
2325	4.64898		692
2326	4.64898		692
2327	4.64898		692
2328	4.64898		692
2329	4.64898		692
2330	4.64898		692
2331	4.64898		692
2332	4.64898		692
2333	4.64898		692
2334	4.64898		692
2335	4.64898		692
2336	4.64898		692
2337	4.64898		692
2338	4.64898		692
2339	4.64898		692
2340	4.64898		692
2341	4.64898		692
2342	4.64898		692
2343	4.64898		692
2344	4.64898		692
2345	4.64898		692
2346	4.64898		692
2347	4.64898		692
2348	4.64898		692
2349	4.64898		692
2350	4.64898		692
2351	4.64898		692
2352	4.64898		692
2353	4.64898		692
2354	4.64898		692
2355	4.64898		692
2356	4.64898		692
2357	4.64898		692
2358	4.64898		692
2359	4.64898		692
2360	4.64898		692
2361	4.64898		692
2362	4.64898		692
2363	4.64898		692
2364	4.64898		692
2365	4.64898		692
2366	4.64898		692
2367	4.64898		692
2368	4.64898		692
2369	4.64898		692
2370	4.64898		692
2371	4.64898		692
2372	4.64898		692
2373	4.64898		692
2374	4.64898		692
2375	4.64898		692
2376	4.64898		692
2377	4.64898		692
2378	4.64898		692
2379	4.64898		692
2380	4.64898		692
2381	4.64898		692
2382	4.64898		692
2383	4.64898		692
2384	4.64898		692
2385	4.64898		692
2386	4.64898		692
2387	4.64898		692
2388	4.64898		692
2389	4.64898		692
2390	4.64898		692
2391	4.64898		692
2392	4.64898		692
2393	4.64898		692
2394	4.64898		692
2395	4.64898		692
2396	4.64898		692
2397	4.64898		692
2398	4.64898		692
2399	4.64898		692
2400	4.64898		692
2401	4.64898		692
2402	4.64898		692
2403	4.64898		692
2404	4.64898		692
2405	4.64898		692
2406	4.64898		692
2407	4.64898		692
2408	4.64898		692
2409	4.64898		692
2410	4.64898		692
2411	4.64898		692
2412	4.64898		692
2413	4.64898		692
2414	4.64898		692
2415	4.64898		692
2416	4.64898		692
2417	4.64898		692
2418	4.64898		692
2419	4.64898		692
2420	4.64898		692
2421	4.64898		692
2422	4.64898		692
2423	4.64898		692
2424	4.64898		692
2425	4.64898		692
2426	4.64898		692
2427	4.64898		692
2428	4.64898		692
2429	4.64898		692
2430	4.64898		692
2431	4.64898		692
2432	4.64898		692
2433	4.64898		692
2434	4.64898		692
2435	4.64898		692
2436	4.64898		692
2437	4.64898		692
2438	4.64898		692
2439	4.64898		692
2440	4.64898		692
2441	4.64898		692
2442	4.64898		692
2443	4.64898		692
2444	4.64898		692
2445	4.64898		692
2446	4.64898		692
2447	4.64898		692
2448	4.64898		692
2449	4.64898		692
2450	4.64898		692
2451	4.64898		692
2452	4.64898		692
2453	4.64898		692
2454	4.64898		692
2455	4.64898		692
2456	4.64898		692
2457	4.64898		692
2458	4.64898		692
2459	4.64898		692
2460	4.64898		692
2461	4.64898		692
2462	4.64898		692
2463	4.64898		692
2464	4.64898		692
2465	4.64898		692
2466	4.64898		692
2467	4.64898		692
2468	4.64898		692
2469	4.64898		692
2470	4.64898		692
2471	4.64898		692
2472	4.64898		692
2473	4.64898		692
2474	4.64898		692
2475	4.64898		692
2476	4.64898		692
2477	4.64898		692
2478	4.64898		692
2479	4.64898		692
2480	4.64898		692
2481	4.64898		692
2482	4.64898		692
2483	4.64898		692
2484	4.64898		692
2485	4.64898		692
2486	4.64898		692
2487	4.64898		692
2488	4.64898		692
2489	4.64898		692
2490	4.64898		692
2491	4.64898		692
2492	4.64898		692
2493	4.64898		692
2494	4.64898		692
2495	4.64898		692
2496	4.64898		692
2497	4.64898		692
2498	4.64898		692
2499	4.64898		692
2500	4.64898		692
2501	4.64898		692
2502	4.64898		692
2503	4.64898		692
2504	4.64898		692
2505	4.64898		692
2506	4.64898		692
2507	4.64898		692
2508	4.64898		692
2509	4.64898		692
2510	4.64898		692
2511	4.64898		692
2512	4.64898		692
2513	4.64898		692
2514	4.64898		692
2515	4.64898		692
2516	4.64898		692
2517	4.64898		692
2518	4.64898		692
2519	4.64898		692
2520	4.64898		692
2521	4.64898		692
2522	4.64898		692
2523	4.64898		692
2524	4.64898		692
2525	4.64898		692
2526	4.64898		692
2527	4.64898		692
2528	4.64898		692
2529	4.64898		692
2530	4.64898		692
2531	4.64898		692
2532	4.64898		692
2533	4.64898		692
2534	4.64898		692
2535	4.64898		692
2536	4.64898		692
2537	4.64898		692
2538	4.64898		692
2539	4.64898		692
2540	4.64898		692
2541	4.64898		692
2542	4.64898		692
2543	4.64898		692
2544	4.64898		692
2545	4.64898		692
2546	4.64898		692
2547	4.64898		692
2548	4.64898		692
2549	4.64898		692
2550	4.64898		692
2551	4.64898		692
2552	4.64898		692
2553	4.64898		692
2554	4.64898		692
2555	4.64898		692
2556	4.64898		692
2557	4.64898		692
2558	4.64898		692
2559	4.64898		692
2560	4.64898		692
2561	4.64898		692
2562	4.64898		692
2563	4.64898		692
2564	4.64898		692
2565	4.64898		692
2566	4.64898		692
2567	4.64898		692
2568	4.64898		692
2569	4.64898		692
2570	4.64898		692
2571	4.64898		692
2572	4.64898		692
2573	4.64898		692
2574	4.64898		692
2575	4.64898		692
2576	4.64898		692
2577	4.64898		692
2578	4.64898		692
2579	4.64898		692
2580	4.64898		692
2581	4.64898		692
2582	4.64898		692
2583	4.64898		692
2584	4.64898		692
2585	4.64898		692
2586	4.64898		692
2587	4.64898		692
2588	4.64898		692
2589	4.64898		692
2590	4.64898		692
2591	4.64898		692
2592	4.64898		692
2593	4.64898		692
2594	4.64898		692
2595	4.64898		692
2596	4.64898		692
2597	4.64898		692
2598	4.64898		692
2599	4.64898		692
2600	4.64898		692
2601	4.64898		692
2602	4.64898		692
2603	4.64898		692
2604	4.64898		692
2605	4.64898		692
2606	4.64898		692
2607	4.64898		692
2608	4.64898		692
2609	4.64898		692
2610	4.64898		692
2611	4.64898		692
2612	4.64898		692
2613	4.64898		692
2614	4.64898		692
2615	4.64898		692
2616	4.64898		692
2617	4.64898		692
2618	4.64898		692
2619	4.64898		692
2620	4.64898		692
2621	4.64898		692
2622	4.64898		692
2623	4.64898		692
2624	4.64898		692
2625	4.64898		692
2626	4.64898		692
2627	4.64898		692
2628	4.64898		692
2629	4.64898		692
2630	4.64898		692
2631	4.64898		692
2632	4.64898		692
2633	4.64898		692
2634	4.64898		692
2635	4.64898		692
2636	4.64898		692
2637	4.64898		692
2638	4.64898		692
2639	4.64898		692
2640	4.64898		692
2641	4.64898		692
2642	4.64898		692
2643	4.64898		692
2644	4.64898		692
2645	4.64898		692
2646	4.64898		692
2647	4.64898		692
2648	4.64898		692
2649	4.64898		692
2650	4.64898		692
2651	4.64898		692
2652	4.64898		692
2653	4.64898		692
2654	4.64898		692
2655	4.64898		692
2656	4.64898		692
2657	4.64898		692
2658	4.64898		692
2659	4.64898		692
2660	4.64898		692
2661	4.64898		692
2662	4.64898		692
2663	4.64898		692
2664	4.64898		692
2665	4.64898		692
2666	4.64898		692
2667	4.64898		692
2668	4.64898		692
2669	4.64898		692
2670	4.64898		692
2671	4.64898		692
2672	4.64898		692
2673	4.64898		692
2674	4.64898		692
2675	4.64898		692
2676	4.64898		692
2677	4.64898		692
2678	4.64898		692
2679	4.64898		692
2680	4.64898		692
2681	4.64898		692
2682	4.64898		692
2683	4.64898		692
2684	4.64898		692
2685	4.64898		692
2686	4.64898		692
2687	4.64898		692
2688	4.64898		692
2689	4.64898		692
2690	4.64898		692
2691	4.64898		692
2692	4.64898		692
2693	4.64898		692
2694	4.64898		692
2695	4.64898		692
2696	4.64898		692
2697	4.64898		692
2698	4.64898		692
2699	4.64898		692
2700	4.64898		692
2701	4.64898		692
2702	4.64898		692
2703	4.64898		692
2704	4.64898		692
2705	4.64898		692
2706	4.64898		692
2707	4.64898		692
2708	4.64898		692
2709	4.64898		692
2710	4.64898		692
2711	4.64898		692
2712	4.64898		692
2713	4.64898		692
2714	4.64898		692
2715	4.64898		692
2716	4.64898		692
2717	4.64898		692
2718	4.64898		692
2719	4.64898		692
2720	4.64898		692
2721	4.64898		692
2722	4.64898		692
2723	4.64898		692
2724	4.64898		692
2725	4.64898		692
2726	4.64898		692
2727	4.64898		692
2728	4.64898		692
2729	4.64898		692
2730	4.64898		692
2731	4.64898		692
2732	4.64898		692
2733	4.64898		692
2734	4.64898		692
2735	4.64898		692
2736	4.64898		692
2737	4.64898		692
2738	4.64898		692
2739	4.64898		692
2740	4.64898		692
2741	4.64898		692
2742	4.64898		692
2743	4.64898		692
2744	4.64898		692
2745	4.64898		692
2746	4.64898		692
2747	4.64898		692
2748	4.64898		692
2749	4.64898		692
2750	4.64898		692
2751	4.64898		692
2752	4.64898		692
2753	4.64898		692
2754	4.64898		692
2755	4.64898		692
2756	4.64898		692
2757	4.64898		692
2758	4.64898		692
2759	4.64898		692
2760	4.64898		692
2761	4.64898		692
2762	4.64898		692
2763	4.64898		692
2764	4.64898		692
2765	4.64898		692
2766	4.64898		692
2767	4.64898		692
2768	4.64898		692
2769	4.64898		692
2770	4.64898		692
2771	4.64898		692
2772	4.64898		692
2773	4.64898		692
2774	4.64898		692
2775	4.64898		692
2776	4.64898		692
2777	4.64898		692
2778	4.64898		692
2779	4.64898		692
2780	4.64898		692
2781	4.64898		692
2782	4.64898		692
2783	4.64898		692
2784	4.64898		692
2785	4.64898		692
2786	4.64898		692
2787	4.64898		692
2788	4.64898		692
2789	4.64898		692
2790	4.64898		692
2791	4.64898		692
2792	4.64898		692
2793	4.64898		692
2794	4.64898		692
2795	4.64898		692
2796	4.64898		692
2797	4.64898		692
2798	4.64898		692
2799	4.64898		692
2800	4.64898		692
2801	4.64898		692
2802	4.64898		692
2803	4.64898		692
2804	4.64898		692
2805	4.64898		692
2806	4.64898		692
2807	4.64898		692
2808	4.64898		692
2809	4.64898		692
2810	4.64898		692
2811	4.64898		692
2812	4.64898		692
2813	4.64898		692
2814	4.64898		692
2815	4.64898		692
2816	4.64898		692
2817	4.64898		692
2818	4.64898		692
2819	4.64898		692
2820	4.64898		692
2821	4.64898		692
2822	4.64898		692
2823	4.64898		692
2824	4.64898		692
2825	4.64898		692
2826	4.64898		692
2827	4.64898		692
2828	4.64898		692
2829	4.64898		692
2830	4.64898		692
2831	4.64898		692
2832	4.64898		692
2833	4.64898		692
2834	4.64898		692
2835	4.64898		692
2836	4.64898		692
2837	4.64898		692
2838	4.64898		692
2839	4.64898		692
2840	4.64898		692
2841	4.64898		692
2842	4.64898		692
2843	4.64898		692
2844	4.64898		692
2845	4.64898		692
2846	4.64898		692
2847	4.64898		692
2848	4.64898		692
2849	4.64898		692
2850	4.64898		692
2851	4.64898		692
2852	4.64898		692
2853	4.64898		692
2854	4.64898		692
2855	4.64898		692
2856	4.64898		692
2857	4.64898		692
2858	4.64898		692
2859	4.64898		692
2860	4.64898		692
2861	4.64898		692
2862	4.64898		692
2863	4.64898		692
2864	4.64898		692
2865	4.64898		692
2866	4.64898		692
2867	4.64898		692
2868	4.64898		692
2869	4.64898		692
2870	4.64898		692
2871	4.64898		692
2872	4.64898		692
2873	4.64898		692
2874	4.64898		692
2875	4.64898		692
2876	4.64898		692
2877	4.64898		692
2878	4.64898		692
2879	4.64898		692
2880	4.64898		692
2881	4.64898		692
2882	4.64898		692
2883	4.64898		692
2884	4.64898		692
2885	4.64898		692
2886	4.64898		692
2887	4.64898		692
2888	4.64898		692
2889	4.64898		692
2890	4.64898		692
2891	4.64898		692
2892	4.64898		692
2893	4.64898		692
2894	4.64898		692
2895	4.64898		692
2896	4.64898		692
2897	4.64898		692
2898	4.64898		692
2899	4.64898		692
2900	4.64898		692
2901	4.64898		692
2902	4.64898		692
2903	4.64898		692
2904	4.64898		692
2905	4.64898		692
2906	4.64898		692
2907	4.64898		692
2908	4.64898		692
2909	4.64898		692
2910	4.64898		692
2911	4.64898		692
2912	4.64898		692
2913	4.64898		692
2914	4.64898		692
2915	4.64898		692
2916	4.64898		692
2917	4.64898		692
2918	4.64898		692
2919	4.64898		692
2920	4.64898		692
2921	4.64898		692
2922	4.64898		692
2923	4.64898		692
2924	4.64898		692
2925	4.64898		692
2926	4.64898		692
2927	4.64898		692
2928	4.64898		692
2929	4.64898		692
2930	4.64898		692
2931	4.64898		692
2932	4.64898		692
2933	4.64898		692
2934	4.64898		692
2935	4.64898		692
2936	4.64898		692
2937	4.64898		692
2938	4.64898		692
2939	4.64898		692
2940	4.64898		692
2941	4.64898		692
2942	4.64898		692
2943	4.64898		692
2944	4.64898		692
2945	4.64898		692
2946	4.64898		692
2947	4.64898		692
2948	4.64898		692
2949	4.64898		692
2950	4.64898		692
2951	4.64898		692
2952	4.64898		692
2953	4.64898		692
2954	4.64898		692
2955	4.64898		692
2956	4.64898		692
2957	4.64898		692
2958	4.64898		692
2959	4.64898		692
2960	4.64898		692
2961	4.64898		692
2962	4.64898		692
2963	4.64898		692
2964	4.64898		692
2965	4.64898		692
2966	4.64898		692
2967	4.64898		692
2968	4.64898		692
2969	4.64898		692
2970	4.64898		692
2971	4.64898		692
2972	4.64898		692
2973	4.64898		692
2974	4.64898		692
2975	4.64898		692
2976	4.64898		692
2977	4.64898		692
2978	4.64898		692
2979	4.64898		692
2980	4.64898		692
2981	4.64898		692
2982	4.64898		692
2983	4.64898		692
2984	4.64898		692
2985	4.64898		692
2986	4.64898		692
2987	4.64898		692
2988	4.64898		692
2989	4.64898		692
2990	4.64898		692
2991	4.64898		692
2992	4.64898		692
2993	4.64898		692
2994	4.64898		692
2995	4.64898		692
2996	4.64898		692
2997	4.64898		692
2998	4.64898		692
2999	4.64898		692
3000	4.64898		692
3001	4.64898		692
3002	4.64898		692
3003	4.64898		692
3004	4.64898		692
3005	4.64898		692
3006	4.64898		692
3007	4.64898		692
3008	4.64898		692
3009	4.64898		692
3010	4.64898		692
3011	4.64898		692
3012	4.64898		692
3013	4.64898		692
3014	4.64898		692
3015	4.64898		692
3016	4.64898		692
3017	4.64898		692
3018	4.64898		692
3019	4.64898		692
3020	4.64898		692
3021	4.64898		692
3022	4.64898		692
3023	4.64898		692
3024	4.64898		692
3025	4.64898		692
3026	4.64898		692
3027	4.64898		692
3028	4.64898		692
3029	4.64898		692
3030	4.64898		692
3031	4.64898		692
3032	4.64898		692
3033	4.64898		692
3034	4.64898		692
3035	4.64898		692
3036	4.64898		692
3037	4.64898		692
3038	4.64898		692
3039	4.64898		692
3040	4.64898		692
3041	4.64898		692
3042	4.64898		692
3043	4.64898		692
3044	4.64898		692
3045	4.64898		692
3046	4.64898		692
3047	4.64898		692
3048	4.64898		692
3049	4.64898		692
3050	4.64898		692
3051	4.64898		692
3052	4.64898		692
3053	4.64898		692
3054	4.64898		692
3055	4.64898		692
3056	4.64898		692
3057	4.64898		692
3058	4.64898		692
3059	4.64898		692
3060	4.64898		692
3061	4.64898		692
3062	4.64898		692
3063	4.64898		692
3064	4.64898		692
3065	4.64898		692
3066	4.64898		692
3067	4.64898		692
3068	4.64898		692
3069	4.64898		692
3070	4.64898		692
3071	4.64898		692
3072	4.64898		692
3073	4.64898		692
3074	4.64898		692
3075	4.64898		692
3076	4.64898		692
3077	4.64898		692
3078	4.64898		692
3079	4.64898		692
3080	4.64898		692
3081	4.64898		692
3082	4.64898		692
3083	4.64898		692
3084	4.64898		692
3085	4.64898		692
3086	4.64898		692
3087	4.64898		692
3088	4.64898		692
3089	4.64898		692
3090	4.64898		692
3091	4.64898		692
3092	4.64898		692
3093	4.64898		692
3094	4.64898		692
3095	4.64898		692
3096	4.64898		692
3097	4.64898		692
3098	4.64898		692
3099	4.64898		692
3100	4.64898		692
3101	4.64898		692
3102	4.64898		692
3103	4.64898		692
3104	4.64898		692
3105	4.64898		692
3106	4.64898		692
3107	4.64898		692
3108	4.64898		692
3109	4.64898		692
3110	4.64898		692
3111	4.64898		692
3112	4.64898		692
3113	4.64898		692
3114	4.64898		692
3115	4.64898		692
3116	4.64898		692
3117	4.64898		692
3118	4.64898		692
3119	4.64898		692
3120	4.64898		692
3121	4.64898		692
3122	4.64898		692
3123	4.64898		692
3124	4.64898		692
3125	4.64898		692
3126	4.64898		692
3127	4.64898		692
3128	4.64898		692
3129	4.64898		692
3130	4.64898		692
3131	4.64898		692
3132	4.64898		692
3133	4.64898		692
3134	4.64898		692
3135	4.64898		692
3136	4.64898		692
3137	4.64898		692
3138	4.64898		692
3139	4.64898		692
3140	4.64898		692
3141	4.64898		692
3142	4.64898		692
3143	4.64898		692
3144	4.64898		692
3145	4.64898		692
3146	4.64898		692
3147	4.64898		692
3148	4.64898		692
3149	4.64898		692
3150	4.64898		692
3151	4.64898		692
3152	4.64898		692
3153	4.64898		692
3154	4.64898		692
3155	4.64898		692
3156	4.64898		692
3157	4.64898		692
3158	4.64898		692
3159	4.64898		692
3160	4.64898		692
3161	4.64898		692
3162	4.64898		692
3163	4.64898		692
3164	4.64898		692
3165	4.64898		692
3166	4.64898		692
3167	4.64898		692
3168	4.64898		692
3169	4.64898		692
3170	4.64898		692
3171	4.64898		692
3172	4.64898		692
3173	4.64898		692
3174	4.64898		692
3175	4.64898		692
3176	4.64898		692
3177	4.64898		692
3178	4.64898		692
3179	4.64898		692
3180	4.64898		692
3181	4.64898		692
3182	4.64898		692
3183	4.64898		692
3184	4.64898		692
3185	4.64898		692
3186	4.64898		692
3187	4.64898		692
3188	4.64898		692
3189	4.64898		692
3190	4.64898		692
3191	4.64898		692
3192	4.64898		692
3193	4.64898		692
3194	4.64898		692
3195	4.64898		692
3196	4.64898		692
3197	4.64898		692
3198	4.64898		692
3199	4.64898		692
3200	4.64898		692
3201	4.64898		692
3202	4.64898		692
3203	4.64898		692
3204	4.64898		692
3205	4.64898		692
3206	4.64898		692
3207	4.64898		692
3208	4.64898		692
3209	4.64898		692
3210	4.64898		692
3211	4.64898		692
3212	4.64898		692
3213	4.64898		692
3214	4.64898		692
3215	4.64898		692
3216	4.64898		692
3217	4.64898		692
3218	4.64898		692
3219	4.64898		692
3220	4.64898		692
3221	4.64898		692
3222	4.64898		692
3223	4.64898		692
3224	4.64898		692
3225	4.64898		692
3226	4.64898		692
3227	4.64898		692
3228	4.64898		692
3229	4.64898		692
3230	4.64898		692
3231	4.64898		692
3232	4.64898		692
3233	4.64898		692
3234	4.64898		692
3235	4.64898		692
3236	4.64898		692
3237	4.64898		692
3238	4.64898		692
3239	4.64898		692
3240	4.64898		692
3241	4.64898		692
3242	4.64898		692
3243	4.64898		692
3244	4.64898		692
3245	4.64898		692
3246	4.64898		692
3247	4.64898		692
3248	4.64898		692
3249	4.64898		692
3250	4.64898		692
3251	4.64898		692
3252	4.64898		692
3253	4.64898		692
3254	4.64898		692
3255	4.64898		692
3256	4.64898		692
3257	4.64898		692
3258	4.64898		692
3259	4.64898		692
3260	4.64898		692
3261	4.64898		692
3262	4.64898		692
3263	4.64898		692
3264	4.64898		692
3265	4.64898		692
3266	4.64898		692
3267	4.64898		692
3268	4.64898		692
3269	4.64898		692
3270	4.64898		692
3271	4.64898		692
3272	4.64898		692
3273	4.64898		692
3274	4.64898		692
3275	4.64898		692
3276	4.64898		692
3277	4.64898		692
3278	4.64898		692
3279	4.64898		692
3280	4.64898		692
3281	4.64898		692
3282	4.64898		692
3283	4.64898		692
3284	4.64898		692
3285	4.64898		692
3286	4.64898		692
3287	4.64898		692
3288	4.64898		692
3289	4.64898		692
3290	4.64898		692
3291	4.64898		692
3292	4.64898		692
3293	4.64898		692
3294	4.64898		692
3295	4.64898		692
3296	4.64898		692
3297	4.64898		692
3298	4.64898		692
3299	4.64898		692
3300	4.64898		692
3301	4.64898		692
3302	4.64898		692
3303	4.64898		692
3304	4.64898		692
3305	4.64898		692
3306	4.64898		692
3307	4.64898		692
3308	4.64898		692
3309	4.64898		692
3310	4.64898		692
3311	4.64898		692
3312	4.64898		692
3313	4.64898		692
3314	4.64898		692
3315	4.64898		692
3316	4.64898		692
3317	4.64898		692
3318	4.64898		692
3319	4.64898		692
3320	4.64898		692
3321	4.64898		692
3322	4.64898		692
3323	4.64898		692
3324	4.64898		692
3325	4.64898		692
3326	4.64898		692
3327	4.64898		692
3328	4.64898		692
3329	4.64898		692
3330	4.64898		692
3331	4.64898		692
3332	4.64898		692
3333	4.64898		692
3334	4.64898		692
3335	4.64898		692
3336	4.64898		692
3337	4.64898		692
3338	4.64898		692
3339	4.64898		692
3340	4.64898		692
3341	4.64898		692
3342	4.64898		692
3343	4.64898		692
3344	4.64898		692
3345	4.64898		692
3346	4.64898		692
3347	4.64898		692
3348	4.64898		692
3349	4.64898		692
3350	4.64898		692
3351	4.64898		692
3352	4.64898		692
3353	4.64898		692
3354	4.64898		692
3355	4.64898		692
3356	4.64898		692
3357	4.64898		692
3358	4.64898		692
3359	4.64898		692
3360	4.64898		692
3361	4.64898		692
3362	4.64898		692
3363	4.64898		692
3364	4.64898		692
3365	4.64898		692
3366	4.64898		692
3367	4.64898		692
3368	4.64898		692
3369	4.64898		692
3370	4.64898		692
3371	4.64898		692
3372	4.64898		692
3373	4.64898		692
3374	4.64898		692
3375	4.64898		692
3376	4.64898		692
3377	4.64898		692
3378	4.64898		692
3379	4.64898		692
3380	4.64898		692
3381	4.64898		692
3382	4.64898		692
3383	4.64898		692
3384	4.64898		692
3385	4.64898		692
3386	4.64898		692
3387	4.64898		692
3388	4.64898		692
3389	4.64898		692
3390	4.64898		692
3391	4.64898		692
3392	4.64898		692
3393	4.64898		692
3394	4.64898		692
3395	4.64898		692
3396	4.64898		692
3397	4.64898		692
3398	4.64898		692
3399	4.64898		692
3400	4.64898		692
3401	4.64898		692
3402	4.64898		692
3403	4.64898		692
3404	4.64898		692
3405	4.64898		692
3406	4.64898		692
3407	4.64898		692
3408	4.64898		692
3409	4.64898		692
3410	4.64898		692
3411	4.64898		692
3412	4.64898		692
3413	4.64898		692
3414	4.64898		692
3415	4.64898		692
3416	4.64898		692
3417	4.64898		692
3418	4.64898		692
3419	4.64898		692
3420	4.64898		692
3421	4.64898		692
3422	4.64898		692
3423	4.64898		692
3424	4.64898		692
3425	4.64898		692
3426	4.64898		692
3427	4.64898		692
3428	4.64898		692
3429	4.64898		692
3430	4.64898		692
3431	4.64898		692
3432	4.64898		692
3433	4.64898		692
3434	4.64898		692
3435	4.64898		692
3436	4.64898		692
3437	4.64898		692
3438	4.64898		692
3439	4.64898		692
3440	4.64898		692
3441	4.64898		692
3442	4.64898		692
3443	4.64898		692
3444	4.64898		692
3445	4.64898		692
3446	4.64898		692
3447	4.64898		692
3448	4.64898		692
3449	4.64898		692
3450	4.64898		692
3451	4.64898		692
3452	4.64898		692
3453	4.64898		692
3454	4.64898		692
3455	4.64898		692
3456	4.64898		692
3457	4.64898		692
3458	4.64898		692
3459	4.64898		692
3460	4.64898		692
3461	4.64898		692
3462	4.64898		692
3463	4.64898		692
3464	4.64898		692
3465	4.64898		692
3466	4.64898		692
3467	4.64898		692
3468	4.64898		692
3469	4.64898		692
3470	4.64898		692
3471	4.64898		692
3472	4.64898		692
3473	4.64898		692
3474	4.64898		692
3475	4.64898		692
3476	4.64898		692
3477	4.64898		692
3478	4.64898		692
3479	4.64898		692
3480	4.64898		692
3481	4.64898		692
3482	4.64898		692
3483	4.64898		692
3484	4.64898		692
3485	4.64898		692
3486	4.64898		692
3487	4.64898		692
3488	4.64898		692
3489	4.64898		692
3490	4.64898		692
3491	4.64898		692
3492	4.64898		692
3493	4.64898		692
3494	4.64898		692
3495	4.64898		692
3496	4.64898		692
3497	4.64898		692
3498	4.64898		692
3499	4.64898		692
3500	4.64898		692
3501	4.64898		692
3502	4.64898		692
3503	4.64898		692
3504	4.64898		692
3505	4.64898		692
3506	4.64898		692
3507	4.64898		692
3508	4.64898		692
3509	4.64898		692
3510	4.64898		692
3511	4.64898		692
3512	4.64898		692
3513	4.64898		692
3514	4.64898		692
3515	4.64898		692
3516	4.64898		692
3517	4.64898		692
3518	4.64898		692
3519	4.64898		692
3520	4.64898		692
3521	4.64898		692
3522	4.64898		692
3523	4.64898		692
3524	4.64898		692
3525	4.64898		692
3526	4.64898		692
3527	4.64898		692
3528	4.64898		692
3529	4.64898		692
3530	4.64898		692
3531	4.64898		692
3532	4.64898		692
3533	4.64898		692
3534	4.64898		692
3535	4.64898		692
3536	4.64898		692
3537	4.64898		692
3538	4.64898		692
3539	4.64898		692
3540	4.64898		692
3541	4.64898		692
3542	4.64898		692
3543	4.64898		692
3544	4.64898		692
3545	4.64898		692
3546	4.64898		692
3547	4.64898		692
3548	4.64898		692
3549	4.64898		692
3550	4.64898		692
3551	4.64898		692
3552	4.64898		692
3553	4.64898		692
3554	4.64898		692
3555	4.64898		692
3556	4.64898		692
3557	4.64898		692
3558	4.64898		692
3559	4.64898		692
3560	4.64898		692
3561	4.64898		692
3562	4.64898		692
3563	4.64898		692
3564	4.64898		692
3565	4.64898		692
3566	4.64898		692
3567	4.64898		692
3568	4.64898		692
3569	4.64898		692
3570	4.64898		692
3571	4.64898		692
3572	4.64898		692
3573	4.64898		692
3574	4.64898		692
3575	4.64898		692
3576	4.64898		692
3577	4.64898		692
3578	4.64898		692
3579	4.64898		692
3580	4.64898		692
3581	4.64898		692
3582	4.64898		692
3583	4.64898		692
3584	4.64898		692
3585	4.64898		692
3586	4.64898		692
3587	4.64898		692
3588	4.64898		692
3589	4.64898		692
3590	4.64898		692
3591	4.64898		692
3592	4.64898		692
3593	4.64898		692
3594	4.64898		692
3595	4.64898		692
3596	4.64898		692
3597	4.64898		692
3598	4.64898		692
3599	4.64898		692
3600	4.64898		692
3601	4.64898		692
3602	4.64898		692
3603	4.64898		692
3604	4.64898		692
3605	4.64898		692
3606	4.64898		692
3607	4.64898		692
3608	4.64898		692
3609	4.64898		692
3610	4.64898		692
3611	4.64898		692
3612	4.64898		692
3613	4.64898		692
3614	4.64898		692
3615	4.64898		692
3616	4.64898		692
3617	4.64898		692
3618	4.64898		692
3619	4.64898		692
3620	4.64898		692
3621	4.64898		692
3622	4.64898		692
3623	4.64898		692
3624	4.64898		692
3625	4.64898		692
3626	4.64898		692
3627	4.64898		692
3628	4.64898		692
3629	4.64898		692
3630	4.64898		692
3631	4.64898		692
3632	4.64898		692
3633	4.64898		692
3634	4.64898		692
3635	4.64898		692
3636	4.64898		692
3637	4.64898		692
3638	4.64898		692
3639	4.64898		692
3640	4.64898		692
3641	4.64898		692
3642	4.64898		692
3643	4.64898		692
3644	4.64898		692
3645	4.64898		692
3646	4.64898		692
3647	4.64898		692
3648	4.64898		692
3649	4.64898		692
3650	4.64898		692
3651	4.64898		692
3652	4.64898		692
3653	4.64898		692
3654	4.64898		692
3655	4.64898		692
3656	4.64898		692
3657	4.64898		692
3658	4.64898		692
3659	4.64898		692
3660	4.64898		692
3661	4.64898		692
3662	4.64898		692
3663	4.64898		692
3664	4.64898		692
3665	4.64898		692
3666	4.64898		692
3667	4.64898		692
3668	4.64898		692
3669	4.64898		692
3670	4.64898		692
3671	4.64898		692
3672	4.64898		692
3673	4.64898		692
3674	4.64898		692
3675	4.64898		692
3676	4.64898		692
3677	4.64898		692
3678	4.64898		692
3679	4.64898		692
3680	4.64898		692
3681	4.64898		692
3682	4.64898		692
3683	4.64898		692
3684	4.64898		692
3685	4.64898		692
3686	4.64898		692
3687	4.64898		692
3688	4.64898		692
3689	4.64898		692
3690	4.64898		692
3691	4.64898		692
3692	4.64898		692
3693	4.64898		692
3694	4.64898		692
3695	4.64898		692
3696	4.64898		692
3697	4.64898		692
3698	4.64898		692
3699	4.64898		692
3700	4.64898		692
3701	4.64898		692
3702	4.64898		692
3703	4.64898		692
3704	4.64898		692
3705	4.64898		692
3706	4.64898		692
3707	4.64898		692
3708	4.64898		692
3709	4.64898		692
3710	4.64898		692
3711	4.64898		692
3712	4.64898		692
3713	4.64898		692
3714	4.64898		692
3715	4.64898		692
3716	4.64898		692
3717	4.64898		692
3718	4.64898		692
3719	4.64898		692
3720	4.64898		692
3721	4.64898		692
3722	4.64898		692
3723	4.64898		692
3724	4.64898		692
3725	4.64898		692
3726	4.64898		692
3727	4.64898		692
3728	4.64898		692
3729	4.64898		692
3730	4.64898		692
3731	4.64898		692
3732	4.64898		692
3733	4.64898		692
3734	4.64898		692
3735	4.64898		692
3736	4.64898		692
3737	4.64898		692
3738	4.64898		692
3739	4.64898		692
3740	4.64898		692
3741	4.64898		692
3742	4.64898		692
3743	4.64898		692
3744	4.64898		692
3745	4.64898		692
3746	4.64898		692
3747	4.64898		692
3748	4.64898		692
3749	4.64898		692
3750	4.64898		692
3751	4.64898		692
3752	4.64898		692
3753	4.64898		692
3754	4.64898		692
3755	4.64898		692
3756	4.64898		692
3757	4.64898		692
3758	4.64898		692
3759	4.64898		692
3760	4.64898		692
3761	4.64898		692
3762	4.64898		692
3763	4.64898		692
3764	4.64898		692
3765	4.64898		692
3766	4.64898		692
3767	4.64898		692
3768	4.64898		692
3769	4.64898		692
3770	4.64898		692
3771	4.64898		692
3772	4.64898		692
3773	4.64898		692
3774	4.64898		692
3775	4.64898		692
3776	4.64898		692
3777	4.64898		692
3778	4.64898		692
3779	4.64898		692
3780	4.64898		692
3781	4.64898		692
3782	4.64898		692
3783	4.64898		692
3784	4.64898		692
3785	4.64898		692
3786	4.64898		692
3787	4.64898		692
3788	4.64898		692
3789	4.64898		692
3790	4.64898		692
3791	4.64898		692
3792	4.64898		692
3793	4.64898		692
3794	4.64898		692
3795	4.64898		692
3796	4.64898		692
3797	4.64898		692
3798	4.64898		692
3799	4.64898		692
3800	4.64898		692
3801	4.64898		692
3802	4.64898		692
3803	4.64898		692
3804	4.64898		692
3805	4.64898		692
3806	4.64898		692
3807	4.64898		692
3808	4.64898		692
3809	4.64898		692
3810	4.64898		692
3811	4.64898		692
3812	4.64898		692
3813	4.64898		692
3814	4.64898		692
3815	4.64898		692
3816	4.64898		692
3817	4.64898		692
3818	4.64898		692
3819	4.64898		692
3820	4.64898		692
3821	4.64898		692
3822	4.64898		692
3823	4.64898		692
3824	4.64898		692
3825	4.64898		692
3826	4.64898		692
3827	4.64898		692
3828	4.64898		692
3829	4.64898		692
3830	4.64898		692
3831	4.64898		692
3832	4.64898		692
3833	4.64898		692
3834	4.64898		692
3835	4.64898		692
3836	4.64898		692
3837	4.64898		692
3838	4.64898		692
3839	4.64898		692
3840	4.64898		692
3841	4.64898		692
3842	4.64898		692
3843	4.64898		692
3844	4.64898		692
3845	4.64898		692
3846	4.64898		692
3847	4.64898		692
3848	4.64898		692
3849	4.64898		692
3850	4.64898		692
3851	4.64898		692
3852	4.64898		692
3853	4.64898		692
3854	4.64898		692
3855	4.64898		692
3856	4.64898		692
3857	4.64898		692
3858	4.64898		692
3859	4.64898		692
3860	4.64898		692
3861	4.64898		692
3862	4.64898		692
3863	4.64898		692
3864	4.64898		692
3865	4.64898		692
3866	4.64898		692
3867	4.64898		692
3868	4.64898		692
3869	4.64898		692
3870	4.64898		692
3871	4.64898		692
3872	4.64898		692
3873	4.64898		692
3874	4.64898		692
3875	4.64898		692
3876	4.64898		692
3877	4.64898		692
3878	4.64898		692
3879	4.64898		692
3880	4.64898		692
3881	4.64898		692
3882	4.64898		692
3883	4.64898		692
3884	4.64898		692
3885	4.64898		692
3886	4.64898		692
3887	4.64898		692
3888	4.64898		692
3889	4.64898		692
3890	4.64898		692
3891	4.64898		692
3892	4.64898		692
3893	4.64898		692
3894	4.64898		692
3895	4.64898		692
3896	4.64898		692
3897	4.64898		692
3898	4.64898		692
3899	4.64898		692
3900	4.64898		692
3901	4.64898		692
3902	4.64898		692
3903	4.64898		692
3904	4.64898		692
3905	4.64898		692
3906	4.64898		692
3907	4.64898		692
3908	4.64898		692
3909	4.64898		692
3910	4.64898		692
3911	4.64898		692
3912	4.64898		692
3913	4.64898		692
3914	4.64898		692
3915	4.64898		692
3916	4.64898		692
3917	4.64898		692
3918	4.64898		692
3919	4.64898		692
3920	4.64898		692
3921	4.64898		692
3922	4.64898		692
3923	4.64898		692
3924	4.64898		692
3925	4.64898		692
3926	4.64898		692
3927	4.64898		692
3928	4.64898		692
3929	4.64898		692
3930	4.64898		692
3931	4.64898		692
3932	4.64898		692
3933	4.64898		692
3934	4.64898		692
3935	4.64898		692
3936	4.64898		692
3937	4.64898		692
3938	4.64898		692
3939	4.64898		692
3940	4.64898		692
3941	4.64898		692
3942	4.64898		692
3943	4.64898		692
3944	4.64898		692
3945	4.64898		692
3946	4.64898		692
3947	4.64898		692
3948	4.64898		692
3949	4.64898		692
3950	4.64898		692
3951	4.64898		692
3952	4.64898		692
3953	4.64898		692
3954	4.64898		692
3955	4.64898		692
3956	4.64898		692
3957	4.64898		692
3958	4.64898		692
3959	4.64898		692
3960	4.64898		692
3961	4.64898		692
3962	4.64898		692
3963	4.64898		692
3964	4.64898		692
3965	4.64898		692
3966	4.64898		692
3967	4.64898		692
3968	4.64898		692
3969	4.64898		692
3970	4.64898		692
3971	4.64898		692
3972	4.64898		692
3973	4.64898		692
3974	4.64898		692
3975	4.64898		692
3976	4.64898		692
3977	4.64898		692
3978	4.64898		692
3979	4.64898		692
3980	4.64898		692
3981	4.64898		692
3982	4.64898		692
3983	4.64898		692
3984	4.64898		692
3985	4.64898		692
3986	4.64898		692
3987	4.64898		692
3988	4.64898		692
3989	4.64898		692
3990	4.64898		692
3991	4.64898		692
3992	4.64898		692
3993	4.64898		692
3994	4.64898		692
3995	4.64898		692
3996	4.64898		692
3997	4.64898		692
3998	4.64898		692
3999	4.64898		692
4000	4.64898		692
4001	4.64898		692
4002	4.64898		692
4003	4.64898		692
4004	4.64898		692
4005	4.64898		692
4006	4.64898		692
4007	4.64898		692
4008	4.64898		692
4009	4.64898		692
4010	4.64898		692
4011	4.64898		692
4012	4.64898		692
4013	4.64898		692
4014	4.64898		692
4015	4.64898		692
4016	4.64898		692
4017	4.64898		692
4018	4.64898		692
4019	4.64898		692
4020	4.64898		692
4021	4.64898		692
4022	4.64898		692
4023	4.64898		692
4024	4.64898		692
4025	4.64898		692
4026	4.64898		692
4027	4.64898		692
4028	4.64898		692
4029	4.64898		692
4030	4.64898		692
4031	4.64898		692
4032	4.64898		692
4033	4.64898		692
4034	4.64898		692
4035	4.64898		692
4036	4.64898		692
4037	4.64898		692
4038	4.64898		692
4039	4.64898		692
4040	4.64898		692
4041	4.64898		692
4042	4.64898		692
4043	4.64898		692
4044	4.64898		692
4045	4.64898		692
4046	4.64898		692
4047	4.64898		692
4048	4.64898		692
4049	4.64898		692
4050	4.64898		692
4051	4.64898		692
4052	4.64898		692
4053	4.64898		692
4054	4.64898		692
4055	4.64898		692
4056	4.64898		692
4057	4.64898		692
4058	4.64898		692
4059	4.64898		692
4060	4.64898		692
4061	4.64898		692
4062	4.64898		692
4063	4.64898		692
4064	4.64898		692
4065	4.64898		692
4066	4.64898		692
4067	4.64898		692
4068	4.64898		692
4069	4.64898		692
4070	4.64898		692
4071	4.64898		692
4072	4.64898		692
4073	4.64898		692
4074	4.64898		692
4075	4.64898		692
4076	4.64898		692
4077	4.64898		692
4078	4.64898		692
4079	4.64898		692
4080	4.64898		692
4081	4.64898		692
4082	4.64898		692
4083	4.64898		692
4084	4.64898		692
4085	4.64898		692
4086	4.64898		692
4087	4.64898		692
4088	4.64898		692
4089	4.64898		692
4090	4.64898		692
4091	4.64898		692
4092	4.64898		692
4093	4.64898		692
4094	4.64898		692
4095	4.64898		692
4096	4.64898		692
4097	4.64898		692
4098	4.64898		692
4099	4.64898		692
4100	4.64898		692
4101	4.64898		692
4102	4.64898		692
4103	4.64898		692
4104	4.64898		692
4105	4.64898		692
4106	4.64898		692
4107	4.64898		692
4108	4.64898		692
4109	4.64898		692
4110	4.64898		692
4111	4.64898		692
4112	4.64898		692
4113	4.64898		692
4114	4.64898		692
4115	4.64898		692
4116	4.64898		692
4117	4.64898		692
4118	4.64898		692
4119	4.64898		692
4120	4.64898		692
4121	4.64898		692
4122	4.64898		692
4123	4.64898		692
4124	4.64898		692
4125	4.64898		692
4126	4.64898		692
4127	4.64898		692
4128	4.64898		692
4129	4.64898		692
4130	4.64898		692
4131	4.64898		692
4132	4.64898		692
4133	4.64898		692
4134	4.64898		692
4135	4.64898		692
4136	4.64898		692
4137	4.64898		692
4138	4.64898		692
4139	4.64898		692
4140	4.64898		692
4141	4.64898		692
4142	4.64898		692
4143	4.64898		692
4144	4.64898		692
4145	4.64898		692
4146	4.64898		692
4147	4.64898		692
4148	4.64898		692
4149	4.64898		692
4150	4.64898		692
4151	4.64898		692
4152	4.64898		692
4153	4.64898		692
4154	4.64898		692
4155	4.64898		692
4156	4.64898		692
4157	4.64898		692
4158	4.64898		692
4159	4.64898		692
4160	4.64898		692
4161	4.64898		692
4162	4.64898		692
4163	4.64898		692
4164	4.64898		692
4165	4.64898		692
4166	4.64898		692
4167	4.64898		692
4168	4.64898		692
4169	4.64898		692
4170	4.64898		692
4171	4.64898		692
4172	4.64898		692
4173	4.64898		692
4174	4.64898		692
4175	4.64898		692
4176	4.64898		692
4177	4.64898		692
4178	4.64898		692
4179	4.64898		692
4180	4.64898		692
4181	4.64898		692
4182	4.64898		692
4183	4.64898		692
4184	4.64898		692
4185	4.64898		692
4186	4.64898		692
4187	4.64898		692
4188	4.64898		692
4189	4.64898		692
4190	4.64898		692
4191	4.64898		692
4192	4.64898		692
4193	4.64898		692
4194	4.64898		692
4195	4.64898		692
4196	4.64898		692
4197	4.64898		692
4198	4.64898		692
4199	4.64898		692
4200	4.64898		692
4201	4.64898		692
4202	4.64898		692
4203	4.64898		692
4204	4.64898		692
4205	4.64898		692
4206	4.64898		692
4207	4.64898		692
4208	4.64898		692
4209	4.64898		692
4210	4.64898		692
4211	4.64898		692
4212	4.64898		692
4213	4.64898		692
4214	4.64898		692
4215	4.64898		692
4216	4.64898		692
4217	4.64898		692
4218	4.64898		692
4219	4.64898		692
4220	4.64898		692
4221	4.64898		692
4222	4.64898		692
4223	4.64898		692
4224	4.64898		692
4225	4.64898		692
4226	4.64898		692
4227	4.64898		692
4228	4.64898		692
4229	4.64898		692
4230	4.64898		692
4231	4.64898		692
4232	4.64898		692
4233	4.64898		692
4234	4.64898		692
4235	4.64898		692
4236	4.64898		692
4237	4.64898		692
4238	4.64898		692
4239	4.64898		692
4240	4.64898		692
4241	4.64898		692
4242	4.64898		692
4243	4.64898		692
4244	4.64898		692
4245	4.64898		692
4246	4.64898		692
4247	4.64898		692
4248	4.64898		692
4249	4.64898		692
4250	4.64898		692
4251	4.64898		692
4252	4.64898		692
4253	4.64898		692
4254	4.64898		692
4255	4.64898		692
4256	4.64898		692
4257	4.64898		692
4258	4.64898		692
4259	4.64898		692
4260	4.64898		692
4261	4.64898		692
4262	4.64898		692
4263	4.64898		692
4264	4.64898		692
4265	4.64898		692
4266	4.64898		692
4267	4.64898		692
4268	4.64898		692
4269	4.64898		692
4270	4.64898		692
4271	4.64898		692
4272	4.64898		692
4273	4.64898		692
4274	4.64898		692
4275	4.64898		692
4276	4.64898		692
4277	4.64898		692
4278	4.64898		692
4279	4.64898		692
4280	4.64898		692
4281	4.64898		692
4282	4.64898		692
4283	4.64898		692
4284	4.64898		692
4285	4.64898		692
4286	4.64898		692
4287	4.64898		692
4288	4.64898		692
4289	4.64898		692
4290	4.64898		692
4291	4.64898		692
4292	4.64898		692
4293	4.64898		692
4294	4.64898		692
4295	4.64898		692
4296	4.64898		692
4297	4.64898		692
4298	4.64898		692
4299	4.64898		692
4300	4.64898		692
4301	4.64898		692
4302	4.64898		692
4303	4.64898		692
4304	4.64898		692
4305	4.64898		692
4306	4.64898		692
4307	4.64898		692
4308	4.64898		692
4309	4.64898		692
4310	4.64898		692
4311	4.64898		692
4312	4.64898		692
4313	4.64898		692
4314	4.64898		692
4315	4.64898		692
4316	4.64898		692
4317	4.64898		692
4318	4.64898		692
4319	4.64898		692
4320	4.64898		692
4321	4.64898		692
4322	4.64898		692
4323	4.64898		692
4324	4.64898		692
4325	4.64898		692
4326	4.64898		692
4327	4.64898		692
4328	4.64898		692
4329	4.64898		692
4330	4.64898		692
4331	4.64898		692
4332	4.64898		692
4333	4.64898		692
4334	4.64898		692
4335	4.64898		692
4336	4.64898		692
4337	4.64898		692
4338	4.64898		692
4339	4.64898		692
4340	4.64898		692
4341	4.64898		692
4342	4.64898		692
4343	4.64898		692
4344	4.64898		692
4345	4.64898		692
4346	4.64898		692
4347	4.64898		692
4348	4.64898		692
4349	4.64898		692
4350	4.64898		692
4351	4.64898		692
4352	4.64898		692
4353	4.64898		692
4354	4.64898		692
4355	4.64898		692
4356	4.64898		692
4357	4.64898		692
4358	4.64898		692
4359	4.64898		692
4360	4.64898		692
4361	4.64898		692
4362	4.64898		692
4363	4.64898		692
4364	4.64898		692
4365	4.64898		692
4366	4.64898		692
4367	4.64898		692
4368	4.64898		692
4369	4.64898		692
4370	4.64898		692
4371	4.64898		692
4372	4.64898		692
4373	4.64898		692
4374	4.64898		692
4375	4.64898		692
4376	4.64898		692
4377	4.64898		692
4378	4.64898		692
4379	4.64898		692
4380	4.64898		692
4381	4.64898		692
4382	4.64898		692
4383	4.64898		692
4384	4.64898		692
4385	4.64898		692
4386	4.64898		692
4387	4.64898		692
4388	4.64898		692
4389	4.64898		692
4390	4.64898		692
4391	4.64898		692
4392	4.64898		692
4393	4.64898		692
4394	4.64898		692
4395	4.64898		692
4396	4.64898		692
4397	4.64898		692
4398	4.64898		692
4399	4.64898		692
4400	4.64898		692
4401	4.64898		692
4402	4.64898		692
4403	4.64898		692
4404	4.64898		692
4405	4.64898		692
4406	4.64898		692
4407	4.64898		692
4408	4.64898		692
4409	4.64898		692
4410	4.64898		692
4411	4.64898		692
4412	4.64898		692
4413	4.64898		692
4414	4.64898		692
4415	4.64898		692
4416	4.64898		692
4417	4.64898		692
4418	4.64898		692
4419	4.64898		692
4420	4.64898		692
4421	4.64898		692
4422	4.64898		692
4423	4.64898		692
4424	4.64898		692
4425	4.64898		692
4426	4.64898		692
4427	4.64898		692
4428	4.64898		692
4429	4.64898		692
4430	4.64898		692
4431	4.64898		692
4432	4.64898		692
4433	4.64898		692
4434	4.64898		692
4435	4.64898		692
4436	4.64898		692
4437	4.64898		692
4438	4.64898		692
4439	4.64898		692
4440	4.64898		692
4441	4.64898		692
4442	4.64898		692
4443	4.64898		692
4444	4.64898		692
4445	4.64898		692
4446	4.64898		692
4447	4.64898		692
4448	4.64898		692
4449	4.64898		692
4450	4.64898		692
4451	4.64898		692
4452	4.64898		692
4453	4.64898		692
4454	4.64898		692
4455	4.64898		692
4456	4.64898		692
4457	4.64898		692
4458	4.64898		692
4459	4.64898		692
4460	4.64898		692
4461	4.64898		692
4462	4.64898		692
4463	4.64898		692
4464	4.64898		692
4465	4.64898		692
4466	4.64898		692
4467	4.64898		692
4468	4.64898		692
4469	4.64898		692
4470	4.64898		692
4471	4.64898		692
4472	4.64898		692
4473	4.64898		692
4474	4.64898		692
4475	4.64898		692
4476	4.64898		692
4477	4.64898		692
4478	4.64898		692
4479	4.64898		692
4480	4.64898		692
4481	4.64898		692
4482	4.64898		692
4483	4.64898		692
4484	4.64898		692
4485	4.64898		692
4486	4.64898		692
4487	4.64898		692
4488	4.64898		692
4489	4.64898		692
4490	4.64898		692
4491	4.64898		692
4492	4.64898		692
4493	4.64898		692
4494	4.64898		692
4495	4.64898		692
4496	4.64898		692
4497	4.64898		692
4498	4.64898		692
4499	4.64898		692
4500	4.64898		692
4501	4.64898		692
4502	4.64898		692
4503	4.64898		692
4504	4.64898		692
4505	4.64898		692
4506	4.64898		692
4507	4.64898		692
4508	4.64898		692
4509	4.64898		692
4510	4.64898		692
4511	4.64898		692
4512	4.64898		692
4513	4.64898		692
4514	4.64898		692
4515	4.64898		692
4516	4.64898		692
4517	4.64898		692
4518	4.64898		692
4519	4.64898		692
4520	4.64898		692
4521	4.64898		692
4522	4.64898		692
4523	4.64898		692
4524	4.64898		692
4525	4.64898		692
4526	4.64898		692
4527	4.64898		692
4528	4.64898		692
4529	4.64898		692
4530	4.64898		692
4531	4.64898		692
4532	4.64898		692
4533	4.64898		692
4534	4.64898		692
4535	4.64898		692
4536	4.64898		692
4537	4.64898		692
4538	4.64898		692
4539	4.64898		692
4540	4.64898		692
4541	4.64898		692
4542	4.64898		692
4543	4.64898		692
4544	4.64898		692
4545	4.64898		692
4546	4.64898		692
4547	4.64898		692
4548	4.64898		692
4549	4.64898		692
4550	4.64898		692
4551	4.64898		692
4552	4.64898		692
4553	4.64898		692
4554	4.64898		692
4555	4.64898		692
4556	4.64898		692
4557	4.64898		692
4558	4.64898		692
4559	4.64898		692
4560	4.64898		692
4561	4.64898		692
4562	4.64898		692
4563	4.64898		692
4564	4.64898		692
4565	4.64898		692
4566	4.64898		692
4567	4.64898		692
4568	4.64898		692
4569	4.64898		692
4570	4.64898		692
4571	4.64898		692
4572	4.64898		692
4573	4.64898		692
4574	4.64898		692
4575	4.64898		692
4576	4.64898		692
4577	4.64898		692
4578	4.64898		692
4579	4.64898		692
4580	4.64898		692
4581	4.64898		692
4582	4.64898		692
4583	4.64898		692
4584	4.64898		692
4585	4.64898		692
4586	4.64898		692
4587	4.64898		692
4588	4.64898		692
4589	4.64898		692
4590	4.64898		692
4591	4.64898		692
4592	4.64898		692
4593	4.64898		692
4594	4.64898		692
4595	4.64898		692
4596	4.64898		692
4597	4.64898		692
4598	4.64898		692
4599	4.64898		692
4600	4.64898		692
4601	4.64898		692
4602	4.64898		692
4603	4.64898		692
4604	4.64898		692
4605	4.64898		692
4606	4.64898		692
4607	4.64898		692
4608	4.64898		692
4609	4.64898		692
4610	4.64898		692
4611	4.64898		692
4612	4.64898		692
4613	4.64898		692
4614	4.64898		692
4615	4.64898		692
4616	4.64898		692
4617	4.64898		692
4618	4.64898		692
4619	4.64898		692
4620	4.64898		692
4621	4.64898		692
4622	4.64898		692
4623	4.64898		692
4624	4.64898		692
4625	4.64898		692
4626	4.64898		692
4627	4.64898		692
4628	4.64898		692
4629	4.64898		692
4630	4.64898		692
4631	4.64898		692
4632	4.64898		692
4633	4.64898		692
4634	4.64898		692
4635	4.64898		692
4636	4.64898		692
4637	4.64898		692
4638	4.64898		692
4639	4.64898		692
4640	4.64898		692
4641	4.64898		692
4642	4.64898		692
4643	4.64898		692
4644	4.64898		692
4645	4.64898		692
4646	4.64898		692
4647	4.64898		692
4648	4.64898		692
4649	4.64898		692
4650	4.64898		692
4651	4.64898		692
4652	4.64898		692
4653	4.64898		692
4654	4.64898		692
4655	4.64898		692
4656	4.64898		692
4657	4.64898		692
4658	4.64898		692
4659	4.64898		692
4660	4.64898		692
4661	4.64898		692
4662	4.64898		692
4663	4.64898		692
4664	4.64898		692
4665	4.64898		692
4666	4.64898		692
4667	4.64898		692
4668	4.64898		692
4669	4.64898		692
4670	4.64898		692
4671	4.64898		692
4672	4.64898		692
4673	4.64898		692
4674	4.64898		692
4675	4.64898		692
4676	4.64898		692
4677	4.64898		692
4678	4.64898		692
4679	4.64898		692
4680	4.64898		692
4681	4.64898		692
4682	4.64898		692
4683	4.64898		692
4684	4.64898		692
4685	4.64898		692
4686	4.64898		692
4687	4.64898		692
4688	4.64898		692
4689	4.64898		692
4690	4.64898		692
4691	4.64898		692
4692	4.64898		692
4693	4.64898		692
4694	4.64898		692
4695	4.64898		692
4696	4.64898		692
4697	4.64898		692
4698	4.64898		692
4699	4.64898		692
4700	4.64898		692
4701	4.64898		692
4702	4.64898		692
4703	4.64898		692
4704	4.64898		692
4705	4.64898		692
4706	4.64898		692
4707	4.64898		692
4708	4.64898		692
4709	4.64898		692
4710	4.64898		692
4711	4.64898		692
4712	4.64898		692
4713	4.64898		692
4714	4.64898		692
4715	4.64898		692
4716	4.64898		692
4717	4.64898		692
4718	4.64898		692
4719	4.64898		692
4720	4.64898		692
4721	4.64898		692
4722	4.64898		692
4723	4.64898		692
4724	4.64898		692
4725	4.64898		692
4726	4.64898		692
4727	4.64898		692
4728	4.64898		692
4729	4.64898		692
4730	4.64898		692
4731	4.64898		692
4732	4.64898		692
4733	4.64898		692
4734	4.64898		692
4735	4.64898		692
4736	4.64898		692
4737	4.64898		692
4738	4.64898		692
4739	4.64898		692
4740	4.64898		692
4741	4.64898		692
4742	4.64898		692
4743	4.64898		692
4744	4.64898		692
4745	4.64898		692
4746	4.64898		692
4747	4.64898		692
4748	4.64898		692
4749	4.64898		692
4750	4.64898		692
4751	4.64898		692
4752	4.64898		692
4753	4.64898		692
4754	4.64898		692
4755	4.64898		692
4756	4.64898		692
4757	4.64898		692
4758	4.64898		692
4759	4.64898		692
4760	4.64898		692
4761	4.64898		692
4762	4.64898		692
4763	4.64898		692
4764	4.64898		692
4765	4.64898		692
4766	4.64898		692
4767	4.64898		692
4768	4.64898		692
4769	4.64898		692
4770	4.64898		692
4771	4.64898		692
4772	4.64898		692
4773	4.64898		692
4774	4.64898		692
4775	4.64898		692
4776	4.64898		692
4777	4.64898		692
4778	4.64898		692
4779	4.64898		692
4780	4.64898		692
4781	4.64898		692
4782	4.64898		692
4783	4.64898		692
4784	4.64898		692
4785	4.64898		692
4786	4.64898		692
4787	4.64898		692
4788	4.64898		692
4789	4.64898		692
4790	4.64898		692
4791	4.64898		692
4792	4.64898		692
4793	4.64898		692
4794	4.64898		692
4795	4.64898		692
4796	4.64898		692
4797	4.64898		692
4798	4.64898		692
4799	4.64898		692
4800	4.64898		692
4801	4.64898		692
4802	4.64898		692
4803	4.64898		692
4804	4.64898		692
4805	4.64898		692
4806	4.64898		692
4807	4.64898		692
4808	4.64898		692
4809	4.64898		692
4810	4.64898		692
4811	4.64898		692
4812	4.64898		692
4813	4.64898		692
4814	4.64898		692
4815	4.64898		692
4816	4.64898		692
4817	4.64898		692
4818	4.64898		692
4819	4.64898		692
4820	4.64898		692
4821	4.64898		692
4822	4.64898		692
4823	4.64898		692
4824	4.64898		692
4825	4.64898		692
4826	4.64898		692
4827	4.64898		692
4828	4.64898		692
4829	4.64898		692
4830	4.64898		692
4831	4.64898		692
4832	4.64898		692
4833	4.64898		692
4834	4.64898		692
4835	4.64898		692
4836	4.64898		692
4837	4.64898		692
4838	4.64898		692
4839	4.64898		692
4840	4.64898		692
4841	4.64898		692
4842	4.64898		692
4843	4.64898		692
4844	4.64898		692
4845	4.64898		692
4846	4.64898		692
4847	4.64898		692
4848	4.64898		692
4849	4.64898		692
4850	4.64898		692
4851	4.64898		692
4852	4.64898		692
4853	4.64898		692
4854	4.64898		692
4855	4.64898		692
4856	4.64898		692
4857	4.64898		692
4858	4.64898		692
4859	4.64898		692
4860	4.64898		692
4861	4.64898		692
4862	4.64898		692
4863	4.64898		692
4864	4.64898		692
4865	4.64898		692
4866	4.64898		692
4867	4.64898		692
4868	4.64898		692
4869	4.64898		692
4870	4.64898		692
4871	4.64898		692
4872	4.64898		692
4873	4.64898		692
4874	4.64898		692
4875	4.64898		692
4876	4.64898		692
4877	4.64898		692
4878	4.64898		692
4879	4.64898		692
4880	4.64898		692
4881	4.64898		692
4882	4.64898		692
4883	4.64898		692
4884	4.64898		692
4885	4.64898		692
4886	4.64898		692
4887	4.64898		692
4888	4.64898		692
4889	4.64898		692
4890	4.64898		692
4891	4.64898		692
4892	4.64898		692
4893	4.64898		692
4894	4.64898		692
4895	4.64898		692
4896	4.64898		692
4897	4.64898		692
4898	4.64898		692
4899	4.64898		692
4900	4.64898		692
4901	4.64898		692
4902	4.64898		692
4903	4.64898		692
4904	4.64898		692
4905	4.64898		692
4906	4.64898		692
4907	4.64898		692
4908	4.64898		692
4909	4.64898		692
4910	4.64898		692
4911	4.64898		692
4912	4.64898		692
4913	4.64898		692
4914	4.64898		692
4915	4.64898		692
4916	4.64898		692
4917	4.64898		692
4918	4.64898		692
4919	4.64898		692
4920	4.64898		692
4921	4.64898		692
4922	4.64898		692
4923	4.64898		692
4924	4.64898		692
4925	4.64898		692
4926	4.64898		692
4927	4.64898		692
4928	4.64898		692
4929	4.64898		692
4930	4.64898		692
4931	4.64898		692
4932	4.64898		692
4933	4.64898		692
4934	4.64898		692
4935	4.64898		692
4936	4.64898		692
4937	4.64898		692
4938	4.64898		692
4939	4.64898		692
4940	4.64898		692
4941	4.64898		692
4942	4.64898		692
4943	4.64898		692
4944	4.64898		692
4945	4.64898		692
4946	4.64898		692
4947	4.64898		692
4948	4.64898		692
4949	4.64898		692
4950	4.64898		692
4951	4.64898		692
4952	4.64898		692
4953	4.64898		692
4954	4.64898		692
4955	4.64898		692
4956	4.64898		692
4957	4.64898		692
4958	4.64898		692
4959	4.64898		692
4960	4.64898		692
4961	4.64898		692
4962	4.64898		692
4963	4.64898		692
4964	4.64898		692
4965	4.64898		692
4966	4.64898		692
4967	4.64898		692
4968	4.64898		692
4969	4.64898		692
4970	4.64898		692
4971	4.64898		692
4972	4.64898		692
4973	4.64898		692
4974	4.64898		692
4975	4.64898		692
4976	4.64898		692
4977	4.64898		692
4978	4.64898		692
4979	4.64898		692
4980	4.64898		692
4981	4.64898		692
4982	4.64898		692
4983	4.64898		692
4984	4.64898		692
4985	4.64898		692
4986	4.64898		692
4987	4.64898		692
4988	4.64898		692
4989	4.64898		692
4990	4.64898		692
4991	4.64898		692
4992	4.64898		692
4993	4.64898		692
4994	4.64898		692
4995	4.64898		692
4996	4.64898		692
4997	4.64898		692
4998	4.64898		692
4999	4.64898		692
5000	4.64898		692
