1	13.0326		1
2	12.2457		2
3	12.2457		2
4	11.4471		4
5	11.2527		5
6	10.3068		6
7	10.3068		6
8	10.2091		8
9	10.2091		8
10	9.99754		10
11	9.77339		11
12	9.77339		11
13	9.70622		13
14	9.28799		14
15	9.28799		14
16	9.06558		16
17	8.80603		17
18	8.80603		17
19	8.59397		19
20	8.43714		20
21	8.43714		20
22	8.40961		22
23	8.40961		22
24	8.40961		22
25	7.98889		25
26	7.72216		26
27	7.72216		26
28	7.62838		28
29	7.62838		28
30	7.62838		28
31	7.62785		31
32	7.62785		31
33	7.43557		33
34	7.22376		34
35	7.22376		34
36	7.17696		36
37	7.17696		36
38	7.00185		38
39	7.00185		38
40	7.00185		38
41	6.94199		41
42	6.94199		41
43	6.94199		41
44	6.90934		44
45	6.89045		45
46	6.36487		46
47	6.30229		47
48	6.30229		47
49	6.29746		49
50	6.29746		49
51	6.29746		49
52	6.29746		49
53	6.2742		53
54	6.27083		54
55	6.27083		54
56	6.27083		54
57	6.27034		57
58	6.27034		57
59	6.27034		57
60	6.27034		57
61	6.1069		61
62	6.1069		61
63	6.1069		61
64	6.00392		64
65	6.00055		65
66	6.00055		65
67	5.94982		67
68	5.94982		67
69	5.94982		67
70	5.94982		67
71	5.94982		67
72	5.94982		67
73	5.94982		67
74	5.94982		67
75	5.94982		67
76	5.94982		67
77	5.66055		77
78	5.66055		77
79	5.66055		77
80	5.66055		77
81	5.66055		77
82	5.5284		82
83	5.5284		82
84	5.5284		82
85	5.5284		82
86	5.5284		82
87	5.5284		82
88	5.5284		82
89	5.5284		82
90	5.5284		82
91	5.5284		82
92	5.5284		82
93	5.5284		82
94	5.5284		82
95	5.5284		82
96	5.5284		82
97	5.51348		97
98	5.50962		98
99	5.48604		99
100	5.48604		99
101	5.48604		99
102	5.18537		102
103	5.18537		102
104	5.18537		102
105	5.18537		102
106	5.18537		102
107	5.18537		102
108	5.18537		102
109	5.18537		102
110	5.09485		110
111	5.09485		110
112	5.09485		110
113	5.00272		113
114	5.00272		113
115	5.00272		113
116	4.9789		116
117	4.9789		116
118	4.9789		116
119	4.9789		116
120	4.9789		116
121	4.9789		116
122	4.9789		116
123	4.9789		116
124	4.9789		116
125	4.9789		116
126	4.9789		116
127	4.9789		116
128	4.9789		116
129	4.9789		116
130	4.9789		116
131	4.9789		116
132	4.9789		116
133	4.9789		116
134	4.93438		134
135	4.93438		134
136	4.93438		134
137	4.93349		137
138	4.93349		137
139	4.93349		137
140	4.93349		137
141	4.93349		137
142	4.93349		137
143	4.93349		137
144	4.93349		137
145	4.93349		137
146	4.93349		137
147	4.93349		137
148	4.93349		137
149	4.93349		137
150	4.93349		137
151	4.93349		137
152	4.93349		137
153	4.93349		137
154	4.93349		137
155	4.93349		137
156	4.93349		137
157	4.93349		137
158	4.93349		137
159	4.93349		137
160	4.93349		137
161	4.93349		137
162	4.93349		137
163	4.93349		137
164	4.93349		137
165	4.93349		137
166	4.93349		137
167	4.93349		137
168	4.93349		137
169	4.93349		137
170	4.93349		137
171	4.93349		137
172	4.93349		137
173	4.93349		137
174	4.93349		137
175	4.93349		137
176	4.93349		137
177	4.93349		137
178	4.93349		137
179	4.93349		137
180	4.93349		137
181	4.93349		137
182	4.93349		137
183	4.93349		137
184	4.93349		137
185	4.93349		137
186	4.93349		137
187	4.93349		137
188	4.93349		137
189	4.93349		137
190	4.93349		137
191	4.93349		137
192	4.93349		137
193	4.93349		137
194	4.93349		137
195	4.93349		137
196	4.93349		137
197	4.93349		137
198	4.93349		137
199	4.93349		137
200	4.93349		137
201	4.93349		137
202	4.93349		137
203	4.93349		137
204	4.93349		137
205	4.93349		137
206	4.93349		137
207	4.93349		137
208	4.93349		137
209	4.93349		137
210	4.93349		137
211	4.93349		137
212	4.93349		137
213	4.93349		137
214	4.93349		137
215	4.93349		137
216	4.93349		137
217	4.93349		137
218	4.93349		137
219	4.93349		137
220	4.93349		137
221	4.93349		137
222	4.93349		137
223	4.93349		137
224	4.93349		137
225	4.93349		137
226	4.93349		137
227	4.93349		137
228	4.93349		137
229	4.93349		137
230	4.93349		137
231	4.93349		137
232	4.93349		137
233	4.93349		137
234	4.93349		137
235	4.93349		137
236	4.93349		137
237	4.93349		137
238	4.93349		137
239	4.93349		137
240	4.93349		137
241	4.93349		137
242	4.93349		137
243	4.93349		137
244	4.93349		137
245	4.93349		137
246	4.93349		137
247	4.93349		137
248	4.93349		137
249	4.93349		137
250	4.93349		137
251	4.93349		137
252	4.93349		137
253	4.93349		137
254	4.93349		137
255	4.93349		137
256	4.93349		137
257	4.93349		137
258	4.93349		137
259	4.93349		137
260	4.93349		137
261	4.93349		137
262	4.93349		137
263	4.93349		137
264	4.93349		137
265	4.93349		137
266	4.93349		137
267	4.93349		137
268	4.93349		137
269	4.93349		137
270	4.93349		137
271	4.93349		137
272	4.93349		137
273	4.93349		137
274	4.93349		137
275	4.93349		137
276	4.93349		137
277	4.93349		137
278	4.93349		137
279	4.93349		137
280	4.93349		137
281	4.93349		137
282	4.93349		137
283	4.93349		137
284	4.93349		137
285	4.93349		137
286	4.93349		137
287	4.93349		137
288	4.93349		137
289	4.93349		137
290	4.93349		137
291	4.93349		137
292	4.93349		137
293	4.93349		137
294	4.93349		137
295	4.93349		137
296	4.93349		137
297	4.93053		297
298	4.93053		297
299	4.93053		297
300	4.93053		297
301	4.93053		297
302	4.93053		297
303	4.93053		297
304	4.93053		297
305	4.93053		297
306	4.93053		297
307	4.93053		297
308	4.93053		297
309	4.93053		297
310	4.93053		297
311	4.93053		297
312	4.93053		297
313	4.93053		297
314	4.93053		297
315	4.93053		297
316	4.93053		297
317	4.93053		297
318	4.93053		297
319	4.93053		297
320	4.92023		320
321	4.92023		320
322	4.92023		320
323	4.92023		320
324	4.92023		320
325	4.92023		320
326	4.92023		320
327	4.92023		320
328	4.92023		320
329	4.92023		320
330	4.92023		320
331	4.92023		320
332	4.92023		320
333	4.92023		320
334	4.92023		320
335	4.92023		320
336	4.92023		320
337	4.92023		320
338	4.92023		320
339	4.92023		320
340	4.86889		340
341	4.86889		340
342	4.86889		340
343	4.86889		340
344	4.86889		340
345	4.86889		340
346	4.86889		340
347	4.86889		340
348	4.86889		340
349	4.86889		340
350	4.86889		340
351	4.86889		340
352	4.86889		340
353	4.86889		340
354	4.86889		340
355	4.86889		340
356	4.86889		340
357	4.86889		340
358	4.86889		340
359	4.86889		340
360	4.86889		340
361	4.86889		340
362	4.86889		340
363	4.86889		340
364	4.86889		340
365	4.86889		340
366	4.86889		340
367	4.86889		340
368	4.86889		340
369	4.86889		340
370	4.86889		340
371	4.86889		340
372	4.86889		340
373	4.86889		340
374	4.86889		340
375	4.86889		340
376	4.86889		340
377	4.86889		340
378	4.86889		340
379	4.86889		340
380	4.86889		340
381	4.86889		340
382	4.86889		340
383	4.86889		340
384	4.86889		340
385	4.86889		340
386	4.86889		340
387	4.86889		340
388	4.86889		340
389	4.86889		340
390	4.86889		340
391	4.86889		340
392	4.86889		340
393	4.86889		340
394	4.86889		340
395	4.86889		340
396	4.86889		340
397	4.86889		340
398	4.86889		340
399	4.86889		340
400	4.86889		340
401	4.86889		340
402	4.86889		340
403	4.86889		340
404	4.86889		340
405	4.86889		340
406	4.86889		340
407	4.86889		340
408	4.86889		340
409	4.86889		340
410	4.86889		340
411	4.86889		340
412	4.86889		340
413	4.86889		340
414	4.86889		340
415	4.86889		340
416	4.86889		340
417	4.86889		340
418	4.86889		340
419	4.86889		340
420	4.86889		340
421	4.86889		340
422	4.86889		340
423	4.86889		340
424	4.86889		340
425	4.86889		340
426	4.86889		340
427	4.86889		340
428	4.86889		340
429	4.86889		340
430	4.86889		340
431	4.86889		340
432	4.86889		340
433	4.86889		340
434	4.86889		340
435	4.86889		340
436	4.86889		340
437	4.86889		340
438	4.86889		340
439	4.86889		340
440	4.86889		340
441	4.86889		340
442	4.86889		340
443	4.86889		340
444	4.86889		340
445	4.86889		340
446	4.86889		340
447	4.86889		340
448	4.86889		340
449	4.86889		340
450	4.86889		340
451	4.86889		340
452	4.86889		340
453	4.86889		340
454	4.86889		340
455	4.86889		340
456	4.86889		340
457	4.86889		340
458	4.86889		340
459	4.86889		340
460	4.86889		340
461	4.86889		340
462	4.86889		340
463	4.86889		340
464	4.86889		340
465	4.86889		340
466	4.86889		340
467	4.86889		340
468	4.86889		340
469	4.86889		340
470	4.86889		340
471	4.86889		340
472	4.86889		340
473	4.86889		340
474	4.86889		340
475	4.86889		340
476	4.86889		340
477	4.86889		340
478	4.86889		340
479	4.86889		340
480	4.86889		340
481	4.86889		340
482	4.86889		340
483	4.86889		340
484	4.86889		340
485	4.86889		340
486	4.86889		340
487	4.86889		340
488	4.86889		340
489	4.86889		340
490	4.86889		340
491	4.86889		340
492	4.86889		340
493	4.86889		340
494	4.86889		340
495	4.86889		340
496	4.86889		340
497	4.86889		340
498	4.86889		340
499	4.86889		340
500	4.86889		340
501	4.86889		340
502	4.86889		340
503	4.86889		340
504	4.86889		340
505	4.86889		340
506	4.86889		340
507	4.86889		340
508	4.86889		340
509	4.86889		340
510	4.86889		340
511	4.86889		340
512	4.86889		340
513	4.86889		340
514	4.86889		340
515	4.86889		340
516	4.86889		340
517	4.86889		340
518	4.86889		340
519	4.86889		340
520	4.86889		340
521	4.86889		340
522	4.86889		340
523	4.86889		340
524	4.86889		340
525	4.86889		340
526	4.86889		340
527	4.86889		340
528	4.86889		340
529	4.86889		340
530	4.86889		340
531	4.86889		340
532	4.86889		340
533	4.86889		340
534	4.86889		340
535	4.86889		340
536	4.86889		340
537	4.86889		340
538	4.86889		340
539	4.86889		340
540	4.86889		340
541	4.86889		340
542	4.86889		340
543	4.86889		340
544	4.86889		340
545	4.86889		340
546	4.86889		340
547	4.86889		340
548	4.86889		340
549	4.86889		340
550	4.86889		340
551	4.86889		340
552	4.86889		340
553	4.86889		340
554	4.86889		340
555	4.86889		340
556	4.86889		340
557	4.86889		340
558	4.86889		340
559	4.86889		340
560	4.86889		340
561	4.86889		340
562	4.86889		340
563	4.86889		340
564	4.86889		340
565	4.86889		340
566	4.86889		340
567	4.86889		340
568	4.86889		340
569	4.86889		340
570	4.86889		340
571	4.86889		340
572	4.86889		340
573	4.86889		340
574	4.86889		340
575	4.86889		340
576	4.86889		340
577	4.86889		340
578	4.86889		340
579	4.86889		340
580	4.86889		340
581	4.86889		340
582	4.86889		340
583	4.86889		340
584	4.86889		340
585	4.86889		340
586	4.86889		340
587	4.86889		340
588	4.86889		340
589	4.86889		340
590	4.86889		340
591	4.86889		340
592	4.86889		340
593	4.86889		340
594	4.86889		340
595	4.86889		340
596	4.86889		340
597	4.86889		340
598	4.86889		340
599	4.86889		340
600	4.86889		340
601	4.86889		340
602	4.86889		340
603	4.86889		340
604	4.86889		340
605	4.86889		340
606	4.86889		340
607	4.86889		340
608	4.86889		340
609	4.86889		340
610	4.86889		340
611	4.86889		340
612	4.86889		340
613	4.86889		340
614	4.86889		340
615	4.86889		340
616	4.86889		340
617	4.86889		340
618	4.86889		340
619	4.86889		340
620	4.86889		340
621	4.86889		340
622	4.86889		340
623	4.86889		340
624	4.86889		340
625	4.86889		340
626	4.86889		340
627	4.86889		340
628	4.86889		340
629	4.86889		340
630	4.86889		340
631	4.86889		340
632	4.86889		340
633	4.86889		340
634	4.86889		340
635	4.86889		340
636	4.86889		340
637	4.86889		340
638	4.86889		340
639	4.86889		340
640	4.86889		340
641	4.86889		340
642	4.86889		340
643	4.86889		340
644	4.86889		340
645	4.86889		340
646	4.86889		340
647	4.86889		340
648	4.86889		340
649	4.86889		340
650	4.86889		340
651	4.86889		340
652	4.86889		340
653	4.86889		340
654	4.86889		340
655	4.86889		340
656	4.86889		340
657	4.86889		340
658	4.86889		340
659	4.86889		340
660	4.86889		340
661	4.86889		340
662	4.86889		340
663	4.86889		340
664	4.86889		340
665	4.86889		340
666	4.86889		340
667	4.86889		340
668	4.86889		340
669	4.86889		340
670	4.86889		340
671	4.86889		340
672	4.86889		340
673	4.86889		340
674	4.86889		340
675	4.86889		340
676	4.86889		340
677	4.86889		340
678	4.86889		340
679	4.86889		340
680	4.86889		340
681	4.86889		340
682	4.86889		340
683	4.86889		340
684	4.86889		340
685	4.86889		340
686	4.86889		340
687	4.86889		340
688	4.86889		340
689	4.86889		340
690	4.86889		340
691	4.86889		340
692	4.86889		340
693	4.86889		340
694	4.86889		340
695	4.86889		340
696	4.86889		340
697	4.86889		340
698	4.86889		340
699	4.86889		340
700	4.86889		340
701	4.86889		340
702	4.86889		340
703	4.86889		340
704	4.86889		340
705	4.86889		340
706	4.86889		340
707	4.86889		340
708	4.86889		340
709	4.86889		340
710	4.86889		340
711	4.86889		340
712	4.86889		340
713	4.86889		340
714	4.86889		340
715	4.86889		340
716	4.86889		340
717	4.86889		340
718	4.86889		340
719	4.86889		340
720	4.86889		340
721	4.86889		340
722	4.86889		340
723	4.86889		340
724	4.86889		340
725	4.86889		340
726	4.86889		340
727	4.86889		340
728	4.86889		340
729	4.86889		340
730	4.86889		340
731	4.86889		340
732	4.86889		340
733	4.86889		340
734	4.86889		340
735	4.86889		340
736	4.86889		340
737	4.86889		340
738	4.86889		340
739	4.86889		340
740	4.86889		340
741	4.86889		340
742	4.86889		340
743	4.86889		340
744	4.86889		340
745	4.86889		340
746	4.86889		340
747	4.86889		340
748	4.86889		340
749	4.86889		340
750	4.86889		340
751	4.86889		340
752	4.86889		340
753	4.86889		340
754	4.86889		340
755	4.86889		340
756	4.86889		340
757	4.86889		340
758	4.86889		340
759	4.86889		340
760	4.86889		340
761	4.86889		340
762	4.86889		340
763	4.86889		340
764	4.86889		340
765	4.86889		340
766	4.86889		340
767	4.86889		340
768	4.86889		340
769	4.86889		340
770	4.86889		340
771	4.86889		340
772	4.86889		340
773	4.86889		340
774	4.86889		340
775	4.86889		340
776	4.86889		340
777	4.86889		340
778	4.86889		340
779	4.86889		340
780	4.86889		340
781	4.86889		340
782	4.86889		340
783	4.86889		340
784	4.86889		340
785	4.86889		340
786	4.86889		340
787	4.86889		340
788	4.86889		340
789	4.86889		340
790	4.86889		340
791	4.86889		340
792	4.86889		340
793	4.86889		340
794	4.86889		340
795	4.86889		340
796	4.86889		340
797	4.86889		340
798	4.86889		340
799	4.86889		340
800	4.86889		340
801	4.86889		340
802	4.86889		340
803	4.86889		340
804	4.86889		340
805	4.86889		340
806	4.86889		340
807	4.86889		340
808	4.86889		340
809	4.86889		340
810	4.86889		340
811	4.86889		340
812	4.86889		340
813	4.86889		340
814	4.86889		340
815	4.86889		340
816	4.86889		340
817	4.86889		340
818	4.86889		340
819	4.86889		340
820	4.86889		340
821	4.86889		340
822	4.86889		340
823	4.86889		340
824	4.86889		340
825	4.86889		340
826	4.86889		340
827	4.86889		340
828	4.86889		340
829	4.86889		340
830	4.86889		340
831	4.86889		340
832	4.86889		340
833	4.86889		340
834	4.86889		340
835	4.86889		340
836	4.86889		340
837	4.86889		340
838	4.86889		340
839	4.86889		340
840	4.86889		340
841	4.86889		340
842	4.86889		340
843	4.86889		340
844	4.86889		340
845	4.86889		340
846	4.86889		340
847	4.86889		340
848	4.86889		340
849	4.86889		340
850	4.86889		340
851	4.86889		340
852	4.86889		340
853	4.86889		340
854	4.86889		340
855	4.86889		340
856	4.86889		340
857	4.86889		340
858	4.86889		340
859	4.86889		340
860	4.86889		340
861	4.86889		340
862	4.86889		340
863	4.86889		340
864	4.86889		340
865	4.86889		340
866	4.86889		340
867	4.86889		340
868	4.86889		340
869	4.86889		340
870	4.86889		340
871	4.86889		340
872	4.86889		340
873	4.86889		340
874	4.86889		340
875	4.86889		340
876	4.86889		340
877	4.86889		340
878	4.86889		340
879	4.86889		340
880	4.86889		340
881	4.86889		340
882	4.86889		340
883	4.86889		340
884	4.86889		340
885	4.86889		340
886	4.86889		340
887	4.86889		340
888	4.86889		340
889	4.86889		340
890	4.86889		340
891	4.86889		340
892	4.86889		340
893	4.86889		340
894	4.86889		340
895	4.86889		340
896	4.86889		340
897	4.86889		340
898	4.86889		340
899	4.86889		340
900	4.86889		340
901	4.86889		340
902	4.86889		340
903	4.86889		340
904	4.86889		340
905	4.86889		340
906	4.86889		340
907	4.86889		340
908	4.86889		340
909	4.86889		340
910	4.86889		340
911	4.86889		340
912	4.86889		340
913	4.86889		340
914	4.86889		340
915	4.86889		340
916	4.86889		340
917	4.86889		340
918	4.86889		340
919	4.86889		340
920	4.86889		340
921	4.86889		340
922	4.86889		340
923	4.86889		340
924	4.86889		340
925	4.86889		340
926	4.86889		340
927	4.86889		340
928	4.86889		340
929	4.86889		340
930	4.86889		340
931	4.86889		340
932	4.86889		340
933	4.86889		340
934	4.86889		340
935	4.86889		340
936	4.86889		340
937	4.86889		340
938	4.86889		340
939	4.86889		340
940	4.86889		340
941	4.86889		340
942	4.86889		340
943	4.86889		340
944	4.86889		340
945	4.86889		340
946	4.86889		340
947	4.86889		340
948	4.86889		340
949	4.86889		340
950	4.86889		340
951	4.86889		340
952	4.86889		340
953	4.86889		340
954	4.86889		340
955	4.86889		340
956	4.86889		340
957	4.86889		340
958	4.86889		340
959	4.86889		340
960	4.86889		340
961	4.86889		340
962	4.86889		340
963	4.86889		340
964	4.86889		340
965	4.86889		340
966	4.86889		340
967	4.86889		340
968	4.86889		340
969	4.86889		340
970	4.86889		340
971	4.86889		340
972	4.86889		340
973	4.86889		340
974	4.86889		340
975	4.86889		340
976	4.86889		340
977	4.86889		340
978	4.86889		340
979	4.86889		340
980	4.86889		340
981	4.86889		340
982	4.86889		340
983	4.86889		340
984	4.86889		340
985	4.86889		340
986	4.86889		340
987	4.86889		340
988	4.86889		340
989	4.86889		340
990	4.86889		340
991	4.86889		340
992	4.86889		340
993	4.86889		340
994	4.86889		340
995	4.86889		340
996	4.86889		340
997	4.86889		340
998	4.86889		340
999	4.86889		340
1000	4.86889		340
1001	4.86889		340
1002	4.86889		340
1003	4.86889		340
1004	4.86889		340
1005	4.86889		340
1006	4.86889		340
1007	4.86889		340
1008	4.86889		340
1009	4.86889		340
1010	4.86889		340
1011	4.86889		340
1012	4.86889		340
1013	4.86889		340
1014	4.86889		340
1015	4.86889		340
1016	4.86889		340
1017	4.86889		340
1018	4.86889		340
1019	4.86889		340
1020	4.86889		340
1021	4.86889		340
1022	4.86889		340
1023	4.86889		340
1024	4.86889		340
1025	4.86889		340
1026	4.86889		340
1027	4.86889		340
1028	4.86889		340
1029	4.86889		340
1030	4.86889		340
1031	4.86889		340
1032	4.86889		340
1033	4.86889		340
1034	4.86889		340
1035	4.86889		340
1036	4.86889		340
1037	4.86889		340
1038	4.86889		340
1039	4.86889		340
1040	4.86889		340
1041	4.86889		340
1042	4.86889		340
1043	4.86889		340
1044	4.86889		340
1045	4.86889		340
1046	4.86889		340
1047	4.86889		340
1048	4.86889		340
1049	4.86889		340
1050	4.86889		340
1051	4.86889		340
1052	4.86889		340
1053	4.86889		340
1054	4.86889		340
1055	4.86889		340
1056	4.86889		340
1057	4.86889		340
1058	4.86889		340
1059	4.86889		340
1060	4.86889		340
1061	4.86889		340
1062	4.86889		340
1063	4.86889		340
1064	4.86889		340
1065	4.86889		340
1066	4.86889		340
1067	4.86889		340
1068	4.86889		340
1069	4.86889		340
1070	4.86889		340
1071	4.86889		340
1072	4.86889		340
1073	4.86889		340
1074	4.86889		340
1075	4.86889		340
1076	4.86889		340
1077	4.86889		340
1078	4.86889		340
1079	4.86889		340
1080	4.86889		340
1081	4.86889		340
1082	4.86889		340
1083	4.86889		340
1084	4.86889		340
1085	4.86889		340
1086	4.86889		340
1087	4.86889		340
1088	4.86889		340
1089	4.86889		340
1090	4.86889		340
1091	4.86889		340
1092	4.86889		340
1093	4.86889		340
1094	4.86889		340
1095	4.86889		340
1096	4.86889		340
1097	4.86889		340
1098	4.86889		340
1099	4.86889		340
1100	4.86889		340
1101	4.86889		340
1102	4.86889		340
1103	4.86889		340
1104	4.86889		340
1105	4.86889		340
1106	4.86889		340
1107	4.86889		340
1108	4.86889		340
1109	4.86889		340
1110	4.86889		340
1111	4.86889		340
1112	4.86889		340
1113	4.86889		340
1114	4.86889		340
1115	4.86889		340
1116	4.86889		340
1117	4.86889		340
1118	4.86889		340
1119	4.86889		340
1120	4.86889		340
1121	4.86889		340
1122	4.86889		340
1123	4.86889		340
1124	4.86889		340
1125	4.86889		340
1126	4.86889		340
1127	4.86889		340
1128	4.86889		340
1129	4.86889		340
1130	4.86889		340
1131	4.86889		340
1132	4.86889		340
1133	4.86889		340
1134	4.86889		340
1135	4.86889		340
1136	4.86889		340
1137	4.86889		340
1138	4.86889		340
1139	4.86889		340
1140	4.86889		340
1141	4.86889		340
1142	4.86889		340
1143	4.86889		340
1144	4.86889		340
1145	4.86889		340
1146	4.86889		340
1147	4.86889		340
1148	4.86889		340
1149	4.86889		340
1150	4.86889		340
1151	4.86889		340
1152	4.86889		340
1153	4.86889		340
1154	4.86889		340
1155	4.86889		340
1156	4.86889		340
1157	4.86889		340
1158	4.86889		340
1159	4.86889		340
1160	4.86889		340
1161	4.86889		340
1162	4.86889		340
1163	4.86889		340
1164	4.86889		340
1165	4.86889		340
1166	4.86889		340
1167	4.86889		340
1168	4.86889		340
1169	4.86889		340
1170	4.86889		340
1171	4.86889		340
1172	4.86889		340
1173	4.86889		340
1174	4.86889		340
1175	4.86889		340
1176	4.86889		340
1177	4.86889		340
1178	4.86889		340
1179	4.86889		340
1180	4.86889		340
1181	4.86889		340
1182	4.86889		340
1183	4.86889		340
1184	4.86889		340
1185	4.86889		340
1186	4.86889		340
1187	4.86889		340
1188	4.86889		340
1189	4.86889		340
1190	4.86889		340
1191	4.86889		340
1192	4.86889		340
1193	4.86889		340
1194	4.86889		340
1195	4.86889		340
1196	4.86889		340
1197	4.86889		340
1198	4.86889		340
1199	4.86889		340
1200	4.86889		340
1201	4.86889		340
1202	4.86889		340
1203	4.86889		340
1204	4.86889		340
1205	4.86889		340
1206	4.86889		340
1207	4.86889		340
1208	4.86889		340
1209	4.86889		340
1210	4.86889		340
1211	4.86889		340
1212	4.86889		340
1213	4.86889		340
1214	4.86889		340
1215	4.86889		340
1216	4.86889		340
1217	4.86889		340
1218	4.86889		340
1219	4.86889		340
1220	4.86889		340
1221	4.86889		340
1222	4.86889		340
1223	4.86889		340
1224	4.86889		340
1225	4.86889		340
1226	4.86889		340
1227	4.86889		340
1228	4.86889		340
1229	4.86889		340
1230	4.86889		340
1231	4.86889		340
1232	4.86889		340
1233	4.86889		340
1234	4.86889		340
1235	4.86889		340
1236	4.86889		340
1237	4.86889		340
1238	4.86889		340
1239	4.86889		340
1240	4.86889		340
1241	4.86889		340
1242	4.86889		340
1243	4.86889		340
1244	4.86889		340
1245	4.86889		340
1246	4.86889		340
1247	4.86889		340
1248	4.86889		340
1249	4.86889		340
1250	4.86889		340
1251	4.86889		340
1252	4.86889		340
1253	4.86889		340
1254	4.86889		340
1255	4.86889		340
1256	4.86889		340
1257	4.86889		340
1258	4.86889		340
1259	4.86889		340
1260	4.86889		340
1261	4.86889		340
1262	4.86889		340
1263	4.86889		340
1264	4.86889		340
1265	4.86889		340
1266	4.86889		340
1267	4.86889		340
1268	4.86889		340
1269	4.86889		340
1270	4.86889		340
1271	4.86889		340
1272	4.86889		340
1273	4.86889		340
1274	4.86889		340
1275	4.86889		340
1276	4.86889		340
1277	4.86889		340
1278	4.86889		340
1279	4.86889		340
1280	4.86889		340
1281	4.86889		340
1282	4.86889		340
1283	4.86889		340
1284	4.86889		340
1285	4.86889		340
1286	4.86889		340
1287	4.86889		340
1288	4.86889		340
1289	4.86889		340
1290	4.86889		340
1291	4.86889		340
1292	4.86889		340
1293	4.86889		340
1294	4.86889		340
1295	4.86889		340
1296	4.86889		340
1297	4.86889		340
1298	4.86889		340
1299	4.86889		340
1300	4.86889		340
1301	4.86889		340
1302	4.86889		340
1303	4.86889		340
1304	4.86889		340
1305	4.86889		340
1306	4.86889		340
1307	4.86889		340
1308	4.86889		340
1309	4.86889		340
1310	4.86889		340
1311	4.86889		340
1312	4.86889		340
1313	4.86889		340
1314	4.86889		340
1315	4.86889		340
1316	4.86889		340
1317	4.86889		340
1318	4.86889		340
1319	4.86889		340
1320	4.86889		340
1321	4.86889		340
1322	4.86889		340
1323	4.86889		340
1324	4.86889		340
1325	4.86889		340
1326	4.86889		340
1327	4.86889		340
1328	4.86889		340
1329	4.86889		340
1330	4.86889		340
1331	4.86889		340
1332	4.86889		340
1333	4.86889		340
1334	4.86889		340
1335	4.86889		340
1336	4.86889		340
1337	4.86889		340
1338	4.86889		340
1339	4.86889		340
1340	4.86889		340
1341	4.86889		340
1342	4.86889		340
1343	4.86889		340
1344	4.86889		340
1345	4.86889		340
1346	4.86889		340
1347	4.86889		340
1348	4.86889		340
1349	4.86889		340
1350	4.86889		340
1351	4.86889		340
1352	4.86889		340
1353	4.86889		340
1354	4.86889		340
1355	4.86889		340
1356	4.86889		340
1357	4.86889		340
1358	4.86889		340
1359	4.86889		340
1360	4.86889		340
1361	4.86889		340
1362	4.86889		340
1363	4.86889		340
1364	4.86889		340
1365	4.86889		340
1366	4.86889		340
1367	4.86889		340
1368	4.86889		340
1369	4.86889		340
1370	4.86889		340
1371	4.86889		340
1372	4.86889		340
1373	4.86889		340
1374	4.86889		340
1375	4.86889		340
1376	4.86889		340
1377	4.86889		340
1378	4.86889		340
1379	4.86889		340
1380	4.86889		340
1381	4.86889		340
1382	4.86889		340
1383	4.86889		340
1384	4.86889		340
1385	4.86889		340
1386	4.86889		340
1387	4.86889		340
1388	4.86889		340
1389	4.86889		340
1390	4.86889		340
1391	4.86889		340
1392	4.86889		340
1393	4.86889		340
1394	4.86889		340
1395	4.86889		340
1396	4.86889		340
1397	4.86889		340
1398	4.86889		340
1399	4.86889		340
1400	4.86889		340
1401	4.86889		340
1402	4.86889		340
1403	4.86889		340
1404	4.86889		340
1405	4.86889		340
1406	4.86889		340
1407	4.86889		340
1408	4.86889		340
1409	4.86889		340
1410	4.86889		340
1411	4.86889		340
1412	4.86889		340
1413	4.86889		340
1414	4.86889		340
1415	4.86889		340
1416	4.86889		340
1417	4.86889		340
1418	4.86889		340
1419	4.86889		340
1420	4.86889		340
1421	4.86889		340
1422	4.86889		340
1423	4.86889		340
1424	4.86889		340
1425	4.86889		340
1426	4.86889		340
1427	4.86889		340
1428	4.86889		340
1429	4.86889		340
1430	4.86889		340
1431	4.86889		340
1432	4.86889		340
1433	4.86889		340
1434	4.86889		340
1435	4.86889		340
1436	4.86889		340
1437	4.86889		340
1438	4.86889		340
1439	4.86889		340
1440	4.86889		340
1441	4.86889		340
1442	4.86889		340
1443	4.86889		340
1444	4.86889		340
1445	4.86889		340
1446	4.86889		340
1447	4.86889		340
1448	4.86889		340
1449	4.86889		340
1450	4.86889		340
1451	4.86889		340
1452	4.86889		340
1453	4.86889		340
1454	4.86889		340
1455	4.86889		340
1456	4.86889		340
1457	4.86889		340
1458	4.86889		340
1459	4.86889		340
1460	4.86889		340
1461	4.86889		340
1462	4.86889		340
1463	4.86889		340
1464	4.86889		340
1465	4.86889		340
1466	4.86889		340
1467	4.86889		340
1468	4.86889		340
1469	4.86889		340
1470	4.86889		340
1471	4.86889		340
1472	4.86889		340
1473	4.86889		340
1474	4.86889		340
1475	4.86889		340
1476	4.86889		340
1477	4.86889		340
1478	4.86889		340
1479	4.86889		340
1480	4.86889		340
1481	4.86889		340
1482	4.86889		340
1483	4.86889		340
1484	4.86889		340
1485	4.86889		340
1486	4.86889		340
1487	4.86889		340
1488	4.86889		340
1489	4.86889		340
1490	4.86889		340
1491	4.86889		340
1492	4.86889		340
1493	4.86889		340
1494	4.86889		340
1495	4.86889		340
1496	4.86889		340
1497	4.86889		340
1498	4.86889		340
1499	4.86889		340
1500	4.86889		340
1501	4.86889		340
1502	4.86889		340
1503	4.86889		340
1504	4.86889		340
1505	4.86889		340
1506	4.86889		340
1507	4.86889		340
1508	4.86889		340
1509	4.86889		340
1510	4.86889		340
1511	4.86889		340
1512	4.86889		340
1513	4.86889		340
1514	4.86889		340
1515	4.86889		340
1516	4.86889		340
1517	4.86889		340
1518	4.86889		340
1519	4.86889		340
1520	4.86889		340
1521	4.86889		340
1522	4.86889		340
1523	4.86889		340
1524	4.86889		340
1525	4.86889		340
1526	4.86889		340
1527	4.86889		340
1528	4.86889		340
1529	4.86889		340
1530	4.86889		340
1531	4.86889		340
1532	4.86889		340
1533	4.86889		340
1534	4.86889		340
1535	4.86889		340
1536	4.86889		340
1537	4.86889		340
1538	4.86889		340
1539	4.86889		340
1540	4.86889		340
1541	4.86889		340
1542	4.86889		340
1543	4.86889		340
1544	4.86889		340
1545	4.86889		340
1546	4.86889		340
1547	4.86889		340
1548	4.86889		340
1549	4.86889		340
1550	4.86889		340
1551	4.86889		340
1552	4.86889		340
1553	4.86889		340
1554	4.86889		340
1555	4.86889		340
1556	4.86889		340
1557	4.86889		340
1558	4.86889		340
1559	4.86889		340
1560	4.86889		340
1561	4.86889		340
1562	4.86889		340
1563	4.86889		340
1564	4.86889		340
1565	4.86889		340
1566	4.86889		340
1567	4.86889		340
1568	4.86889		340
1569	4.86889		340
1570	4.86889		340
1571	4.86889		340
1572	4.86889		340
1573	4.86889		340
1574	4.86889		340
1575	4.86889		340
1576	4.86889		340
1577	4.86889		340
1578	4.86889		340
1579	4.86889		340
1580	4.86889		340
1581	4.86889		340
1582	4.86889		340
1583	4.86889		340
1584	4.86889		340
1585	4.86889		340
1586	4.86889		340
1587	4.86889		340
1588	4.86889		340
1589	4.86889		340
1590	4.86889		340
1591	4.86889		340
1592	4.86889		340
1593	4.86889		340
1594	4.86889		340
1595	4.86889		340
1596	4.86889		340
1597	4.86889		340
1598	4.86889		340
1599	4.86889		340
1600	4.86889		340
1601	4.86889		340
1602	4.86889		340
1603	4.86889		340
1604	4.86889		340
1605	4.86889		340
1606	4.86889		340
1607	4.86889		340
1608	4.86889		340
1609	4.86889		340
1610	4.86889		340
1611	4.86889		340
1612	4.86889		340
1613	4.86889		340
1614	4.86889		340
1615	4.86889		340
1616	4.86889		340
1617	4.86889		340
1618	4.86889		340
1619	4.86889		340
1620	4.86889		340
1621	4.86889		340
1622	4.86889		340
1623	4.86889		340
1624	4.86889		340
1625	4.86889		340
1626	4.86889		340
1627	4.86889		340
1628	4.86889		340
1629	4.86889		340
1630	4.86889		340
1631	4.86889		340
1632	4.86889		340
1633	4.86889		340
1634	4.86889		340
1635	4.86889		340
1636	4.86889		340
1637	4.86889		340
1638	4.86889		340
1639	4.86889		340
1640	4.86889		340
1641	4.86889		340
1642	4.86889		340
1643	4.86889		340
1644	4.86889		340
1645	4.86889		340
1646	4.86889		340
1647	4.86889		340
1648	4.86889		340
1649	4.86889		340
1650	4.86889		340
1651	4.86889		340
1652	4.86889		340
1653	4.86889		340
1654	4.86889		340
1655	4.86889		340
1656	4.86889		340
1657	4.86889		340
1658	4.86889		340
1659	4.86889		340
1660	4.86889		340
1661	4.86889		340
1662	4.86889		340
1663	4.86889		340
1664	4.86889		340
1665	4.86889		340
1666	4.86889		340
1667	4.86889		340
1668	4.86889		340
1669	4.86889		340
1670	4.86889		340
1671	4.86889		340
1672	4.86889		340
1673	4.86889		340
1674	4.86889		340
1675	4.86889		340
1676	4.86889		340
1677	4.86889		340
1678	4.86889		340
1679	4.86889		340
1680	4.86889		340
1681	4.86889		340
1682	4.86889		340
1683	4.86889		340
1684	4.86889		340
1685	4.86889		340
1686	4.86889		340
1687	4.86889		340
1688	4.86889		340
1689	4.86889		340
1690	4.86889		340
1691	4.86889		340
1692	4.86889		340
1693	4.86889		340
1694	4.86889		340
1695	4.86889		340
1696	4.86889		340
1697	4.86889		340
1698	4.86889		340
1699	4.86889		340
1700	4.86889		340
1701	4.86889		340
1702	4.86889		340
1703	4.86889		340
1704	4.86889		340
1705	4.86889		340
1706	4.86889		340
1707	4.86889		340
1708	4.86889		340
1709	4.86889		340
1710	4.86889		340
1711	4.86889		340
1712	4.86889		340
1713	4.86889		340
1714	4.86889		340
1715	4.86889		340
1716	4.86889		340
1717	4.86889		340
1718	4.86889		340
1719	4.86889		340
1720	4.86889		340
1721	4.86889		340
1722	4.86889		340
1723	4.86889		340
1724	4.86889		340
1725	4.86889		340
1726	4.86889		340
1727	4.86889		340
1728	4.86889		340
1729	4.86889		340
1730	4.86889		340
1731	4.86889		340
1732	4.86889		340
1733	4.86889		340
1734	4.86889		340
1735	4.86889		340
1736	4.86889		340
1737	4.86889		340
1738	4.86889		340
1739	4.86889		340
1740	4.86889		340
1741	4.86889		340
1742	4.86889		340
1743	4.86889		340
1744	4.86889		340
1745	4.86889		340
1746	4.86889		340
1747	4.86889		340
1748	4.86889		340
1749	4.86889		340
1750	4.86889		340
1751	4.86889		340
1752	4.86889		340
1753	4.86889		340
1754	4.86889		340
1755	4.86889		340
1756	4.86889		340
1757	4.86889		340
1758	4.86889		340
1759	4.86889		340
1760	4.86889		340
1761	4.86889		340
1762	4.86889		340
1763	4.86889		340
1764	4.86889		340
1765	4.86889		340
1766	4.86889		340
1767	4.86889		340
1768	4.86889		340
1769	4.86889		340
1770	4.86889		340
1771	4.86889		340
1772	4.86889		340
1773	4.86889		340
1774	4.86889		340
1775	4.86889		340
1776	4.86889		340
1777	4.86889		340
1778	4.86889		340
1779	4.86889		340
1780	4.86889		340
1781	4.86889		340
1782	4.86889		340
1783	4.86889		340
1784	4.86889		340
1785	4.86889		340
1786	4.86889		340
1787	4.86889		340
1788	4.86889		340
1789	4.86889		340
1790	4.86889		340
1791	4.86889		340
1792	4.86889		340
1793	4.86889		340
1794	4.86889		340
1795	4.86889		340
1796	4.86889		340
1797	4.86889		340
1798	4.86889		340
1799	4.86889		340
1800	4.86889		340
1801	4.86889		340
1802	4.86889		340
1803	4.86889		340
1804	4.86889		340
1805	4.86889		340
1806	4.86889		340
1807	4.86889		340
1808	4.86889		340
1809	4.86889		340
1810	4.86889		340
1811	4.86889		340
1812	4.86889		340
1813	4.86889		340
1814	4.86889		340
1815	4.86889		340
1816	4.86889		340
1817	4.86889		340
1818	4.86889		340
1819	4.86889		340
1820	4.86889		340
1821	4.86889		340
1822	4.86889		340
1823	4.86889		340
1824	4.86889		340
1825	4.86889		340
1826	4.86889		340
1827	4.86889		340
1828	4.86889		340
1829	4.86889		340
1830	4.86889		340
1831	4.86889		340
1832	4.86889		340
1833	4.86889		340
1834	4.86889		340
1835	4.86889		340
1836	4.86889		340
1837	4.86889		340
1838	4.86889		340
1839	4.86889		340
1840	4.86889		340
1841	4.86889		340
1842	4.86889		340
1843	4.86889		340
1844	4.86889		340
1845	4.86889		340
1846	4.86889		340
1847	4.86889		340
1848	4.86889		340
1849	4.86889		340
1850	4.86889		340
1851	4.86889		340
1852	4.86889		340
1853	4.86889		340
1854	4.86889		340
1855	4.86889		340
1856	4.86889		340
1857	4.86889		340
1858	4.86889		340
1859	4.86889		340
1860	4.86889		340
1861	4.86889		340
1862	4.86889		340
1863	4.86889		340
1864	4.86889		340
1865	4.86889		340
1866	4.86889		340
1867	4.86889		340
1868	4.86889		340
1869	4.86889		340
1870	4.86889		340
1871	4.86889		340
1872	4.86889		340
1873	4.86889		340
1874	4.86889		340
1875	4.86889		340
1876	4.86889		340
1877	4.86889		340
1878	4.86889		340
1879	4.86889		340
1880	4.86889		340
1881	4.86889		340
1882	4.86889		340
1883	4.86889		340
1884	4.86889		340
1885	4.86889		340
1886	4.86889		340
1887	4.86889		340
1888	4.86889		340
1889	4.86889		340
1890	4.86889		340
1891	4.86889		340
1892	4.86889		340
1893	4.86889		340
1894	4.86889		340
1895	4.86889		340
1896	4.86889		340
1897	4.86889		340
1898	4.86889		340
1899	4.86889		340
1900	4.86889		340
1901	4.86889		340
1902	4.86889		340
1903	4.86889		340
1904	4.86889		340
1905	4.86889		340
1906	4.86889		340
1907	4.86889		340
1908	4.86889		340
1909	4.86889		340
1910	4.86889		340
1911	4.86889		340
1912	4.86889		340
1913	4.86889		340
1914	4.86889		340
1915	4.86889		340
1916	4.86889		340
1917	4.86889		340
1918	4.86889		340
1919	4.86889		340
1920	4.86889		340
1921	4.86889		340
1922	4.86889		340
1923	4.86889		340
1924	4.86889		340
1925	4.86889		340
1926	4.86889		340
1927	4.86889		340
1928	4.86889		340
1929	4.86889		340
1930	4.86889		340
1931	4.86889		340
1932	4.86889		340
1933	4.86889		340
1934	4.86889		340
1935	4.86889		340
1936	4.86889		340
1937	4.86889		340
1938	4.86889		340
1939	4.86889		340
1940	4.86889		340
1941	4.86889		340
1942	4.86889		340
1943	4.86889		340
1944	4.86889		340
1945	4.86889		340
1946	4.86889		340
1947	4.86889		340
1948	4.86889		340
1949	4.86889		340
1950	4.86889		340
1951	4.86889		340
1952	4.86889		340
1953	4.86889		340
1954	4.86889		340
1955	4.86889		340
1956	4.86889		340
1957	4.86889		340
1958	4.86889		340
1959	4.86889		340
1960	4.86889		340
1961	4.86889		340
1962	4.86889		340
1963	4.86889		340
1964	4.86889		340
1965	4.86889		340
1966	4.86889		340
1967	4.86889		340
1968	4.86889		340
1969	4.86889		340
1970	4.86889		340
1971	4.86889		340
1972	4.86889		340
1973	4.86889		340
1974	4.86889		340
1975	4.86889		340
1976	4.86889		340
1977	4.86889		340
1978	4.86889		340
1979	4.86889		340
1980	4.86889		340
1981	4.86889		340
1982	4.86889		340
1983	4.86889		340
1984	4.86889		340
1985	4.86889		340
1986	4.86889		340
1987	4.86889		340
1988	4.86889		340
1989	4.86889		340
1990	4.86889		340
1991	4.86889		340
1992	4.86889		340
1993	4.86889		340
1994	4.86889		340
1995	4.86889		340
1996	4.86889		340
1997	4.86889		340
1998	4.86889		340
1999	4.86889		340
2000	4.86889		340
2001	4.86889		340
2002	4.86889		340
2003	4.86889		340
2004	4.86889		340
2005	4.86889		340
2006	4.86889		340
2007	4.86889		340
2008	4.86889		340
2009	4.86889		340
2010	4.86889		340
2011	4.86889		340
2012	4.86889		340
2013	4.86889		340
2014	4.86889		340
2015	4.86889		340
2016	4.86889		340
2017	4.86889		340
2018	4.86889		340
2019	4.86889		340
2020	4.86889		340
2021	4.86889		340
2022	4.86889		340
2023	4.86889		340
2024	4.86889		340
2025	4.86889		340
2026	4.86889		340
2027	4.86889		340
2028	4.86889		340
2029	4.86889		340
2030	4.86889		340
2031	4.86889		340
2032	4.86889		340
2033	4.86889		340
2034	4.86889		340
2035	4.86889		340
2036	4.86889		340
2037	4.86889		340
2038	4.86889		340
2039	4.86889		340
2040	4.86889		340
2041	4.86889		340
2042	4.86889		340
2043	4.86889		340
2044	4.86889		340
2045	4.86889		340
2046	4.86889		340
2047	4.86889		340
2048	4.86889		340
2049	4.86889		340
2050	4.86889		340
2051	4.86889		340
2052	4.86889		340
2053	4.86889		340
2054	4.86889		340
2055	4.86889		340
2056	4.86889		340
2057	4.86889		340
2058	4.86889		340
2059	4.86889		340
2060	4.86889		340
2061	4.86889		340
2062	4.86889		340
2063	4.86889		340
2064	4.86889		340
2065	4.86889		340
2066	4.86889		340
2067	4.86889		340
2068	4.86889		340
2069	4.86889		340
2070	4.86889		340
2071	4.86889		340
2072	4.86889		340
2073	4.86889		340
2074	4.86889		340
2075	4.86889		340
2076	4.86889		340
2077	4.86889		340
2078	4.86889		340
2079	4.86889		340
2080	4.86889		340
2081	4.86889		340
2082	4.86889		340
2083	4.86889		340
2084	4.86889		340
2085	4.86889		340
2086	4.86889		340
2087	4.86889		340
2088	4.86889		340
2089	4.86889		340
2090	4.86889		340
2091	4.86889		340
2092	4.86889		340
2093	4.86889		340
2094	4.86889		340
2095	4.86889		340
2096	4.86889		340
2097	4.86889		340
2098	4.86889		340
2099	4.86889		340
2100	4.86889		340
2101	4.86889		340
2102	4.86889		340
2103	4.86889		340
2104	4.86889		340
2105	4.86889		340
2106	4.86889		340
2107	4.86889		340
2108	4.86889		340
2109	4.86889		340
2110	4.86889		340
2111	4.86889		340
2112	4.86889		340
2113	4.86889		340
2114	4.86889		340
2115	4.86889		340
2116	4.86889		340
2117	4.86889		340
2118	4.86889		340
2119	4.86889		340
2120	4.86889		340
2121	4.86889		340
2122	4.86889		340
2123	4.86889		340
2124	4.86889		340
2125	4.86889		340
2126	4.86889		340
2127	4.86889		340
2128	4.86889		340
2129	4.86889		340
2130	4.86889		340
2131	4.86889		340
2132	4.86889		340
2133	4.86889		340
2134	4.86889		340
2135	4.86889		340
2136	4.86889		340
2137	4.86889		340
2138	4.86889		340
2139	4.86889		340
2140	4.86889		340
2141	4.86889		340
2142	4.86889		340
2143	4.86889		340
2144	4.86889		340
2145	4.86889		340
2146	4.86889		340
2147	4.86889		340
2148	4.86889		340
2149	4.86889		340
2150	4.86889		340
2151	4.86889		340
2152	4.86889		340
2153	4.86889		340
2154	4.86889		340
2155	4.86889		340
2156	4.86889		340
2157	4.86889		340
2158	4.86889		340
2159	4.86889		340
2160	4.86889		340
2161	4.86889		340
2162	4.86889		340
2163	4.86889		340
2164	4.86889		340
2165	4.86889		340
2166	4.86889		340
2167	4.86889		340
2168	4.86889		340
2169	4.86889		340
2170	4.86889		340
2171	4.86889		340
2172	4.86889		340
2173	4.86889		340
2174	4.86889		340
2175	4.86889		340
2176	4.86889		340
2177	4.86889		340
2178	4.86889		340
2179	4.86889		340
2180	4.86889		340
2181	4.86889		340
2182	4.86889		340
2183	4.86889		340
2184	4.86889		340
2185	4.86889		340
2186	4.86889		340
2187	4.86889		340
2188	4.86889		340
2189	4.86889		340
2190	4.86889		340
2191	4.86889		340
2192	4.86889		340
2193	4.86889		340
2194	4.86889		340
2195	4.86889		340
2196	4.86889		340
2197	4.86889		340
2198	4.86889		340
2199	4.86889		340
2200	4.86889		340
2201	4.86889		340
2202	4.86889		340
2203	4.86889		340
2204	4.86889		340
2205	4.86889		340
2206	4.86889		340
2207	4.86889		340
2208	4.86889		340
2209	4.86889		340
2210	4.86889		340
2211	4.86889		340
2212	4.86889		340
2213	4.86889		340
2214	4.86889		340
2215	4.86889		340
2216	4.86889		340
2217	4.86889		340
2218	4.86889		340
2219	4.86889		340
2220	4.86889		340
2221	4.86889		340
2222	4.86889		340
2223	4.86889		340
2224	4.86889		340
2225	4.86889		340
2226	4.86889		340
2227	4.86889		340
2228	4.86889		340
2229	4.86889		340
2230	4.86889		340
2231	4.86889		340
2232	4.86889		340
2233	4.86889		340
2234	4.86889		340
2235	4.86889		340
2236	4.86889		340
2237	4.86889		340
2238	4.86889		340
2239	4.86889		340
2240	4.86889		340
2241	4.86889		340
2242	4.86889		340
2243	4.86889		340
2244	4.86889		340
2245	4.86889		340
2246	4.86889		340
2247	4.86889		340
2248	4.86889		340
2249	4.86889		340
2250	4.86889		340
2251	4.86889		340
2252	4.86889		340
2253	4.86889		340
2254	4.86889		340
2255	4.86889		340
2256	4.86889		340
2257	4.86889		340
2258	4.86889		340
2259	4.86889		340
2260	4.86889		340
2261	4.86889		340
2262	4.86889		340
2263	4.86889		340
2264	4.86889		340
2265	4.86889		340
2266	4.86889		340
2267	4.86889		340
2268	4.86889		340
2269	4.86889		340
2270	4.86889		340
2271	4.86889		340
2272	4.86889		340
2273	4.86889		340
2274	4.86889		340
2275	4.86889		340
2276	4.86889		340
2277	4.86889		340
2278	4.86889		340
2279	4.86889		340
2280	4.86889		340
2281	4.86889		340
2282	4.86889		340
2283	4.86889		340
2284	4.86889		340
2285	4.86889		340
2286	4.86889		340
2287	4.86889		340
2288	4.86889		340
2289	4.86889		340
2290	4.86889		340
2291	4.86889		340
2292	4.86889		340
2293	4.86889		340
2294	4.86889		340
2295	4.86889		340
2296	4.86889		340
2297	4.86889		340
2298	4.86889		340
2299	4.86889		340
2300	4.86889		340
2301	4.86889		340
2302	4.86889		340
2303	4.86889		340
2304	4.86889		340
2305	4.86889		340
2306	4.86889		340
2307	4.86889		340
2308	4.86889		340
2309	4.86889		340
2310	4.86889		340
2311	4.86889		340
2312	4.86889		340
2313	4.86889		340
2314	4.86889		340
2315	4.86889		340
2316	4.86889		340
2317	4.86889		340
2318	4.86889		340
2319	4.86889		340
2320	4.86889		340
2321	4.86889		340
2322	4.86889		340
2323	4.86889		340
2324	4.86889		340
2325	4.86889		340
2326	4.86889		340
2327	4.86889		340
2328	4.86889		340
2329	4.86889		340
2330	4.86889		340
2331	4.86889		340
2332	4.86889		340
2333	4.86889		340
2334	4.86889		340
2335	4.86889		340
2336	4.86889		340
2337	4.86889		340
2338	4.86889		340
2339	4.86889		340
2340	4.86889		340
2341	4.86889		340
2342	4.86889		340
2343	4.86889		340
2344	4.86889		340
2345	4.86889		340
2346	4.86889		340
2347	4.86889		340
2348	4.86889		340
2349	4.86889		340
2350	4.86889		340
2351	4.86889		340
2352	4.86889		340
2353	4.86889		340
2354	4.86889		340
2355	4.86889		340
2356	4.86889		340
2357	4.86889		340
2358	4.86889		340
2359	4.86889		340
2360	4.86889		340
2361	4.86889		340
2362	4.86889		340
2363	4.86889		340
2364	4.86889		340
2365	4.86889		340
2366	4.86889		340
2367	4.86889		340
2368	4.86889		340
2369	4.86889		340
2370	4.86889		340
2371	4.86889		340
2372	4.86889		340
2373	4.86889		340
2374	4.86889		340
2375	4.86889		340
2376	4.86889		340
2377	4.86889		340
2378	4.86889		340
2379	4.86889		340
2380	4.86889		340
2381	4.86889		340
2382	4.86889		340
2383	4.86889		340
2384	4.86889		340
2385	4.86889		340
2386	4.86889		340
2387	4.86889		340
2388	4.86889		340
2389	4.86889		340
2390	4.86889		340
2391	4.86889		340
2392	4.86889		340
2393	4.86889		340
2394	4.86889		340
2395	4.86889		340
2396	4.86889		340
2397	4.86889		340
2398	4.86889		340
2399	4.86889		340
2400	4.86889		340
2401	4.86889		340
2402	4.86889		340
2403	4.86889		340
2404	4.86889		340
2405	4.86889		340
2406	4.86889		340
2407	4.86889		340
2408	4.86889		340
2409	4.86889		340
2410	4.86889		340
2411	4.86889		340
2412	4.86889		340
2413	4.86889		340
2414	4.86889		340
2415	4.86889		340
2416	4.86889		340
2417	4.86889		340
2418	4.86889		340
2419	4.86889		340
2420	4.86889		340
2421	4.86889		340
2422	4.86889		340
2423	4.86889		340
2424	4.86889		340
2425	4.86889		340
2426	4.86889		340
2427	4.86889		340
2428	4.86889		340
2429	4.86889		340
2430	4.86889		340
2431	4.86889		340
2432	4.86889		340
2433	4.86889		340
2434	4.86889		340
2435	4.86889		340
2436	4.86889		340
2437	4.86889		340
2438	4.86889		340
2439	4.86889		340
2440	4.86889		340
2441	4.86889		340
2442	4.86889		340
2443	4.86889		340
2444	4.86889		340
2445	4.86889		340
2446	4.86889		340
2447	4.86889		340
2448	4.86889		340
2449	4.86889		340
2450	4.86889		340
2451	4.86889		340
2452	4.86889		340
2453	4.86889		340
2454	4.86889		340
2455	4.86889		340
2456	4.86889		340
2457	4.86889		340
2458	4.86889		340
2459	4.86889		340
2460	4.86889		340
2461	4.86889		340
2462	4.86889		340
2463	4.86889		340
2464	4.86889		340
2465	4.86889		340
2466	4.86889		340
2467	4.86889		340
2468	4.86889		340
2469	4.86889		340
2470	4.86889		340
2471	4.86889		340
2472	4.86889		340
2473	4.86889		340
2474	4.86889		340
2475	4.86889		340
2476	4.86889		340
2477	4.86889		340
2478	4.86889		340
2479	4.86889		340
2480	4.86889		340
2481	4.86889		340
2482	4.86889		340
2483	4.86889		340
2484	4.86889		340
2485	4.86889		340
2486	4.86889		340
2487	4.86889		340
2488	4.86889		340
2489	4.86889		340
2490	4.86889		340
2491	4.86889		340
2492	4.86889		340
2493	4.86889		340
2494	4.86889		340
2495	4.86889		340
2496	4.86889		340
2497	4.86889		340
2498	4.86889		340
2499	4.86889		340
2500	4.86889		340
2501	4.86889		340
2502	4.86889		340
2503	4.86889		340
2504	4.86889		340
2505	4.86889		340
2506	4.86889		340
2507	4.86889		340
2508	4.86889		340
2509	4.86889		340
2510	4.86889		340
2511	4.86889		340
2512	4.86889		340
2513	4.86889		340
2514	4.86889		340
2515	4.86889		340
2516	4.86889		340
2517	4.86889		340
2518	4.86889		340
2519	4.86889		340
2520	4.86889		340
2521	4.86889		340
2522	4.86889		340
2523	4.86889		340
2524	4.86889		340
2525	4.86889		340
2526	4.86889		340
2527	4.86889		340
2528	4.86889		340
2529	4.86889		340
2530	4.86889		340
2531	4.86889		340
2532	4.86889		340
2533	4.86889		340
2534	4.86889		340
2535	4.86889		340
2536	4.86889		340
2537	4.86889		340
2538	4.86889		340
2539	4.86889		340
2540	4.86889		340
2541	4.86889		340
2542	4.86889		340
2543	4.86889		340
2544	4.86889		340
2545	4.86889		340
2546	4.86889		340
2547	4.86889		340
2548	4.86889		340
2549	4.86889		340
2550	4.86889		340
2551	4.86889		340
2552	4.86889		340
2553	4.86889		340
2554	4.86889		340
2555	4.86889		340
2556	4.86889		340
2557	4.86889		340
2558	4.86889		340
2559	4.86889		340
2560	4.86889		340
2561	4.86889		340
2562	4.86889		340
2563	4.86889		340
2564	4.86889		340
2565	4.86889		340
2566	4.86889		340
2567	4.86889		340
2568	4.86889		340
2569	4.86889		340
2570	4.86889		340
2571	4.86889		340
2572	4.86889		340
2573	4.86889		340
2574	4.86889		340
2575	4.86889		340
2576	4.86889		340
2577	4.86889		340
2578	4.86889		340
2579	4.86889		340
2580	4.86889		340
2581	4.86889		340
2582	4.86889		340
2583	4.86889		340
2584	4.86889		340
2585	4.86889		340
2586	4.86889		340
2587	4.86889		340
2588	4.86889		340
2589	4.86889		340
2590	4.86889		340
2591	4.86889		340
2592	4.86889		340
2593	4.86889		340
2594	4.86889		340
2595	4.86889		340
2596	4.86889		340
2597	4.86889		340
2598	4.86889		340
2599	4.86889		340
2600	4.86889		340
2601	4.86889		340
2602	4.86889		340
2603	4.86889		340
2604	4.86889		340
2605	4.86889		340
2606	4.86889		340
2607	4.86889		340
2608	4.86889		340
2609	4.86889		340
2610	4.86889		340
2611	4.86889		340
2612	4.86889		340
2613	4.86889		340
2614	4.86889		340
2615	4.86889		340
2616	4.86889		340
2617	4.86889		340
2618	4.86889		340
2619	4.86889		340
2620	4.86889		340
2621	4.86889		340
2622	4.86889		340
2623	4.86889		340
2624	4.86889		340
2625	4.86889		340
2626	4.86889		340
2627	4.86889		340
2628	4.86889		340
2629	4.86889		340
2630	4.86889		340
2631	4.86889		340
2632	4.86889		340
2633	4.86889		340
2634	4.86889		340
2635	4.86889		340
2636	4.86889		340
2637	4.86889		340
2638	4.86889		340
2639	4.86889		340
2640	4.86889		340
2641	4.86889		340
2642	4.86889		340
2643	4.86889		340
2644	4.86889		340
2645	4.86889		340
2646	4.86889		340
2647	4.86889		340
2648	4.86889		340
2649	4.86889		340
2650	4.86889		340
2651	4.86889		340
2652	4.86889		340
2653	4.86889		340
2654	4.86889		340
2655	4.86889		340
2656	4.86889		340
2657	4.86889		340
2658	4.86889		340
2659	4.86889		340
2660	4.86889		340
2661	4.86889		340
2662	4.86889		340
2663	4.86889		340
2664	4.86889		340
2665	4.86889		340
2666	4.86889		340
2667	4.86889		340
2668	4.86889		340
2669	4.86889		340
2670	4.86889		340
2671	4.86889		340
2672	4.86889		340
2673	4.86889		340
2674	4.86889		340
2675	4.86889		340
2676	4.86889		340
2677	4.86889		340
2678	4.86889		340
2679	4.86889		340
2680	4.86889		340
2681	4.86889		340
2682	4.86889		340
2683	4.86889		340
2684	4.86889		340
2685	4.86889		340
2686	4.86889		340
2687	4.86889		340
2688	4.86889		340
2689	4.86889		340
2690	4.86889		340
2691	4.86889		340
2692	4.86889		340
2693	4.86889		340
2694	4.86889		340
2695	4.86889		340
2696	4.86889		340
2697	4.86889		340
2698	4.86889		340
2699	4.86889		340
2700	4.86889		340
2701	4.86889		340
2702	4.86889		340
2703	4.86889		340
2704	4.86889		340
2705	4.86889		340
2706	4.86889		340
2707	4.86889		340
2708	4.86889		340
2709	4.86889		340
2710	4.86889		340
2711	4.86889		340
2712	4.86889		340
2713	4.86889		340
2714	4.86889		340
2715	4.86889		340
2716	4.86889		340
2717	4.86889		340
2718	4.86889		340
2719	4.86889		340
2720	4.86889		340
2721	4.86889		340
2722	4.86889		340
2723	4.86889		340
2724	4.86889		340
2725	4.86889		340
2726	4.86889		340
2727	4.86889		340
2728	4.86889		340
2729	4.86889		340
2730	4.86889		340
2731	4.86889		340
2732	4.86889		340
2733	4.86889		340
2734	4.86889		340
2735	4.86889		340
2736	4.86889		340
2737	4.86889		340
2738	4.86889		340
2739	4.86889		340
2740	4.86889		340
2741	4.86889		340
2742	4.86889		340
2743	4.86889		340
2744	4.86889		340
2745	4.86889		340
2746	4.86889		340
2747	4.86889		340
2748	4.86889		340
2749	4.86889		340
2750	4.86889		340
2751	4.86889		340
2752	4.86889		340
2753	4.86889		340
2754	4.86889		340
2755	4.86889		340
2756	4.86889		340
2757	4.86889		340
2758	4.86889		340
2759	4.86889		340
2760	4.86889		340
2761	4.86889		340
2762	4.86889		340
2763	4.86889		340
2764	4.86889		340
2765	4.86889		340
2766	4.86889		340
2767	4.86889		340
2768	4.86889		340
2769	4.86889		340
2770	4.86889		340
2771	4.86889		340
2772	4.86889		340
2773	4.86889		340
2774	4.86889		340
2775	4.86889		340
2776	4.86889		340
2777	4.86889		340
2778	4.86889		340
2779	4.86889		340
2780	4.86889		340
2781	4.86889		340
2782	4.86889		340
2783	4.86889		340
2784	4.86889		340
2785	4.86889		340
2786	4.86889		340
2787	4.86889		340
2788	4.86889		340
2789	4.86889		340
2790	4.86889		340
2791	4.86889		340
2792	4.86889		340
2793	4.86889		340
2794	4.86889		340
2795	4.86889		340
2796	4.86889		340
2797	4.86889		340
2798	4.86889		340
2799	4.86889		340
2800	4.86889		340
2801	4.86889		340
2802	4.86889		340
2803	4.86889		340
2804	4.86889		340
2805	4.86889		340
2806	4.86889		340
2807	4.86889		340
2808	4.86889		340
2809	4.86889		340
2810	4.86889		340
2811	4.86889		340
2812	4.86889		340
2813	4.86889		340
2814	4.86889		340
2815	4.86889		340
2816	4.86889		340
2817	4.86889		340
2818	4.86889		340
2819	4.86889		340
2820	4.86889		340
2821	4.86889		340
2822	4.86889		340
2823	4.86889		340
2824	4.86889		340
2825	4.86889		340
2826	4.86889		340
2827	4.86889		340
2828	4.86889		340
2829	4.86889		340
2830	4.86889		340
2831	4.86889		340
2832	4.86889		340
2833	4.86889		340
2834	4.86889		340
2835	4.86889		340
2836	4.86889		340
2837	4.86889		340
2838	4.86889		340
2839	4.86889		340
2840	4.86889		340
2841	4.86889		340
2842	4.86889		340
2843	4.86889		340
2844	4.86889		340
2845	4.86889		340
2846	4.86889		340
2847	4.86889		340
2848	4.86889		340
2849	4.86889		340
2850	4.86889		340
2851	4.86889		340
2852	4.86889		340
2853	4.86889		340
2854	4.86889		340
2855	4.86889		340
2856	4.86889		340
2857	4.86889		340
2858	4.86889		340
2859	4.86889		340
2860	4.86889		340
2861	4.86889		340
2862	4.86889		340
2863	4.86889		340
2864	4.86889		340
2865	4.86889		340
2866	4.86889		340
2867	4.86889		340
2868	4.86889		340
2869	4.86889		340
2870	4.86889		340
2871	4.86889		340
2872	4.86889		340
2873	4.86889		340
2874	4.86889		340
2875	4.86889		340
2876	4.86889		340
2877	4.86889		340
2878	4.86889		340
2879	4.86889		340
2880	4.86889		340
2881	4.86889		340
2882	4.86889		340
2883	4.86889		340
2884	4.86889		340
2885	4.86889		340
2886	4.86889		340
2887	4.86889		340
2888	4.86889		340
2889	4.86889		340
2890	4.86889		340
2891	4.86889		340
2892	4.86889		340
2893	4.86889		340
2894	4.86889		340
2895	4.86889		340
2896	4.86889		340
2897	4.86889		340
2898	4.86889		340
2899	4.86889		340
2900	4.86889		340
2901	4.86889		340
2902	4.86889		340
2903	4.86889		340
2904	4.86889		340
2905	4.86889		340
2906	4.86889		340
2907	4.86889		340
2908	4.86889		340
2909	4.86889		340
2910	4.86889		340
2911	4.86889		340
2912	4.86889		340
2913	4.86889		340
2914	4.86889		340
2915	4.86889		340
2916	4.86889		340
2917	4.86889		340
2918	4.86889		340
2919	4.86889		340
2920	4.86889		340
2921	4.86889		340
2922	4.86889		340
2923	4.86889		340
2924	4.86889		340
2925	4.86889		340
2926	4.86889		340
2927	4.86889		340
2928	4.86889		340
2929	4.86889		340
2930	4.86889		340
2931	4.86889		340
2932	4.86889		340
2933	4.86889		340
2934	4.86889		340
2935	4.86889		340
2936	4.86889		340
2937	4.86889		340
2938	4.86889		340
2939	4.86889		340
2940	4.86889		340
2941	4.86889		340
2942	4.86889		340
2943	4.86889		340
2944	4.86889		340
2945	4.86889		340
2946	4.86889		340
2947	4.86889		340
2948	4.86889		340
2949	4.86889		340
2950	4.86889		340
2951	4.86889		340
2952	4.86889		340
2953	4.86889		340
2954	4.86889		340
2955	4.86889		340
2956	4.86889		340
2957	4.86889		340
2958	4.86889		340
2959	4.86889		340
2960	4.86889		340
2961	4.86889		340
2962	4.86889		340
2963	4.86889		340
2964	4.86889		340
2965	4.86889		340
2966	4.86889		340
2967	4.86889		340
2968	4.86889		340
2969	4.86889		340
2970	4.86889		340
2971	4.86889		340
2972	4.86889		340
2973	4.86889		340
2974	4.86889		340
2975	4.86889		340
2976	4.86889		340
2977	4.86889		340
2978	4.86889		340
2979	4.86889		340
2980	4.86889		340
2981	4.86889		340
2982	4.86889		340
2983	4.86889		340
2984	4.86889		340
2985	4.86889		340
2986	4.86889		340
2987	4.86889		340
2988	4.86889		340
2989	4.86889		340
2990	4.86889		340
2991	4.86889		340
2992	4.86889		340
2993	4.86889		340
2994	4.86889		340
2995	4.86889		340
2996	4.86889		340
2997	4.86889		340
2998	4.86889		340
2999	4.86889		340
3000	4.86889		340
3001	4.86889		340
3002	4.86889		340
3003	4.86889		340
3004	4.86889		340
3005	4.86889		340
3006	4.86889		340
3007	4.86889		340
3008	4.86889		340
3009	4.86889		340
3010	4.86889		340
3011	4.86889		340
3012	4.86889		340
3013	4.86889		340
3014	4.86889		340
3015	4.86889		340
3016	4.86889		340
3017	4.86889		340
3018	4.86889		340
3019	4.86889		340
3020	4.86889		340
3021	4.86889		340
3022	4.86889		340
3023	4.86889		340
3024	4.86889		340
3025	4.86889		340
3026	4.86889		340
3027	4.86889		340
3028	4.86889		340
3029	4.86889		340
3030	4.86889		340
3031	4.86889		340
3032	4.86889		340
3033	4.86889		340
3034	4.86889		340
3035	4.86889		340
3036	4.86889		340
3037	4.86889		340
3038	4.86889		340
3039	4.86889		340
3040	4.86889		340
3041	4.86889		340
3042	4.86889		340
3043	4.86889		340
3044	4.86889		340
3045	4.86889		340
3046	4.86889		340
3047	4.86889		340
3048	4.86889		340
3049	4.86889		340
3050	4.86889		340
3051	4.86889		340
3052	4.86889		340
3053	4.86889		340
3054	4.86889		340
3055	4.86889		340
3056	4.86889		340
3057	4.86889		340
3058	4.86889		340
3059	4.86889		340
3060	4.86889		340
3061	4.86889		340
3062	4.86889		340
3063	4.86889		340
3064	4.86889		340
3065	4.86889		340
3066	4.86889		340
3067	4.86889		340
3068	4.86889		340
3069	4.86889		340
3070	4.86889		340
3071	4.86889		340
3072	4.86889		340
3073	4.86889		340
3074	4.86889		340
3075	4.86889		340
3076	4.86889		340
3077	4.86889		340
3078	4.86889		340
3079	4.86889		340
3080	4.86889		340
3081	4.86889		340
3082	4.86889		340
3083	4.86889		340
3084	4.86889		340
3085	4.86889		340
3086	4.86889		340
3087	4.86889		340
3088	4.86889		340
3089	4.86889		340
3090	4.86889		340
3091	4.86889		340
3092	4.86889		340
3093	4.86889		340
3094	4.86889		340
3095	4.86889		340
3096	4.86889		340
3097	4.86889		340
3098	4.86889		340
3099	4.86889		340
3100	4.86889		340
3101	4.86889		340
3102	4.86889		340
3103	4.86889		340
3104	4.86889		340
3105	4.86889		340
3106	4.86889		340
3107	4.86889		340
3108	4.86889		340
3109	4.86889		340
3110	4.86889		340
3111	4.86889		340
3112	4.86889		340
3113	4.86889		340
3114	4.86889		340
3115	4.86889		340
3116	4.86889		340
3117	4.86889		340
3118	4.86889		340
3119	4.86889		340
3120	4.86889		340
3121	4.86889		340
3122	4.86889		340
3123	4.86889		340
3124	4.86889		340
3125	4.86889		340
3126	4.86889		340
3127	4.86889		340
3128	4.86889		340
3129	4.86889		340
3130	4.86889		340
3131	4.86889		340
3132	4.86889		340
3133	4.86889		340
3134	4.86889		340
3135	4.86889		340
3136	4.86889		340
3137	4.86889		340
3138	4.86889		340
3139	4.86889		340
3140	4.86889		340
3141	4.86889		340
3142	4.86889		340
3143	4.86889		340
3144	4.86889		340
3145	4.86889		340
3146	4.86889		340
3147	4.86889		340
3148	4.86889		340
3149	4.86889		340
3150	4.86889		340
3151	4.86889		340
3152	4.86889		340
3153	4.86889		340
3154	4.86889		340
3155	4.86889		340
3156	4.86889		340
3157	4.86889		340
3158	4.86889		340
3159	4.86889		340
3160	4.86889		340
3161	4.86889		340
3162	4.86889		340
3163	4.86889		340
3164	4.86889		340
3165	4.86889		340
3166	4.86889		340
3167	4.86889		340
3168	4.86889		340
3169	4.86889		340
3170	4.86889		340
3171	4.86889		340
3172	4.86889		340
3173	4.86889		340
3174	4.86889		340
3175	4.86889		340
3176	4.86889		340
3177	4.86889		340
3178	4.86889		340
3179	4.86889		340
3180	4.86889		340
3181	4.86889		340
3182	4.86889		340
3183	4.86889		340
3184	4.86889		340
3185	4.86889		340
3186	4.86889		340
3187	4.86889		340
3188	4.86889		340
3189	4.86889		340
3190	4.86889		340
3191	4.86889		340
3192	4.86889		340
3193	4.86889		340
3194	4.86889		340
3195	4.86889		340
3196	4.86889		340
3197	4.86889		340
3198	4.86889		340
3199	4.86889		340
3200	4.86889		340
3201	4.86889		340
3202	4.86889		340
3203	4.86889		340
3204	4.86889		340
3205	4.86889		340
3206	4.86889		340
3207	4.86889		340
3208	4.86889		340
3209	4.86889		340
3210	4.86889		340
3211	4.86889		340
3212	4.86889		340
3213	4.86889		340
3214	4.86889		340
3215	4.86889		340
3216	4.86889		340
3217	4.86889		340
3218	4.86889		340
3219	4.86889		340
3220	4.86889		340
3221	4.86889		340
3222	4.86889		340
3223	4.86889		340
3224	4.86889		340
3225	4.86889		340
3226	4.86889		340
3227	4.86889		340
3228	4.86889		340
3229	4.86889		340
3230	4.86889		340
3231	4.86889		340
3232	4.86889		340
3233	4.86889		340
3234	4.86889		340
3235	4.86889		340
3236	4.86889		340
3237	4.86889		340
3238	4.86889		340
3239	4.86889		340
3240	4.86889		340
3241	4.86889		340
3242	4.86889		340
3243	4.86889		340
3244	4.86889		340
3245	4.86889		340
3246	4.86889		340
3247	4.86889		340
3248	4.86889		340
3249	4.86889		340
3250	4.86889		340
3251	4.86889		340
3252	4.86889		340
3253	4.86889		340
3254	4.86889		340
3255	4.86889		340
3256	4.86889		340
3257	4.86889		340
3258	4.86889		340
3259	4.86889		340
3260	4.86889		340
3261	4.86889		340
3262	4.86889		340
3263	4.86889		340
3264	4.86889		340
3265	4.86889		340
3266	4.86889		340
3267	4.86889		340
3268	4.86889		340
3269	4.86889		340
3270	4.86889		340
3271	4.86889		340
3272	4.86889		340
3273	4.86889		340
3274	4.86889		340
3275	4.86889		340
3276	4.86889		340
3277	4.86889		340
3278	4.86889		340
3279	4.86889		340
3280	4.86889		340
3281	4.86889		340
3282	4.86889		340
3283	4.86889		340
3284	4.86889		340
3285	4.86889		340
3286	4.86889		340
3287	4.86889		340
3288	4.86889		340
3289	4.86889		340
3290	4.86889		340
3291	4.86889		340
3292	4.86889		340
3293	4.86889		340
3294	4.86889		340
3295	4.86889		340
3296	4.86889		340
3297	4.86889		340
3298	4.86889		340
3299	4.86889		340
3300	4.86889		340
3301	4.86889		340
3302	4.86889		340
3303	4.86889		340
3304	4.86889		340
3305	4.86889		340
3306	4.86889		340
3307	4.86889		340
3308	4.86889		340
3309	4.86889		340
3310	4.86889		340
3311	4.86889		340
3312	4.86889		340
3313	4.86889		340
3314	4.86889		340
3315	4.86889		340
3316	4.86889		340
3317	4.86889		340
3318	4.86889		340
3319	4.86889		340
3320	4.86889		340
3321	4.86889		340
3322	4.86889		340
3323	4.86889		340
3324	4.86889		340
3325	4.86889		340
3326	4.86889		340
3327	4.86889		340
3328	4.86889		340
3329	4.86889		340
3330	4.86889		340
3331	4.86889		340
3332	4.86889		340
3333	4.86889		340
3334	4.86889		340
3335	4.86889		340
3336	4.86889		340
3337	4.86889		340
3338	4.86889		340
3339	4.86889		340
3340	4.86889		340
3341	4.86889		340
3342	4.86889		340
3343	4.86889		340
3344	4.86889		340
3345	4.86889		340
3346	4.86889		340
3347	4.86889		340
3348	4.86889		340
3349	4.86889		340
3350	4.86889		340
3351	4.86889		340
3352	4.86889		340
3353	4.86889		340
3354	4.86889		340
3355	4.86889		340
3356	4.86889		340
3357	4.86889		340
3358	4.86889		340
3359	4.86889		340
3360	4.86889		340
3361	4.86889		340
3362	4.86889		340
3363	4.86889		340
3364	4.86889		340
3365	4.86889		340
3366	4.86889		340
3367	4.86889		340
3368	4.86889		340
3369	4.86889		340
3370	4.86889		340
3371	4.86889		340
3372	4.86889		340
3373	4.86889		340
3374	4.86889		340
3375	4.86889		340
3376	4.86889		340
3377	4.86889		340
3378	4.86889		340
3379	4.86889		340
3380	4.86889		340
3381	4.86889		340
3382	4.86889		340
3383	4.86889		340
3384	4.86889		340
3385	4.86889		340
3386	4.86889		340
3387	4.86889		340
3388	4.86889		340
3389	4.86889		340
3390	4.86889		340
3391	4.86889		340
3392	4.86889		340
3393	4.86889		340
3394	4.86889		340
3395	4.86889		340
3396	4.86889		340
3397	4.86889		340
3398	4.86889		340
3399	4.86889		340
3400	4.86889		340
3401	4.86889		340
3402	4.86889		340
3403	4.86889		340
3404	4.86889		340
3405	4.86889		340
3406	4.86889		340
3407	4.86889		340
3408	4.86889		340
3409	4.86889		340
3410	4.86889		340
3411	4.86889		340
3412	4.86889		340
3413	4.86889		340
3414	4.86889		340
3415	4.86889		340
3416	4.86889		340
3417	4.86889		340
3418	4.86889		340
3419	4.86889		340
3420	4.86889		340
3421	4.86889		340
3422	4.86889		340
3423	4.86889		340
3424	4.86889		340
3425	4.86889		340
3426	4.86889		340
3427	4.86889		340
3428	4.86889		340
3429	4.86889		340
3430	4.86889		340
3431	4.86889		340
3432	4.86889		340
3433	4.86889		340
3434	4.86889		340
3435	4.86889		340
3436	4.86889		340
3437	4.86889		340
3438	4.86889		340
3439	4.86889		340
3440	4.86889		340
3441	4.86889		340
3442	4.86889		340
3443	4.86889		340
3444	4.86889		340
3445	4.86889		340
3446	4.86889		340
3447	4.86889		340
3448	4.86889		340
3449	4.86889		340
3450	4.86889		340
3451	4.86889		340
3452	4.86889		340
3453	4.86889		340
3454	4.86889		340
3455	4.86889		340
3456	4.86889		340
3457	4.86889		340
3458	4.86889		340
3459	4.86889		340
3460	4.86889		340
3461	4.86889		340
3462	4.86889		340
3463	4.86889		340
3464	4.86889		340
3465	4.86889		340
3466	4.86889		340
3467	4.86889		340
3468	4.86889		340
3469	4.86889		340
3470	4.86889		340
3471	4.86889		340
3472	4.86889		340
3473	4.86889		340
3474	4.86889		340
3475	4.86889		340
3476	4.86889		340
3477	4.86889		340
3478	4.86889		340
3479	4.86889		340
3480	4.86889		340
3481	4.86889		340
3482	4.86889		340
3483	4.86889		340
3484	4.86889		340
3485	4.86889		340
3486	4.86889		340
3487	4.86889		340
3488	4.86889		340
3489	4.86889		340
3490	4.86889		340
3491	4.86889		340
3492	4.86889		340
3493	4.86889		340
3494	4.86889		340
3495	4.86889		340
3496	4.86889		340
3497	4.86889		340
3498	4.86889		340
3499	4.86889		340
3500	4.86889		340
3501	4.86889		340
3502	4.86889		340
3503	4.86889		340
3504	4.86889		340
3505	4.86889		340
3506	4.86889		340
3507	4.86889		340
3508	4.86889		340
3509	4.86889		340
3510	4.86889		340
3511	4.86889		340
3512	4.86889		340
3513	4.86889		340
3514	4.86889		340
3515	4.86889		340
3516	4.86889		340
3517	4.86889		340
3518	4.86889		340
3519	4.86889		340
3520	4.86889		340
3521	4.86889		340
3522	4.86889		340
3523	4.86889		340
3524	4.86889		340
3525	4.86889		340
3526	4.86889		340
3527	4.86889		340
3528	4.86889		340
3529	4.86889		340
3530	4.86889		340
3531	4.86889		340
3532	4.86889		340
3533	4.86889		340
3534	4.86889		340
3535	4.86889		340
3536	4.86889		340
3537	4.86889		340
3538	4.86889		340
3539	4.86889		340
3540	4.86889		340
3541	4.86889		340
3542	4.86889		340
3543	4.86889		340
3544	4.86889		340
3545	4.86889		340
3546	4.86889		340
3547	4.86889		340
3548	4.86889		340
3549	4.86889		340
3550	4.86889		340
3551	4.86889		340
3552	4.86889		340
3553	4.86889		340
3554	4.86889		340
3555	4.86889		340
3556	4.86889		340
3557	4.86889		340
3558	4.86889		340
3559	4.86889		340
3560	4.86889		340
3561	4.86889		340
3562	4.86889		340
3563	4.86889		340
3564	4.86889		340
3565	4.86889		340
3566	4.86889		340
3567	4.86889		340
3568	4.86889		340
3569	4.86889		340
3570	4.86889		340
3571	4.86889		340
3572	4.86889		340
3573	4.86889		340
3574	4.86889		340
3575	4.86889		340
3576	4.86889		340
3577	4.86889		340
3578	4.86889		340
3579	4.86889		340
3580	4.86889		340
3581	4.86889		340
3582	4.86889		340
3583	4.86889		340
3584	4.86889		340
3585	4.86889		340
3586	4.86889		340
3587	4.86889		340
3588	4.86889		340
3589	4.86889		340
3590	4.86889		340
3591	4.86889		340
3592	4.86889		340
3593	4.86889		340
3594	4.86889		340
3595	4.86889		340
3596	4.86889		340
3597	4.86889		340
3598	4.86889		340
3599	4.86889		340
3600	4.86889		340
3601	4.86889		340
3602	4.86889		340
3603	4.86889		340
3604	4.86889		340
3605	4.86889		340
3606	4.86889		340
3607	4.86889		340
3608	4.86889		340
3609	4.86889		340
3610	4.86889		340
3611	4.86889		340
3612	4.86889		340
3613	4.86889		340
3614	4.86889		340
3615	4.86889		340
3616	4.86889		340
3617	4.86889		340
3618	4.86889		340
3619	4.86889		340
3620	4.86889		340
3621	4.86889		340
3622	4.86889		340
3623	4.86889		340
3624	4.86889		340
3625	4.86889		340
3626	4.86889		340
3627	4.86889		340
3628	4.86889		340
3629	4.86889		340
3630	4.86889		340
3631	4.86889		340
3632	4.86889		340
3633	4.86889		340
3634	4.86889		340
3635	4.86889		340
3636	4.86889		340
3637	4.86889		340
3638	4.86889		340
3639	4.86889		340
3640	4.86889		340
3641	4.86889		340
3642	4.86889		340
3643	4.86889		340
3644	4.86889		340
3645	4.86889		340
3646	4.86889		340
3647	4.86889		340
3648	4.86889		340
3649	4.86889		340
3650	4.86889		340
3651	4.86889		340
3652	4.86889		340
3653	4.86889		340
3654	4.86889		340
3655	4.86889		340
3656	4.86889		340
3657	4.86889		340
3658	4.86889		340
3659	4.86889		340
3660	4.86889		340
3661	4.86889		340
3662	4.86889		340
3663	4.86889		340
3664	4.86889		340
3665	4.86889		340
3666	4.86889		340
3667	4.86889		340
3668	4.86889		340
3669	4.86889		340
3670	4.86889		340
3671	4.86889		340
3672	4.86889		340
3673	4.86889		340
3674	4.86889		340
3675	4.86889		340
3676	4.86889		340
3677	4.86889		340
3678	4.86889		340
3679	4.86889		340
3680	4.86889		340
3681	4.86889		340
3682	4.86889		340
3683	4.86889		340
3684	4.86889		340
3685	4.86889		340
3686	4.86889		340
3687	4.86889		340
3688	4.86889		340
3689	4.86889		340
3690	4.86889		340
3691	4.86889		340
3692	4.86889		340
3693	4.86889		340
3694	4.86889		340
3695	4.86889		340
3696	4.86889		340
3697	4.86889		340
3698	4.86889		340
3699	4.86889		340
3700	4.86889		340
3701	4.86889		340
3702	4.86889		340
3703	4.86889		340
3704	4.86889		340
3705	4.86889		340
3706	4.86889		340
3707	4.86889		340
3708	4.86889		340
3709	4.86889		340
3710	4.86889		340
3711	4.86889		340
3712	4.86889		340
3713	4.86889		340
3714	4.86889		340
3715	4.86889		340
3716	4.86889		340
3717	4.86889		340
3718	4.86889		340
3719	4.86889		340
3720	4.86889		340
3721	4.86889		340
3722	4.86889		340
3723	4.86889		340
3724	4.86889		340
3725	4.86889		340
3726	4.86889		340
3727	4.86889		340
3728	4.86889		340
3729	4.86889		340
3730	4.86889		340
3731	4.86889		340
3732	4.86889		340
3733	4.86889		340
3734	4.86889		340
3735	4.86889		340
3736	4.86889		340
3737	4.86889		340
3738	4.86889		340
3739	4.86889		340
3740	4.86889		340
3741	4.86889		340
3742	4.86889		340
3743	4.86889		340
3744	4.86889		340
3745	4.86889		340
3746	4.86889		340
3747	4.86889		340
3748	4.86889		340
3749	4.86889		340
3750	4.86889		340
3751	4.86889		340
3752	4.86889		340
3753	4.86889		340
3754	4.86889		340
3755	4.86889		340
3756	4.86889		340
3757	4.86889		340
3758	4.86889		340
3759	4.86889		340
3760	4.86889		340
3761	4.86889		340
3762	4.86889		340
3763	4.86889		340
3764	4.86889		340
3765	4.86889		340
3766	4.86889		340
3767	4.86889		340
3768	4.86889		340
3769	4.86889		340
3770	4.86889		340
3771	4.86889		340
3772	4.86889		340
3773	4.86889		340
3774	4.86889		340
3775	4.86889		340
3776	4.86889		340
3777	4.86889		340
3778	4.86889		340
3779	4.86889		340
3780	4.86889		340
3781	4.86889		340
3782	4.86889		340
3783	4.86889		340
3784	4.86889		340
3785	4.86889		340
3786	4.86889		340
3787	4.86889		340
3788	4.86889		340
3789	4.86889		340
3790	4.86889		340
3791	4.86889		340
3792	4.86889		340
3793	4.86889		340
3794	4.86889		340
3795	4.86889		340
3796	4.86889		340
3797	4.86889		340
3798	4.86889		340
3799	4.86889		340
3800	4.86889		340
3801	4.86889		340
3802	4.86889		340
3803	4.86889		340
3804	4.86889		340
3805	4.86889		340
3806	4.86889		340
3807	4.86889		340
3808	4.86889		340
3809	4.86889		340
3810	4.86889		340
3811	4.86889		340
3812	4.86889		340
3813	4.86889		340
3814	4.86889		340
3815	4.86889		340
3816	4.86889		340
3817	4.86889		340
3818	4.86889		340
3819	4.86889		340
3820	4.86889		340
3821	4.86889		340
3822	4.86889		340
3823	4.86889		340
3824	4.86889		340
3825	4.86889		340
3826	4.86889		340
3827	4.86889		340
3828	4.86889		340
3829	4.86889		340
3830	4.86889		340
3831	4.86889		340
3832	4.86889		340
3833	4.86889		340
3834	4.86889		340
3835	4.86889		340
3836	4.86889		340
3837	4.86889		340
3838	4.86889		340
3839	4.86889		340
3840	4.86889		340
3841	4.86889		340
3842	4.86889		340
3843	4.86889		340
3844	4.86889		340
3845	4.86889		340
3846	4.86889		340
3847	4.86889		340
3848	4.86889		340
3849	4.86889		340
3850	4.86889		340
3851	4.86889		340
3852	4.86889		340
3853	4.86889		340
3854	4.86889		340
3855	4.86889		340
3856	4.86889		340
3857	4.86889		340
3858	4.86889		340
3859	4.86889		340
3860	4.86889		340
3861	4.86889		340
3862	4.86889		340
3863	4.86889		340
3864	4.86889		340
3865	4.86889		340
3866	4.86889		340
3867	4.86889		340
3868	4.86889		340
3869	4.86889		340
3870	4.86889		340
3871	4.86889		340
3872	4.86889		340
3873	4.86889		340
3874	4.86889		340
3875	4.86889		340
3876	4.86889		340
3877	4.86889		340
3878	4.86889		340
3879	4.86889		340
3880	4.86889		340
3881	4.86889		340
3882	4.86889		340
3883	4.86889		340
3884	4.86889		340
3885	4.86889		340
3886	4.86889		340
3887	4.86889		340
3888	4.86889		340
3889	4.86889		340
3890	4.86889		340
3891	4.86889		340
3892	4.86889		340
3893	4.86889		340
3894	4.86889		340
3895	4.86889		340
3896	4.86889		340
3897	4.86889		340
3898	4.86889		340
3899	4.86889		340
3900	4.86889		340
3901	4.86889		340
3902	4.86889		340
3903	4.86889		340
3904	4.86889		340
3905	4.86889		340
3906	4.86889		340
3907	4.86889		340
3908	4.86889		340
3909	4.86889		340
3910	4.86889		340
3911	4.86889		340
3912	4.86889		340
3913	4.86889		340
3914	4.86889		340
3915	4.86889		340
3916	4.86889		340
3917	4.86889		340
3918	4.86889		340
3919	4.86889		340
3920	4.86889		340
3921	4.86889		340
3922	4.86889		340
3923	4.86889		340
3924	4.86889		340
3925	4.86889		340
3926	4.86889		340
3927	4.86889		340
3928	4.86889		340
3929	4.86889		340
3930	4.86889		340
3931	4.86889		340
3932	4.86889		340
3933	4.86889		340
3934	4.86889		340
3935	4.86889		340
3936	4.86889		340
3937	4.86889		340
3938	4.86889		340
3939	4.86889		340
3940	4.86889		340
3941	4.86889		340
3942	4.86889		340
3943	4.86889		340
3944	4.86889		340
3945	4.86889		340
3946	4.86889		340
3947	4.86889		340
3948	4.86889		340
3949	4.86889		340
3950	4.86889		340
3951	4.86889		340
3952	4.86889		340
3953	4.86889		340
3954	4.86889		340
3955	4.86889		340
3956	4.86889		340
3957	4.86889		340
3958	4.86889		340
3959	4.86889		340
3960	4.86889		340
3961	4.86889		340
3962	4.86889		340
3963	4.86889		340
3964	4.86889		340
3965	4.86889		340
3966	4.86889		340
3967	4.86889		340
3968	4.86889		340
3969	4.86889		340
3970	4.86889		340
3971	4.86889		340
3972	4.86889		340
3973	4.86889		340
3974	4.86889		340
3975	4.86889		340
3976	4.86889		340
3977	4.86889		340
3978	4.86889		340
3979	4.86889		340
3980	4.86889		340
3981	4.86889		340
3982	4.86889		340
3983	4.86889		340
3984	4.86889		340
3985	4.86889		340
3986	4.86889		340
3987	4.86889		340
3988	4.86889		340
3989	4.86889		340
3990	4.86889		340
3991	4.86889		340
3992	4.86889		340
3993	4.86889		340
3994	4.86889		340
3995	4.86889		340
3996	4.86889		340
3997	4.86889		340
3998	4.86889		340
3999	4.86889		340
4000	4.86889		340
4001	4.86889		340
4002	4.86889		340
4003	4.86889		340
4004	4.86889		340
4005	4.86889		340
4006	4.86889		340
4007	4.86889		340
4008	4.86889		340
4009	4.86889		340
4010	4.86889		340
4011	4.86889		340
4012	4.86889		340
4013	4.86889		340
4014	4.86889		340
4015	4.86889		340
4016	4.86889		340
4017	4.86889		340
4018	4.86889		340
4019	4.86889		340
4020	4.86889		340
4021	4.86889		340
4022	4.86889		340
4023	4.86889		340
4024	4.86889		340
4025	4.86889		340
4026	4.86889		340
4027	4.86889		340
4028	4.86889		340
4029	4.86889		340
4030	4.86889		340
4031	4.86889		340
4032	4.86889		340
4033	4.86889		340
4034	4.86889		340
4035	4.86889		340
4036	4.86889		340
4037	4.86889		340
4038	4.86889		340
4039	4.86889		340
4040	4.86889		340
4041	4.86889		340
4042	4.86889		340
4043	4.86889		340
4044	4.86889		340
4045	4.86889		340
4046	4.86889		340
4047	4.86889		340
4048	4.86889		340
4049	4.86889		340
4050	4.86889		340
4051	4.86889		340
4052	4.86889		340
4053	4.86889		340
4054	4.86889		340
4055	4.86889		340
4056	4.86889		340
4057	4.86889		340
4058	4.86889		340
4059	4.86889		340
4060	4.86889		340
4061	4.86889		340
4062	4.86889		340
4063	4.86889		340
4064	4.86889		340
4065	4.86889		340
4066	4.86889		340
4067	4.86889		340
4068	4.86889		340
4069	4.86889		340
4070	4.86889		340
4071	4.86889		340
4072	4.86889		340
4073	4.86889		340
4074	4.86889		340
4075	4.86889		340
4076	4.86889		340
4077	4.86889		340
4078	4.86889		340
4079	4.86889		340
4080	4.86889		340
4081	4.86889		340
4082	4.86889		340
4083	4.86889		340
4084	4.86889		340
4085	4.86889		340
4086	4.86889		340
4087	4.86889		340
4088	4.86889		340
4089	4.86889		340
4090	4.86889		340
4091	4.86889		340
4092	4.86889		340
4093	4.86889		340
4094	4.86889		340
4095	4.86889		340
4096	4.86889		340
4097	4.86889		340
4098	4.86889		340
4099	4.86889		340
4100	4.86889		340
4101	4.86889		340
4102	4.86889		340
4103	4.86889		340
4104	4.86889		340
4105	4.86889		340
4106	4.86889		340
4107	4.86889		340
4108	4.86889		340
4109	4.86889		340
4110	4.86889		340
4111	4.86889		340
4112	4.86889		340
4113	4.86889		340
4114	4.86889		340
4115	4.86889		340
4116	4.86889		340
4117	4.86889		340
4118	4.86889		340
4119	4.86889		340
4120	4.86889		340
4121	4.86889		340
4122	4.86889		340
4123	4.86889		340
4124	4.86889		340
4125	4.86889		340
4126	4.86889		340
4127	4.86889		340
4128	4.86889		340
4129	4.86889		340
4130	4.86889		340
4131	4.86889		340
4132	4.86889		340
4133	4.86889		340
4134	4.86889		340
4135	4.86889		340
4136	4.86889		340
4137	4.86889		340
4138	4.86889		340
4139	4.86889		340
4140	4.86889		340
4141	4.86889		340
4142	4.86889		340
4143	4.86889		340
4144	4.86889		340
4145	4.86889		340
4146	4.86889		340
4147	4.86889		340
4148	4.86889		340
4149	4.86889		340
4150	4.86889		340
4151	4.86889		340
4152	4.86889		340
4153	4.86889		340
4154	4.86889		340
4155	4.86889		340
4156	4.86889		340
4157	4.86889		340
4158	4.86889		340
4159	4.86889		340
4160	4.86889		340
4161	4.86889		340
4162	4.86889		340
4163	4.86889		340
4164	4.86889		340
4165	4.86889		340
4166	4.86889		340
4167	4.86889		340
4168	4.86889		340
4169	4.86889		340
4170	4.86889		340
4171	4.86889		340
4172	4.86889		340
4173	4.86889		340
4174	4.86889		340
4175	4.86889		340
4176	4.86889		340
4177	4.86889		340
4178	4.86889		340
4179	4.86889		340
4180	4.86889		340
4181	4.86889		340
4182	4.86889		340
4183	4.86889		340
4184	4.86889		340
4185	4.86889		340
4186	4.86889		340
4187	4.86889		340
4188	4.86889		340
4189	4.86889		340
4190	4.86889		340
4191	4.86889		340
4192	4.86889		340
4193	4.86889		340
4194	4.86889		340
4195	4.86889		340
4196	4.86889		340
4197	4.86889		340
4198	4.86889		340
4199	4.86889		340
4200	4.86889		340
4201	4.86889		340
4202	4.86889		340
4203	4.86889		340
4204	4.86889		340
4205	4.86889		340
4206	4.86889		340
4207	4.86889		340
4208	4.86889		340
4209	4.86889		340
4210	4.86889		340
4211	4.86889		340
4212	4.86889		340
4213	4.86889		340
4214	4.86889		340
4215	4.86889		340
4216	4.86889		340
4217	4.86889		340
4218	4.86889		340
4219	4.86889		340
4220	4.86889		340
4221	4.86889		340
4222	4.86889		340
4223	4.86889		340
4224	4.86889		340
4225	4.86889		340
4226	4.86889		340
4227	4.86889		340
4228	4.86889		340
4229	4.86889		340
4230	4.86889		340
4231	4.86889		340
4232	4.86889		340
4233	4.86889		340
4234	4.86889		340
4235	4.86889		340
4236	4.86889		340
4237	4.86889		340
4238	4.86889		340
4239	4.86889		340
4240	4.86889		340
4241	4.86889		340
4242	4.86889		340
4243	4.86889		340
4244	4.86889		340
4245	4.86889		340
4246	4.86889		340
4247	4.86889		340
4248	4.86889		340
4249	4.86889		340
4250	4.86889		340
4251	4.86889		340
4252	4.86889		340
4253	4.86889		340
4254	4.86889		340
4255	4.86889		340
4256	4.86889		340
4257	4.86889		340
4258	4.86889		340
4259	4.86889		340
4260	4.86889		340
4261	4.86889		340
4262	4.86889		340
4263	4.86889		340
4264	4.86889		340
4265	4.86889		340
4266	4.86889		340
4267	4.86889		340
4268	4.86889		340
4269	4.86889		340
4270	4.86889		340
4271	4.86889		340
4272	4.86889		340
4273	4.86889		340
4274	4.86889		340
4275	4.86889		340
4276	4.86889		340
4277	4.86889		340
4278	4.86889		340
4279	4.86889		340
4280	4.86889		340
4281	4.86889		340
4282	4.86889		340
4283	4.86889		340
4284	4.86889		340
4285	4.86889		340
4286	4.86889		340
4287	4.86889		340
4288	4.86889		340
4289	4.86889		340
4290	4.86889		340
4291	4.86889		340
4292	4.86889		340
4293	4.86889		340
4294	4.86889		340
4295	4.86889		340
4296	4.86889		340
4297	4.86889		340
4298	4.86889		340
4299	4.86889		340
4300	4.86889		340
4301	4.86889		340
4302	4.86889		340
4303	4.86889		340
4304	4.86889		340
4305	4.86889		340
4306	4.86889		340
4307	4.86889		340
4308	4.86889		340
4309	4.86889		340
4310	4.86889		340
4311	4.86889		340
4312	4.86889		340
4313	4.86889		340
4314	4.86889		340
4315	4.86889		340
4316	4.86889		340
4317	4.86889		340
4318	4.86889		340
4319	4.86889		340
4320	4.86889		340
4321	4.86889		340
4322	4.86889		340
4323	4.86889		340
4324	4.86889		340
4325	4.86889		340
4326	4.86889		340
4327	4.86889		340
4328	4.86889		340
4329	4.86889		340
4330	4.86889		340
4331	4.86889		340
4332	4.86889		340
4333	4.86889		340
4334	4.86889		340
4335	4.86889		340
4336	4.86889		340
4337	4.86889		340
4338	4.86889		340
4339	4.86889		340
4340	4.86889		340
4341	4.86889		340
4342	4.86889		340
4343	4.86889		340
4344	4.86889		340
4345	4.86889		340
4346	4.86889		340
4347	4.86889		340
4348	4.86889		340
4349	4.86889		340
4350	4.86889		340
4351	4.86889		340
4352	4.86889		340
4353	4.86889		340
4354	4.86889		340
4355	4.86889		340
4356	4.86889		340
4357	4.86889		340
4358	4.86889		340
4359	4.86889		340
4360	4.86889		340
4361	4.86889		340
4362	4.86889		340
4363	4.86889		340
4364	4.86889		340
4365	4.86889		340
4366	4.86889		340
4367	4.86889		340
4368	4.86889		340
4369	4.86889		340
4370	4.86889		340
4371	4.86889		340
4372	4.86889		340
4373	4.86889		340
4374	4.86889		340
4375	4.86889		340
4376	4.86889		340
4377	4.86889		340
4378	4.86889		340
4379	4.86889		340
4380	4.86889		340
4381	4.86889		340
4382	4.86889		340
4383	4.86889		340
4384	4.86889		340
4385	4.86889		340
4386	4.86889		340
4387	4.86889		340
4388	4.86889		340
4389	4.86889		340
4390	4.86889		340
4391	4.86889		340
4392	4.86889		340
4393	4.86889		340
4394	4.86889		340
4395	4.86889		340
4396	4.86889		340
4397	4.86889		340
4398	4.86889		340
4399	4.86889		340
4400	4.86889		340
4401	4.86889		340
4402	4.86889		340
4403	4.86889		340
4404	4.86889		340
4405	4.86889		340
4406	4.86889		340
4407	4.86889		340
4408	4.86889		340
4409	4.86889		340
4410	4.86889		340
4411	4.86889		340
4412	4.86889		340
4413	4.86889		340
4414	4.86889		340
4415	4.86889		340
4416	4.86889		340
4417	4.86889		340
4418	4.86889		340
4419	4.86889		340
4420	4.86889		340
4421	4.86889		340
4422	4.86889		340
4423	4.86889		340
4424	4.86889		340
4425	4.86889		340
4426	4.86889		340
4427	4.86889		340
4428	4.86889		340
4429	4.86889		340
4430	4.86889		340
4431	4.86889		340
4432	4.86889		340
4433	4.86889		340
4434	4.86889		340
4435	4.86889		340
4436	4.86889		340
4437	4.86889		340
4438	4.86889		340
4439	4.86889		340
4440	4.86889		340
4441	4.86889		340
4442	4.86889		340
4443	4.86889		340
4444	4.86889		340
4445	4.86889		340
4446	4.86889		340
4447	4.86889		340
4448	4.86889		340
4449	4.86889		340
4450	4.86889		340
4451	4.86889		340
4452	4.86889		340
4453	4.86889		340
4454	4.86889		340
4455	4.86889		340
4456	4.86889		340
4457	4.86889		340
4458	4.86889		340
4459	4.86889		340
4460	4.86889		340
4461	4.86889		340
4462	4.86889		340
4463	4.86889		340
4464	4.86889		340
4465	4.86889		340
4466	4.86889		340
4467	4.86889		340
4468	4.86889		340
4469	4.86889		340
4470	4.86889		340
4471	4.86889		340
4472	4.86889		340
4473	4.86889		340
4474	4.86889		340
4475	4.86889		340
4476	4.86889		340
4477	4.86889		340
4478	4.86889		340
4479	4.86889		340
4480	4.86889		340
4481	4.86889		340
4482	4.86889		340
4483	4.86889		340
4484	4.86889		340
4485	4.86889		340
4486	4.86889		340
4487	4.86889		340
4488	4.86889		340
4489	4.86889		340
4490	4.86889		340
4491	4.86889		340
4492	4.86889		340
4493	4.86889		340
4494	4.86889		340
4495	4.86889		340
4496	4.86889		340
4497	4.86889		340
4498	4.86889		340
4499	4.86889		340
4500	4.86889		340
4501	4.86889		340
4502	4.86889		340
4503	4.86889		340
4504	4.86889		340
4505	4.86889		340
4506	4.86889		340
4507	4.86889		340
4508	4.86889		340
4509	4.86889		340
4510	4.86889		340
4511	4.86889		340
4512	4.86889		340
4513	4.86889		340
4514	4.86889		340
4515	4.86889		340
4516	4.86889		340
4517	4.86889		340
4518	4.86889		340
4519	4.86889		340
4520	4.86889		340
4521	4.86889		340
4522	4.86889		340
4523	4.86889		340
4524	4.86889		340
4525	4.86889		340
4526	4.86889		340
4527	4.86889		340
4528	4.86889		340
4529	4.86889		340
4530	4.86889		340
4531	4.86889		340
4532	4.86889		340
4533	4.86889		340
4534	4.86889		340
4535	4.86889		340
4536	4.86889		340
4537	4.86889		340
4538	4.86889		340
4539	4.86889		340
4540	4.86889		340
4541	4.86889		340
4542	4.86889		340
4543	4.86889		340
4544	4.86889		340
4545	4.86889		340
4546	4.86889		340
4547	4.86889		340
4548	4.86889		340
4549	4.86889		340
4550	4.86889		340
4551	4.86889		340
4552	4.86889		340
4553	4.86889		340
4554	4.86889		340
4555	4.86889		340
4556	4.86889		340
4557	4.86889		340
4558	4.86889		340
4559	4.86889		340
4560	4.86889		340
4561	4.86889		340
4562	4.86889		340
4563	4.86889		340
4564	4.86889		340
4565	4.86889		340
4566	4.86889		340
4567	4.86889		340
4568	4.86889		340
4569	4.86889		340
4570	4.86889		340
4571	4.86889		340
4572	4.86889		340
4573	4.86889		340
4574	4.86889		340
4575	4.86889		340
4576	4.86889		340
4577	4.86889		340
4578	4.86889		340
4579	4.86889		340
4580	4.86889		340
4581	4.86889		340
4582	4.86889		340
4583	4.86889		340
4584	4.86889		340
4585	4.86889		340
4586	4.86889		340
4587	4.86889		340
4588	4.86889		340
4589	4.86889		340
4590	4.86889		340
4591	4.86889		340
4592	4.86889		340
4593	4.86889		340
4594	4.86889		340
4595	4.86889		340
4596	4.86889		340
4597	4.86889		340
4598	4.86889		340
4599	4.86889		340
4600	4.86889		340
4601	4.86889		340
4602	4.86889		340
4603	4.86889		340
4604	4.86889		340
4605	4.86889		340
4606	4.86889		340
4607	4.86889		340
4608	4.86889		340
4609	4.86889		340
4610	4.86889		340
4611	4.86889		340
4612	4.86889		340
4613	4.86889		340
4614	4.86889		340
4615	4.86889		340
4616	4.86889		340
4617	4.86889		340
4618	4.86889		340
4619	4.86889		340
4620	4.86889		340
4621	4.86889		340
4622	4.86889		340
4623	4.86889		340
4624	4.86889		340
4625	4.86889		340
4626	4.86889		340
4627	4.86889		340
4628	4.86889		340
4629	4.86889		340
4630	4.86889		340
4631	4.86889		340
4632	4.86889		340
4633	4.86889		340
4634	4.86889		340
4635	4.86889		340
4636	4.86889		340
4637	4.86889		340
4638	4.86889		340
4639	4.86889		340
4640	4.86889		340
4641	4.86889		340
4642	4.86889		340
4643	4.86889		340
4644	4.86889		340
4645	4.86889		340
4646	4.86889		340
4647	4.86889		340
4648	4.86889		340
4649	4.86889		340
4650	4.86889		340
4651	4.86889		340
4652	4.86889		340
4653	4.86889		340
4654	4.86889		340
4655	4.86889		340
4656	4.86889		340
4657	4.86889		340
4658	4.86889		340
4659	4.86889		340
4660	4.86889		340
4661	4.86889		340
4662	4.86889		340
4663	4.86889		340
4664	4.86889		340
4665	4.86889		340
4666	4.86889		340
4667	4.86889		340
4668	4.86889		340
4669	4.86889		340
4670	4.86889		340
4671	4.86889		340
4672	4.86889		340
4673	4.86889		340
4674	4.86889		340
4675	4.86889		340
4676	4.86889		340
4677	4.86889		340
4678	4.86889		340
4679	4.86889		340
4680	4.86889		340
4681	4.86889		340
4682	4.86889		340
4683	4.86889		340
4684	4.86889		340
4685	4.86889		340
4686	4.86889		340
4687	4.86889		340
4688	4.86889		340
4689	4.86889		340
4690	4.86889		340
4691	4.86889		340
4692	4.86889		340
4693	4.86889		340
4694	4.86889		340
4695	4.86889		340
4696	4.86889		340
4697	4.86889		340
4698	4.86889		340
4699	4.86889		340
4700	4.86889		340
4701	4.86889		340
4702	4.86889		340
4703	4.86889		340
4704	4.86889		340
4705	4.86889		340
4706	4.86889		340
4707	4.86889		340
4708	4.86889		340
4709	4.86889		340
4710	4.86889		340
4711	4.86889		340
4712	4.86889		340
4713	4.86889		340
4714	4.86889		340
4715	4.86889		340
4716	4.86889		340
4717	4.86889		340
4718	4.86889		340
4719	4.86889		340
4720	4.86889		340
4721	4.86889		340
4722	4.86889		340
4723	4.86889		340
4724	4.86889		340
4725	4.86889		340
4726	4.86889		340
4727	4.86889		340
4728	4.86889		340
4729	4.86889		340
4730	4.86889		340
4731	4.86889		340
4732	4.86889		340
4733	4.86889		340
4734	4.86889		340
4735	4.86889		340
4736	4.86889		340
4737	4.86889		340
4738	4.86889		340
4739	4.86889		340
4740	4.86889		340
4741	4.86889		340
4742	4.86889		340
4743	4.86889		340
4744	4.86889		340
4745	4.86889		340
4746	4.86889		340
4747	4.86889		340
4748	4.86889		340
4749	4.86889		340
4750	4.86889		340
4751	4.86889		340
4752	4.86889		340
4753	4.86889		340
4754	4.86889		340
4755	4.86889		340
4756	4.86889		340
4757	4.86889		340
4758	4.86889		340
4759	4.86889		340
4760	4.86889		340
4761	4.86889		340
4762	4.86889		340
4763	4.86889		340
4764	4.86889		340
4765	4.86889		340
4766	4.86889		340
4767	4.86889		340
4768	4.86889		340
4769	4.86889		340
4770	4.86889		340
4771	4.86889		340
4772	4.86889		340
4773	4.86889		340
4774	4.86889		340
4775	4.86889		340
4776	4.86889		340
4777	4.86889		340
4778	4.86889		340
4779	4.86889		340
4780	4.86889		340
4781	4.86889		340
4782	4.86889		340
4783	4.86889		340
4784	4.86889		340
4785	4.86889		340
4786	4.86889		340
4787	4.86889		340
4788	4.86889		340
4789	4.86889		340
4790	4.86889		340
4791	4.86889		340
4792	4.86889		340
4793	4.86889		340
4794	4.86889		340
4795	4.86889		340
4796	4.86889		340
4797	4.86889		340
4798	4.86889		340
4799	4.86889		340
4800	4.86889		340
4801	4.86889		340
4802	4.86889		340
4803	4.86889		340
4804	4.86889		340
4805	4.86889		340
4806	4.86889		340
4807	4.86889		340
4808	4.86889		340
4809	4.86889		340
4810	4.86889		340
4811	4.86889		340
4812	4.86889		340
4813	4.86889		340
4814	4.86889		340
4815	4.86889		340
4816	4.86889		340
4817	4.86889		340
4818	4.86889		340
4819	4.86889		340
4820	4.86889		340
4821	4.86889		340
4822	4.86889		340
4823	4.86889		340
4824	4.86889		340
4825	4.86889		340
4826	4.86889		340
4827	4.86889		340
4828	4.86889		340
4829	4.86889		340
4830	4.86889		340
4831	4.86889		340
4832	4.86889		340
4833	4.86889		340
4834	4.86889		340
4835	4.86889		340
4836	4.86889		340
4837	4.86889		340
4838	4.86889		340
4839	4.86889		340
4840	4.86889		340
4841	4.86889		340
4842	4.86889		340
4843	4.86889		340
4844	4.86889		340
4845	4.86889		340
4846	4.86889		340
4847	4.86889		340
4848	4.86889		340
4849	4.86889		340
4850	4.86889		340
4851	4.86889		340
4852	4.86889		340
4853	4.86889		340
4854	4.86889		340
4855	4.86889		340
4856	4.86889		340
4857	4.86889		340
4858	4.86889		340
4859	4.86889		340
4860	4.86889		340
4861	4.86889		340
4862	4.86889		340
4863	4.86889		340
4864	4.86889		340
4865	4.86889		340
4866	4.86889		340
4867	4.86889		340
4868	4.86889		340
4869	4.86889		340
4870	4.86889		340
4871	4.86889		340
4872	4.86889		340
4873	4.86889		340
4874	4.86889		340
4875	4.86889		340
4876	4.86889		340
4877	4.86889		340
4878	4.86889		340
4879	4.86889		340
4880	4.86889		340
4881	4.86889		340
4882	4.86889		340
4883	4.86889		340
4884	4.86889		340
4885	4.86889		340
4886	4.86889		340
4887	4.86889		340
4888	4.86889		340
4889	4.86889		340
4890	4.86889		340
4891	4.86889		340
4892	4.86889		340
4893	4.86889		340
4894	4.86889		340
4895	4.86889		340
4896	4.86889		340
4897	4.86889		340
4898	4.86889		340
4899	4.86889		340
4900	4.86889		340
4901	4.86889		340
4902	4.86889		340
4903	4.86889		340
4904	4.86889		340
4905	4.86889		340
4906	4.86889		340
4907	4.86889		340
4908	4.86889		340
4909	4.86889		340
4910	4.86889		340
4911	4.86889		340
4912	4.86889		340
4913	4.86889		340
4914	4.86889		340
4915	4.86889		340
4916	4.86889		340
4917	4.86889		340
4918	4.86889		340
4919	4.86889		340
4920	4.86889		340
4921	4.86889		340
4922	4.86889		340
4923	4.86889		340
4924	4.86889		340
4925	4.86889		340
4926	4.86889		340
4927	4.86889		340
4928	4.86889		340
4929	4.86889		340
4930	4.86889		340
4931	4.86889		340
4932	4.86889		340
4933	4.86889		340
4934	4.86889		340
4935	4.86889		340
4936	4.86889		340
4937	4.86889		340
4938	4.86889		340
4939	4.86889		340
4940	4.86889		340
4941	4.86889		340
4942	4.86889		340
4943	4.86889		340
4944	4.86889		340
4945	4.86889		340
4946	4.86889		340
4947	4.86889		340
4948	4.86889		340
4949	4.86889		340
4950	4.86889		340
4951	4.86889		340
4952	4.86889		340
4953	4.86889		340
4954	4.86889		340
4955	4.86889		340
4956	4.86889		340
4957	4.86889		340
4958	4.86889		340
4959	4.86889		340
4960	4.86889		340
4961	4.86889		340
4962	4.86889		340
4963	4.86889		340
4964	4.86889		340
4965	4.86889		340
4966	4.86889		340
4967	4.86889		340
4968	4.86889		340
4969	4.86889		340
4970	4.86889		340
4971	4.86889		340
4972	4.86889		340
4973	4.86889		340
4974	4.86889		340
4975	4.86889		340
4976	4.86889		340
4977	4.86889		340
4978	4.86889		340
4979	4.86889		340
4980	4.86889		340
4981	4.86889		340
4982	4.86889		340
4983	4.86889		340
4984	4.86889		340
4985	4.86889		340
4986	4.86889		340
4987	4.86889		340
4988	4.86889		340
4989	4.86889		340
4990	4.86889		340
4991	4.86889		340
4992	4.86889		340
4993	4.86889		340
4994	4.86889		340
4995	4.86889		340
4996	4.86889		340
4997	4.86889		340
4998	4.86889		340
4999	4.86889		340
5000	4.86889		340
