1	15.4655
2	14.4219
3	13.4851
4	13.0225
5	12.825
6	12.5604
7	12.2198
8	11.7612
9	11.4802
10	11.0109
11	10.6286
12	10.6042
13	10.3792
14	10.1018
15	9.94034
16	9.88093
17	9.92706
18	9.85977
19	9.77903
20	9.65065
21	9.57318
22	9.38753
23	9.14295
24	9.13455
25	9.09175
26	9.09109
27	9.03357
28	9.00162
29	8.98485
30	8.84438
31	8.69671
32	8.74282
33	8.72926
34	8.62158
35	8.45887
36	8.33465
37	8.34418
38	8.38677
39	8.34155
40	8.27064
41	8.22489
42	8.15199
43	8.08641
44	8.26075
45	8.52097
46	8.42606
47	8.34242
48	8.07872
49	8.01588
50	7.97958
51	7.9571
52	8.28335
53	8.283
54	8.12939
55	8.04102
56	8.26883
57	8.18592
58	8.27655
59	8.24494
60	8.3268
61	7.92694
62	7.90678
63	7.90218
64	7.89013
65	7.84156
66	7.76996
67	7.72038
68	7.69869
69	7.61055
70	7.52444
71	7.52046
72	7.51953
73	7.51814
74	7.60257
75	7.48339
76	7.44905
77	7.42513
78	7.40044
79	7.39158
80	7.2982
81	7.2988
82	7.24574
83	7.14129
84	7.11865
85	7.1111
86	7.13882
87	7.06496
88	7.01488
89	7.01294
90	7.01294
91	7.01294
92	7.01287
93	7.01151
94	7.00981
95	7.0095
96	7.00835
97	7.00726
98	7.00657
99	6.99138
100	6.97412
101	6.97274
102	6.97274
103	6.97168
104	6.95329
105	6.95589
106	6.93513
107	6.7653
108	6.60045
109	6.49674
110	6.37572
111	6.29501
112	6.21584
113	6.21584
114	6.21534
115	6.20629
116	6.19418
117	6.18941
118	6.16814
119	6.32817
120	6.1421
121	6.21101
122	6.3642
123	6.32756
124	6.43025
125	6.31718
126	6.09679
127	6.05258
128	6.05258
129	6.05258
130	6.05258
131	6.05258
132	6.05246
133	6.05006
134	6.04649
135	6.03143
136	6.0131
137	5.99868
138	5.98176
139	5.9777
140	5.9777
141	5.97543
142	5.93876
143	5.88187
144	5.86391
145	5.86391
146	5.86391
147	5.86391
148	5.86391
149	5.86391
150	5.86391
151	5.86391
152	5.86391
153	5.86391
154	5.86391
155	5.86391
156	5.86391
157	5.86391
158	5.86391
159	5.86391
160	5.86391
161	5.86391
162	5.86323
163	5.89771
164	5.93219
165	5.92645
166	5.91495
167	5.93208
168	5.91495
169	5.92945
170	5.91495
171	5.90346
172	5.92228
173	5.89001
174	5.86153
175	5.8399
176	5.82961
177	5.82961
178	5.82961
179	5.82961
180	5.82961
181	5.8295
182	5.8267
183	5.82402
184	5.82402
185	5.82402
186	5.82402
187	5.82402
188	5.82402
189	5.82402
190	5.82402
191	5.82402
192	5.82402
193	5.82402
194	5.82402
195	5.82402
196	5.82402
197	5.82402
198	5.82402
199	5.82402
200	5.82402
201	5.82402
202	5.82402
203	5.82402
204	5.82402
205	5.82402
206	5.82402
207	5.82402
208	5.8213
209	5.76152
210	5.69363
211	5.68822
212	5.68822
213	5.68822
214	5.68822
215	5.68763
216	5.68203
217	5.67466
218	5.67349
219	5.67349
220	5.67349
221	5.67349
222	5.67349
223	5.67349
224	5.67349
225	5.67349
226	5.67349
227	5.67349
228	5.67349
229	5.67349
230	5.67349
231	5.67349
232	5.67349
233	5.67349
234	5.67349
235	5.67349
236	5.67349
237	5.67349
238	5.67349
239	5.67349
240	5.67349
241	5.67349
242	5.67349
243	5.67349
244	5.67349
245	5.67349
246	5.67349
247	5.67349
248	5.67349
249	5.67349
250	5.67349
251	5.67349
252	5.67349
253	5.67349
254	5.67349
255	5.67349
256	5.67349
257	5.67349
258	5.67349
259	5.67158
260	5.63533
261	5.58762
262	5.57806
263	5.57806
264	5.57806
265	5.57806
266	5.57806
267	5.57806
268	5.57695
269	5.65829
270	5.62629
271	5.63082
272	5.58896
273	5.53059
274	5.52286
275	5.52286
276	5.52263
277	5.51527
278	5.46991
279	5.42975
280	5.42815
281	5.42815
282	5.42815
283	5.42815
284	5.42815
285	5.42815
286	5.42815
287	5.42815
288	5.42815
289	5.42815
290	5.42815
291	5.42815
292	5.42815
293	5.42815
294	5.42815
295	5.42815
296	5.42815
297	5.42815
298	5.42815
299	5.42815
300	5.42815
301	5.42815
302	5.42815
303	5.35584
304	5.28643
305	5.28643
306	5.28643
307	5.28643
308	5.28643
309	5.28643
310	5.28643
311	5.28643
312	5.28643
313	5.28482
314	5.25601
315	5.21586
316	5.20439
317	5.16127
318	5.11988
319	5.11988
320	5.11926
321	5.10517
322	5.08984
323	5.08921
324	5.08921
325	5.08921
326	5.08921
327	5.08921
328	5.08921
329	5.08921
330	5.08921
331	5.08921
332	5.08921
333	5.08921
334	5.08921
335	5.08921
336	5.08921
337	5.08921
338	5.08921
339	5.08921
340	5.08921
341	5.08921
342	5.08921
343	5.08921
344	5.08921
345	5.08921
346	5.08921
347	5.08921
348	5.08921
349	5.08921
350	5.08841
351	5.06915
352	5.04909
353	5.04909
354	5.04909
355	5.04909
356	5.04909
357	5.04909
358	5.04909
359	5.04909
360	5.04909
361	5.04909
362	5.04909
363	5.04909
364	5.04909
365	5.04909
366	5.04909
367	5.04909
368	5.04909
369	5.04909
370	5.04909
371	5.04909
372	5.04909
373	5.04909
374	5.04909
375	5.04909
376	5.04909
377	5.04909
378	5.04909
379	5.04909
380	5.04909
381	5.04909
382	5.04909
383	5.04909
384	5.04909
385	5.04909
386	5.04909
387	5.04909
388	5.04909
389	5.04909
390	5.04909
391	5.04909
392	5.04909
393	5.04909
394	5.04909
395	5.04909
396	5.04909
397	5.04909
398	5.04909
399	5.04909
400	5.04909
401	5.04909
402	5.04909
403	5.04909
404	5.04909
405	5.04909
406	5.04909
407	5.04909
408	5.04909
409	5.04909
410	5.04909
411	5.04909
412	5.04909
413	5.04909
414	5.04909
415	5.04909
416	5.04909
417	5.04909
418	5.04909
419	5.04909
420	5.04909
421	5.04909
422	5.04909
423	5.0473
424	5.01146
425	4.96665
426	4.95948
427	4.95948
428	4.95948
429	4.95948
430	4.95948
431	4.95948
432	4.95948
433	4.95948
434	4.95948
435	4.95948
436	4.95948
437	4.95948
438	4.95948
439	4.95948
440	4.95948
441	4.95948
442	4.95948
443	4.95948
444	4.95948
445	4.95948
446	4.95948
447	4.95948
448	4.95948
449	4.95948
450	4.95948
451	4.95948
452	4.95948
453	4.95948
454	4.95948
455	4.95948
456	4.95948
457	4.95948
458	4.95948
459	4.95948
460	4.95948
461	4.95948
462	4.95948
463	4.95928
464	5.29321
465	5.23039
466	5.09343
467	4.95928
468	5.24047
469	5.24585
470	5.1232
471	5.33417
472	5.30532
473	5.3631
474	5.10216
475	5.07052
476	5.1615
477	5.00565
478	5.26455
479	5.11885
480	4.95405
481	4.94903
482	4.94903
483	4.94903
484	4.94903
485	4.94903
486	4.94903
487	4.94903
488	4.94903
489	4.94903
490	4.94903
491	4.94903
492	4.94903
493	4.94903
494	4.94903
495	4.94903
496	4.94903
497	4.94903
498	4.94903
499	4.94903
500	4.94903
501	4.94903
502	4.94903
503	4.94903
504	4.94903
505	4.94903
506	4.94903
507	4.94903
508	4.94903
509	4.94903
510	4.94903
511	4.94903
512	4.94903
513	4.94903
514	4.94903
515	4.94903
516	4.94903
517	4.94903
518	4.94903
519	4.94903
520	4.94903
521	4.94903
522	4.94903
523	4.94903
524	4.94903
525	4.94903
526	4.94903
527	4.94903
528	4.94903
529	4.94903
530	4.94903
531	4.94903
532	4.94903
533	4.94903
534	4.94903
535	4.94903
536	4.94903
537	4.94903
538	4.94903
539	4.94903
540	4.94903
541	4.94903
542	4.94903
543	4.94903
544	4.94903
545	4.94903
546	4.94903
547	4.94903
548	4.94903
549	4.94903
550	4.94903
551	4.94903
552	4.94903
553	4.94903
554	4.94903
555	4.94903
556	4.94903
557	4.94903
558	4.94903
559	4.94903
560	4.94903
561	4.94903
562	4.94903
563	4.94903
564	4.94903
565	4.94903
566	4.94903
567	4.94903
568	4.94903
569	4.94903
570	4.94903
571	4.94903
572	4.94903
573	4.94903
574	4.94903
575	4.94903
576	4.94903
577	4.94903
578	4.94903
579	4.94903
580	4.94903
581	4.94765
582	4.91307
583	4.87988
584	4.87988
585	4.87988
586	4.87988
587	4.87988
588	4.87988
589	4.87988
590	4.87988
591	4.87988
592	4.87988
593	4.87988
594	4.87988
595	4.87988
596	4.87988
597	4.87988
598	4.87972
599	4.87708
600	4.87296
601	4.87165
602	4.87165
603	4.87165
604	4.87165
605	4.87165
606	4.87165
607	4.87165
608	4.87165
609	4.87165
610	4.87165
611	4.87165
612	4.87165
613	4.87165
614	4.87165
615	4.87165
616	4.87165
617	4.87165
618	4.87165
619	4.87165
620	4.87165
621	4.87165
622	4.87165
623	4.87165
624	4.87165
625	4.87165
626	4.87165
627	4.87165
628	4.87165
629	4.87165
630	4.87165
631	4.87165
632	4.87165
633	4.87165
634	4.87165
635	4.87165
636	4.87165
637	4.87165
638	4.87165
639	4.87165
640	4.87165
641	4.87165
642	4.87165
643	4.87165
644	4.87165
645	4.87165
646	4.87165
647	4.87165
648	4.87165
649	4.87165
650	4.87165
651	4.87165
652	4.87165
653	4.87165
654	4.87165
655	4.87165
656	4.87165
657	4.87165
658	4.87165
659	4.87165
660	4.87165
661	4.87165
662	4.87165
663	4.87165
664	4.87165
665	4.87165
666	4.87165
667	4.87165
668	4.87165
669	4.87165
670	4.87165
671	4.87165
672	4.87165
673	4.87165
674	4.87165
675	4.87165
676	4.87165
677	4.87165
678	4.87165
679	4.87165
680	4.87165
681	4.87165
682	4.87165
683	4.87165
684	4.87165
685	4.87165
686	4.87165
687	4.87165
688	4.87165
689	4.87165
690	4.87165
691	4.87165
692	4.86719
693	4.76031
694	4.64898
695	4.64898
696	4.64898
697	4.64898
698	4.64898
699	4.64898
700	4.64898
701	4.64898
702	4.64898
703	4.64898
704	4.64898
705	4.64898
706	4.64898
707	4.64898
708	4.64898
709	4.64898
710	4.64898
711	4.64898
712	4.64898
713	4.64898
714	4.64898
715	4.64898
716	4.64898
717	4.64898
718	4.64898
719	4.64898
720	4.64898
721	4.64898
722	4.64898
723	4.64898
724	4.64898
725	4.64898
726	4.64898
727	4.64898
728	4.64898
729	4.64898
730	4.64898
731	4.64898
732	4.64898
733	4.64898
734	4.64898
735	4.64898
736	4.64898
737	4.64898
738	4.64898
739	4.64898
740	4.64898
741	4.64898
742	4.64898
743	4.64898
744	4.64898
745	4.64898
746	4.64898
747	4.64898
748	4.64898
749	4.64898
750	4.64898
751	4.64898
752	4.64898
753	4.64898
754	4.64898
755	4.64898
756	4.64898
757	4.64898
758	4.64898
759	4.64898
760	4.64898
761	4.64898
762	4.64898
763	4.64898
764	4.64898
765	4.64898
766	4.64898
767	4.64898
768	4.64898
769	4.64898
770	4.64898
771	4.64898
772	4.64898
773	4.64898
774	4.64898
775	4.64898
776	4.64898
777	4.64898
778	4.64898
779	4.64898
780	4.64898
781	4.64898
782	4.64898
783	4.64898
784	4.64898
785	4.64898
786	4.64898
787	4.64898
788	4.64898
789	4.64898
790	4.64898
791	4.64898
792	4.64898
793	4.64898
794	4.64898
795	4.64898
796	4.64898
797	4.64898
798	4.64898
799	4.64898
800	4.64898
801	4.64898
802	4.64898
803	4.64898
804	4.64898
805	4.64898
806	4.64898
807	4.64898
808	4.64898
809	4.64898
810	4.64898
811	4.64898
812	4.64898
813	4.64898
814	4.64898
815	4.64898
816	4.64898
817	4.64898
818	4.64898
819	4.64898
820	4.64898
821	4.64898
822	4.64898
823	4.64898
824	4.64898
825	4.64898
826	4.64898
827	4.64898
828	4.64898
829	4.64898
830	4.64898
831	4.64898
832	4.64898
833	4.64898
834	4.64898
835	4.64898
836	4.64898
837	4.64898
838	4.64898
839	4.64898
840	4.64898
841	4.64898
842	4.64898
843	4.64898
844	4.64898
845	4.64898
846	4.64898
847	4.64898
848	4.64898
849	4.64898
850	4.64898
851	4.64898
852	4.64898
853	4.64898
854	4.64898
855	4.64898
856	4.64898
857	4.64898
858	4.64898
859	4.64898
860	4.64898
861	4.64898
862	4.64898
863	4.64898
864	4.64898
865	4.64898
866	4.64898
867	4.64898
868	4.64898
869	4.64898
870	4.64898
871	4.64898
872	4.64898
873	4.64898
874	4.64898
875	4.64898
876	4.64898
877	4.64898
878	4.64898
879	4.64898
880	4.64898
881	4.64898
882	4.64898
883	4.64898
884	4.64898
885	4.64898
886	4.64898
887	4.64898
888	4.64898
889	4.64898
890	4.64898
891	4.64898
892	4.64898
893	4.64898
894	4.64898
895	4.64898
896	4.64898
897	4.64898
898	4.64898
899	4.64898
900	4.64898
901	4.64898
902	4.64898
903	4.64898
904	4.64898
905	4.64898
906	4.64898
907	4.64898
908	4.64898
909	4.64898
910	4.64898
911	4.64898
912	4.64898
913	4.64898
914	4.64898
915	4.64898
916	4.64898
917	4.64898
918	4.64898
919	4.64898
920	4.64898
921	4.64898
922	4.64898
923	4.64898
924	4.64898
925	4.64898
926	4.64898
927	4.64898
928	4.64898
929	4.64898
930	4.64898
931	4.64898
932	4.64898
933	4.64898
934	4.64898
935	4.64898
936	4.64898
937	4.64898
938	4.64898
939	4.64898
940	4.64898
941	4.64898
942	4.64898
943	4.64898
944	4.64898
945	4.64898
946	4.64898
947	4.64898
948	4.64898
949	4.64898
950	4.64898
951	4.64898
952	4.64898
953	4.64898
954	4.64898
955	4.64898
956	4.64898
957	4.64898
958	4.64898
959	4.64898
960	4.64898
961	4.64898
962	4.64898
963	4.64898
964	4.64898
965	4.64898
966	4.64898
967	4.64898
968	4.64898
969	4.64898
970	4.64898
971	4.64898
972	4.64898
973	4.64898
974	4.64898
975	4.64898
976	4.64898
977	4.64898
978	4.64898
979	4.64898
980	4.64898
981	4.64898
982	4.64898
983	4.64898
984	4.64898
985	4.64898
986	4.64898
987	4.64898
988	4.64898
989	4.64898
990	4.64898
991	4.64898
992	4.64898
993	4.64898
994	4.64898
995	4.64898
996	4.64898
997	4.64898
998	4.64898
999	4.64898
1000	4.64898
1001	4.64898
1002	4.64898
1003	4.64898
1004	4.64898
1005	4.64898
1006	4.64898
1007	4.64898
1008	4.64898
1009	4.64898
1010	4.64898
1011	4.64898
1012	4.64898
1013	4.64898
1014	4.64898
1015	4.64898
1016	4.64898
1017	4.64898
1018	4.64898
1019	4.64898
1020	4.64898
1021	4.64898
1022	4.64898
1023	4.64898
1024	4.64898
1025	4.64898
1026	4.64898
1027	4.64898
1028	4.64898
1029	4.64898
1030	4.64898
1031	4.64898
1032	4.64898
1033	4.64898
1034	4.64898
1035	4.64898
1036	4.64898
1037	4.64898
1038	4.64898
1039	4.64898
1040	4.64898
1041	4.64898
1042	4.64898
1043	4.64898
1044	4.64898
1045	4.64898
1046	4.64898
1047	4.64898
1048	4.64898
1049	4.64898
1050	4.64898
1051	4.64898
1052	4.64898
1053	4.64898
1054	4.64898
1055	4.64898
1056	4.64898
1057	4.64898
1058	4.64898
1059	4.64898
1060	4.64898
1061	4.64898
1062	4.64898
1063	4.64898
1064	4.64898
1065	4.64898
1066	4.64898
1067	4.64898
1068	4.64898
1069	4.64898
1070	4.64898
1071	4.64898
1072	4.64898
1073	4.64898
1074	4.64898
1075	4.64898
1076	4.64898
1077	4.64898
1078	4.64898
1079	4.64898
1080	4.64898
1081	4.64898
1082	4.64898
1083	4.64898
1084	4.64898
1085	4.64898
1086	4.64898
1087	4.64898
1088	4.64898
1089	4.64898
1090	4.64898
1091	4.64898
1092	4.64898
1093	4.64898
1094	4.64898
1095	4.64898
1096	4.64898
1097	4.64898
1098	4.64898
1099	4.64898
1100	4.64898
1101	4.64898
1102	4.64898
1103	4.64898
1104	4.64898
1105	4.64898
1106	4.64898
1107	4.64898
1108	4.64898
1109	4.64898
1110	4.64898
1111	4.64898
1112	4.64898
1113	4.64898
1114	4.64898
1115	4.64898
1116	4.64898
1117	4.64898
1118	4.64898
1119	4.64898
1120	4.64898
1121	4.64898
1122	4.64898
1123	4.64898
1124	4.64898
1125	4.64898
1126	4.64898
1127	4.64898
1128	4.64898
1129	4.64898
1130	4.64898
1131	4.64898
1132	4.64898
1133	4.64898
1134	4.64898
1135	4.64898
1136	4.64898
1137	4.64898
1138	4.64898
1139	4.64898
1140	4.64898
1141	4.64898
1142	4.64898
1143	4.64898
1144	4.64898
1145	4.64898
1146	4.64898
1147	4.64898
1148	4.64898
1149	4.64898
1150	4.64898
1151	4.64898
1152	4.64898
1153	4.64898
1154	4.64898
1155	4.64898
1156	4.64898
1157	4.64898
1158	4.64898
1159	4.64898
1160	4.64898
1161	4.64898
1162	4.64898
1163	4.64898
1164	4.64898
1165	4.64898
1166	4.64898
1167	4.64898
1168	4.64898
1169	4.64898
1170	4.64898
1171	4.64898
1172	4.64898
1173	4.64898
1174	4.64898
1175	4.64898
1176	4.64898
1177	4.64898
1178	4.64898
1179	4.64898
1180	4.64898
1181	4.64898
1182	4.64898
1183	4.64898
1184	4.64898
1185	4.64898
1186	4.64898
1187	4.64898
1188	4.64898
1189	4.64898
1190	4.64898
1191	4.64898
1192	4.64898
1193	4.64898
1194	4.64898
1195	4.64898
1196	4.64898
1197	4.64898
1198	4.64898
1199	4.64898
1200	4.64898
1201	4.64898
1202	4.64898
1203	4.64898
1204	4.64898
1205	4.64898
1206	4.64898
1207	4.64898
1208	4.64898
1209	4.64898
1210	4.64898
1211	4.64898
1212	4.64898
1213	4.64898
1214	4.64898
1215	4.64898
1216	4.64898
1217	4.64898
1218	4.64898
1219	4.64898
1220	4.64898
1221	4.64898
1222	4.64898
1223	4.64898
1224	4.64898
1225	4.64898
1226	4.64898
1227	4.64898
1228	4.64898
1229	4.64898
1230	4.64898
1231	4.64898
1232	4.64898
1233	4.64898
1234	4.64898
1235	4.64898
1236	4.64898
1237	4.64898
1238	4.64898
1239	4.64898
1240	4.64898
1241	4.64898
1242	4.64898
1243	4.64898
1244	4.64898
1245	4.64898
1246	4.64898
1247	4.64898
1248	4.64898
1249	4.64898
1250	4.64898
1251	4.64898
1252	4.64898
1253	4.64898
1254	4.64898
1255	4.64898
1256	4.64898
1257	4.64898
1258	4.64898
1259	4.64898
1260	4.64898
1261	4.64898
1262	4.64898
1263	4.64898
1264	4.64898
1265	4.64898
1266	4.64898
1267	4.64898
1268	4.64898
1269	4.64898
1270	4.64898
1271	4.64898
1272	4.64898
1273	4.64898
1274	4.64898
1275	4.64898
1276	4.64898
1277	4.64898
1278	4.64898
1279	4.64898
1280	4.64898
1281	4.64898
1282	4.64898
1283	4.64898
1284	4.64898
1285	4.64898
1286	4.64898
1287	4.64898
1288	4.64898
1289	4.64898
1290	4.64898
1291	4.64898
1292	4.64898
1293	4.64898
1294	4.64898
1295	4.64898
1296	4.64898
1297	4.64898
1298	4.64898
1299	4.64898
1300	4.64898
1301	4.64898
1302	4.64898
1303	4.64898
1304	4.64898
1305	4.64898
1306	4.64898
1307	4.64898
1308	4.64898
1309	4.64898
1310	4.64898
1311	4.64898
1312	4.64898
1313	4.64898
1314	4.64898
1315	4.64898
1316	4.64898
1317	4.64898
1318	4.64898
1319	4.64898
1320	4.64898
1321	4.64898
1322	4.64898
1323	4.64898
1324	4.64898
1325	4.64898
1326	4.64898
1327	4.64898
1328	4.64898
1329	4.64898
1330	4.64898
1331	4.64898
1332	4.64898
1333	4.64898
1334	4.64898
1335	4.64898
1336	4.64898
1337	4.64898
1338	4.64898
1339	4.64898
1340	4.64898
1341	4.64898
1342	4.64898
1343	4.64898
1344	4.64898
1345	4.64898
1346	4.64898
1347	4.64898
1348	4.64898
1349	4.64898
1350	4.64898
1351	4.64898
1352	4.64898
1353	4.64898
1354	4.64898
1355	4.64898
1356	4.64898
1357	4.64898
1358	4.64898
1359	4.64898
1360	4.64898
1361	4.64898
1362	4.64898
1363	4.64898
1364	4.64898
1365	4.64898
1366	4.64898
1367	4.64898
1368	4.64898
1369	4.64898
1370	4.64898
1371	4.64898
1372	4.64898
1373	4.64898
1374	4.64898
1375	4.64898
1376	4.64898
1377	4.64898
1378	4.64898
1379	4.64898
1380	4.64898
1381	4.64898
1382	4.64898
1383	4.64898
1384	4.64898
1385	4.64898
1386	4.64898
1387	4.64898
1388	4.64898
1389	4.64898
1390	4.64898
1391	4.64898
1392	4.64898
1393	4.64898
1394	4.64898
1395	4.64898
1396	4.64898
1397	4.64898
1398	4.64898
1399	4.64898
1400	4.64898
1401	4.64898
1402	4.64898
1403	4.64898
1404	4.64898
1405	4.64898
1406	4.64898
1407	4.64898
1408	4.64898
1409	4.64898
1410	4.64898
1411	4.64898
1412	4.64898
1413	4.64898
1414	4.64898
1415	4.64898
1416	4.64898
1417	4.64898
1418	4.64898
1419	4.64898
1420	4.64898
1421	4.64898
1422	4.64898
1423	4.64898
1424	4.64898
1425	4.64898
1426	4.64898
1427	4.64898
1428	4.64898
1429	4.64898
1430	4.64898
1431	4.64898
1432	4.64898
1433	4.64898
1434	4.64898
1435	4.64898
1436	4.64898
1437	4.64898
1438	4.64898
1439	4.64898
1440	4.64898
1441	4.64898
1442	4.64898
1443	4.64898
1444	4.64898
1445	4.64898
1446	4.64898
1447	4.64898
1448	4.64898
1449	4.64898
1450	4.64898
1451	4.64898
1452	4.64898
1453	4.64898
1454	4.64898
1455	4.64898
1456	4.64898
1457	4.64898
1458	4.64898
1459	4.64898
1460	4.64898
1461	4.64898
1462	4.64898
1463	4.64898
1464	4.64898
1465	4.64898
1466	4.64898
1467	4.64898
1468	4.64898
1469	4.64898
1470	4.64898
1471	4.64898
1472	4.64898
1473	4.64898
1474	4.64898
1475	4.64898
1476	4.64898
1477	4.64898
1478	4.64898
1479	4.64898
1480	4.64898
1481	4.64898
1482	4.64898
1483	4.64898
1484	4.64898
1485	4.64898
1486	4.64898
1487	4.64898
1488	4.64898
1489	4.64898
1490	4.64898
1491	4.64898
1492	4.64898
1493	4.64898
1494	4.64898
1495	4.64898
1496	4.64898
1497	4.64898
1498	4.64898
1499	4.64898
1500	4.64898
1501	4.64898
1502	4.64898
1503	4.64898
1504	4.64898
1505	4.64898
1506	4.64898
1507	4.64898
1508	4.64898
1509	4.64898
1510	4.64898
1511	4.64898
1512	4.64898
1513	4.64898
1514	4.64898
1515	4.64898
1516	4.64898
1517	4.64898
1518	4.64898
1519	4.64898
1520	4.64898
1521	4.64898
1522	4.64898
1523	4.64898
1524	4.64898
1525	4.64898
1526	4.64898
1527	4.64898
1528	4.64898
1529	4.64898
1530	4.64898
1531	4.64898
1532	4.64898
1533	4.64898
1534	4.64898
1535	4.64898
1536	4.64898
1537	4.64898
1538	4.64898
1539	4.64898
1540	4.64898
1541	4.64898
1542	4.64898
1543	4.64898
1544	4.64898
1545	4.64898
1546	4.64898
1547	4.64898
1548	4.64898
1549	4.64898
1550	4.64898
1551	4.64898
1552	4.64898
1553	4.64898
1554	4.64898
1555	4.64898
1556	4.64898
1557	4.64898
1558	4.64898
1559	4.64898
1560	4.64898
1561	4.64898
1562	4.64898
1563	4.64898
1564	4.64898
1565	4.64898
1566	4.64898
1567	4.64898
1568	4.64898
1569	4.64898
1570	4.64898
1571	4.64898
1572	4.64898
1573	4.64898
1574	4.64898
1575	4.64898
1576	4.64898
1577	4.64898
1578	4.64898
1579	4.64898
1580	4.64898
1581	4.64898
1582	4.64898
1583	4.64898
1584	4.64898
1585	4.64898
1586	4.64898
1587	4.64898
1588	4.64898
1589	4.64898
1590	4.64898
1591	4.64898
1592	4.64898
1593	4.64898
1594	4.64898
1595	4.64898
1596	4.64898
1597	4.64898
1598	4.64898
1599	4.64898
1600	4.64898
1601	4.64898
1602	4.64898
1603	4.64898
1604	4.64898
1605	4.64898
1606	4.64898
1607	4.64898
1608	4.64898
1609	4.64898
1610	4.64898
1611	4.64898
1612	4.64898
1613	4.64898
1614	4.64898
1615	4.64898
1616	4.64898
1617	4.64898
1618	4.64898
1619	4.64898
1620	4.64898
1621	4.64898
1622	4.64898
1623	4.64898
1624	4.64898
1625	4.64898
1626	4.64898
1627	4.64898
1628	4.64898
1629	4.64898
1630	4.64898
1631	4.64898
1632	4.64898
1633	4.64898
1634	4.64898
1635	4.64898
1636	4.64898
1637	4.64898
1638	4.64898
1639	4.64898
1640	4.64898
1641	4.64898
1642	4.64898
1643	4.64898
1644	4.64898
1645	4.64898
1646	4.64898
1647	4.64898
1648	4.64898
1649	4.64898
1650	4.64898
1651	4.64898
1652	4.64898
1653	4.64898
1654	4.64898
1655	4.64898
1656	4.64898
1657	4.64898
1658	4.64898
1659	4.64898
1660	4.64898
1661	4.64898
1662	4.64898
1663	4.64898
1664	4.64898
1665	4.64898
1666	4.64898
1667	4.64898
1668	4.64898
1669	4.64898
1670	4.64898
1671	4.64898
1672	4.64898
1673	4.64898
1674	4.64898
1675	4.64898
1676	4.64898
1677	4.64898
1678	4.64898
1679	4.64898
1680	4.64898
1681	4.64898
1682	4.64898
1683	4.64898
1684	4.64898
1685	4.64898
1686	4.64898
1687	4.64898
1688	4.64898
1689	4.64898
1690	4.64898
1691	4.64898
1692	4.64898
1693	4.64898
1694	4.64898
1695	4.64898
1696	4.64898
1697	4.64898
1698	4.64898
1699	4.64898
1700	4.64898
1701	4.64898
1702	4.64898
1703	4.64898
1704	4.64898
1705	4.64898
1706	4.64898
1707	4.64898
1708	4.64898
1709	4.64898
1710	4.64898
1711	4.64898
1712	4.64898
1713	4.64898
1714	4.64898
1715	4.64898
1716	4.64898
1717	4.64898
1718	4.64898
1719	4.64898
1720	4.64898
1721	4.64898
1722	4.64898
1723	4.64898
1724	4.64898
1725	4.64898
1726	4.64898
1727	4.64898
1728	4.64898
1729	4.64898
1730	4.64898
1731	4.64898
1732	4.64898
1733	4.64898
1734	4.64898
1735	4.64898
1736	4.64898
1737	4.64898
1738	4.64898
1739	4.64898
1740	4.64898
1741	4.64898
1742	4.64898
1743	4.64898
1744	4.64898
1745	4.64898
1746	4.64898
1747	4.64898
1748	4.64898
1749	4.64898
1750	4.64898
1751	4.64898
1752	4.64898
1753	4.64898
1754	4.64898
1755	4.64898
1756	4.64898
1757	4.64898
1758	4.64898
1759	4.64898
1760	4.64898
1761	4.64898
1762	4.64898
1763	4.64898
1764	4.64898
1765	4.64898
1766	4.64898
1767	4.64898
1768	4.64898
1769	4.64898
1770	4.64898
1771	4.64898
1772	4.64898
1773	4.64898
1774	4.64898
1775	4.64898
1776	4.64898
1777	4.64898
1778	4.64898
1779	4.64898
1780	4.64898
1781	4.64898
1782	4.64898
1783	4.64898
1784	4.64898
1785	4.64898
1786	4.64898
1787	4.64898
1788	4.64898
1789	4.64898
1790	4.64898
1791	4.64898
1792	4.64898
1793	4.64898
1794	4.64898
1795	4.64898
1796	4.64898
1797	4.64898
1798	4.64898
1799	4.64898
1800	4.64898
1801	4.64898
1802	4.64898
1803	4.64898
1804	4.64898
1805	4.64898
1806	4.64898
1807	4.64898
1808	4.64898
1809	4.64898
1810	4.64898
1811	4.64898
1812	4.64898
1813	4.64898
1814	4.64898
1815	4.64898
1816	4.64898
1817	4.64898
1818	4.64898
1819	4.64898
1820	4.64898
1821	4.64898
1822	4.64898
1823	4.64898
1824	4.64898
1825	4.64898
1826	4.64898
1827	4.64898
1828	4.64898
1829	4.64898
1830	4.64898
1831	4.64898
1832	4.64898
1833	4.64898
1834	4.64898
1835	4.64898
1836	4.64898
1837	4.64898
1838	4.64898
1839	4.64898
1840	4.64898
1841	4.64898
1842	4.64898
1843	4.64898
1844	4.64898
1845	4.64898
1846	4.64898
1847	4.64898
1848	4.64898
1849	4.64898
1850	4.64898
1851	4.64898
1852	4.64898
1853	4.64898
1854	4.64898
1855	4.64898
1856	4.64898
1857	4.64898
1858	4.64898
1859	4.64898
1860	4.64898
1861	4.64898
1862	4.64898
1863	4.64898
1864	4.64898
1865	4.64898
1866	4.64898
1867	4.64898
1868	4.64898
1869	4.64898
1870	4.64898
1871	4.64898
1872	4.64898
1873	4.64898
1874	4.64898
1875	4.64898
1876	4.64898
1877	4.64898
1878	4.64898
1879	4.64898
1880	4.64898
1881	4.64898
1882	4.64898
1883	4.64898
1884	4.64898
1885	4.64898
1886	4.64898
1887	4.64898
1888	4.64898
1889	4.64898
1890	4.64898
1891	4.64898
1892	4.64898
1893	4.64898
1894	4.64898
1895	4.64898
1896	4.64898
1897	4.64898
1898	4.64898
1899	4.64898
1900	4.64898
1901	4.64898
1902	4.64898
1903	4.64898
1904	4.64898
1905	4.64898
1906	4.64898
1907	4.64898
1908	4.64898
1909	4.64898
1910	4.64898
1911	4.64898
1912	4.64898
1913	4.64898
1914	4.64898
1915	4.64898
1916	4.64898
1917	4.64898
1918	4.64898
1919	4.64898
1920	4.64898
1921	4.64898
1922	4.64898
1923	4.64898
1924	4.64898
1925	4.64898
1926	4.64898
1927	4.64898
1928	4.64898
1929	4.64898
1930	4.64898
1931	4.64898
1932	4.64898
1933	4.64898
1934	4.64898
1935	4.64898
1936	4.64898
1937	4.64898
1938	4.64898
1939	4.64898
1940	4.64898
1941	4.64898
1942	4.64898
1943	4.64898
1944	4.64898
1945	4.64898
1946	4.64898
1947	4.64898
1948	4.64898
1949	4.64898
1950	4.64898
1951	4.64898
1952	4.64898
1953	4.64898
1954	4.64898
1955	4.64898
1956	4.64898
1957	4.64898
1958	4.64898
1959	4.64898
1960	4.64898
1961	4.64898
1962	4.64898
1963	4.64898
1964	4.64898
1965	4.64898
1966	4.64898
1967	4.64898
1968	4.64898
1969	4.64898
1970	4.64898
1971	4.64898
1972	4.64898
1973	4.64898
1974	4.64898
1975	4.64898
1976	4.64898
1977	4.64898
1978	4.64898
1979	4.64898
1980	4.64898
1981	4.64898
1982	4.64898
1983	4.64898
1984	4.64898
1985	4.64898
1986	4.64898
1987	4.64898
1988	4.64898
1989	4.64898
1990	4.64898
1991	4.64898
1992	4.64898
1993	4.64898
1994	4.64898
1995	4.64898
1996	4.64898
1997	4.64898
1998	4.64898
1999	4.64898
2000	4.64898
2001	4.64898
2002	4.64898
2003	4.64898
2004	4.64898
2005	4.64898
2006	4.64898
2007	4.64898
2008	4.64898
2009	4.64898
2010	4.64898
2011	4.64898
2012	4.64898
2013	4.64898
2014	4.64898
2015	4.64898
2016	4.64898
2017	4.64898
2018	4.64898
2019	4.64898
2020	4.64898
2021	4.64898
2022	4.64898
2023	4.64898
2024	4.64898
2025	4.64898
2026	4.64898
2027	4.64898
2028	4.64898
2029	4.64898
2030	4.64898
2031	4.64898
2032	4.64898
2033	4.64898
2034	4.64898
2035	4.64898
2036	4.64898
2037	4.64898
2038	4.64898
2039	4.64898
2040	4.64898
2041	4.64898
2042	4.64898
2043	4.64898
2044	4.64898
2045	4.64898
2046	4.64898
2047	4.64898
2048	4.64898
2049	4.64898
2050	4.64898
2051	4.64898
2052	4.64898
2053	4.64898
2054	4.64898
2055	4.64898
2056	4.64898
2057	4.64898
2058	4.64898
2059	4.64898
2060	4.64898
2061	4.64898
2062	4.64898
2063	4.64898
2064	4.64898
2065	4.64898
2066	4.64898
2067	4.64898
2068	4.64898
2069	4.64898
2070	4.64898
2071	4.64898
2072	4.64898
2073	4.64898
2074	4.64898
2075	4.64898
2076	4.64898
2077	4.64898
2078	4.64898
2079	4.64898
2080	4.64898
2081	4.64898
2082	4.64898
2083	4.64898
2084	4.64898
2085	4.64898
2086	4.64898
2087	4.64898
2088	4.64898
2089	4.64898
2090	4.64898
2091	4.64898
2092	4.64898
2093	4.64898
2094	4.64898
2095	4.64898
2096	4.64898
2097	4.64898
2098	4.64898
2099	4.64898
2100	4.64898
2101	4.64898
2102	4.64898
2103	4.64898
2104	4.64898
2105	4.64898
2106	4.64898
2107	4.64898
2108	4.64898
2109	4.64898
2110	4.64898
2111	4.64898
2112	4.64898
2113	4.64898
2114	4.64898
2115	4.64898
2116	4.64898
2117	4.64898
2118	4.64898
2119	4.64898
2120	4.64898
2121	4.64898
2122	4.64898
2123	4.64898
2124	4.64898
2125	4.64898
2126	4.64898
2127	4.64898
2128	4.64898
2129	4.64898
2130	4.64898
2131	4.64898
2132	4.64898
2133	4.64898
2134	4.64898
2135	4.64898
2136	4.64898
2137	4.64898
2138	4.64898
2139	4.64898
2140	4.64898
2141	4.64898
2142	4.64898
2143	4.64898
2144	4.64898
2145	4.64898
2146	4.64898
2147	4.64898
2148	4.64898
2149	4.64898
2150	4.64898
2151	4.64898
2152	4.64898
2153	4.64898
2154	4.64898
2155	4.64898
2156	4.64898
2157	4.64898
2158	4.64898
2159	4.64898
2160	4.64898
2161	4.64898
2162	4.64898
2163	4.64898
2164	4.64898
2165	4.64898
2166	4.64898
2167	4.64898
2168	4.64898
2169	4.64898
2170	4.64898
2171	4.64898
2172	4.64898
2173	4.64898
2174	4.64898
2175	4.64898
2176	4.64898
2177	4.64898
2178	4.64898
2179	4.64898
2180	4.64898
2181	4.64898
2182	4.64898
2183	4.64898
2184	4.64898
2185	4.64898
2186	4.64898
2187	4.64898
2188	4.64898
2189	4.64898
2190	4.64898
2191	4.64898
2192	4.64898
2193	4.64898
2194	4.64898
2195	4.64898
2196	4.64898
2197	4.64898
2198	4.64898
2199	4.64898
2200	4.64898
2201	4.64898
2202	4.64898
2203	4.64898
2204	4.64898
2205	4.64898
2206	4.64898
2207	4.64898
2208	4.64898
2209	4.64898
2210	4.64898
2211	4.64898
2212	4.64898
2213	4.64898
2214	4.64898
2215	4.64898
2216	4.64898
2217	4.64898
2218	4.64898
2219	4.64898
2220	4.64898
2221	4.64898
2222	4.64898
2223	4.64898
2224	4.64898
2225	4.64898
2226	4.64898
2227	4.64898
2228	4.64898
2229	4.64898
2230	4.64898
2231	4.64898
2232	4.64898
2233	4.64898
2234	4.64898
2235	4.64898
2236	4.64898
2237	4.64898
2238	4.64898
2239	4.64898
2240	4.64898
2241	4.64898
2242	4.64898
2243	4.64898
2244	4.64898
2245	4.64898
2246	4.64898
2247	4.64898
2248	4.64898
2249	4.64898
2250	4.64898
2251	4.64898
2252	4.64898
2253	4.64898
2254	4.64898
2255	4.64898
2256	4.64898
2257	4.64898
2258	4.64898
2259	4.64898
2260	4.64898
2261	4.64898
2262	4.64898
2263	4.64898
2264	4.64898
2265	4.64898
2266	4.64898
2267	4.64898
2268	4.64898
2269	4.64898
2270	4.64898
2271	4.64898
2272	4.64898
2273	4.64898
2274	4.64898
2275	4.64898
2276	4.64898
2277	4.64898
2278	4.64898
2279	4.64898
2280	4.64898
2281	4.64898
2282	4.64898
2283	4.64898
2284	4.64898
2285	4.64898
2286	4.64898
2287	4.64898
2288	4.64898
2289	4.64898
2290	4.64898
2291	4.64898
2292	4.64898
2293	4.64898
2294	4.64898
2295	4.64898
2296	4.64898
2297	4.64898
2298	4.64898
2299	4.64898
2300	4.64898
2301	4.64898
2302	4.64898
2303	4.64898
2304	4.64898
2305	4.64898
2306	4.64898
2307	4.64898
2308	4.64898
2309	4.64898
2310	4.64898
2311	4.64898
2312	4.64898
2313	4.64898
2314	4.64898
2315	4.64898
2316	4.64898
2317	4.64898
2318	4.64898
2319	4.64898
2320	4.64898
2321	4.64898
2322	4.64898
2323	4.64898
2324	4.64898
2325	4.64898
2326	4.64898
2327	4.64898
2328	4.64898
2329	4.64898
2330	4.64898
2331	4.64898
2332	4.64898
2333	4.64898
2334	4.64898
2335	4.64898
2336	4.64898
2337	4.64898
2338	4.64898
2339	4.64898
2340	4.64898
2341	4.64898
2342	4.64898
2343	4.64898
2344	4.64898
2345	4.64898
2346	4.64898
2347	4.64898
2348	4.64898
2349	4.64898
2350	4.64898
2351	4.64898
2352	4.64898
2353	4.64898
2354	4.64898
2355	4.64898
2356	4.64898
2357	4.64898
2358	4.64898
2359	4.64898
2360	4.64898
2361	4.64898
2362	4.64898
2363	4.64898
2364	4.64898
2365	4.64898
2366	4.64898
2367	4.64898
2368	4.64898
2369	4.64898
2370	4.64898
2371	4.64898
2372	4.64898
2373	4.64898
2374	4.64898
2375	4.64898
2376	4.64898
2377	4.64898
2378	4.64898
2379	4.64898
2380	4.64898
2381	4.64898
2382	4.64898
2383	4.64898
2384	4.64898
2385	4.64898
2386	4.64898
2387	4.64898
2388	4.64898
2389	4.64898
2390	4.64898
2391	4.64898
2392	4.64898
2393	4.64898
2394	4.64898
2395	4.64898
2396	4.64898
2397	4.64898
2398	4.64898
2399	4.64898
2400	4.64898
2401	4.64898
2402	4.64898
2403	4.64898
2404	4.64898
2405	4.64898
2406	4.64898
2407	4.64898
2408	4.64898
2409	4.64898
2410	4.64898
2411	4.64898
2412	4.64898
2413	4.64898
2414	4.64898
2415	4.64898
2416	4.64898
2417	4.64898
2418	4.64898
2419	4.64898
2420	4.64898
2421	4.64898
2422	4.64898
2423	4.64898
2424	4.64898
2425	4.64898
2426	4.64898
2427	4.64898
2428	4.64898
2429	4.64898
2430	4.64898
2431	4.64898
2432	4.64898
2433	4.64898
2434	4.64898
2435	4.64898
2436	4.64898
2437	4.64898
2438	4.64898
2439	4.64898
2440	4.64898
2441	4.64898
2442	4.64898
2443	4.64898
2444	4.64898
2445	4.64898
2446	4.64898
2447	4.64898
2448	4.64898
2449	4.64898
2450	4.64898
2451	4.64898
2452	4.64898
2453	4.64898
2454	4.64898
2455	4.64898
2456	4.64898
2457	4.64898
2458	4.64898
2459	4.64898
2460	4.64898
2461	4.64898
2462	4.64898
2463	4.64898
2464	4.64898
2465	4.64898
2466	4.64898
2467	4.64898
2468	4.64898
2469	4.64898
2470	4.64898
2471	4.64898
2472	4.64898
2473	4.64898
2474	4.64898
2475	4.64898
2476	4.64898
2477	4.64898
2478	4.64898
2479	4.64898
2480	4.64898
2481	4.64898
2482	4.64898
2483	4.64898
2484	4.64898
2485	4.64898
2486	4.64898
2487	4.64898
2488	4.64898
2489	4.64898
2490	4.64898
2491	4.64898
2492	4.64898
2493	4.64898
2494	4.64898
2495	4.64898
2496	4.64898
2497	4.64898
2498	4.64898
2499	4.64898
2500	4.64898
2501	4.64898
2502	4.64898
2503	4.64898
2504	4.64898
2505	4.64898
2506	4.64898
2507	4.64898
2508	4.64898
2509	4.64898
2510	4.64898
2511	4.64898
2512	4.64898
2513	4.64898
2514	4.64898
2515	4.64898
2516	4.64898
2517	4.64898
2518	4.64898
2519	4.64898
2520	4.64898
2521	4.64898
2522	4.64898
2523	4.64898
2524	4.64898
2525	4.64898
2526	4.64898
2527	4.64898
2528	4.64898
2529	4.64898
2530	4.64898
2531	4.64898
2532	4.64898
2533	4.64898
2534	4.64898
2535	4.64898
2536	4.64898
2537	4.64898
2538	4.64898
2539	4.64898
2540	4.64898
2541	4.64898
2542	4.64898
2543	4.64898
2544	4.64898
2545	4.64898
2546	4.64898
2547	4.64898
2548	4.64898
2549	4.64898
2550	4.64898
2551	4.64898
2552	4.64898
2553	4.64898
2554	4.64898
2555	4.64898
2556	4.64898
2557	4.64898
2558	4.64898
2559	4.64898
2560	4.64898
2561	4.64898
2562	4.64898
2563	4.64898
2564	4.64898
2565	4.64898
2566	4.64898
2567	4.64898
2568	4.64898
2569	4.64898
2570	4.64898
2571	4.64898
2572	4.64898
2573	4.64898
2574	4.64898
2575	4.64898
2576	4.64898
2577	4.64898
2578	4.64898
2579	4.64898
2580	4.64898
2581	4.64898
2582	4.64898
2583	4.64898
2584	4.64898
2585	4.64898
2586	4.64898
2587	4.64898
2588	4.64898
2589	4.64898
2590	4.64898
2591	4.64898
2592	4.64898
2593	4.64898
2594	4.64898
2595	4.64898
2596	4.64898
2597	4.64898
2598	4.64898
2599	4.64898
2600	4.64898
2601	4.64898
2602	4.64898
2603	4.64898
2604	4.64898
2605	4.64898
2606	4.64898
2607	4.64898
2608	4.64898
2609	4.64898
2610	4.64898
2611	4.64898
2612	4.64898
2613	4.64898
2614	4.64898
2615	4.64898
2616	4.64898
2617	4.64898
2618	4.64898
2619	4.64898
2620	4.64898
2621	4.64898
2622	4.64898
2623	4.64898
2624	4.64898
2625	4.64898
2626	4.64898
2627	4.64898
2628	4.64898
2629	4.64898
2630	4.64898
2631	4.64898
2632	4.64898
2633	4.64898
2634	4.64898
2635	4.64898
2636	4.64898
2637	4.64898
2638	4.64898
2639	4.64898
2640	4.64898
2641	4.64898
2642	4.64898
2643	4.64898
2644	4.64898
2645	4.64898
2646	4.64898
2647	4.64898
2648	4.64898
2649	4.64898
2650	4.64898
2651	4.64898
2652	4.64898
2653	4.64898
2654	4.64898
2655	4.64898
2656	4.64898
2657	4.64898
2658	4.64898
2659	4.64898
2660	4.64898
2661	4.64898
2662	4.64898
2663	4.64898
2664	4.64898
2665	4.64898
2666	4.64898
2667	4.64898
2668	4.64898
2669	4.64898
2670	4.64898
2671	4.64898
2672	4.64898
2673	4.64898
2674	4.64898
2675	4.64898
2676	4.64898
2677	4.64898
2678	4.64898
2679	4.64898
2680	4.64898
2681	4.64898
2682	4.64898
2683	4.64898
2684	4.64898
2685	4.64898
2686	4.64898
2687	4.64898
2688	4.64898
2689	4.64898
2690	4.64898
2691	4.64898
2692	4.64898
2693	4.64898
2694	4.64898
2695	4.64898
2696	4.64898
2697	4.64898
2698	4.64898
2699	4.64898
2700	4.64898
2701	4.64898
2702	4.64898
2703	4.64898
2704	4.64898
2705	4.64898
2706	4.64898
2707	4.64898
2708	4.64898
2709	4.64898
2710	4.64898
2711	4.64898
2712	4.64898
2713	4.64898
2714	4.64898
2715	4.64898
2716	4.64898
2717	4.64898
2718	4.64898
2719	4.64898
2720	4.64898
2721	4.64898
2722	4.64898
2723	4.64898
2724	4.64898
2725	4.64898
2726	4.64898
2727	4.64898
2728	4.64898
2729	4.64898
2730	4.64898
2731	4.64898
2732	4.64898
2733	4.64898
2734	4.64898
2735	4.64898
2736	4.64898
2737	4.64898
2738	4.64898
2739	4.64898
2740	4.64898
2741	4.64898
2742	4.64898
2743	4.64898
2744	4.64898
2745	4.64898
2746	4.64898
2747	4.64898
2748	4.64898
2749	4.64898
2750	4.64898
2751	4.64898
2752	4.64898
2753	4.64898
2754	4.64898
2755	4.64898
2756	4.64898
2757	4.64898
2758	4.64898
2759	4.64898
2760	4.64898
2761	4.64898
2762	4.64898
2763	4.64898
2764	4.64898
2765	4.64898
2766	4.64898
2767	4.64898
2768	4.64898
2769	4.64898
2770	4.64898
2771	4.64898
2772	4.64898
2773	4.64898
2774	4.64898
2775	4.64898
2776	4.64898
2777	4.64898
2778	4.64898
2779	4.64898
2780	4.64898
2781	4.64898
2782	4.64898
2783	4.64898
2784	4.64898
2785	4.64898
2786	4.64898
2787	4.64898
2788	4.64898
2789	4.64898
2790	4.64898
2791	4.64898
2792	4.64898
2793	4.64898
2794	4.64898
2795	4.64898
2796	4.64898
2797	4.64898
2798	4.64898
2799	4.64898
2800	4.64898
2801	4.64898
2802	4.64898
2803	4.64898
2804	4.64898
2805	4.64898
2806	4.64898
2807	4.64898
2808	4.64898
2809	4.64898
2810	4.64898
2811	4.64898
2812	4.64898
2813	4.64898
2814	4.64898
2815	4.64898
2816	4.64898
2817	4.64898
2818	4.64898
2819	4.64898
2820	4.64898
2821	4.64898
2822	4.64898
2823	4.64898
2824	4.64898
2825	4.64898
2826	4.64898
2827	4.64898
2828	4.64898
2829	4.64898
2830	4.64898
2831	4.64898
2832	4.64898
2833	4.64898
2834	4.64898
2835	4.64898
2836	4.64898
2837	4.64898
2838	4.64898
2839	4.64898
2840	4.64898
2841	4.64898
2842	4.64898
2843	4.64898
2844	4.64898
2845	4.64898
2846	4.64898
2847	4.64898
2848	4.64898
2849	4.64898
2850	4.64898
2851	4.64898
2852	4.64898
2853	4.64898
2854	4.64898
2855	4.64898
2856	4.64898
2857	4.64898
2858	4.64898
2859	4.64898
2860	4.64898
2861	4.64898
2862	4.64898
2863	4.64898
2864	4.64898
2865	4.64898
2866	4.64898
2867	4.64898
2868	4.64898
2869	4.64898
2870	4.64898
2871	4.64898
2872	4.64898
2873	4.64898
2874	4.64898
2875	4.64898
2876	4.64898
2877	4.64898
2878	4.64898
2879	4.64898
2880	4.64898
2881	4.64898
2882	4.64898
2883	4.64898
2884	4.64898
2885	4.64898
2886	4.64898
2887	4.64898
2888	4.64898
2889	4.64898
2890	4.64898
2891	4.64898
2892	4.64898
2893	4.64898
2894	4.64898
2895	4.64898
2896	4.64898
2897	4.64898
2898	4.64898
2899	4.64898
2900	4.64898
2901	4.64898
2902	4.64898
2903	4.64898
2904	4.64898
2905	4.64898
2906	4.64898
2907	4.64898
2908	4.64898
2909	4.64898
2910	4.64898
2911	4.64898
2912	4.64898
2913	4.64898
2914	4.64898
2915	4.64898
2916	4.64898
2917	4.64898
2918	4.64898
2919	4.64898
2920	4.64898
2921	4.64898
2922	4.64898
2923	4.64898
2924	4.64898
2925	4.64898
2926	4.64898
2927	4.64898
2928	4.64898
2929	4.64898
2930	4.64898
2931	4.64898
2932	4.64898
2933	4.64898
2934	4.64898
2935	4.64898
2936	4.64898
2937	4.64898
2938	4.64898
2939	4.64898
2940	4.64898
2941	4.64898
2942	4.64898
2943	4.64898
2944	4.64898
2945	4.64898
2946	4.64898
2947	4.64898
2948	4.64898
2949	4.64898
2950	4.64898
2951	4.64898
2952	4.64898
2953	4.64898
2954	4.64898
2955	4.64898
2956	4.64898
2957	4.64898
2958	4.64898
2959	4.64898
2960	4.64898
2961	4.64898
2962	4.64898
2963	4.64898
2964	4.64898
2965	4.64898
2966	4.64898
2967	4.64898
2968	4.64898
2969	4.64898
2970	4.64898
2971	4.64898
2972	4.64898
2973	4.64898
2974	4.64898
2975	4.64898
2976	4.64898
2977	4.64898
2978	4.64898
2979	4.64898
2980	4.64898
2981	4.64898
2982	4.64898
2983	4.64898
2984	4.64898
2985	4.64898
2986	4.64898
2987	4.64898
2988	4.64898
2989	4.64898
2990	4.64898
2991	4.64898
2992	4.64898
2993	4.64898
2994	4.64898
2995	4.64898
2996	4.64898
2997	4.64898
2998	4.64898
2999	4.64898
3000	4.64898
3001	4.64898
3002	4.64898
3003	4.64898
3004	4.64898
3005	4.64898
3006	4.64898
3007	4.64898
3008	4.64898
3009	4.64898
3010	4.64898
3011	4.64898
3012	4.64898
3013	4.64898
3014	4.64898
3015	4.64898
3016	4.64898
3017	4.64898
3018	4.64898
3019	4.64898
3020	4.64898
3021	4.64898
3022	4.64898
3023	4.64898
3024	4.64898
3025	4.64898
3026	4.64898
3027	4.64898
3028	4.64898
3029	4.64898
3030	4.64898
3031	4.64898
3032	4.64898
3033	4.64898
3034	4.64898
3035	4.64898
3036	4.64898
3037	4.64898
3038	4.64898
3039	4.64898
3040	4.64898
3041	4.64898
3042	4.64898
3043	4.64898
3044	4.64898
3045	4.64898
3046	4.64898
3047	4.64898
3048	4.64898
3049	4.64898
3050	4.64898
3051	4.64898
3052	4.64898
3053	4.64898
3054	4.64898
3055	4.64898
3056	4.64898
3057	4.64898
3058	4.64898
3059	4.64898
3060	4.64898
3061	4.64898
3062	4.64898
3063	4.64898
3064	4.64898
3065	4.64898
3066	4.64898
3067	4.64898
3068	4.64898
3069	4.64898
3070	4.64898
3071	4.64898
3072	4.64898
3073	4.64898
3074	4.64898
3075	4.64898
3076	4.64898
3077	4.64898
3078	4.64898
3079	4.64898
3080	4.64898
3081	4.64898
3082	4.64898
3083	4.64898
3084	4.64898
3085	4.64898
3086	4.64898
3087	4.64898
3088	4.64898
3089	4.64898
3090	4.64898
3091	4.64898
3092	4.64898
3093	4.64898
3094	4.64898
3095	4.64898
3096	4.64898
3097	4.64898
3098	4.64898
3099	4.64898
3100	4.64898
3101	4.64898
3102	4.64898
3103	4.64898
3104	4.64898
3105	4.64898
3106	4.64898
3107	4.64898
3108	4.64898
3109	4.64898
3110	4.64898
3111	4.64898
3112	4.64898
3113	4.64898
3114	4.64898
3115	4.64898
3116	4.64898
3117	4.64898
3118	4.64898
3119	4.64898
3120	4.64898
3121	4.64898
3122	4.64898
3123	4.64898
3124	4.64898
3125	4.64898
3126	4.64898
3127	4.64898
3128	4.64898
3129	4.64898
3130	4.64898
3131	4.64898
3132	4.64898
3133	4.64898
3134	4.64898
3135	4.64898
3136	4.64898
3137	4.64898
3138	4.64898
3139	4.64898
3140	4.64898
3141	4.64898
3142	4.64898
3143	4.64898
3144	4.64898
3145	4.64898
3146	4.64898
3147	4.64898
3148	4.64898
3149	4.64898
3150	4.64898
3151	4.64898
3152	4.64898
3153	4.64898
3154	4.64898
3155	4.64898
3156	4.64898
3157	4.64898
3158	4.64898
3159	4.64898
3160	4.64898
3161	4.64898
3162	4.64898
3163	4.64898
3164	4.64898
3165	4.64898
3166	4.64898
3167	4.64898
3168	4.64898
3169	4.64898
3170	4.64898
3171	4.64898
3172	4.64898
3173	4.64898
3174	4.64898
3175	4.64898
3176	4.64898
3177	4.64898
3178	4.64898
3179	4.64898
3180	4.64898
3181	4.64898
3182	4.64898
3183	4.64898
3184	4.64898
3185	4.64898
3186	4.64898
3187	4.64898
3188	4.64898
3189	4.64898
3190	4.64898
3191	4.64898
3192	4.64898
3193	4.64898
3194	4.64898
3195	4.64898
3196	4.64898
3197	4.64898
3198	4.64898
3199	4.64898
3200	4.64898
3201	4.64898
3202	4.64898
3203	4.64898
3204	4.64898
3205	4.64898
3206	4.64898
3207	4.64898
3208	4.64898
3209	4.64898
3210	4.64898
3211	4.64898
3212	4.64898
3213	4.64898
3214	4.64898
3215	4.64898
3216	4.64898
3217	4.64898
3218	4.64898
3219	4.64898
3220	4.64898
3221	4.64898
3222	4.64898
3223	4.64898
3224	4.64898
3225	4.64898
3226	4.64898
3227	4.64898
3228	4.64898
3229	4.64898
3230	4.64898
3231	4.64898
3232	4.64898
3233	4.64898
3234	4.64898
3235	4.64898
3236	4.64898
3237	4.64898
3238	4.64898
3239	4.64898
3240	4.64898
3241	4.64898
3242	4.64898
3243	4.64898
3244	4.64898
3245	4.64898
3246	4.64898
3247	4.64898
3248	4.64898
3249	4.64898
3250	4.64898
3251	4.64898
3252	4.64898
3253	4.64898
3254	4.64898
3255	4.64898
3256	4.64898
3257	4.64898
3258	4.64898
3259	4.64898
3260	4.64898
3261	4.64898
3262	4.64898
3263	4.64898
3264	4.64898
3265	4.64898
3266	4.64898
3267	4.64898
3268	4.64898
3269	4.64898
3270	4.64898
3271	4.64898
3272	4.64898
3273	4.64898
3274	4.64898
3275	4.64898
3276	4.64898
3277	4.64898
3278	4.64898
3279	4.64898
3280	4.64898
3281	4.64898
3282	4.64898
3283	4.64898
3284	4.64898
3285	4.64898
3286	4.64898
3287	4.64898
3288	4.64898
3289	4.64898
3290	4.64898
3291	4.64898
3292	4.64898
3293	4.64898
3294	4.64898
3295	4.64898
3296	4.64898
3297	4.64898
3298	4.64898
3299	4.64898
3300	4.64898
3301	4.64898
3302	4.64898
3303	4.64898
3304	4.64898
3305	4.64898
3306	4.64898
3307	4.64898
3308	4.64898
3309	4.64898
3310	4.64898
3311	4.64898
3312	4.64898
3313	4.64898
3314	4.64898
3315	4.64898
3316	4.64898
3317	4.64898
3318	4.64898
3319	4.64898
3320	4.64898
3321	4.64898
3322	4.64898
3323	4.64898
3324	4.64898
3325	4.64898
3326	4.64898
3327	4.64898
3328	4.64898
3329	4.64898
3330	4.64898
3331	4.64898
3332	4.64898
3333	4.64898
3334	4.64898
3335	4.64898
3336	4.64898
3337	4.64898
3338	4.64898
3339	4.64898
3340	4.64898
3341	4.64898
3342	4.64898
3343	4.64898
3344	4.64898
3345	4.64898
3346	4.64898
3347	4.64898
3348	4.64898
3349	4.64898
3350	4.64898
3351	4.64898
3352	4.64898
3353	4.64898
3354	4.64898
3355	4.64898
3356	4.64898
3357	4.64898
3358	4.64898
3359	4.64898
3360	4.64898
3361	4.64898
3362	4.64898
3363	4.64898
3364	4.64898
3365	4.64898
3366	4.64898
3367	4.64898
3368	4.64898
3369	4.64898
3370	4.64898
3371	4.64898
3372	4.64898
3373	4.64898
3374	4.64898
3375	4.64898
3376	4.64898
3377	4.64898
3378	4.64898
3379	4.64898
3380	4.64898
3381	4.64898
3382	4.64898
3383	4.64898
3384	4.64898
3385	4.64898
3386	4.64898
3387	4.64898
3388	4.64898
3389	4.64898
3390	4.64898
3391	4.64898
3392	4.64898
3393	4.64898
3394	4.64898
3395	4.64898
3396	4.64898
3397	4.64898
3398	4.64898
3399	4.64898
3400	4.64898
3401	4.64898
3402	4.64898
3403	4.64898
3404	4.64898
3405	4.64898
3406	4.64898
3407	4.64898
3408	4.64898
3409	4.64898
3410	4.64898
3411	4.64898
3412	4.64898
3413	4.64898
3414	4.64898
3415	4.64898
3416	4.64898
3417	4.64898
3418	4.64898
3419	4.64898
3420	4.64898
3421	4.64898
3422	4.64898
3423	4.64898
3424	4.64898
3425	4.64898
3426	4.64898
3427	4.64898
3428	4.64898
3429	4.64898
3430	4.64898
3431	4.64898
3432	4.64898
3433	4.64898
3434	4.64898
3435	4.64898
3436	4.64898
3437	4.64898
3438	4.64898
3439	4.64898
3440	4.64898
3441	4.64898
3442	4.64898
3443	4.64898
3444	4.64898
3445	4.64898
3446	4.64898
3447	4.64898
3448	4.64898
3449	4.64898
3450	4.64898
3451	4.64898
3452	4.64898
3453	4.64898
3454	4.64898
3455	4.64898
3456	4.64898
3457	4.64898
3458	4.64898
3459	4.64898
3460	4.64898
3461	4.64898
3462	4.64898
3463	4.64898
3464	4.64898
3465	4.64898
3466	4.64898
3467	4.64898
3468	4.64898
3469	4.64898
3470	4.64898
3471	4.64898
3472	4.64898
3473	4.64898
3474	4.64898
3475	4.64898
3476	4.64898
3477	4.64898
3478	4.64898
3479	4.64898
3480	4.64898
3481	4.64898
3482	4.64898
3483	4.64898
3484	4.64898
3485	4.64898
3486	4.64898
3487	4.64898
3488	4.64898
3489	4.64898
3490	4.64898
3491	4.64898
3492	4.64898
3493	4.64898
3494	4.64898
3495	4.64898
3496	4.64898
3497	4.64898
3498	4.64898
3499	4.64898
3500	4.64898
3501	4.64898
3502	4.64898
3503	4.64898
3504	4.64898
3505	4.64898
3506	4.64898
3507	4.64898
3508	4.64898
3509	4.64898
3510	4.64898
3511	4.64898
3512	4.64898
3513	4.64898
3514	4.64898
3515	4.64898
3516	4.64898
3517	4.64898
3518	4.64898
3519	4.64898
3520	4.64898
3521	4.64898
3522	4.64898
3523	4.64898
3524	4.64898
3525	4.64898
3526	4.64898
3527	4.64898
3528	4.64898
3529	4.64898
3530	4.64898
3531	4.64898
3532	4.64898
3533	4.64898
3534	4.64898
3535	4.64898
3536	4.64898
3537	4.64898
3538	4.64898
3539	4.64898
3540	4.64898
3541	4.64898
3542	4.64898
3543	4.64898
3544	4.64898
3545	4.64898
3546	4.64898
3547	4.64898
3548	4.64898
3549	4.64898
3550	4.64898
3551	4.64898
3552	4.64898
3553	4.64898
3554	4.64898
3555	4.64898
3556	4.64898
3557	4.64898
3558	4.64898
3559	4.64898
3560	4.64898
3561	4.64898
3562	4.64898
3563	4.64898
3564	4.64898
3565	4.64898
3566	4.64898
3567	4.64898
3568	4.64898
3569	4.64898
3570	4.64898
3571	4.64898
3572	4.64898
3573	4.64898
3574	4.64898
3575	4.64898
3576	4.64898
3577	4.64898
3578	4.64898
3579	4.64898
3580	4.64898
3581	4.64898
3582	4.64898
3583	4.64898
3584	4.64898
3585	4.64898
3586	4.64898
3587	4.64898
3588	4.64898
3589	4.64898
3590	4.64898
3591	4.64898
3592	4.64898
3593	4.64898
3594	4.64898
3595	4.64898
3596	4.64898
3597	4.64898
3598	4.64898
3599	4.64898
3600	4.64898
3601	4.64898
3602	4.64898
3603	4.64898
3604	4.64898
3605	4.64898
3606	4.64898
3607	4.64898
3608	4.64898
3609	4.64898
3610	4.64898
3611	4.64898
3612	4.64898
3613	4.64898
3614	4.64898
3615	4.64898
3616	4.64898
3617	4.64898
3618	4.64898
3619	4.64898
3620	4.64898
3621	4.64898
3622	4.64898
3623	4.64898
3624	4.64898
3625	4.64898
3626	4.64898
3627	4.64898
3628	4.64898
3629	4.64898
3630	4.64898
3631	4.64898
3632	4.64898
3633	4.64898
3634	4.64898
3635	4.64898
3636	4.64898
3637	4.64898
3638	4.64898
3639	4.64898
3640	4.64898
3641	4.64898
3642	4.64898
3643	4.64898
3644	4.64898
3645	4.64898
3646	4.64898
3647	4.64898
3648	4.64898
3649	4.64898
3650	4.64898
3651	4.64898
3652	4.64898
3653	4.64898
3654	4.64898
3655	4.64898
3656	4.64898
3657	4.64898
3658	4.64898
3659	4.64898
3660	4.64898
3661	4.64898
3662	4.64898
3663	4.64898
3664	4.64898
3665	4.64898
3666	4.64898
3667	4.64898
3668	4.64898
3669	4.64898
3670	4.64898
3671	4.64898
3672	4.64898
3673	4.64898
3674	4.64898
3675	4.64898
3676	4.64898
3677	4.64898
3678	4.64898
3679	4.64898
3680	4.64898
3681	4.64898
3682	4.64898
3683	4.64898
3684	4.64898
3685	4.64898
3686	4.64898
3687	4.64898
3688	4.64898
3689	4.64898
3690	4.64898
3691	4.64898
3692	4.64898
3693	4.64898
3694	4.64898
3695	4.64898
3696	4.64898
3697	4.64898
3698	4.64898
3699	4.64898
3700	4.64898
3701	4.64898
3702	4.64898
3703	4.64898
3704	4.64898
3705	4.64898
3706	4.64898
3707	4.64898
3708	4.64898
3709	4.64898
3710	4.64898
3711	4.64898
3712	4.64898
3713	4.64898
3714	4.64898
3715	4.64898
3716	4.64898
3717	4.64898
3718	4.64898
3719	4.64898
3720	4.64898
3721	4.64898
3722	4.64898
3723	4.64898
3724	4.64898
3725	4.64898
3726	4.64898
3727	4.64898
3728	4.64898
3729	4.64898
3730	4.64898
3731	4.64898
3732	4.64898
3733	4.64898
3734	4.64898
3735	4.64898
3736	4.64898
3737	4.64898
3738	4.64898
3739	4.64898
3740	4.64898
3741	4.64898
3742	4.64898
3743	4.64898
3744	4.64898
3745	4.64898
3746	4.64898
3747	4.64898
3748	4.64898
3749	4.64898
3750	4.64898
3751	4.64898
3752	4.64898
3753	4.64898
3754	4.64898
3755	4.64898
3756	4.64898
3757	4.64898
3758	4.64898
3759	4.64898
3760	4.64898
3761	4.64898
3762	4.64898
3763	4.64898
3764	4.64898
3765	4.64898
3766	4.64898
3767	4.64898
3768	4.64898
3769	4.64898
3770	4.64898
3771	4.64898
3772	4.64898
3773	4.64898
3774	4.64898
3775	4.64898
3776	4.64898
3777	4.64898
3778	4.64898
3779	4.64898
3780	4.64898
3781	4.64898
3782	4.64898
3783	4.64898
3784	4.64898
3785	4.64898
3786	4.64898
3787	4.64898
3788	4.64898
3789	4.64898
3790	4.64898
3791	4.64898
3792	4.64898
3793	4.64898
3794	4.64898
3795	4.64898
3796	4.64898
3797	4.64898
3798	4.64898
3799	4.64898
3800	4.64898
3801	4.64898
3802	4.64898
3803	4.64898
3804	4.64898
3805	4.64898
3806	4.64898
3807	4.64898
3808	4.64898
3809	4.64898
3810	4.64898
3811	4.64898
3812	4.64898
3813	4.64898
3814	4.64898
3815	4.64898
3816	4.64898
3817	4.64898
3818	4.64898
3819	4.64898
3820	4.64898
3821	4.64898
3822	4.64898
3823	4.64898
3824	4.64898
3825	4.64898
3826	4.64898
3827	4.64898
3828	4.64898
3829	4.64898
3830	4.64898
3831	4.64898
3832	4.64898
3833	4.64898
3834	4.64898
3835	4.64898
3836	4.64898
3837	4.64898
3838	4.64898
3839	4.64898
3840	4.64898
3841	4.64898
3842	4.64898
3843	4.64898
3844	4.64898
3845	4.64898
3846	4.64898
3847	4.64898
3848	4.64898
3849	4.64898
3850	4.64898
3851	4.64898
3852	4.64898
3853	4.64898
3854	4.64898
3855	4.64898
3856	4.64898
3857	4.64898
3858	4.64898
3859	4.64898
3860	4.64898
3861	4.64898
3862	4.64898
3863	4.64898
3864	4.64898
3865	4.64898
3866	4.64898
3867	4.64898
3868	4.64898
3869	4.64898
3870	4.64898
3871	4.64898
3872	4.64898
3873	4.64898
3874	4.64898
3875	4.64898
3876	4.64898
3877	4.64898
3878	4.64898
3879	4.64898
3880	4.64898
3881	4.64898
3882	4.64898
3883	4.64898
3884	4.64898
3885	4.64898
3886	4.64898
3887	4.64898
3888	4.64898
3889	4.64898
3890	4.64898
3891	4.64898
3892	4.64898
3893	4.64898
3894	4.64898
3895	4.64898
3896	4.64898
3897	4.64898
3898	4.64898
3899	4.64898
3900	4.64898
3901	4.64898
3902	4.64898
3903	4.64898
3904	4.64898
3905	4.64898
3906	4.64898
3907	4.64898
3908	4.64898
3909	4.64898
3910	4.64898
3911	4.64898
3912	4.64898
3913	4.64898
3914	4.64898
3915	4.64898
3916	4.64898
3917	4.64898
3918	4.64898
3919	4.64898
3920	4.64898
3921	4.64898
3922	4.64898
3923	4.64898
3924	4.64898
3925	4.64898
3926	4.64898
3927	4.64898
3928	4.64898
3929	4.64898
3930	4.64898
3931	4.64898
3932	4.64898
3933	4.64898
3934	4.64898
3935	4.64898
3936	4.64898
3937	4.64898
3938	4.64898
3939	4.64898
3940	4.64898
3941	4.64898
3942	4.64898
3943	4.64898
3944	4.64898
3945	4.64898
3946	4.64898
3947	4.64898
3948	4.64898
3949	4.64898
3950	4.64898
3951	4.64898
3952	4.64898
3953	4.64898
3954	4.64898
3955	4.64898
3956	4.64898
3957	4.64898
3958	4.64898
3959	4.64898
3960	4.64898
3961	4.64898
3962	4.64898
3963	4.64898
3964	4.64898
3965	4.64898
3966	4.64898
3967	4.64898
3968	4.64898
3969	4.64898
3970	4.64898
3971	4.64898
3972	4.64898
3973	4.64898
3974	4.64898
3975	4.64898
3976	4.64898
3977	4.64898
3978	4.64898
3979	4.64898
3980	4.64898
3981	4.64898
3982	4.64898
3983	4.64898
3984	4.64898
3985	4.64898
3986	4.64898
3987	4.64898
3988	4.64898
3989	4.64898
3990	4.64898
3991	4.64898
3992	4.64898
3993	4.64898
3994	4.64898
3995	4.64898
3996	4.64898
3997	4.64898
3998	4.64898
3999	4.64898
4000	4.64898
4001	4.64898
4002	4.64898
4003	4.64898
4004	4.64898
4005	4.64898
4006	4.64898
4007	4.64898
4008	4.64898
4009	4.64898
4010	4.64898
4011	4.64898
4012	4.64898
4013	4.64898
4014	4.64898
4015	4.64898
4016	4.64898
4017	4.64898
4018	4.64898
4019	4.64898
4020	4.64898
4021	4.64898
4022	4.64898
4023	4.64898
4024	4.64898
4025	4.64898
4026	4.64898
4027	4.64898
4028	4.64898
4029	4.64898
4030	4.64898
4031	4.64898
4032	4.64898
4033	4.64898
4034	4.64898
4035	4.64898
4036	4.64898
4037	4.64898
4038	4.64898
4039	4.64898
4040	4.64898
4041	4.64898
4042	4.64898
4043	4.64898
4044	4.64898
4045	4.64898
4046	4.64898
4047	4.64898
4048	4.64898
4049	4.64898
4050	4.64898
4051	4.64898
4052	4.64898
4053	4.64898
4054	4.64898
4055	4.64898
4056	4.64898
4057	4.64898
4058	4.64898
4059	4.64898
4060	4.64898
4061	4.64898
4062	4.64898
4063	4.64898
4064	4.64898
4065	4.64898
4066	4.64898
4067	4.64898
4068	4.64898
4069	4.64898
4070	4.64898
4071	4.64898
4072	4.64898
4073	4.64898
4074	4.64898
4075	4.64898
4076	4.64898
4077	4.64898
4078	4.64898
4079	4.64898
4080	4.64898
4081	4.64898
4082	4.64898
4083	4.64898
4084	4.64898
4085	4.64898
4086	4.64898
4087	4.64898
4088	4.64898
4089	4.64898
4090	4.64898
4091	4.64898
4092	4.64898
4093	4.64898
4094	4.64898
4095	4.64898
4096	4.64898
4097	4.64898
4098	4.64898
4099	4.64898
4100	4.64898
4101	4.64898
4102	4.64898
4103	4.64898
4104	4.64898
4105	4.64898
4106	4.64898
4107	4.64898
4108	4.64898
4109	4.64898
4110	4.64898
4111	4.64898
4112	4.64898
4113	4.64898
4114	4.64898
4115	4.64898
4116	4.64898
4117	4.64898
4118	4.64898
4119	4.64898
4120	4.64898
4121	4.64898
4122	4.64898
4123	4.64898
4124	4.64898
4125	4.64898
4126	4.64898
4127	4.64898
4128	4.64898
4129	4.64898
4130	4.64898
4131	4.64898
4132	4.64898
4133	4.64898
4134	4.64898
4135	4.64898
4136	4.64898
4137	4.64898
4138	4.64898
4139	4.64898
4140	4.64898
4141	4.64898
4142	4.64898
4143	4.64898
4144	4.64898
4145	4.64898
4146	4.64898
4147	4.64898
4148	4.64898
4149	4.64898
4150	4.64898
4151	4.64898
4152	4.64898
4153	4.64898
4154	4.64898
4155	4.64898
4156	4.64898
4157	4.64898
4158	4.64898
4159	4.64898
4160	4.64898
4161	4.64898
4162	4.64898
4163	4.64898
4164	4.64898
4165	4.64898
4166	4.64898
4167	4.64898
4168	4.64898
4169	4.64898
4170	4.64898
4171	4.64898
4172	4.64898
4173	4.64898
4174	4.64898
4175	4.64898
4176	4.64898
4177	4.64898
4178	4.64898
4179	4.64898
4180	4.64898
4181	4.64898
4182	4.64898
4183	4.64898
4184	4.64898
4185	4.64898
4186	4.64898
4187	4.64898
4188	4.64898
4189	4.64898
4190	4.64898
4191	4.64898
4192	4.64898
4193	4.64898
4194	4.64898
4195	4.64898
4196	4.64898
4197	4.64898
4198	4.64898
4199	4.64898
4200	4.64898
4201	4.64898
4202	4.64898
4203	4.64898
4204	4.64898
4205	4.64898
4206	4.64898
4207	4.64898
4208	4.64898
4209	4.64898
4210	4.64898
4211	4.64898
4212	4.64898
4213	4.64898
4214	4.64898
4215	4.64898
4216	4.64898
4217	4.64898
4218	4.64898
4219	4.64898
4220	4.64898
4221	4.64898
4222	4.64898
4223	4.64898
4224	4.64898
4225	4.64898
4226	4.64898
4227	4.64898
4228	4.64898
4229	4.64898
4230	4.64898
4231	4.64898
4232	4.64898
4233	4.64898
4234	4.64898
4235	4.64898
4236	4.64898
4237	4.64898
4238	4.64898
4239	4.64898
4240	4.64898
4241	4.64898
4242	4.64898
4243	4.64898
4244	4.64898
4245	4.64898
4246	4.64898
4247	4.64898
4248	4.64898
4249	4.64898
4250	4.64898
4251	4.64898
4252	4.64898
4253	4.64898
4254	4.64898
4255	4.64898
4256	4.64898
4257	4.64898
4258	4.64898
4259	4.64898
4260	4.64898
4261	4.64898
4262	4.64898
4263	4.64898
4264	4.64898
4265	4.64898
4266	4.64898
4267	4.64898
4268	4.64898
4269	4.64898
4270	4.64898
4271	4.64898
4272	4.64898
4273	4.64898
4274	4.64898
4275	4.64898
4276	4.64898
4277	4.64898
4278	4.64898
4279	4.64898
4280	4.64898
4281	4.64898
4282	4.64898
4283	4.64898
4284	4.64898
4285	4.64898
4286	4.64898
4287	4.64898
4288	4.64898
4289	4.64898
4290	4.64898
4291	4.64898
4292	4.64898
4293	4.64898
4294	4.64898
4295	4.64898
4296	4.64898
4297	4.64898
4298	4.64898
4299	4.64898
4300	4.64898
4301	4.64898
4302	4.64898
4303	4.64898
4304	4.64898
4305	4.64898
4306	4.64898
4307	4.64898
4308	4.64898
4309	4.64898
4310	4.64898
4311	4.64898
4312	4.64898
4313	4.64898
4314	4.64898
4315	4.64898
4316	4.64898
4317	4.64898
4318	4.64898
4319	4.64898
4320	4.64898
4321	4.64898
4322	4.64898
4323	4.64898
4324	4.64898
4325	4.64898
4326	4.64898
4327	4.64898
4328	4.64898
4329	4.64898
4330	4.64898
4331	4.64898
4332	4.64898
4333	4.64898
4334	4.64898
4335	4.64898
4336	4.64898
4337	4.64898
4338	4.64898
4339	4.64898
4340	4.64898
4341	4.64898
4342	4.64898
4343	4.64898
4344	4.64898
4345	4.64898
4346	4.64898
4347	4.64898
4348	4.64898
4349	4.64898
4350	4.64898
4351	4.64898
4352	4.64898
4353	4.64898
4354	4.64898
4355	4.64898
4356	4.64898
4357	4.64898
4358	4.64898
4359	4.64898
4360	4.64898
4361	4.64898
4362	4.64898
4363	4.64898
4364	4.64898
4365	4.64898
4366	4.64898
4367	4.64898
4368	4.64898
4369	4.64898
4370	4.64898
4371	4.64898
4372	4.64898
4373	4.64898
4374	4.64898
4375	4.64898
4376	4.64898
4377	4.64898
4378	4.64898
4379	4.64898
4380	4.64898
4381	4.64898
4382	4.64898
4383	4.64898
4384	4.64898
4385	4.64898
4386	4.64898
4387	4.64898
4388	4.64898
4389	4.64898
4390	4.64898
4391	4.64898
4392	4.64898
4393	4.64898
4394	4.64898
4395	4.64898
4396	4.64898
4397	4.64898
4398	4.64898
4399	4.64898
4400	4.64898
4401	4.64898
4402	4.64898
4403	4.64898
4404	4.64898
4405	4.64898
4406	4.64898
4407	4.64898
4408	4.64898
4409	4.64898
4410	4.64898
4411	4.64898
4412	4.64898
4413	4.64898
4414	4.64898
4415	4.64898
4416	4.64898
4417	4.64898
4418	4.64898
4419	4.64898
4420	4.64898
4421	4.64898
4422	4.64898
4423	4.64898
4424	4.64898
4425	4.64898
4426	4.64898
4427	4.64898
4428	4.64898
4429	4.64898
4430	4.64898
4431	4.64898
4432	4.64898
4433	4.64898
4434	4.64898
4435	4.64898
4436	4.64898
4437	4.64898
4438	4.64898
4439	4.64898
4440	4.64898
4441	4.64898
4442	4.64898
4443	4.64898
4444	4.64898
4445	4.64898
4446	4.64898
4447	4.64898
4448	4.64898
4449	4.64898
4450	4.64898
4451	4.64898
4452	4.64898
4453	4.64898
4454	4.64898
4455	4.64898
4456	4.64898
4457	4.64898
4458	4.64898
4459	4.64898
4460	4.64898
4461	4.64898
4462	4.64898
4463	4.64898
4464	4.64898
4465	4.64898
4466	4.64898
4467	4.64898
4468	4.64898
4469	4.64898
4470	4.64898
4471	4.64898
4472	4.64898
4473	4.64898
4474	4.64898
4475	4.64898
4476	4.64898
4477	4.64898
4478	4.64898
4479	4.64898
4480	4.64898
4481	4.64898
4482	4.64898
4483	4.64898
4484	4.64898
4485	4.64898
4486	4.64898
4487	4.64898
4488	4.64898
4489	4.64898
4490	4.64898
4491	4.64898
4492	4.64898
4493	4.64898
4494	4.64898
4495	4.64898
4496	4.64898
4497	4.64898
4498	4.64898
4499	4.64898
4500	4.64898
4501	4.64898
4502	4.64898
4503	4.64898
4504	4.64898
4505	4.64898
4506	4.64898
4507	4.64898
4508	4.64898
4509	4.64898
4510	4.64898
4511	4.64898
4512	4.64898
4513	4.64898
4514	4.64898
4515	4.64898
4516	4.64898
4517	4.64898
4518	4.64898
4519	4.64898
4520	4.64898
4521	4.64898
4522	4.64898
4523	4.64898
4524	4.64898
4525	4.64898
4526	4.64898
4527	4.64898
4528	4.64898
4529	4.64898
4530	4.64898
4531	4.64898
4532	4.64898
4533	4.64898
4534	4.64898
4535	4.64898
4536	4.64898
4537	4.64898
4538	4.64898
4539	4.64898
4540	4.64898
4541	4.64898
4542	4.64898
4543	4.64898
4544	4.64898
4545	4.64898
4546	4.64898
4547	4.64898
4548	4.64898
4549	4.64898
4550	4.64898
4551	4.64898
4552	4.64898
4553	4.64898
4554	4.64898
4555	4.64898
4556	4.64898
4557	4.64898
4558	4.64898
4559	4.64898
4560	4.64898
4561	4.64898
4562	4.64898
4563	4.64898
4564	4.64898
4565	4.64898
4566	4.64898
4567	4.64898
4568	4.64898
4569	4.64898
4570	4.64898
4571	4.64898
4572	4.64898
4573	4.64898
4574	4.64898
4575	4.64898
4576	4.64898
4577	4.64898
4578	4.64898
4579	4.64898
4580	4.64898
4581	4.64898
4582	4.64898
4583	4.64898
4584	4.64898
4585	4.64898
4586	4.64898
4587	4.64898
4588	4.64898
4589	4.64898
4590	4.64898
4591	4.64898
4592	4.64898
4593	4.64898
4594	4.64898
4595	4.64898
4596	4.64898
4597	4.64898
4598	4.64898
4599	4.64898
4600	4.64898
4601	4.64898
4602	4.64898
4603	4.64898
4604	4.64898
4605	4.64898
4606	4.64898
4607	4.64898
4608	4.64898
4609	4.64898
4610	4.64898
4611	4.64898
4612	4.64898
4613	4.64898
4614	4.64898
4615	4.64898
4616	4.64898
4617	4.64898
4618	4.64898
4619	4.64898
4620	4.64898
4621	4.64898
4622	4.64898
4623	4.64898
4624	4.64898
4625	4.64898
4626	4.64898
4627	4.64898
4628	4.64898
4629	4.64898
4630	4.64898
4631	4.64898
4632	4.64898
4633	4.64898
4634	4.64898
4635	4.64898
4636	4.64898
4637	4.64898
4638	4.64898
4639	4.64898
4640	4.64898
4641	4.64898
4642	4.64898
4643	4.64898
4644	4.64898
4645	4.64898
4646	4.64898
4647	4.64898
4648	4.64898
4649	4.64898
4650	4.64898
4651	4.64898
4652	4.64898
4653	4.64898
4654	4.64898
4655	4.64898
4656	4.64898
4657	4.64898
4658	4.64898
4659	4.64898
4660	4.64898
4661	4.64898
4662	4.64898
4663	4.64898
4664	4.64898
4665	4.64898
4666	4.64898
4667	4.64898
4668	4.64898
4669	4.64898
4670	4.64898
4671	4.64898
4672	4.64898
4673	4.64898
4674	4.64898
4675	4.64898
4676	4.64898
4677	4.64898
4678	4.64898
4679	4.64898
4680	4.64898
4681	4.64898
4682	4.64898
4683	4.64898
4684	4.64898
4685	4.64898
4686	4.64898
4687	4.64898
4688	4.64898
4689	4.64898
4690	4.64898
4691	4.64898
4692	4.64898
4693	4.64898
4694	4.64898
4695	4.64898
4696	4.64898
4697	4.64898
4698	4.64898
4699	4.64898
4700	4.64898
4701	4.64898
4702	4.64898
4703	4.64898
4704	4.64898
4705	4.64898
4706	4.64898
4707	4.64898
4708	4.64898
4709	4.64898
4710	4.64898
4711	4.64898
4712	4.64898
4713	4.64898
4714	4.64898
4715	4.64898
4716	4.64898
4717	4.64898
4718	4.64898
4719	4.64898
4720	4.64898
4721	4.64898
4722	4.64898
4723	4.64898
4724	4.64898
4725	4.64898
4726	4.64898
4727	4.64898
4728	4.64898
4729	4.64898
4730	4.64898
4731	4.64898
4732	4.64898
4733	4.64898
4734	4.64898
4735	4.64898
4736	4.64898
4737	4.64898
4738	4.64898
4739	4.64898
4740	4.64898
4741	4.64898
4742	4.64898
4743	4.64898
4744	4.64898
4745	4.64898
4746	4.64898
4747	4.64898
4748	4.64898
4749	4.64898
4750	4.64898
4751	4.64898
4752	4.64898
4753	4.64898
4754	4.64898
4755	4.64898
4756	4.64898
4757	4.64898
4758	4.64898
4759	4.64898
4760	4.64898
4761	4.64898
4762	4.64898
4763	4.64898
4764	4.64898
4765	4.64898
4766	4.64898
4767	4.64898
4768	4.64898
4769	4.64898
4770	4.64898
4771	4.64898
4772	4.64898
4773	4.64898
4774	4.64898
4775	4.64898
4776	4.64898
4777	4.64898
4778	4.64898
4779	4.64898
4780	4.64898
4781	4.64898
4782	4.64898
4783	4.64898
4784	4.64898
4785	4.64898
4786	4.64898
4787	4.64898
4788	4.64898
4789	4.64898
4790	4.64898
4791	4.64898
4792	4.64898
4793	4.64898
4794	4.64898
4795	4.64898
4796	4.64898
4797	4.64898
4798	4.64898
4799	4.64898
4800	4.64898
4801	4.64898
4802	4.64898
4803	4.64898
4804	4.64898
4805	4.64898
4806	4.64898
4807	4.64898
4808	4.64898
4809	4.64898
4810	4.64898
4811	4.64898
4812	4.64898
4813	4.64898
4814	4.64898
4815	4.64898
4816	4.64898
4817	4.64898
4818	4.64898
4819	4.64898
4820	4.64898
4821	4.64898
4822	4.64898
4823	4.64898
4824	4.64898
4825	4.64898
4826	4.64898
4827	4.64898
4828	4.64898
4829	4.64898
4830	4.64898
4831	4.64898
4832	4.64898
4833	4.64898
4834	4.64898
4835	4.64898
4836	4.64898
4837	4.64898
4838	4.64898
4839	4.64898
4840	4.64898
4841	4.64898
4842	4.64898
4843	4.64898
4844	4.64898
4845	4.64898
4846	4.64898
4847	4.64898
4848	4.64898
4849	4.64898
4850	4.64898
4851	4.64898
4852	4.64898
4853	4.64898
4854	4.64898
4855	4.64898
4856	4.64898
4857	4.64898
4858	4.64898
4859	4.64898
4860	4.64898
4861	4.64898
4862	4.64898
4863	4.64898
4864	4.64898
4865	4.64898
4866	4.64898
4867	4.64898
4868	4.64898
4869	4.64898
4870	4.64898
4871	4.64898
4872	4.64898
4873	4.64898
4874	4.64898
4875	4.64898
4876	4.64898
4877	4.64898
4878	4.64898
4879	4.64898
4880	4.64898
4881	4.64898
4882	4.64898
4883	4.64898
4884	4.64898
4885	4.64898
4886	4.64898
4887	4.64898
4888	4.64898
4889	4.64898
4890	4.64898
4891	4.64898
4892	4.64898
4893	4.64898
4894	4.64898
4895	4.64898
4896	4.64898
4897	4.64898
4898	4.64898
4899	4.64898
4900	4.64898
4901	4.64898
4902	4.64898
4903	4.64898
4904	4.64898
4905	4.64898
4906	4.64898
4907	4.64898
4908	4.64898
4909	4.64898
4910	4.64898
4911	4.64898
4912	4.64898
4913	4.64898
4914	4.64898
4915	4.64898
4916	4.64898
4917	4.64898
4918	4.64898
4919	4.64898
4920	4.64898
4921	4.64898
4922	4.64898
4923	4.64898
4924	4.64898
4925	4.64898
4926	4.64898
4927	4.64898
4928	4.64898
4929	4.64898
4930	4.64898
4931	4.64898
4932	4.64898
4933	4.64898
4934	4.64898
4935	4.64898
4936	4.64898
4937	4.64898
4938	4.64898
4939	4.64898
4940	4.64898
4941	4.64898
4942	4.64898
4943	4.64898
4944	4.64898
4945	4.64898
4946	4.64898
4947	4.64898
4948	4.64898
4949	4.64898
4950	4.64898
4951	4.64898
4952	4.64898
4953	4.64898
4954	4.64898
4955	4.64898
4956	4.64898
4957	4.64898
4958	4.64898
4959	4.64898
4960	4.64898
4961	4.64898
4962	4.64898
4963	4.64898
4964	4.64898
4965	4.64898
4966	4.64898
4967	4.64898
4968	4.64898
4969	4.64898
4970	4.64898
4971	4.64898
4972	4.64898
4973	4.64898
4974	4.64898
4975	4.64898
4976	4.64898
4977	4.64898
4978	4.64898
4979	4.64898
4980	4.64898
4981	4.64898
4982	4.64898
4983	4.64898
4984	4.64898
4985	4.64898
4986	4.64898
4987	4.64898
4988	4.64898
4989	4.64898
4990	4.64898
4991	4.64898
4992	4.64898
4993	4.64898
4994	4.64898
4995	4.64898
4996	4.64898
4997	4.64898
4998	4.64898
4999	4.64898
5000	4.64898
