1	15.0798
2	13.811
3	13.1969
4	12.657
5	12.3348
6	12.1063
7	11.8341
8	11.4496
9	10.7953
10	10.2603
11	10.058
12	9.87181
13	9.73484
14	9.75834
15	9.30249
16	8.94482
17	8.91229
18	9.04501
19	8.83501
20	8.78341
21	8.72908
22	8.66085
23	8.62441
24	8.60802
25	8.60802
26	8.6077
27	8.74123
28	8.59599
29	8.64842
30	8.53969
31	8.48981
32	8.43915
33	8.40393
34	8.36453
35	8.31995
36	8.17782
37	8.07892
38	8.05712
39	8.02933
40	7.97792
41	7.89755
42	7.8002
43	7.70883
44	7.67715
45	7.64478
46	7.41341
47	7.17337
48	7.09325
49	7.00582
50	6.96971
51	6.96661
52	6.91656
53	6.86039
54	6.85614
55	6.85159
56	6.7772
57	6.66369
58	6.6291
59	6.62543
60	6.56423
61	6.49615
62	6.47631
63	6.50605
64	6.38362
65	6.31008
66	6.3055
67	6.24816
68	6.14332
69	6.03683
70	5.9831
71	5.96921
72	5.91818
73	5.86825
74	5.84497
75	5.82802
76	5.79849
77	5.76483
78	5.74287
79	5.7256
80	5.72548
81	5.72313
82	5.71609
83	5.70993
84	5.70857
85	5.70857
86	5.70559
87	5.66197
88	5.58714
89	5.55719
90	5.55205
91	5.54086
92	5.53269
93	5.53269
94	5.53269
95	5.53269
96	5.53269
97	5.53166
98	5.50694
99	5.48119
100	5.48119
101	5.48119
102	5.48119
103	5.48119
104	5.48119
105	5.48119
106	5.48119
107	5.48119
108	5.48119
109	5.48119
110	5.48119
111	5.48039
112	5.46205
113	5.44211
114	5.44132
115	5.44132
116	5.44132
117	5.44132
118	5.44132
119	5.44132
120	5.44132
121	5.44132
122	5.44132
123	5.44132
124	5.44132
125	5.44132
126	5.44132
127	5.44132
128	5.44132
129	5.44132
130	5.44132
131	5.44132
132	5.44132
133	5.44114
134	5.43719
135	5.43288
136	5.43271
137	5.43271
138	5.43248
139	5.42962
140	5.42699
141	5.42699
142	5.42699
143	5.42699
144	5.42699
145	5.42699
146	5.42699
147	5.42699
148	5.42699
149	5.42699
150	5.42699
151	5.42699
152	5.42699
153	5.42699
154	5.42699
155	5.42699
156	5.42699
157	5.42699
158	5.42699
159	5.42699
160	5.42699
161	5.42699
162	5.42699
163	5.42669
164	5.42181
165	5.41419
166	5.41175
167	5.41175
168	5.41175
169	5.41175
170	5.41175
171	5.41175
172	5.41175
173	5.41175
174	5.41175
175	5.41175
176	5.41175
177	5.41175
178	5.41175
179	5.41175
180	5.41175
181	5.41175
182	5.41175
183	5.41175
184	5.41175
185	5.41175
186	5.41175
187	5.41175
188	5.41175
189	5.41175
190	5.41175
191	5.41175
192	5.41175
193	5.41175
194	5.41175
195	5.41175
196	5.41175
197	5.41175
198	5.41175
199	5.41175
200	5.41175
201	5.41175
202	5.41175
203	5.41175
204	5.41175
205	5.41175
206	5.41175
207	5.41175
208	5.41175
209	5.41175
210	5.41175
211	5.41175
212	5.41175
213	5.41175
214	5.41175
215	5.41175
216	5.41175
217	5.41175
218	5.41175
219	5.41175
220	5.41175
221	5.41175
222	5.41175
223	5.41175
224	5.41175
225	5.41175
226	5.41175
227	5.41175
228	5.41175
229	5.41175
230	5.41175
231	5.41175
232	5.41175
233	5.41175
234	5.41175
235	5.41175
236	5.41175
237	5.41175
238	5.41175
239	5.41175
240	5.41175
241	5.41175
242	5.41175
243	5.41175
244	5.41175
245	5.41175
246	5.41175
247	5.41175
248	5.41175
249	5.41175
250	5.41175
251	5.41175
252	5.41175
253	5.41175
254	5.41175
255	5.41175
256	5.41175
257	5.41175
258	5.41175
259	5.41175
260	5.41175
261	5.41175
262	5.41175
263	5.41175
264	5.41175
265	5.41175
266	5.41175
267	5.41175
268	5.41175
269	5.41175
270	5.41175
271	5.41175
272	5.41175
273	5.41175
274	5.41175
275	5.41175
276	5.41175
277	5.41175
278	5.41175
279	5.41175
280	5.41175
281	5.41175
282	5.41175
283	5.41175
284	5.41175
285	5.41175
286	5.41175
287	5.41175
288	5.41175
289	5.41175
290	5.41175
291	5.41175
292	5.41175
293	5.41175
294	5.41175
295	5.41175
296	5.41175
297	5.41175
298	5.41175
299	5.41175
300	5.41175
301	5.41175
302	5.41175
303	5.41175
304	5.41175
305	5.41175
306	5.41175
307	5.41175
308	5.41175
309	5.41175
310	5.41175
311	5.41175
312	5.41175
313	5.41175
314	5.41175
315	5.41175
316	5.41175
317	5.41175
318	5.41175
319	5.41175
320	5.41175
321	5.41175
322	5.41175
323	5.41175
324	5.41175
325	5.41175
326	5.41175
327	5.41175
328	5.41175
329	5.41175
330	5.41175
331	5.41175
332	5.41175
333	5.41175
334	5.41175
335	5.41175
336	5.41175
337	5.41175
338	5.41175
339	5.41175
340	5.41175
341	5.41175
342	5.41175
343	5.41175
344	5.41175
345	5.41175
346	5.41175
347	5.41175
348	5.41175
349	5.41175
350	5.41175
351	5.41175
352	5.41175
353	5.41175
354	5.41175
355	5.41175
356	5.4117
357	5.41048
358	5.40921
359	5.40921
360	5.40921
361	5.40921
362	5.40921
363	5.40921
364	5.40921
365	5.40921
366	5.40921
367	5.40921
368	5.40921
369	5.40921
370	5.40921
371	5.40921
372	5.40921
373	5.40921
374	5.40921
375	5.40921
376	5.40921
377	5.40921
378	5.40921
379	5.40921
380	5.40921
381	5.40921
382	5.40921
383	5.40921
384	5.40921
385	5.40921
386	5.40921
387	5.40921
388	5.40921
389	5.40921
390	5.40921
391	5.40921
392	5.40921
393	5.40921
394	5.40921
395	5.40921
396	5.40921
397	5.40921
398	5.40921
399	5.40921
400	5.40921
401	5.40921
402	5.40921
403	5.40921
404	5.40921
405	5.40921
406	5.40921
407	5.40921
408	5.40921
409	5.40921
410	5.40921
411	5.40921
412	5.40921
413	5.40921
414	5.40921
415	5.40921
416	5.40921
417	5.40921
418	5.40921
419	5.4077
420	5.37605
421	5.33837
422	5.33352
423	5.3276
424	5.31937
425	5.3174
426	5.3174
427	5.3174
428	5.3174
429	5.3174
430	5.3174
431	5.3174
432	5.3174
433	5.3174
434	5.3174
435	5.3174
436	5.3174
437	5.3174
438	5.3174
439	5.3174
440	5.3174
441	5.3174
442	5.3174
443	5.3174
444	5.3174
445	5.3174
446	5.3174
447	5.3174
448	5.3174
449	5.31672
450	5.30306
451	5.28599
452	5.28326
453	5.28326
454	5.28326
455	5.28326
456	5.28326
457	5.28326
458	5.28326
459	5.28326
460	5.28326
461	5.28326
462	5.28326
463	5.28326
464	5.28326
465	5.28326
466	5.28326
467	5.28326
468	5.28326
469	5.28326
470	5.28326
471	5.28326
472	5.28326
473	5.28326
474	5.28326
475	5.28326
476	5.28326
477	5.28326
478	5.28326
479	5.28326
480	5.28326
481	5.28326
482	5.28326
483	5.28326
484	5.28326
485	5.28326
486	5.28326
487	5.28326
488	5.28326
489	5.28326
490	5.28326
491	5.28326
492	5.28326
493	5.28326
494	5.28326
495	5.28326
496	5.28326
497	5.28326
498	5.28326
499	5.28326
500	5.28326
501	5.28326
502	5.28326
503	5.28326
504	5.28326
505	5.28326
506	5.28326
507	5.28326
508	5.28326
509	5.28326
510	5.28326
511	5.28326
512	5.28326
513	5.28326
514	5.28326
515	5.28326
516	5.28326
517	5.28326
518	5.28326
519	5.28326
520	5.28326
521	5.28326
522	5.28326
523	5.28326
524	5.28326
525	5.28326
526	5.28326
527	5.28326
528	5.28326
529	5.28326
530	5.28326
531	5.28326
532	5.28326
533	5.28326
534	5.28326
535	5.28326
536	5.28326
537	5.28326
538	5.28326
539	5.28326
540	5.28326
541	5.28326
542	5.28326
543	5.28326
544	5.28326
545	5.28326
546	5.28326
547	5.28326
548	5.28326
549	5.28326
550	5.28326
551	5.28326
552	5.28326
553	5.28326
554	5.28326
555	5.28326
556	5.28326
557	5.28326
558	5.28326
559	5.28326
560	5.28326
561	5.28326
562	5.28326
563	5.28326
564	5.28326
565	5.28326
566	5.28326
567	5.28326
568	5.28326
569	5.28326
570	5.28326
571	5.28326
572	5.28326
573	5.28326
574	5.28326
575	5.28326
576	5.28326
577	5.28326
578	5.28326
579	5.28326
580	5.28326
581	5.28326
582	5.28326
583	5.28326
584	5.28326
585	5.28326
586	5.28326
587	5.28326
588	5.28326
589	5.28326
590	5.28326
591	5.28326
592	5.28326
593	5.28326
594	5.28326
595	5.28314
596	5.28058
597	5.27753
598	5.27716
599	5.27716
600	5.27716
601	5.27716
602	5.27716
603	5.27716
604	5.27716
605	5.27716
606	5.27268
607	5.19771
608	5.08571
609	5.05315
610	5.05315
611	5.05315
612	5.05315
613	5.05315
614	5.05315
615	5.05315
616	5.05315
617	5.05315
618	5.05315
619	5.05315
620	5.05315
621	5.05315
622	5.05315
623	5.05315
624	5.05315
625	5.05315
626	5.05315
627	5.05315
628	5.05315
629	5.05315
630	5.05315
631	5.05315
632	5.05315
633	5.05315
634	5.05315
635	5.05315
636	5.05315
637	5.05315
638	5.05315
639	5.05315
640	5.05315
641	5.05315
642	5.27279
643	5.35127
644	5.2397
645	5.26113
646	5.3412
647	5.27735
648	5.05315
649	5.05315
650	5.05315
651	5.05315
652	5.05315
653	5.05315
654	5.05315
655	5.05315
656	5.05315
657	5.05315
658	5.05315
659	5.05315
660	5.05315
661	5.05315
662	5.05315
663	5.05315
664	5.05315
665	5.05315
666	5.05315
667	5.05315
668	5.05315
669	5.05315
670	5.05315
671	5.05315
672	5.05315
673	5.05315
674	5.05315
675	5.05315
676	5.05315
677	5.05315
678	5.05315
679	5.05315
680	5.05315
681	5.05315
682	5.05315
683	5.05315
684	5.05315
685	5.05315
686	5.05315
687	5.05315
688	5.05315
689	5.05315
690	5.05315
691	5.05315
692	5.05315
693	5.05315
694	5.05315
695	5.05315
696	5.05315
697	5.05315
698	5.05315
699	5.05315
700	5.05315
701	5.05315
702	5.05315
703	5.05315
704	5.05315
705	5.05315
706	5.05315
707	5.05315
708	5.05315
709	5.05315
710	5.05315
711	5.05315
712	5.05315
713	5.05315
714	5.05315
715	5.05315
716	5.05315
717	5.05315
718	5.05315
719	5.05315
720	5.05315
721	5.05315
722	5.05315
723	5.05315
724	5.05315
725	5.05315
726	5.05315
727	5.05315
728	5.05315
729	5.05315
730	5.05315
731	5.05315
732	5.05315
733	5.05315
734	5.05315
735	5.05315
736	5.05315
737	5.05315
738	5.05315
739	5.05315
740	5.05315
741	5.05315
742	5.05315
743	5.05315
744	5.05315
745	5.05315
746	5.05315
747	5.05315
748	5.05315
749	5.05315
750	5.05315
751	5.05315
752	5.05315
753	5.05315
754	5.05315
755	5.05315
756	5.05315
757	5.05315
758	5.05315
759	5.05315
760	5.05315
761	5.05315
762	5.05315
763	5.05315
764	5.05315
765	5.05315
766	5.05315
767	5.05315
768	5.05315
769	5.05315
770	5.05315
771	5.05315
772	5.05315
773	5.05315
774	5.05315
775	5.05315
776	5.05315
777	5.05315
778	5.05315
779	5.05315
780	5.05315
781	5.05315
782	5.05315
783	5.05315
784	5.05315
785	5.05315
786	5.05315
787	5.05315
788	5.05315
789	5.05315
790	5.05315
791	5.05315
792	5.05315
793	5.05315
794	5.05315
795	5.05315
796	5.05315
797	5.05315
798	5.05315
799	5.05315
800	5.05315
801	5.05315
802	5.05315
803	5.05315
804	5.05315
805	5.05315
806	5.05315
807	5.05315
808	5.05315
809	5.05315
810	5.05315
811	5.05315
812	5.05315
813	5.05315
814	5.05315
815	5.05315
816	5.05315
817	5.05315
818	5.05315
819	5.05315
820	5.05315
821	5.05315
822	5.05315
823	5.05315
824	5.05315
825	5.05315
826	5.05315
827	5.05315
828	5.05315
829	5.05315
830	5.05315
831	5.05315
832	5.05315
833	5.05315
834	5.05315
835	5.05315
836	5.05315
837	5.05315
838	5.05315
839	5.05315
840	5.05315
841	5.05315
842	5.05315
843	5.05315
844	5.05315
845	5.05315
846	5.05315
847	5.05315
848	5.05315
849	5.05315
850	5.05315
851	5.05315
852	5.05315
853	5.05315
854	5.05315
855	5.05315
856	5.05315
857	5.05315
858	5.05315
859	5.05315
860	5.05315
861	5.05315
862	5.05315
863	5.05315
864	5.05315
865	5.05315
866	5.05315
867	5.05315
868	5.05315
869	5.05315
870	5.05315
871	5.05315
872	5.05315
873	5.05315
874	5.05315
875	5.05315
876	5.05315
877	5.05315
878	5.05315
879	5.05315
880	5.05315
881	5.05315
882	5.05315
883	5.05315
884	5.05315
885	5.05315
886	5.05315
887	5.05315
888	5.05315
889	5.05315
890	5.05315
891	5.05315
892	5.05315
893	5.05315
894	5.05315
895	5.05315
896	5.05315
897	5.05315
898	5.05315
899	5.05315
900	5.05315
901	5.05315
902	5.05315
903	5.05315
904	5.05315
905	5.05315
906	5.05315
907	5.05315
908	5.05315
909	5.05315
910	5.05315
911	5.05315
912	5.05315
913	5.05315
914	5.05315
915	5.05315
916	5.05315
917	5.05315
918	5.05315
919	5.05315
920	5.05315
921	5.05315
922	5.05315
923	5.05315
924	5.05315
925	5.05315
926	5.05315
927	5.05315
928	5.05315
929	5.05315
930	5.05315
931	5.05315
932	5.05315
933	5.05315
934	5.05315
935	5.05315
936	5.05315
937	5.05315
938	5.05315
939	5.05315
940	5.05315
941	5.05315
942	5.05315
943	5.05315
944	5.05315
945	5.05315
946	5.05315
947	5.05315
948	5.05315
949	5.05315
950	5.05315
951	5.05315
952	5.05315
953	5.05315
954	5.05315
955	5.05315
956	5.05315
957	5.05315
958	5.05315
959	5.05315
960	5.05315
961	5.05315
962	5.05315
963	5.05315
964	5.05315
965	5.05315
966	5.05315
967	5.05315
968	5.05315
969	5.05315
970	5.05315
971	5.05315
972	5.05315
973	5.05315
974	5.05315
975	5.05315
976	5.05315
977	5.05315
978	5.05315
979	5.05315
980	5.05315
981	5.05315
982	5.05315
983	5.05315
984	5.05315
985	5.05315
986	5.05315
987	5.05315
988	5.05315
989	5.05315
990	5.05315
991	5.05315
992	5.05315
993	5.05315
994	5.05315
995	5.05315
996	5.05315
997	5.05315
998	5.05315
999	5.05315
1000	5.05315
1001	5.05315
1002	5.05315
1003	5.05315
1004	5.05315
1005	5.05315
1006	5.05315
1007	5.05315
1008	5.05315
1009	5.05315
1010	5.05315
1011	5.05315
1012	5.05315
1013	5.05315
1014	5.05315
1015	5.05315
1016	5.05315
1017	5.05315
1018	5.05315
1019	5.05315
1020	5.05315
1021	5.05315
1022	5.05315
1023	5.05315
1024	5.05315
1025	5.05315
1026	5.05315
1027	5.05315
1028	5.05315
1029	5.05315
1030	5.05315
1031	5.05315
1032	5.05315
1033	5.05315
1034	5.05315
1035	5.05315
1036	5.05315
1037	5.05315
1038	5.05315
1039	5.05315
1040	5.05315
1041	5.05315
1042	5.05315
1043	5.05315
1044	5.05315
1045	5.05315
1046	5.05315
1047	5.05315
1048	5.05315
1049	5.05315
1050	5.05315
1051	5.05315
1052	5.05315
1053	5.05315
1054	5.05315
1055	5.05315
1056	5.05315
1057	5.05315
1058	5.05315
1059	5.05315
1060	5.05315
1061	5.05315
1062	5.05315
1063	5.05315
1064	5.05315
1065	5.05315
1066	5.05315
1067	5.05315
1068	5.05315
1069	5.05315
1070	5.05315
1071	5.05315
1072	5.05315
1073	5.05315
1074	5.05315
1075	5.05315
1076	5.05315
1077	5.05315
1078	5.05315
1079	5.05315
1080	5.05315
1081	5.05315
1082	5.05315
1083	5.05315
1084	5.05315
1085	5.05315
1086	5.05315
1087	5.05315
1088	5.05315
1089	5.05315
1090	5.05315
1091	5.05315
1092	5.05315
1093	5.05315
1094	5.05315
1095	5.05315
1096	5.05315
1097	5.05315
1098	5.05315
1099	5.05315
1100	5.05315
1101	5.05315
1102	5.05315
1103	5.05315
1104	5.05315
1105	5.05315
1106	5.05315
1107	5.05315
1108	5.05315
1109	5.05315
1110	5.05315
1111	5.05315
1112	5.05315
1113	5.05315
1114	5.05315
1115	5.05315
1116	5.05315
1117	5.05315
1118	5.05315
1119	5.05315
1120	5.05315
1121	5.05315
1122	5.05315
1123	5.05315
1124	5.05315
1125	5.05315
1126	5.05315
1127	5.05315
1128	5.05315
1129	5.05315
1130	5.05315
1131	5.05315
1132	5.05315
1133	5.05315
1134	5.05315
1135	5.05315
1136	5.05315
1137	5.05315
1138	5.05315
1139	5.05315
1140	5.05315
1141	5.05315
1142	5.05315
1143	5.05315
1144	5.05315
1145	5.05315
1146	5.05315
1147	5.05315
1148	5.05315
1149	5.05315
1150	5.05315
1151	5.05315
1152	5.05315
1153	5.05315
1154	5.05315
1155	5.05315
1156	5.05315
1157	5.05315
1158	5.05315
1159	5.05315
1160	5.05315
1161	5.05315
1162	5.05315
1163	5.05315
1164	5.05315
1165	5.05315
1166	5.05315
1167	5.05315
1168	5.05315
1169	5.05315
1170	5.05315
1171	5.05315
1172	5.05315
1173	5.05315
1174	5.05315
1175	5.05315
1176	5.05315
1177	5.05315
1178	5.05315
1179	5.05315
1180	5.05315
1181	5.05315
1182	5.05315
1183	5.05315
1184	5.05315
1185	5.05315
1186	5.05315
1187	5.05315
1188	5.05315
1189	5.05315
1190	5.05315
1191	5.05315
1192	5.05315
1193	5.05315
1194	5.05315
1195	5.05315
1196	5.05315
1197	5.05315
1198	5.05315
1199	5.05315
1200	5.05315
1201	5.05315
1202	5.05315
1203	5.05315
1204	5.05315
1205	5.05315
1206	5.05315
1207	5.05315
1208	5.05315
1209	5.05315
1210	5.05315
1211	5.05315
1212	5.05315
1213	5.05315
1214	5.05315
1215	5.05315
1216	5.05315
1217	5.05315
1218	5.05315
1219	5.05315
1220	5.05315
1221	5.05315
1222	5.05315
1223	5.05315
1224	5.05315
1225	5.05315
1226	5.05315
1227	5.05315
1228	5.05315
1229	5.05315
1230	5.05315
1231	5.05315
1232	5.05315
1233	5.05315
1234	5.05315
1235	5.05315
1236	5.05315
1237	5.05315
1238	5.05315
1239	5.05315
1240	5.05315
1241	5.05315
1242	5.05315
1243	5.05315
1244	5.05315
1245	5.05315
1246	5.05315
1247	5.05315
1248	5.05315
1249	5.05315
1250	5.05315
1251	5.05315
1252	5.05315
1253	5.05315
1254	5.05315
1255	5.05315
1256	5.05315
1257	5.05315
1258	5.05315
1259	5.05315
1260	5.05315
1261	5.05315
1262	5.05315
1263	5.05315
1264	5.05315
1265	5.05315
1266	5.05315
1267	5.05315
1268	5.05315
1269	5.05315
1270	5.05315
1271	5.05315
1272	5.05315
1273	5.05315
1274	5.05315
1275	5.05315
1276	5.05315
1277	5.05315
1278	5.05315
1279	5.05315
1280	5.05315
1281	5.05315
1282	5.05315
1283	5.05315
1284	5.05315
1285	5.05315
1286	5.05315
1287	5.05315
1288	5.05315
1289	5.05315
1290	5.05315
1291	5.05315
1292	5.05315
1293	5.05315
1294	5.05315
1295	5.05315
1296	5.05315
1297	5.05315
1298	5.05315
1299	5.05315
1300	5.05315
1301	5.05315
1302	5.05315
1303	5.05315
1304	5.05315
1305	5.05315
1306	5.05315
1307	5.05315
1308	5.05315
1309	5.05315
1310	5.05315
1311	5.05315
1312	5.05315
1313	5.05315
1314	5.05315
1315	5.05315
1316	5.05315
1317	5.05315
1318	5.05315
1319	5.05315
1320	5.05315
1321	5.05315
1322	5.05315
1323	5.05315
1324	5.05315
1325	5.05315
1326	5.05315
1327	5.05315
1328	5.05315
1329	5.05315
1330	5.05315
1331	5.05315
1332	5.05315
1333	5.05315
1334	5.05315
1335	5.05315
1336	5.05315
1337	5.05315
1338	5.05315
1339	5.05315
1340	5.05315
1341	5.05315
1342	5.05315
1343	5.05315
1344	5.05315
1345	5.05315
1346	5.05315
1347	5.05315
1348	5.05315
1349	5.05315
1350	5.05315
1351	5.05315
1352	5.05315
1353	5.05315
1354	5.05315
1355	5.05315
1356	5.05315
1357	5.05315
1358	5.05315
1359	5.05315
1360	5.05315
1361	5.05315
1362	5.05315
1363	5.05315
1364	5.05315
1365	5.05315
1366	5.05315
1367	5.05315
1368	5.05315
1369	5.05315
1370	5.05315
1371	5.05315
1372	5.05315
1373	5.05315
1374	5.05315
1375	5.05315
1376	5.05315
1377	5.05315
1378	5.05315
1379	5.05315
1380	5.05315
1381	5.05315
1382	5.05315
1383	5.05315
1384	5.05315
1385	5.05315
1386	5.05315
1387	5.05315
1388	5.05315
1389	5.05315
1390	5.05315
1391	5.05315
1392	5.05315
1393	5.05315
1394	5.05315
1395	5.05315
1396	5.05315
1397	5.05315
1398	5.05315
1399	5.05315
1400	5.05315
1401	5.05315
1402	5.05315
1403	5.05315
1404	5.05315
1405	5.05315
1406	5.05315
1407	5.05315
1408	5.05315
1409	5.05315
1410	5.05315
1411	5.05315
1412	5.05315
1413	5.05315
1414	5.05315
1415	5.05315
1416	5.05315
1417	5.05315
1418	5.05315
1419	5.05315
1420	5.05315
1421	5.05315
1422	5.05315
1423	5.05315
1424	5.05315
1425	5.05315
1426	5.05315
1427	5.05315
1428	5.05315
1429	5.05315
1430	5.05315
1431	5.05315
1432	5.05315
1433	5.05315
1434	5.05315
1435	5.05315
1436	5.05315
1437	5.05315
1438	5.05315
1439	5.05315
1440	5.05315
1441	5.05315
1442	5.05315
1443	5.05315
1444	5.05315
1445	5.05315
1446	5.05315
1447	5.05315
1448	5.05315
1449	5.05315
1450	5.05315
1451	5.05315
1452	5.05315
1453	5.05315
1454	5.05315
1455	5.05315
1456	5.05315
1457	5.05315
1458	5.05315
1459	5.05315
1460	5.05315
1461	5.05315
1462	5.05315
1463	5.05315
1464	5.05315
1465	5.05315
1466	5.05315
1467	5.05315
1468	5.05315
1469	5.05315
1470	5.05315
1471	5.05315
1472	5.05315
1473	5.05315
1474	5.05315
1475	5.05315
1476	5.05315
1477	5.05315
1478	5.05315
1479	5.05315
1480	5.05315
1481	5.05315
1482	5.05315
1483	5.05315
1484	5.05315
1485	5.05315
1486	5.05315
1487	5.05315
1488	5.05315
1489	5.05315
1490	5.05315
1491	5.05315
1492	5.05315
1493	5.05315
1494	5.05315
1495	5.05315
1496	5.05315
1497	5.05315
1498	5.05315
1499	5.05315
1500	5.05315
1501	5.05315
1502	5.05315
1503	5.05315
1504	5.05315
1505	5.05315
1506	5.05315
1507	5.05315
1508	5.05315
1509	5.05315
1510	5.05315
1511	5.05315
1512	5.05315
1513	5.05315
1514	5.05315
1515	5.05315
1516	5.05315
1517	5.05315
1518	5.05315
1519	5.05315
1520	5.05315
1521	5.05315
1522	5.05315
1523	5.05315
1524	5.05315
1525	5.05315
1526	5.05315
1527	5.05315
1528	5.05315
1529	5.05315
1530	5.05315
1531	5.05315
1532	5.05315
1533	5.05315
1534	5.05315
1535	5.05315
1536	5.05315
1537	5.05315
1538	5.05315
1539	5.05315
1540	5.05315
1541	5.05315
1542	5.05315
1543	5.05315
1544	5.05315
1545	5.05315
1546	5.05315
1547	5.05315
1548	5.05315
1549	5.05315
1550	5.05315
1551	5.05315
1552	5.05315
1553	5.05315
1554	5.05315
1555	5.05315
1556	5.05315
1557	5.05315
1558	5.05315
1559	5.05315
1560	5.05315
1561	5.05315
1562	5.05315
1563	5.05315
1564	5.05315
1565	5.05315
1566	5.05315
1567	5.05315
1568	5.05315
1569	5.05315
1570	5.05315
1571	5.05315
1572	5.05315
1573	5.05315
1574	5.05315
1575	5.05315
1576	5.05315
1577	5.05315
1578	5.05315
1579	5.05315
1580	5.05315
1581	5.05315
1582	5.05315
1583	5.05315
1584	5.05315
1585	5.05315
1586	5.05315
1587	5.05315
1588	5.05315
1589	5.05315
1590	5.05315
1591	5.05315
1592	5.05315
1593	5.05266
1594	5.05266
1595	5.05266
1596	5.04331
1597	5.03101
1598	5.02855
1599	5.02855
1600	5.02855
1601	5.02855
1602	5.02855
1603	5.02855
1604	5.02855
1605	5.02855
1606	5.02855
1607	5.02855
1608	5.02855
1609	5.02855
1610	5.02855
1611	5.02855
1612	5.02855
1613	5.02855
1614	5.02855
1615	5.02855
1616	5.02855
1617	5.02855
1618	5.02855
1619	5.02855
1620	5.02855
1621	5.02855
1622	5.02855
1623	5.02855
1624	5.02855
1625	5.02855
1626	5.02855
1627	5.02855
1628	5.02855
1629	5.02855
1630	5.02855
1631	5.02855
1632	5.02855
1633	5.02855
1634	5.02855
1635	5.02855
1636	5.02855
1637	5.02855
1638	5.02855
1639	5.02855
1640	5.02855
1641	5.02855
1642	5.02855
1643	5.02855
1644	5.02855
1645	5.02855
1646	5.02855
1647	5.02855
1648	5.02855
1649	5.02855
1650	5.02855
1651	5.02855
1652	5.02855
1653	5.02855
1654	5.02855
1655	5.02855
1656	5.02855
1657	5.02855
1658	5.02855
1659	5.02855
1660	5.02855
1661	5.02855
1662	5.02855
1663	5.02855
1664	5.02855
1665	5.02855
1666	5.02855
1667	5.02855
1668	5.02855
1669	5.02855
1670	5.02855
1671	5.02855
1672	5.02855
1673	5.02855
1674	5.02855
1675	5.02855
1676	5.02855
1677	5.02855
1678	5.02855
1679	5.02855
1680	5.02855
1681	5.02855
1682	5.02855
1683	5.02855
1684	5.02855
1685	5.02855
1686	5.02855
1687	5.02855
1688	5.02855
1689	5.02855
1690	5.02855
1691	5.02855
1692	5.02855
1693	5.02855
1694	5.02855
1695	5.02855
1696	5.02855
1697	5.02855
1698	5.02855
1699	5.02855
1700	5.02855
1701	5.02855
1702	5.02855
1703	5.02855
1704	5.02855
1705	5.02855
1706	5.02855
1707	5.02855
1708	5.02855
1709	5.02855
1710	5.02855
1711	5.02855
1712	5.02855
1713	5.02855
1714	5.02855
1715	5.02855
1716	5.02855
1717	5.02855
1718	5.02855
1719	5.02855
1720	5.02855
1721	5.02855
1722	5.02855
1723	5.02855
1724	5.02855
1725	5.02855
1726	5.02855
1727	5.02855
1728	5.02855
1729	5.02855
1730	5.02855
1731	5.02855
1732	5.02855
1733	5.02855
1734	5.02855
1735	5.02855
1736	5.02855
1737	5.02855
1738	5.02734
1739	5.00424
1740	4.97385
1741	4.96777
1742	4.96777
1743	4.96777
1744	4.96777
1745	4.96777
1746	4.96777
1747	4.96777
1748	4.96777
1749	4.96777
1750	4.96777
1751	4.96777
1752	4.96777
1753	4.96777
1754	4.96777
1755	4.96777
1756	4.96777
1757	4.96777
1758	4.96777
1759	4.96777
1760	4.96777
1761	4.96777
1762	4.96777
1763	4.96777
1764	4.96777
1765	4.96777
1766	4.96777
1767	4.96777
1768	4.96777
1769	4.96777
1770	4.96777
1771	4.96777
1772	4.96777
1773	4.96777
1774	4.96777
1775	4.96777
1776	4.96777
1777	4.96777
1778	4.96777
1779	4.96777
1780	4.96777
1781	4.96777
1782	4.96777
1783	4.96777
1784	4.96777
1785	4.96777
1786	4.96777
1787	4.96777
1788	4.96777
1789	4.96777
1790	4.96777
1791	4.96777
1792	4.96777
1793	4.96777
1794	4.96777
1795	4.96777
1796	4.96777
1797	4.96777
1798	4.96777
1799	4.96777
1800	4.96777
1801	4.96777
1802	4.96777
1803	4.96777
1804	4.96777
1805	4.96777
1806	4.96777
1807	4.96777
1808	4.96777
1809	4.96777
1810	4.96777
1811	4.96777
1812	4.96777
1813	4.96777
1814	4.96777
1815	4.96777
1816	4.96777
1817	4.96777
1818	4.96777
1819	4.96777
1820	4.96777
1821	4.96777
1822	4.96777
1823	4.96777
1824	4.96777
1825	4.96777
1826	4.96777
1827	4.96777
1828	4.96777
1829	4.96777
1830	4.96777
1831	4.96777
1832	4.96777
1833	4.96777
1834	4.96777
1835	4.96777
1836	4.96777
1837	4.96777
1838	4.96777
1839	4.96777
1840	4.96777
1841	4.96777
1842	4.96777
1843	4.96777
1844	4.96777
1845	4.96777
1846	4.96777
1847	4.96777
1848	4.96777
1849	4.96777
1850	4.96777
1851	4.96777
1852	4.96777
1853	4.96777
1854	4.96777
1855	4.96777
1856	4.96777
1857	4.96777
1858	4.96777
1859	4.96777
1860	4.96777
1861	4.96777
1862	4.96777
1863	4.96777
1864	4.96777
1865	4.96777
1866	4.96777
1867	4.96777
1868	4.96777
1869	4.96777
1870	4.96777
1871	4.96777
1872	4.96777
1873	4.96777
1874	4.96777
1875	4.96777
1876	4.96777
1877	4.96777
1878	4.96777
1879	4.96777
1880	4.96777
1881	4.96777
1882	4.96777
1883	4.96777
1884	4.96777
1885	4.96777
1886	4.96777
1887	4.96777
1888	4.96777
1889	4.96777
1890	4.96777
1891	4.96777
1892	4.96777
1893	4.96777
1894	4.96777
1895	4.96777
1896	4.96777
1897	4.96777
1898	4.96777
1899	4.96777
1900	4.96777
1901	4.96777
1902	4.96777
1903	4.96777
1904	4.96777
1905	4.96777
1906	4.96777
1907	4.96777
1908	4.96777
1909	4.96777
1910	4.96777
1911	4.96777
1912	4.96777
1913	4.96777
1914	4.96777
1915	4.96777
1916	4.96777
1917	4.96777
1918	4.96777
1919	4.96777
1920	4.96777
1921	4.96777
1922	4.96777
1923	4.96777
1924	4.96777
1925	4.96777
1926	4.96777
1927	4.96777
1928	4.96777
1929	4.96777
1930	4.96777
1931	4.96777
1932	4.96777
1933	4.96777
1934	4.96777
1935	4.96777
1936	4.96777
1937	4.96777
1938	4.96777
1939	4.96777
1940	4.96777
1941	4.96777
1942	4.96777
1943	4.96777
1944	4.96777
1945	4.96777
1946	4.96777
1947	4.96777
1948	4.96777
1949	4.96777
1950	4.96777
1951	4.96777
1952	4.96777
1953	4.96777
1954	4.96777
1955	4.96777
1956	4.96777
1957	4.96777
1958	4.96777
1959	4.96777
1960	4.96777
1961	4.96777
1962	4.96777
1963	4.96777
1964	4.96777
1965	4.96777
1966	4.96777
1967	4.96777
1968	4.96777
1969	4.96777
1970	4.96777
1971	4.96777
1972	4.96777
1973	4.96777
1974	4.96777
1975	4.96777
1976	4.96777
1977	4.96777
1978	4.96777
1979	4.96777
1980	4.96777
1981	4.96777
1982	4.96777
1983	4.96777
1984	4.96777
1985	4.96777
1986	4.96777
1987	4.96777
1988	4.96777
1989	4.96777
1990	4.96777
1991	4.96777
1992	4.96777
1993	4.96777
1994	4.96738
1995	4.96146
1996	4.9516
1997	4.94805
1998	4.94805
1999	4.94805
2000	4.94805
2001	4.94805
2002	4.94805
2003	4.94805
2004	4.94805
2005	4.94805
2006	4.94805
2007	4.94805
2008	4.94805
2009	4.94805
2010	4.94805
2011	4.94805
2012	4.94805
2013	4.94805
2014	4.94805
2015	4.94805
2016	4.9476
2017	4.93832
2018	4.92704
2019	4.92549
2020	4.92549
2021	4.92549
2022	4.92549
2023	4.92549
2024	4.92549
2025	4.92549
2026	4.92549
2027	4.92549
2028	4.92549
2029	4.92549
2030	4.92549
2031	4.92549
2032	4.92549
2033	4.92549
2034	4.92549
2035	4.92549
2036	4.92549
2037	4.92549
2038	4.92549
2039	4.92549
2040	4.92549
2041	4.92549
2042	4.92549
2043	4.92549
2044	4.92549
2045	4.92549
2046	4.92549
2047	4.92549
2048	4.92549
2049	4.92549
2050	4.92549
2051	4.92549
2052	4.92549
2053	4.92549
2054	4.92549
2055	4.92549
2056	4.92514
2057	4.91811
2058	4.90932
2059	4.90791
2060	4.90791
2061	4.90791
2062	4.90791
2063	4.90791
2064	4.90791
2065	4.90791
2066	4.90791
2067	4.90791
2068	4.90791
2069	4.90791
2070	4.90791
2071	4.90791
2072	4.90791
2073	4.90791
2074	4.90791
2075	4.90791
2076	4.90791
2077	4.90791
2078	4.90791
2079	4.90791
2080	4.90791
2081	4.90791
2082	4.90719
2083	4.89272
2084	4.87463
2085	4.87173
2086	4.87173
2087	4.87173
2088	4.87173
2089	4.87173
2090	4.87173
2091	4.87173
2092	4.87173
2093	4.87173
2094	4.87173
2095	4.87173
2096	4.87173
2097	4.87173
2098	4.87173
2099	4.87173
2100	4.87173
2101	4.87173
2102	4.87173
2103	4.87173
2104	4.87173
2105	4.87173
2106	4.87173
2107	4.87173
2108	4.87173
2109	4.87173
2110	4.87173
2111	4.87173
2112	4.87173
2113	4.87173
2114	4.87173
2115	4.87173
2116	4.87173
2117	4.87173
2118	4.87173
2119	4.87173
2120	4.87173
2121	4.87173
2122	4.87173
2123	4.87173
2124	4.87173
2125	4.87173
2126	4.87173
2127	4.87173
2128	4.87173
2129	4.87173
2130	4.87173
2131	4.87173
2132	4.87173
2133	4.87173
2134	4.87173
2135	4.87173
2136	4.87173
2137	4.87173
2138	4.87173
2139	4.87173
2140	4.87173
2141	4.87173
2142	4.87173
2143	4.87173
2144	4.87173
2145	4.87173
2146	4.87173
2147	4.87173
2148	4.87173
2149	4.87173
2150	4.87173
2151	4.87173
2152	4.87173
2153	4.87173
2154	4.87173
2155	4.87173
2156	4.87173
2157	4.87173
2158	4.87173
2159	4.87173
2160	4.87173
2161	4.87173
2162	4.87173
2163	4.87173
2164	4.87173
2165	4.87173
2166	4.87173
2167	4.87173
2168	4.87173
2169	4.87173
2170	4.87173
2171	4.87173
2172	4.87173
2173	4.87173
2174	4.87173
2175	4.87173
2176	4.87173
2177	4.87173
2178	4.87173
2179	4.87173
2180	4.87173
2181	4.87173
2182	4.87173
2183	4.87173
2184	4.87173
2185	4.87173
2186	4.87173
2187	4.87173
2188	4.87173
2189	4.87173
2190	4.87173
2191	4.87173
2192	4.87173
2193	4.87173
2194	4.87173
2195	4.87173
2196	4.87173
2197	4.87173
2198	4.87173
2199	4.87173
2200	4.87173
2201	4.87173
2202	4.87173
2203	4.87173
2204	4.87173
2205	4.87173
2206	4.87173
2207	4.87173
2208	4.87173
2209	4.87173
2210	4.87173
2211	4.87173
2212	4.87173
2213	4.87173
2214	4.87173
2215	4.87173
2216	4.87173
2217	4.87173
2218	4.87173
2219	4.87173
2220	4.87173
2221	4.87173
2222	4.87173
2223	4.87173
2224	4.87173
2225	4.87173
2226	4.87173
2227	4.87173
2228	4.87173
2229	4.87173
2230	4.87173
2231	4.87173
2232	4.87173
2233	4.87173
2234	4.87173
2235	4.87173
2236	4.87173
2237	4.87173
2238	4.87173
2239	4.87173
2240	4.87173
2241	4.87173
2242	4.87173
2243	4.87173
2244	4.87173
2245	4.87173
2246	4.87173
2247	4.87173
2248	4.87173
2249	4.87173
2250	4.87173
2251	4.87173
2252	4.87173
2253	4.87173
2254	4.87173
2255	4.87173
2256	4.87173
2257	4.87173
2258	4.87173
2259	4.87173
2260	4.87173
2261	4.87173
2262	4.87173
2263	4.87173
2264	4.87173
2265	4.87173
2266	4.87173
2267	4.87173
2268	4.87173
2269	4.87173
2270	4.87173
2271	4.87173
2272	4.87173
2273	4.87173
2274	4.87173
2275	4.87173
2276	4.87173
2277	4.87173
2278	4.87173
2279	4.87173
2280	4.87173
2281	4.87173
2282	4.87173
2283	4.87173
2284	4.87173
2285	4.87173
2286	4.87173
2287	4.87173
2288	4.87173
2289	4.87173
2290	4.87173
2291	4.87173
2292	4.87173
2293	4.87173
2294	4.87173
2295	4.87173
2296	4.87173
2297	4.87173
2298	4.87173
2299	4.87173
2300	4.87173
2301	4.87173
2302	4.87173
2303	4.87173
2304	4.87173
2305	4.87173
2306	4.87173
2307	4.87173
2308	4.87173
2309	4.87173
2310	4.87173
2311	4.87173
2312	4.87173
2313	4.87173
2314	4.87173
2315	4.87173
2316	4.87173
2317	4.87173
2318	4.87173
2319	4.87173
2320	4.87173
2321	4.87173
2322	4.87173
2323	4.87173
2324	4.87173
2325	4.87173
2326	4.87173
2327	4.87173
2328	4.87173
2329	4.87173
2330	4.87173
2331	4.87173
2332	4.87173
2333	4.87173
2334	4.87173
2335	4.87173
2336	4.87173
2337	4.87173
2338	4.87173
2339	4.87173
2340	4.87173
2341	4.87173
2342	4.87173
2343	4.87173
2344	4.87173
2345	4.87173
2346	4.87173
2347	4.87173
2348	4.87173
2349	4.87173
2350	4.87173
2351	4.87173
2352	4.87173
2353	4.87173
2354	4.87173
2355	4.87173
2356	4.87173
2357	4.87173
2358	4.87173
2359	4.87173
2360	4.87173
2361	4.87173
2362	4.87173
2363	4.87173
2364	4.87173
2365	4.87173
2366	4.87173
2367	4.87173
2368	4.87173
2369	4.87173
2370	4.87173
2371	4.87173
2372	4.87173
2373	4.87173
2374	4.87173
2375	4.87173
2376	4.87173
2377	4.87173
2378	4.87173
2379	4.87173
2380	4.87173
2381	4.87173
2382	4.87173
2383	4.87173
2384	4.87173
2385	4.87173
2386	4.87173
2387	4.87173
2388	4.87173
2389	4.87173
2390	4.87173
2391	4.87173
2392	4.87173
2393	4.87173
2394	4.87173
2395	4.87173
2396	4.87173
2397	4.87173
2398	4.87173
2399	4.87173
2400	4.87173
2401	4.87173
2402	4.87173
2403	4.87173
2404	4.87173
2405	4.87173
2406	4.87173
2407	4.87173
2408	4.87173
2409	4.87173
2410	4.87173
2411	4.87173
2412	4.87173
2413	4.87173
2414	4.87173
2415	4.87173
2416	4.87173
2417	4.87173
2418	4.87173
2419	4.87173
2420	4.87173
2421	4.87173
2422	4.87173
2423	4.87173
2424	4.87173
2425	4.87173
2426	4.87173
2427	4.87173
2428	4.87173
2429	4.87173
2430	4.87173
2431	4.87173
2432	4.87173
2433	4.87173
2434	4.87173
2435	4.87173
2436	4.87173
2437	4.87173
2438	4.87173
2439	4.87173
2440	4.87173
2441	4.87173
2442	4.87173
2443	4.87173
2444	4.87173
2445	4.87173
2446	4.87173
2447	4.87173
2448	4.87173
2449	4.87173
2450	4.87173
2451	4.87173
2452	4.87173
2453	4.87173
2454	4.87173
2455	4.87173
2456	4.87173
2457	4.87173
2458	4.87173
2459	4.87173
2460	4.87173
2461	4.87173
2462	4.87173
2463	4.87173
2464	4.87173
2465	4.87173
2466	4.87173
2467	4.87173
2468	4.87173
2469	4.87173
2470	4.87173
2471	4.87173
2472	4.87173
2473	4.87173
2474	4.87173
2475	4.87173
2476	4.87173
2477	4.87173
2478	4.87173
2479	4.87173
2480	4.87173
2481	4.87173
2482	4.87173
2483	4.87173
2484	4.87173
2485	4.87173
2486	4.87173
2487	4.87173
2488	4.87173
2489	4.87173
2490	4.87173
2491	4.87173
2492	4.87173
2493	4.87173
2494	4.87173
2495	4.87173
2496	4.87173
2497	4.87173
2498	4.87173
2499	4.87173
2500	4.87173
2501	4.87173
2502	4.87173
2503	4.87173
2504	4.87173
2505	4.87173
2506	4.87173
2507	4.87173
2508	4.87173
2509	4.87173
2510	4.87173
2511	4.87173
2512	4.87173
2513	4.87173
2514	4.87173
2515	4.87173
2516	4.87173
2517	4.87173
2518	4.87173
2519	4.87173
2520	4.87173
2521	4.87173
2522	4.87173
2523	4.87173
2524	4.87173
2525	4.87173
2526	4.87173
2527	4.87173
2528	4.87173
2529	4.87173
2530	4.87173
2531	4.87173
2532	4.87173
2533	4.87173
2534	4.87173
2535	4.87173
2536	4.87173
2537	4.87173
2538	4.87173
2539	4.87173
2540	4.87173
2541	4.87173
2542	4.87173
2543	4.87173
2544	4.87173
2545	4.87173
2546	4.87173
2547	4.87173
2548	4.87173
2549	4.87173
2550	4.87173
2551	4.87173
2552	4.87173
2553	4.87173
2554	4.87173
2555	4.87173
2556	4.87173
2557	4.87173
2558	4.87173
2559	4.87173
2560	4.87173
2561	4.87173
2562	4.87173
2563	4.87173
2564	4.87173
2565	4.87173
2566	4.87173
2567	4.87173
2568	4.87173
2569	4.87173
2570	4.87173
2571	4.87173
2572	4.87173
2573	4.87173
2574	4.87173
2575	4.87173
2576	4.87173
2577	4.87173
2578	4.87173
2579	4.87173
2580	4.87173
2581	4.87173
2582	4.87173
2583	4.87173
2584	4.87173
2585	4.87173
2586	4.87143
2587	4.86628
2588	4.8587
2589	4.85658
2590	4.85658
2591	4.85658
2592	4.85658
2593	4.85658
2594	4.85658
2595	4.85658
2596	4.85658
2597	4.85658
2598	4.85658
2599	4.85658
2600	4.85658
2601	4.85658
2602	4.85658
2603	4.85658
2604	4.85658
2605	4.85658
2606	4.85658
2607	4.85658
2608	4.85658
2609	4.85658
2610	4.85658
2611	4.85658
2612	4.85658
2613	4.85658
2614	4.85658
2615	4.85658
2616	4.85658
2617	4.85658
2618	4.85658
2619	4.85658
2620	4.85658
2621	4.85658
2622	4.85658
2623	4.85658
2624	4.85658
2625	4.85658
2626	4.85658
2627	4.85658
2628	4.85658
2629	4.85658
2630	4.85658
2631	4.85658
2632	4.85658
2633	4.85658
2634	4.85658
2635	4.85658
2636	4.85658
2637	4.85658
2638	4.85658
2639	4.85658
2640	4.85658
2641	4.85658
2642	4.85658
2643	4.85658
2644	4.85658
2645	4.85658
2646	4.85658
2647	4.85658
2648	4.85658
2649	4.85658
2650	4.85658
2651	4.85658
2652	4.85658
2653	4.85658
2654	4.85658
2655	4.85658
2656	4.85658
2657	4.85658
2658	4.85658
2659	4.85658
2660	4.85658
2661	4.85658
2662	4.85658
2663	4.85658
2664	4.85658
2665	4.85658
2666	4.85658
2667	4.85658
2668	4.85658
2669	4.85658
2670	4.85658
2671	4.85658
2672	4.85658
2673	4.85658
2674	4.85658
2675	4.85658
2676	4.85658
2677	4.85658
2678	4.85658
2679	4.85658
2680	4.85658
2681	4.85658
2682	4.85658
2683	4.85658
2684	4.85658
2685	4.85658
2686	4.85658
2687	4.85658
2688	4.85658
2689	4.85658
2690	4.85658
2691	4.85658
2692	4.85658
2693	4.85658
2694	4.85658
2695	4.85658
2696	4.85658
2697	4.85658
2698	4.85658
2699	4.85658
2700	4.85658
2701	4.85658
2702	4.85658
2703	4.85658
2704	4.85658
2705	4.85658
2706	4.85658
2707	4.85658
2708	4.85658
2709	4.85658
2710	4.85658
2711	4.85658
2712	4.85658
2713	4.85658
2714	4.85658
2715	4.85658
2716	4.85658
2717	4.85658
2718	4.85658
2719	4.85658
2720	4.85658
2721	4.85658
2722	4.85658
2723	4.85658
2724	4.85658
2725	4.85658
2726	4.85658
2727	4.85658
2728	4.85658
2729	4.85658
2730	4.85658
2731	4.85658
2732	4.85658
2733	4.85658
2734	4.85658
2735	4.85658
2736	4.85658
2737	4.85658
2738	4.85658
2739	4.85658
2740	4.85658
2741	4.85658
2742	4.85658
2743	4.85658
2744	4.85658
2745	4.85658
2746	4.85658
2747	4.85658
2748	4.85658
2749	4.85658
2750	4.85658
2751	4.85658
2752	4.85658
2753	4.85658
2754	4.85658
2755	4.85658
2756	4.85658
2757	4.85658
2758	4.85658
2759	4.85658
2760	4.85658
2761	4.85658
2762	4.85658
2763	4.85658
2764	4.85658
2765	4.85658
2766	4.85658
2767	4.85658
2768	4.85658
2769	4.85658
2770	4.85658
2771	4.85658
2772	4.85658
2773	4.85658
2774	4.85658
2775	4.85658
2776	4.85658
2777	4.85658
2778	4.85658
2779	4.85658
2780	4.85658
2781	4.85658
2782	4.85658
2783	4.85658
2784	4.85658
2785	4.85658
2786	4.85658
2787	4.85658
2788	4.85658
2789	4.85658
2790	4.85658
2791	4.85658
2792	4.85658
2793	4.85658
2794	4.85658
2795	4.85658
2796	4.85658
2797	4.85658
2798	4.85658
2799	4.85658
2800	4.85658
2801	4.85658
2802	4.85658
2803	4.85658
2804	4.85658
2805	4.85658
2806	4.85658
2807	4.85658
2808	4.85658
2809	4.85658
2810	4.85658
2811	4.85658
2812	4.85658
2813	4.85658
2814	4.85658
2815	4.85658
2816	4.85658
2817	4.85658
2818	4.85658
2819	4.85658
2820	4.85658
2821	4.85658
2822	4.85658
2823	4.85658
2824	4.85658
2825	4.85658
2826	4.85658
2827	4.85658
2828	4.85658
2829	4.85658
2830	4.85658
2831	4.85658
2832	4.85658
2833	4.85658
2834	4.85658
2835	4.85658
2836	4.85658
2837	4.85658
2838	4.85658
2839	4.85658
2840	4.85658
2841	4.85658
2842	4.85658
2843	4.85658
2844	4.85658
2845	4.85658
2846	4.85658
2847	4.85658
2848	4.85658
2849	4.85658
2850	4.85658
2851	4.85658
2852	4.85658
2853	4.85658
2854	4.85658
2855	4.85658
2856	4.85658
2857	4.85658
2858	4.85658
2859	4.85658
2860	4.85658
2861	4.85658
2862	4.85658
2863	4.85658
2864	4.85658
2865	4.85658
2866	4.85658
2867	4.85658
2868	4.85658
2869	4.85658
2870	4.85658
2871	4.85658
2872	4.85658
2873	4.85658
2874	4.85658
2875	4.85658
2876	4.85658
2877	4.85658
2878	4.85658
2879	4.85658
2880	4.85658
2881	4.85658
2882	4.85658
2883	4.85658
2884	4.85658
2885	4.85658
2886	4.85658
2887	4.85658
2888	4.85658
2889	4.85658
2890	4.85658
2891	4.85658
2892	4.85658
2893	4.85658
2894	4.85658
2895	4.85658
2896	4.85658
2897	4.85658
2898	4.85658
2899	4.85658
2900	4.85658
2901	4.85658
2902	4.85658
2903	4.85658
2904	4.85658
2905	4.85658
2906	4.85658
2907	4.85658
2908	4.85658
2909	4.85658
2910	4.85658
2911	4.85658
2912	4.85658
2913	4.85658
2914	4.85658
2915	4.85658
2916	4.85658
2917	4.85658
2918	4.85658
2919	4.85658
2920	4.85658
2921	4.85658
2922	4.85658
2923	4.85658
2924	4.85658
2925	4.85658
2926	4.85658
2927	4.85658
2928	4.85658
2929	4.85658
2930	4.85658
2931	4.85658
2932	4.85658
2933	4.85658
2934	4.85658
2935	4.85658
2936	4.85658
2937	4.85658
2938	4.85658
2939	4.85658
2940	4.85658
2941	4.85658
2942	4.85658
2943	4.85658
2944	4.85658
2945	4.85658
2946	4.85658
2947	4.85658
2948	4.85658
2949	4.85658
2950	4.85658
2951	4.85658
2952	4.85658
2953	4.85658
2954	4.85658
2955	4.85658
2956	4.85658
2957	4.85658
2958	4.85658
2959	4.85658
2960	4.85658
2961	4.85658
2962	4.85658
2963	4.85658
2964	4.85658
2965	4.85658
2966	4.85658
2967	4.85658
2968	4.85658
2969	4.85658
2970	4.85658
2971	4.85658
2972	4.85658
2973	4.85658
2974	4.85658
2975	4.85658
2976	4.85658
2977	4.85658
2978	4.85658
2979	4.85658
2980	4.85658
2981	4.85658
2982	4.85658
2983	4.85658
2984	4.85658
2985	4.85658
2986	4.85658
2987	4.85658
2988	4.85658
2989	4.85658
2990	4.85658
2991	4.85658
2992	4.85658
2993	4.85658
2994	4.85658
2995	4.85658
2996	4.85658
2997	4.85658
2998	4.85658
2999	4.85658
3000	4.85658
3001	4.85658
3002	4.85658
3003	4.85658
3004	4.85658
3005	4.85658
3006	4.85658
3007	4.85658
3008	4.85658
3009	4.85658
3010	4.85658
3011	4.85658
3012	4.85658
3013	4.85658
3014	4.85658
3015	4.85658
3016	4.85658
3017	4.85658
3018	4.85658
3019	4.85658
3020	4.85658
3021	4.85658
3022	4.85658
3023	4.85658
3024	4.85658
3025	4.85658
3026	4.85658
3027	4.85658
3028	4.85658
3029	4.85658
3030	4.85658
3031	4.85658
3032	4.85658
3033	4.85658
3034	4.85658
3035	4.85658
3036	4.85658
3037	4.85658
3038	4.85658
3039	4.85658
3040	4.85658
3041	4.85658
3042	4.85658
3043	4.85658
3044	4.85658
3045	4.85658
3046	4.85658
3047	4.85658
3048	4.85658
3049	4.85658
3050	4.85658
3051	4.85658
3052	4.85658
3053	4.85658
3054	4.85658
3055	4.85658
3056	4.85658
3057	4.85658
3058	4.85658
3059	4.85658
3060	4.85658
3061	4.85658
3062	4.85658
3063	4.85658
3064	4.85658
3065	4.85658
3066	4.85658
3067	4.85658
3068	4.85658
3069	4.85658
3070	4.85658
3071	4.85658
3072	4.85658
3073	4.85658
3074	4.85658
3075	4.85658
3076	4.85658
3077	4.85658
3078	4.85658
3079	4.85658
3080	4.85658
3081	4.85658
3082	4.85658
3083	4.85658
3084	4.85658
3085	4.85658
3086	4.85658
3087	4.85658
3088	4.85658
3089	4.85658
3090	4.85658
3091	4.85658
3092	4.85658
3093	4.85658
3094	4.85658
3095	4.85658
3096	4.85658
3097	4.85658
3098	4.85658
3099	4.85658
3100	4.85658
3101	4.85658
3102	4.85658
3103	4.85658
3104	4.85658
3105	4.85658
3106	4.85658
3107	4.85658
3108	4.85658
3109	4.85658
3110	4.85658
3111	4.85658
3112	4.85658
3113	4.85658
3114	4.85658
3115	4.85658
3116	4.85658
3117	4.85658
3118	4.85658
3119	4.85658
3120	4.85658
3121	4.85658
3122	4.85658
3123	4.85658
3124	4.85658
3125	4.85658
3126	4.85658
3127	4.85658
3128	4.85658
3129	4.85658
3130	4.85658
3131	4.85658
3132	4.85658
3133	4.85658
3134	4.85658
3135	4.85658
3136	4.85658
3137	4.85658
3138	4.85658
3139	4.85658
3140	4.85658
3141	4.85658
3142	4.85658
3143	4.85658
3144	4.85658
3145	4.85658
3146	4.85658
3147	4.85658
3148	4.85658
3149	4.85658
3150	4.85658
3151	4.85658
3152	4.85658
3153	4.85658
3154	4.85658
3155	4.85658
3156	4.85658
3157	4.85658
3158	4.85658
3159	4.85658
3160	4.85658
3161	4.85658
3162	4.85658
3163	4.85658
3164	4.85658
3165	4.85658
3166	4.85658
3167	4.85658
3168	4.85658
3169	4.85658
3170	4.85658
3171	4.85658
3172	4.85658
3173	4.85658
3174	4.85658
3175	4.85658
3176	4.85658
3177	4.85658
3178	4.85658
3179	4.85658
3180	4.85658
3181	4.85658
3182	4.85658
3183	4.85658
3184	4.85658
3185	4.85658
3186	4.85658
3187	4.85658
3188	4.85658
3189	4.85658
3190	4.85658
3191	4.85658
3192	4.85658
3193	4.85658
3194	4.85658
3195	4.85658
3196	4.85658
3197	4.85658
3198	4.85658
3199	4.85658
3200	4.85658
3201	4.85658
3202	4.85658
3203	4.85658
3204	4.85658
3205	4.85658
3206	4.85658
3207	4.85658
3208	4.85658
3209	4.85658
3210	4.85658
3211	4.85658
3212	4.85658
3213	4.85658
3214	4.85658
3215	4.85658
3216	4.85658
3217	4.85658
3218	4.85658
3219	4.85658
3220	4.85658
3221	4.85658
3222	4.85658
3223	4.85658
3224	4.85658
3225	4.85658
3226	4.85658
3227	4.85658
3228	4.85658
3229	4.85658
3230	4.85658
3231	4.85658
3232	4.85658
3233	4.85658
3234	4.85658
3235	4.85658
3236	4.85658
3237	4.85658
3238	4.85658
3239	4.85658
3240	4.85658
3241	4.85658
3242	4.85658
3243	4.85658
3244	4.85658
3245	4.85658
3246	4.85658
3247	4.85658
3248	4.85658
3249	4.85658
3250	4.85658
3251	4.85658
3252	4.85658
3253	4.85658
3254	4.85658
3255	4.85658
3256	4.85658
3257	4.85658
3258	4.85658
3259	4.85658
3260	4.85658
3261	4.85658
3262	4.85658
3263	4.85658
3264	4.85658
3265	4.85658
3266	4.85658
3267	4.85658
3268	4.85658
3269	4.85658
3270	4.85658
3271	4.85658
3272	4.85658
3273	4.85658
3274	4.85658
3275	4.85658
3276	4.85658
3277	4.85658
3278	4.85658
3279	4.85658
3280	4.85658
3281	4.85658
3282	4.85658
3283	4.85658
3284	4.85658
3285	4.85658
3286	4.85658
3287	4.85658
3288	4.85658
3289	4.85658
3290	4.85658
3291	4.85658
3292	4.85658
3293	4.85658
3294	4.85658
3295	4.85658
3296	4.85658
3297	4.85658
3298	4.85658
3299	4.85658
3300	4.85658
3301	4.85658
3302	4.85658
3303	4.85658
3304	4.85658
3305	4.85658
3306	4.85658
3307	4.85658
3308	4.85658
3309	4.85658
3310	4.85658
3311	4.85658
3312	4.85658
3313	4.85658
3314	4.85658
3315	4.85658
3316	4.85658
3317	4.85658
3318	4.85658
3319	4.85658
3320	4.85658
3321	4.85658
3322	4.85658
3323	4.85658
3324	4.85658
3325	4.85658
3326	4.85658
3327	4.85658
3328	4.85658
3329	4.85658
3330	4.85658
3331	4.85658
3332	4.85658
3333	4.85658
3334	4.85658
3335	4.85658
3336	4.85658
3337	4.85658
3338	4.85658
3339	4.85658
3340	4.85658
3341	4.85658
3342	4.85658
3343	4.85658
3344	4.85658
3345	4.85658
3346	4.85658
3347	4.85658
3348	4.85658
3349	4.85658
3350	4.85658
3351	4.85658
3352	4.85658
3353	4.85658
3354	4.85658
3355	4.85658
3356	4.85658
3357	4.85658
3358	4.85658
3359	4.85658
3360	4.85658
3361	4.85658
3362	4.85658
3363	4.85658
3364	4.85658
3365	4.85658
3366	4.85658
3367	4.85658
3368	4.85658
3369	4.85658
3370	4.85658
3371	4.85658
3372	4.85658
3373	4.85658
3374	4.85658
3375	4.85658
3376	4.85658
3377	4.85658
3378	4.85658
3379	4.85658
3380	4.85658
3381	4.85658
3382	4.85658
3383	4.85658
3384	4.85658
3385	4.85658
3386	4.85658
3387	4.85658
3388	4.85658
3389	4.85658
3390	4.85658
3391	4.85658
3392	4.85658
3393	4.85658
3394	4.85658
3395	4.85658
3396	4.85658
3397	4.85658
3398	4.85658
3399	4.85658
3400	4.85658
3401	4.85658
3402	4.85658
3403	4.85658
3404	4.85658
3405	4.85658
3406	4.85658
3407	4.85658
3408	4.85658
3409	4.85658
3410	4.85658
3411	4.85658
3412	4.85658
3413	4.85658
3414	4.85658
3415	4.85658
3416	4.85658
3417	4.85658
3418	4.85658
3419	4.85658
3420	4.85658
3421	4.85658
3422	4.85658
3423	4.85658
3424	4.85658
3425	4.85658
3426	4.85658
3427	4.85658
3428	4.85658
3429	4.85658
3430	4.85658
3431	4.85658
3432	4.85658
3433	4.85658
3434	4.85658
3435	4.85658
3436	4.85658
3437	4.85658
3438	4.85658
3439	4.85658
3440	4.85658
3441	4.85658
3442	4.85658
3443	4.85658
3444	4.85658
3445	4.85658
3446	4.85658
3447	4.85658
3448	4.85658
3449	4.85658
3450	4.85658
3451	4.85658
3452	4.85658
3453	4.85658
3454	4.85658
3455	4.85658
3456	4.85658
3457	4.85658
3458	4.85658
3459	4.85658
3460	4.85658
3461	4.85658
3462	4.85658
3463	4.85658
3464	4.85658
3465	4.85658
3466	4.85658
3467	4.85658
3468	4.85658
3469	4.85658
3470	4.85658
3471	4.85658
3472	4.85658
3473	4.85658
3474	4.85658
3475	4.85658
3476	4.85658
3477	4.85658
3478	4.85658
3479	4.85658
3480	4.85658
3481	4.85658
3482	4.85658
3483	4.85658
3484	4.85658
3485	4.85658
3486	4.85658
3487	4.85658
3488	4.85658
3489	4.85658
3490	4.85658
3491	4.85658
3492	4.85658
3493	4.85658
3494	4.85658
3495	4.85658
3496	4.85658
3497	4.85658
3498	4.85658
3499	4.85658
3500	4.85658
3501	4.85658
3502	4.85658
3503	4.85658
3504	4.85658
3505	4.85658
3506	4.85658
3507	4.85658
3508	4.85658
3509	4.85658
3510	4.85658
3511	4.85658
3512	4.85658
3513	4.85658
3514	4.85658
3515	4.85658
3516	4.85658
3517	4.85658
3518	4.85658
3519	4.85658
3520	4.85658
3521	4.85658
3522	4.85658
3523	4.85658
3524	4.85658
3525	4.85658
3526	4.85658
3527	4.85658
3528	4.85658
3529	4.85658
3530	4.85658
3531	4.85658
3532	4.85658
3533	4.85658
3534	4.85658
3535	4.85658
3536	4.85658
3537	4.85658
3538	4.85658
3539	4.85658
3540	4.85658
3541	4.85658
3542	4.85658
3543	4.85658
3544	4.85658
3545	4.85658
3546	4.85658
3547	4.85658
3548	4.85658
3549	4.85658
3550	4.85658
3551	4.85658
3552	4.85658
3553	4.85658
3554	4.85658
3555	4.85658
3556	4.85658
3557	4.85658
3558	4.85658
3559	4.85658
3560	4.85658
3561	4.85658
3562	4.85658
3563	4.85658
3564	4.85658
3565	4.85658
3566	4.85658
3567	4.85658
3568	4.85658
3569	4.85658
3570	4.85658
3571	4.85658
3572	4.85658
3573	4.85658
3574	4.85658
3575	4.85658
3576	4.85658
3577	4.85658
3578	4.85658
3579	4.85658
3580	4.85658
3581	4.85658
3582	4.85658
3583	4.85658
3584	4.85658
3585	4.85658
3586	4.85658
3587	4.85658
3588	4.85658
3589	4.85658
3590	4.85658
3591	4.85658
3592	4.85658
3593	4.85658
3594	4.85658
3595	4.85658
3596	4.85658
3597	4.85658
3598	4.85658
3599	4.85658
3600	4.85658
3601	4.85658
3602	4.85658
3603	4.85658
3604	4.85658
3605	4.85658
3606	4.85658
3607	4.85658
3608	4.85658
3609	4.85658
3610	4.85658
3611	4.85658
3612	4.85658
3613	4.85658
3614	4.85658
3615	4.85658
3616	4.85658
3617	4.85658
3618	4.85658
3619	4.85658
3620	4.85658
3621	4.85658
3622	4.85658
3623	4.85658
3624	4.85658
3625	4.85658
3626	4.85658
3627	4.85658
3628	4.85658
3629	4.85658
3630	4.85658
3631	4.85658
3632	4.85658
3633	4.85658
3634	4.85658
3635	4.85658
3636	4.85658
3637	4.85658
3638	4.85658
3639	4.85658
3640	4.85658
3641	4.85658
3642	4.85658
3643	4.85658
3644	4.85658
3645	4.85658
3646	4.85658
3647	4.85658
3648	4.85658
3649	4.85658
3650	4.85658
3651	4.85658
3652	4.85658
3653	4.85658
3654	4.85658
3655	4.85658
3656	4.85658
3657	4.85658
3658	4.85658
3659	4.85658
3660	4.85658
3661	4.85658
3662	4.85658
3663	4.85658
3664	4.85658
3665	4.85658
3666	4.85658
3667	4.85658
3668	4.85658
3669	4.85658
3670	4.85658
3671	4.85658
3672	4.85658
3673	4.85658
3674	4.85658
3675	4.85658
3676	4.85658
3677	4.85658
3678	4.85658
3679	4.85658
3680	4.85658
3681	4.85658
3682	4.85658
3683	4.85658
3684	4.85658
3685	4.85658
3686	4.85658
3687	4.85658
3688	4.85658
3689	4.85658
3690	4.85658
3691	4.85658
3692	4.85658
3693	4.85658
3694	4.85658
3695	4.85658
3696	4.85658
3697	4.85658
3698	4.85658
3699	4.85658
3700	4.85658
3701	4.85658
3702	4.85658
3703	4.85658
3704	4.85658
3705	4.85658
3706	4.85658
3707	4.85658
3708	4.85658
3709	4.85658
3710	4.85658
3711	4.85658
3712	4.85658
3713	4.85658
3714	4.85658
3715	4.85658
3716	4.85658
3717	4.85658
3718	4.85658
3719	4.85658
3720	4.85658
3721	4.85658
3722	4.85658
3723	4.85658
3724	4.85658
3725	4.85658
3726	4.85658
3727	4.85658
3728	4.85658
3729	4.85658
3730	4.85658
3731	4.85658
3732	4.85658
3733	4.85658
3734	4.85658
3735	4.85658
3736	4.85658
3737	4.85658
3738	4.85658
3739	4.85658
3740	4.85658
3741	4.85658
3742	4.85658
3743	4.85658
3744	4.85658
3745	4.85658
3746	4.85658
3747	4.85658
3748	4.85658
3749	4.85658
3750	4.85658
3751	4.85658
3752	4.85658
3753	4.85658
3754	4.85658
3755	4.85658
3756	4.85658
3757	4.85658
3758	4.85658
3759	4.85658
3760	4.85658
3761	4.85658
3762	4.85658
3763	4.85658
3764	4.85658
3765	4.85658
3766	4.85658
3767	4.85658
3768	4.85658
3769	4.85658
3770	4.85658
3771	4.85658
3772	4.85658
3773	4.85658
3774	4.85658
3775	4.85658
3776	4.85658
3777	4.85658
3778	4.85658
3779	4.85658
3780	4.85658
3781	4.85658
3782	4.85658
3783	4.85658
3784	4.85658
3785	4.85658
3786	4.85658
3787	4.85658
3788	4.85658
3789	4.85658
3790	4.85658
3791	4.85658
3792	4.85658
3793	4.85658
3794	4.85658
3795	4.85658
3796	4.85658
3797	4.85658
3798	4.85658
3799	4.85658
3800	4.85658
3801	4.85658
3802	4.85658
3803	4.85658
3804	4.85658
3805	4.85658
3806	4.85658
3807	4.85658
3808	4.85658
3809	4.85658
3810	4.85658
3811	4.85658
3812	4.85658
3813	4.85658
3814	4.85658
3815	4.85658
3816	4.85658
3817	4.85658
3818	4.85658
3819	4.85658
3820	4.85658
3821	4.85658
3822	4.85658
3823	4.85658
3824	4.85658
3825	4.85658
3826	4.85658
3827	4.85658
3828	4.85658
3829	4.85658
3830	4.85658
3831	4.85658
3832	4.85658
3833	4.85658
3834	4.85658
3835	4.85658
3836	4.85658
3837	4.85658
3838	4.85658
3839	4.85658
3840	4.85658
3841	4.85658
3842	4.85658
3843	4.85658
3844	4.85658
3845	4.85658
3846	4.85658
3847	4.85658
3848	4.85658
3849	4.85658
3850	4.85658
3851	4.85658
3852	4.85658
3853	4.85658
3854	4.85658
3855	4.85658
3856	4.85658
3857	4.85658
3858	4.85658
3859	4.85658
3860	4.85658
3861	4.85658
3862	4.85658
3863	4.85658
3864	4.85658
3865	4.85658
3866	4.85658
3867	4.85658
3868	4.85658
3869	4.85658
3870	4.85658
3871	4.85658
3872	4.85658
3873	4.85658
3874	4.85658
3875	4.85658
3876	4.85658
3877	4.85658
3878	4.85658
3879	4.85658
3880	4.85658
3881	4.85658
3882	4.85658
3883	4.85658
3884	4.85658
3885	4.85658
3886	4.85658
3887	4.85658
3888	4.85658
3889	4.85658
3890	4.85658
3891	4.85658
3892	4.85658
3893	4.85658
3894	4.85658
3895	4.85658
3896	4.85658
3897	4.85658
3898	4.85658
3899	4.85658
3900	4.85658
3901	4.85658
3902	4.85658
3903	4.85658
3904	4.85658
3905	4.85658
3906	4.85658
3907	4.85658
3908	4.85658
3909	4.85658
3910	4.85658
3911	4.85658
3912	4.85658
3913	4.85658
3914	4.85658
3915	4.85658
3916	4.85658
3917	4.85658
3918	4.85658
3919	4.85658
3920	4.85658
3921	4.85658
3922	4.85658
3923	4.85658
3924	4.85658
3925	4.85658
3926	4.85658
3927	4.85658
3928	4.85658
3929	4.85658
3930	4.85658
3931	4.85658
3932	4.85658
3933	4.85658
3934	4.85658
3935	4.85658
3936	4.85658
3937	4.85658
3938	4.85658
3939	4.85658
3940	4.85658
3941	4.85658
3942	4.85658
3943	4.85658
3944	4.85658
3945	4.85658
3946	4.85658
3947	4.85658
3948	4.85658
3949	4.85658
3950	4.85658
3951	4.85658
3952	4.85658
3953	4.85658
3954	4.85658
3955	4.85658
3956	4.85658
3957	4.85658
3958	4.85658
3959	4.85658
3960	4.85658
3961	4.85658
3962	4.85658
3963	4.85658
3964	4.85658
3965	4.85658
3966	4.85658
3967	4.85658
3968	4.85658
3969	4.85658
3970	4.85658
3971	4.85658
3972	4.85658
3973	4.85658
3974	4.85658
3975	4.85658
3976	4.85658
3977	4.85658
3978	4.85658
3979	4.85658
3980	4.85658
3981	4.85658
3982	4.85658
3983	4.85658
3984	4.85658
3985	4.85658
3986	4.85658
3987	4.85658
3988	4.85658
3989	4.85658
3990	4.85658
3991	4.85658
3992	4.85658
3993	4.85658
3994	4.85658
3995	4.85658
3996	4.85658
3997	4.85658
3998	4.85658
3999	4.85658
4000	4.85658
4001	4.85658
4002	4.85658
4003	4.85658
4004	4.85658
4005	4.85658
4006	4.85658
4007	4.85658
4008	4.85658
4009	4.85658
4010	4.85658
4011	4.85658
4012	4.85658
4013	4.85658
4014	4.85658
4015	4.85658
4016	4.85658
4017	4.85658
4018	4.85658
4019	4.85658
4020	4.85658
4021	4.85658
4022	4.85658
4023	4.85658
4024	4.85658
4025	4.85658
4026	4.85658
4027	4.85658
4028	4.85658
4029	4.85658
4030	4.85658
4031	4.85658
4032	4.85658
4033	4.85658
4034	4.85658
4035	4.85658
4036	4.85658
4037	4.85658
4038	4.85658
4039	4.85658
4040	4.85658
4041	4.85658
4042	4.85658
4043	4.85658
4044	4.85658
4045	4.85658
4046	4.85658
4047	4.85658
4048	4.85658
4049	4.85658
4050	4.85658
4051	4.85658
4052	4.85658
4053	4.85658
4054	4.85658
4055	4.85658
4056	4.85658
4057	4.85658
4058	4.85658
4059	4.85658
4060	4.85658
4061	4.85658
4062	4.85658
4063	4.85658
4064	4.85658
4065	4.85658
4066	4.85658
4067	4.85658
4068	4.85658
4069	4.85658
4070	4.85658
4071	4.85658
4072	4.85658
4073	4.85658
4074	4.85658
4075	4.85658
4076	4.85658
4077	4.85658
4078	4.85658
4079	4.85658
4080	4.85658
4081	4.85658
4082	4.85658
4083	4.85658
4084	4.85658
4085	4.85658
4086	4.85658
4087	4.85658
4088	4.85658
4089	4.85658
4090	4.85658
4091	4.85658
4092	4.85658
4093	4.85658
4094	4.85658
4095	4.85658
4096	4.85658
4097	4.85658
4098	4.85658
4099	4.85658
4100	4.85658
4101	4.85658
4102	4.85658
4103	4.85658
4104	4.85658
4105	4.85658
4106	4.85658
4107	4.85658
4108	4.85658
4109	4.85658
4110	4.85658
4111	4.85658
4112	4.85658
4113	4.85658
4114	4.85658
4115	4.85658
4116	4.85658
4117	4.85658
4118	4.85658
4119	4.85658
4120	4.85658
4121	4.85658
4122	4.85658
4123	4.85658
4124	4.85658
4125	4.85658
4126	4.85658
4127	4.85658
4128	4.85658
4129	4.85658
4130	4.85658
4131	4.85658
4132	4.85658
4133	4.85658
4134	4.85658
4135	4.85658
4136	4.85658
4137	4.85658
4138	4.85658
4139	4.85658
4140	4.85658
4141	4.85658
4142	4.85658
4143	4.85658
4144	4.85658
4145	4.85658
4146	4.85658
4147	4.85658
4148	4.85658
4149	4.85658
4150	4.85658
4151	4.85658
4152	4.85658
4153	4.85658
4154	4.85658
4155	4.85658
4156	4.85658
4157	4.85658
4158	4.85658
4159	4.85658
4160	4.85658
4161	4.85658
4162	4.85658
4163	4.85658
4164	4.85658
4165	4.85658
4166	4.85658
4167	4.85658
4168	4.85658
4169	4.85658
4170	4.85658
4171	4.85658
4172	4.85658
4173	4.85658
4174	4.85658
4175	4.85658
4176	4.85658
4177	4.85658
4178	4.85658
4179	4.85658
4180	4.85658
4181	4.85658
4182	4.85658
4183	4.85658
4184	4.85658
4185	4.85658
4186	4.85658
4187	4.85658
4188	4.85658
4189	4.85658
4190	4.85658
4191	4.85658
4192	4.85658
4193	4.85658
4194	4.85658
4195	4.85658
4196	4.85658
4197	4.85658
4198	4.85658
4199	4.85658
4200	4.85658
4201	4.85658
4202	4.85658
4203	4.85658
4204	4.85658
4205	4.85658
4206	4.85658
4207	4.85658
4208	4.85658
4209	4.85658
4210	4.85658
4211	4.85658
4212	4.85658
4213	4.85658
4214	4.85658
4215	4.85658
4216	4.85658
4217	4.85658
4218	4.85658
4219	4.85658
4220	4.85658
4221	4.85658
4222	4.85658
4223	4.85658
4224	4.85658
4225	4.85658
4226	4.85658
4227	4.85658
4228	4.85658
4229	4.85658
4230	4.85658
4231	4.85658
4232	4.85658
4233	4.85658
4234	4.85658
4235	4.85658
4236	4.85658
4237	4.85658
4238	4.85658
4239	4.85658
4240	4.85658
4241	4.85658
4242	4.85658
4243	4.85658
4244	4.85658
4245	4.85658
4246	4.85658
4247	4.85658
4248	4.85658
4249	4.85658
4250	4.85658
4251	4.85658
4252	4.85658
4253	4.85658
4254	4.85658
4255	4.85658
4256	4.85658
4257	4.85658
4258	4.85658
4259	4.85658
4260	4.85658
4261	4.85658
4262	4.85658
4263	4.85658
4264	4.85658
4265	4.85658
4266	4.85658
4267	4.85658
4268	4.85658
4269	4.85658
4270	4.85658
4271	4.85658
4272	4.85658
4273	4.85658
4274	4.85658
4275	4.85658
4276	4.85658
4277	4.85658
4278	4.85658
4279	4.85658
4280	4.85658
4281	4.85658
4282	4.85658
4283	4.85658
4284	4.85658
4285	4.85658
4286	4.85658
4287	4.85658
4288	4.85658
4289	4.85658
4290	4.85658
4291	4.85658
4292	4.85658
4293	4.85658
4294	4.85658
4295	4.85658
4296	4.85658
4297	4.85658
4298	4.85658
4299	4.85658
4300	4.85658
4301	4.85658
4302	4.85658
4303	4.85658
4304	4.85658
4305	4.85658
4306	4.85658
4307	4.85658
4308	4.85658
4309	4.85658
4310	4.85658
4311	4.85658
4312	4.85658
4313	4.85658
4314	4.85658
4315	4.85658
4316	4.85658
4317	4.85658
4318	4.85658
4319	4.85658
4320	4.85658
4321	4.85658
4322	4.85658
4323	4.85658
4324	4.85658
4325	4.85658
4326	4.85658
4327	4.85658
4328	4.85658
4329	4.85658
4330	4.85658
4331	4.85658
4332	4.85658
4333	4.85658
4334	4.85658
4335	4.85658
4336	4.85658
4337	4.85658
4338	4.85658
4339	4.85658
4340	4.85658
4341	4.85658
4342	4.85658
4343	4.85658
4344	4.85658
4345	4.85658
4346	4.85658
4347	4.85658
4348	4.85658
4349	4.85658
4350	4.85658
4351	4.85658
4352	4.85658
4353	4.85658
4354	4.85658
4355	4.85658
4356	4.85658
4357	4.85658
4358	4.85658
4359	4.85658
4360	4.85658
4361	4.85658
4362	4.85658
4363	4.85658
4364	4.85658
4365	4.85658
4366	4.85658
4367	4.85658
4368	4.85658
4369	4.85658
4370	4.85658
4371	4.85658
4372	4.85658
4373	4.85658
4374	4.85658
4375	4.85658
4376	4.85658
4377	4.85658
4378	4.85658
4379	4.85658
4380	4.85658
4381	4.85658
4382	4.85658
4383	4.85658
4384	4.85658
4385	4.85658
4386	4.85658
4387	4.85658
4388	4.85658
4389	4.85658
4390	4.85658
4391	4.85658
4392	4.85658
4393	4.85658
4394	4.85658
4395	4.85658
4396	4.85658
4397	4.85658
4398	4.85658
4399	4.85658
4400	4.85658
4401	4.85658
4402	4.85658
4403	4.85658
4404	4.85658
4405	4.85658
4406	4.85658
4407	4.85658
4408	4.85658
4409	4.85658
4410	4.85658
4411	4.85658
4412	4.85658
4413	4.85658
4414	4.85658
4415	4.85658
4416	4.85658
4417	4.85658
4418	4.85658
4419	4.85658
4420	4.85658
4421	4.85658
4422	4.85658
4423	4.85658
4424	4.85658
4425	4.85658
4426	4.85658
4427	4.85658
4428	4.85658
4429	4.85658
4430	4.85658
4431	4.85658
4432	4.85658
4433	4.85658
4434	4.85658
4435	4.85658
4436	4.85658
4437	4.85658
4438	4.85658
4439	4.85658
4440	4.85658
4441	4.85658
4442	4.85658
4443	4.85658
4444	4.85658
4445	4.85658
4446	4.85658
4447	4.85658
4448	4.85658
4449	4.85658
4450	4.85658
4451	4.85658
4452	4.85658
4453	4.85658
4454	4.85658
4455	4.85658
4456	4.85658
4457	4.85658
4458	4.85658
4459	4.85658
4460	4.85658
4461	4.85658
4462	4.85658
4463	4.85658
4464	4.85658
4465	4.85658
4466	4.85658
4467	4.85658
4468	4.85658
4469	4.85658
4470	4.85658
4471	4.85658
4472	4.85658
4473	4.85658
4474	4.85658
4475	4.85658
4476	4.85658
4477	4.85658
4478	4.85658
4479	4.85658
4480	4.85658
4481	4.85658
4482	4.85658
4483	4.85658
4484	4.85658
4485	4.85658
4486	4.85658
4487	4.85658
4488	4.85658
4489	4.85658
4490	4.85658
4491	4.85658
4492	4.85658
4493	4.85658
4494	4.85658
4495	4.85658
4496	4.85658
4497	4.85658
4498	4.85658
4499	4.85658
4500	4.85658
4501	4.85658
4502	4.85658
4503	4.85658
4504	4.85658
4505	4.85658
4506	4.85658
4507	4.85658
4508	4.85658
4509	4.85658
4510	4.85658
4511	4.85658
4512	4.85658
4513	4.85658
4514	4.85658
4515	4.85658
4516	4.85658
4517	4.85658
4518	4.85658
4519	4.85658
4520	4.85658
4521	4.85658
4522	4.85658
4523	4.85658
4524	4.85658
4525	4.85658
4526	4.85658
4527	4.85658
4528	4.85658
4529	4.85658
4530	4.85658
4531	4.85658
4532	4.85658
4533	4.85658
4534	4.85658
4535	4.85658
4536	4.85658
4537	4.85658
4538	4.85658
4539	4.85658
4540	4.85658
4541	4.85658
4542	4.85658
4543	4.85658
4544	4.85658
4545	4.85658
4546	4.85658
4547	4.85658
4548	4.85658
4549	4.85658
4550	4.85658
4551	4.85658
4552	4.85658
4553	4.85658
4554	4.85658
4555	4.85658
4556	4.85658
4557	4.85658
4558	4.85658
4559	4.85658
4560	4.85658
4561	4.85658
4562	4.85658
4563	4.85658
4564	4.85658
4565	4.85658
4566	4.85658
4567	4.85658
4568	4.85658
4569	4.85658
4570	4.85658
4571	4.85658
4572	4.85658
4573	4.85658
4574	4.85658
4575	4.85658
4576	4.85658
4577	4.85658
4578	4.85658
4579	4.85658
4580	4.85658
4581	4.85658
4582	4.85658
4583	4.85658
4584	4.85658
4585	4.85658
4586	4.85658
4587	4.85658
4588	4.85658
4589	4.85658
4590	4.85658
4591	4.85658
4592	4.85658
4593	4.85658
4594	4.85658
4595	4.85658
4596	4.85658
4597	4.85658
4598	4.85658
4599	4.85658
4600	4.85658
4601	4.85658
4602	4.85658
4603	4.85658
4604	4.85658
4605	4.85658
4606	4.85658
4607	4.85658
4608	4.85658
4609	4.85658
4610	4.85658
4611	4.85658
4612	4.85658
4613	4.85658
4614	4.85658
4615	4.85658
4616	4.85658
4617	4.85658
4618	4.85658
4619	4.85658
4620	4.85658
4621	4.85658
4622	4.85658
4623	4.85658
4624	4.85658
4625	4.85658
4626	4.85658
4627	4.85658
4628	4.85658
4629	4.85658
4630	4.85658
4631	4.85658
4632	4.85658
4633	4.85658
4634	4.85658
4635	4.85658
4636	4.85658
4637	4.85658
4638	4.85658
4639	4.85658
4640	4.85658
4641	4.85658
4642	4.85658
4643	4.85658
4644	4.85658
4645	4.85658
4646	4.85658
4647	4.85658
4648	4.85658
4649	4.85658
4650	4.85658
4651	4.85658
4652	4.85658
4653	4.85658
4654	4.85658
4655	4.85658
4656	4.85658
4657	4.85658
4658	4.85658
4659	4.85658
4660	4.85658
4661	4.85658
4662	4.85658
4663	4.85658
4664	4.85658
4665	4.85658
4666	4.85658
4667	4.85658
4668	4.85658
4669	4.85658
4670	4.85658
4671	4.85658
4672	4.85658
4673	4.85658
4674	4.85658
4675	4.85658
4676	4.85658
4677	4.85658
4678	4.85658
4679	4.85658
4680	4.85658
4681	4.85658
4682	4.85658
4683	4.85658
4684	4.85658
4685	4.85658
4686	4.85658
4687	4.85658
4688	4.85658
4689	4.85658
4690	4.85658
4691	4.85658
4692	4.85658
4693	4.85658
4694	4.85658
4695	4.85658
4696	4.85658
4697	4.85658
4698	4.85658
4699	4.85658
4700	4.85658
4701	4.85658
4702	4.85658
4703	4.85658
4704	4.85658
4705	4.85658
4706	4.85658
4707	4.85658
4708	4.85658
4709	4.85658
4710	4.85658
4711	4.85658
4712	4.85658
4713	4.85658
4714	4.85658
4715	4.85658
4716	4.85658
4717	4.85658
4718	4.85658
4719	4.85658
4720	4.85658
4721	4.85658
4722	4.85658
4723	4.85658
4724	4.85658
4725	4.85658
4726	4.85658
4727	4.85658
4728	4.85658
4729	4.85658
4730	4.85658
4731	4.85658
4732	4.85658
4733	4.85658
4734	4.85658
4735	4.85658
4736	4.85658
4737	4.85658
4738	4.85658
4739	4.85658
4740	4.85658
4741	4.85658
4742	4.85658
4743	4.85658
4744	4.85658
4745	4.85658
4746	4.85658
4747	4.85658
4748	4.85658
4749	4.85658
4750	4.85658
4751	4.85658
4752	4.85658
4753	4.85658
4754	4.85658
4755	4.85658
4756	4.85658
4757	4.85658
4758	4.85658
4759	4.85658
4760	4.85658
4761	4.85658
4762	4.85658
4763	4.85658
4764	4.85658
4765	4.85658
4766	4.85658
4767	4.85658
4768	4.85658
4769	4.85658
4770	4.85658
4771	4.85658
4772	4.85658
4773	4.85658
4774	4.85658
4775	4.85658
4776	4.85658
4777	4.85658
4778	4.85658
4779	4.85658
4780	4.85658
4781	4.85658
4782	4.85658
4783	4.85658
4784	4.85658
4785	4.85658
4786	4.85658
4787	4.85658
4788	4.85658
4789	4.85658
4790	4.85658
4791	4.85658
4792	4.85658
4793	4.85658
4794	4.85658
4795	4.85658
4796	4.85658
4797	4.85658
4798	4.85658
4799	4.85658
4800	4.85658
4801	4.85658
4802	4.85658
4803	4.85658
4804	4.85658
4805	4.85658
4806	4.85658
4807	4.85658
4808	4.85658
4809	4.85658
4810	4.85658
4811	4.85658
4812	4.85658
4813	4.85658
4814	4.85658
4815	4.85658
4816	4.85658
4817	4.85658
4818	4.85658
4819	4.85658
4820	4.85658
4821	4.85658
4822	4.85658
4823	4.85658
4824	4.85658
4825	4.85658
4826	4.85658
4827	4.85658
4828	4.85658
4829	4.85658
4830	4.85658
4831	4.85658
4832	4.85658
4833	4.85658
4834	4.85658
4835	4.85658
4836	4.85658
4837	4.85658
4838	4.85658
4839	4.85658
4840	4.85658
4841	4.85658
4842	4.85658
4843	4.85658
4844	4.85658
4845	4.85658
4846	4.85658
4847	4.85658
4848	4.85658
4849	4.85658
4850	4.85658
4851	4.85658
4852	4.85658
4853	4.85658
4854	4.85658
4855	4.85658
4856	4.85658
4857	4.85658
4858	4.85658
4859	4.85658
4860	4.85658
4861	4.85658
4862	4.85658
4863	4.85658
4864	4.85658
4865	4.85658
4866	4.85658
4867	4.85658
4868	4.85658
4869	4.85658
4870	4.85658
4871	4.85658
4872	4.85658
4873	4.85658
4874	4.85658
4875	4.85658
4876	4.85658
4877	4.85658
4878	4.85658
4879	4.85658
4880	4.85658
4881	4.85658
4882	4.85658
4883	4.85658
4884	4.85658
4885	4.85658
4886	4.85658
4887	4.85658
4888	4.85658
4889	4.85658
4890	4.85658
4891	4.85658
4892	4.85658
4893	4.85658
4894	4.85658
4895	4.85658
4896	4.85658
4897	4.85658
4898	4.85658
4899	4.85658
4900	4.85658
4901	4.85658
4902	4.85658
4903	4.85658
4904	4.85658
4905	4.85658
4906	4.85658
4907	4.85658
4908	4.85658
4909	4.85658
4910	4.85658
4911	4.85658
4912	4.85658
4913	4.85658
4914	4.85658
4915	4.85658
4916	4.85658
4917	4.85658
4918	4.85658
4919	4.85658
4920	4.85658
4921	4.85658
4922	4.85658
4923	4.85658
4924	4.85658
4925	4.85658
4926	4.85658
4927	4.85658
4928	4.85658
4929	4.85658
4930	4.85658
4931	4.85658
4932	4.85658
4933	4.85658
4934	4.85658
4935	4.85658
4936	4.85658
4937	4.85658
4938	4.85658
4939	4.85658
4940	4.85658
4941	4.85658
4942	4.85658
4943	4.85658
4944	4.85658
4945	4.85658
4946	4.85658
4947	4.85658
4948	4.85658
4949	4.85658
4950	4.85658
4951	4.85658
4952	4.85658
4953	4.85658
4954	4.85658
4955	4.85658
4956	4.85658
4957	4.85658
4958	4.85658
4959	4.85658
4960	4.85658
4961	4.85658
4962	4.85658
4963	4.85658
4964	4.85658
4965	4.85658
4966	4.85658
4967	4.85658
4968	4.85658
4969	4.85658
4970	4.85658
4971	4.85658
4972	4.85658
4973	4.85658
4974	4.85658
4975	4.85658
4976	4.85658
4977	4.85658
4978	4.85658
4979	4.85658
4980	4.85658
4981	4.85658
4982	4.85658
4983	4.85658
4984	4.85658
4985	4.85658
4986	4.85658
4987	4.85658
4988	4.85658
4989	4.85658
4990	4.85658
4991	4.85658
4992	4.85658
4993	4.85658
4994	4.85658
4995	4.85658
4996	4.85658
4997	4.85658
4998	4.85658
4999	4.85658
5000	4.85658
