1	15.4396
2	14.2361
3	13.1084
4	12.3585
5	11.7843
6	11.2907
7	11.123
8	10.8772
9	10.5863
10	10.2696
11	10.1516
12	10.072
13	9.99238
14	9.81416
15	9.25028
16	8.74509
17	8.70288
18	8.66751
19	8.51038
20	8.28077
21	8.56731
22	8.38898
23	8.29845
24	8.22189
25	8.05986
26	7.85339
27	7.55182
28	7.24928
29	7.13522
30	7.08132
31	7.01089
32	6.89515
33	6.8409
34	6.7865
35	6.74206
36	7.1359
37	7.05882
38	7.20758
39	7.05957
40	6.91729
41	6.69037
42	6.67397
43	6.66248
44	6.65904
45	6.79267
46	6.7696
47	6.70401
48	6.65129
49	6.64016
50	6.78678
51	6.51476
52	6.41213
53	6.41213
54	6.41199
55	6.40914
56	6.40559
57	6.40494
58	6.7375
59	6.46099
60	6.56409
61	6.40232
62	6.40116
63	6.39412
64	6.26496
65	6.08891
66	6.04906
67	6.04625
68	6.02743
69	5.99586
70	5.98343
71	6.03815
72	6.01115
73	5.99209
74	5.91588
75	5.90156
76	5.90049
77	5.88262
78	5.8578
79	5.85184
80	5.85143
81	5.84335
82	5.83306
83	5.83128
84	5.83128
85	5.83128
86	5.83128
87	5.83128
88	5.83128
89	5.83128
90	5.83128
91	5.83128
92	5.83128
93	5.83128
94	5.83128
95	5.83128
96	5.83128
97	5.82837
98	5.77118
99	5.69842
100	5.68575
101	5.68575
102	5.68575
103	5.68575
104	5.68575
105	5.68575
106	5.68536
107	5.68051
108	5.67092
109	5.66655
110	5.66655
111	5.66655
112	5.66655
113	5.66607
114	5.65559
115	5.64368
116	5.64273
117	5.64273
118	5.64273
119	5.64273
120	5.64273
121	5.64273
122	5.64273
123	5.64273
124	5.64273
125	5.64273
126	5.64273
127	5.64234
128	5.64647
129	5.64612
130	5.6448
131	5.64831
132	5.64822
133	5.64585
134	5.64902
135	5.64831
136	5.63414
137	5.62437
138	5.6232
139	5.6232
140	5.6232
141	5.6232
142	5.6232
143	5.6232
144	5.6232
145	5.6232
146	5.6232
147	5.6232
148	5.6232
149	5.6232
150	5.6232
151	5.6232
152	5.6232
153	5.6232
154	5.6232
155	5.6232
156	5.62302
157	5.61975
158	5.6152
159	5.61411
160	5.6127
161	5.58323
162	5.54795
163	5.54336
164	5.54327
165	5.54327
166	5.54327
167	5.54327
168	5.54327
169	5.54327
170	5.54316
171	5.54116
172	5.53721
173	5.53313
174	5.53072
175	5.53072
176	5.53072
177	5.53072
178	5.53072
179	5.53072
180	5.53072
181	5.53072
182	5.53072
183	5.53072
184	5.53072
185	5.53072
186	5.53072
187	5.53072
188	5.53072
189	5.53072
190	5.53072
191	5.53072
192	5.53072
193	5.53072
194	5.53072
195	5.53072
196	5.53072
197	5.53072
198	5.53072
199	5.53072
200	5.53072
201	5.53072
202	5.53072
203	5.53072
204	5.53072
205	5.53072
206	5.53072
207	5.53072
208	5.53072
209	5.53072
210	5.53072
211	5.53072
212	5.53072
213	5.53072
214	5.53072
215	5.53072
216	5.53064
217	5.52943
218	5.52751
219	5.52628
220	5.52517
221	5.52063
222	5.51424
223	5.5125
224	5.51239
225	5.51044
226	5.50758
227	5.50678
228	5.50678
229	5.50678
230	5.50678
231	5.50678
232	5.50678
233	5.50678
234	5.50616
235	5.49663
236	5.4811
237	5.4757
238	5.4757
239	5.4757
240	5.4757
241	5.4757
242	5.4757
243	5.4757
244	5.4757
245	5.4757
246	5.4756
247	5.47332
248	5.47062
249	5.47029
250	5.47029
251	5.47029
252	5.47029
253	5.47029
254	5.47029
255	5.47029
256	5.47029
257	5.47029
258	5.47029
259	5.47029
260	5.47029
261	5.47029
262	5.47029
263	5.46678
264	5.40713
265	5.3194
266	5.29443
267	5.28886
268	5.27688
269	5.22482
270	5.1743
271	5.17388
272	5.17388
273	5.17388
274	5.17388
275	5.17388
276	5.17388
277	5.17388
278	5.17388
279	5.17383
280	5.17279
281	5.17141
282	5.17114
283	5.17114
284	5.17114
285	5.17114
286	5.17114
287	5.17114
288	5.17114
289	5.17114
290	5.17114
291	5.17114
292	5.17114
293	5.17114
294	5.17114
295	5.17114
296	5.17114
297	5.17114
298	5.17114
299	5.17114
300	5.17114
301	5.17114
302	5.17114
303	5.17114
304	5.17114
305	5.17114
306	5.17114
307	5.17114
308	5.17114
309	5.17114
310	5.17114
311	5.17114
312	5.17114
313	5.17114
314	5.17114
315	5.17114
316	5.17114
317	5.17114
318	5.17114
319	5.17114
320	5.17114
321	5.17114
322	5.17114
323	5.17114
324	5.17114
325	5.17114
326	5.17114
327	5.17114
328	5.17114
329	5.17114
330	5.17114
331	5.17114
332	5.17114
333	5.17114
334	5.17114
335	5.17114
336	5.17114
337	5.17114
338	5.17114
339	5.17114
340	5.17114
341	5.17114
342	5.17114
343	5.17114
344	5.17114
345	5.17114
346	5.17114
347	5.17114
348	5.17114
349	5.17114
350	5.17114
351	5.17114
352	5.17114
353	5.17114
354	5.17114
355	5.17114
356	5.17114
357	5.17114
358	5.17114
359	5.17114
360	5.17114
361	5.17114
362	5.17114
363	5.17114
364	5.17114
365	5.17114
366	5.17114
367	5.17114
368	5.17114
369	5.17114
370	5.17114
371	5.17114
372	5.17114
373	5.17114
374	5.17114
375	5.17114
376	5.17114
377	5.17114
378	5.17114
379	5.17114
380	5.17114
381	5.17114
382	5.17114
383	5.17114
384	5.17114
385	5.17114
386	5.17114
387	5.17114
388	5.17114
389	5.17114
390	5.17114
391	5.17114
392	5.17114
393	5.17114
394	5.17114
395	5.17114
396	5.17114
397	5.17114
398	5.17114
399	5.17114
400	5.17114
401	5.17114
402	5.17114
403	5.17114
404	5.17114
405	5.17114
406	5.17114
407	5.17114
408	5.17114
409	5.17114
410	5.17114
411	5.17114
412	5.17114
413	5.17114
414	5.17114
415	5.17114
416	5.17114
417	5.17114
418	5.17114
419	5.17114
420	5.17114
421	5.17114
422	5.17114
423	5.17114
424	5.17114
425	5.17114
426	5.17114
427	5.17114
428	5.17114
429	5.17114
430	5.17114
431	5.17114
432	5.17114
433	5.17114
434	5.17114
435	5.17114
436	5.17114
437	5.17114
438	5.17114
439	5.17114
440	5.16886
441	5.1234
442	5.06639
443	5.05466
444	5.05187
445	5.05175
446	5.05175
447	5.05175
448	5.05175
449	5.05175
450	5.05175
451	5.05175
452	5.05175
453	5.05175
454	5.05175
455	5.05175
456	5.05175
457	5.05175
458	5.05175
459	5.05175
460	5.05175
461	5.05175
462	5.05175
463	5.05175
464	5.05175
465	5.05175
466	5.05175
467	5.05175
468	5.05175
469	5.05175
470	5.05175
471	5.05175
472	5.05175
473	5.05175
474	5.05175
475	5.05175
476	5.05175
477	5.05175
478	5.05175
479	5.05175
480	5.05175
481	5.05175
482	5.05175
483	5.05175
484	5.05175
485	5.05175
486	5.05175
487	5.05175
488	5.05175
489	5.05175
490	5.05175
491	5.05175
492	5.05175
493	5.05175
494	5.05175
495	5.05175
496	5.05175
497	5.05175
498	5.05175
499	5.05175
500	5.05175
501	5.05175
502	5.05175
503	5.05175
504	5.05175
505	5.05175
506	5.05175
507	5.05175
508	5.05175
509	5.05175
510	5.05175
511	5.05175
512	5.05175
513	5.05175
514	5.05175
515	5.05175
516	5.05175
517	5.05175
518	5.05175
519	5.05175
520	5.05175
521	5.05175
522	5.05175
523	5.05175
524	5.05175
525	5.05175
526	5.05175
527	5.05175
528	5.05175
529	5.05175
530	5.05175
531	5.05175
532	5.05175
533	5.05175
534	5.05175
535	5.05175
536	5.05175
537	5.05175
538	5.05175
539	5.05175
540	5.05175
541	5.05175
542	5.05175
543	5.05175
544	5.05175
545	5.05175
546	5.05175
547	5.05175
548	5.05175
549	5.05175
550	5.05175
551	5.05175
552	5.05175
553	5.05175
554	5.05175
555	5.05175
556	5.05175
557	5.05175
558	5.05175
559	5.05175
560	5.05175
561	5.05175
562	5.05175
563	5.05175
564	5.05175
565	5.05175
566	5.05175
567	5.05175
568	5.05175
569	5.05175
570	5.05175
571	5.05175
572	5.05175
573	5.05175
574	5.05175
575	5.05175
576	5.05175
577	5.05175
578	5.05175
579	5.05175
580	5.05175
581	5.05175
582	5.05175
583	5.05175
584	5.05175
585	5.05175
586	5.05175
587	5.05175
588	5.05175
589	5.05175
590	5.05175
591	5.05175
592	5.05175
593	5.05175
594	5.05175
595	5.05175
596	5.05175
597	5.05175
598	5.05175
599	5.05175
600	5.05175
601	5.05175
602	5.05175
603	5.05175
604	5.05175
605	5.05175
606	5.05175
607	5.05175
608	5.05175
609	5.05175
610	5.05175
611	5.05175
612	5.05175
613	5.05175
614	5.05175
615	5.05175
616	5.05175
617	5.05175
618	5.05175
619	5.05175
620	5.05175
621	5.05175
622	5.05175
623	5.05175
624	5.05175
625	5.05175
626	5.05175
627	5.05175
628	5.05175
629	5.05175
630	5.05175
631	5.05175
632	5.05175
633	5.05175
634	5.05175
635	5.05175
636	5.05175
637	5.05175
638	5.05175
639	5.05175
640	5.0514
641	5.0443
642	5.03542
643	5.034
644	5.034
645	5.034
646	5.034
647	5.034
648	5.034
649	5.034
650	5.034
651	5.034
652	5.034
653	5.034
654	5.034
655	5.034
656	5.034
657	5.034
658	5.034
659	5.034
660	5.034
661	5.034
662	5.034
663	5.034
664	5.034
665	5.03351
666	5.02625
667	5.01415
668	5.0098
669	5.0098
670	5.0098
671	5.0098
672	5.0098
673	5.0098
674	5.0098
675	5.0098
676	5.0098
677	5.0098
678	5.0098
679	5.0098
680	5.0098
681	5.0098
682	5.0098
683	5.0098
684	5.0098
685	5.0098
686	5.0098
687	5.0098
688	5.0098
689	5.0098
690	5.0098
691	5.0098
692	5.0098
693	5.0098
694	5.0098
695	5.0098
696	5.0098
697	5.0098
698	5.0098
699	5.0098
700	5.0098
701	5.0098
702	5.0098
703	5.0098
704	5.0098
705	5.0098
706	5.0098
707	5.0098
708	5.0098
709	5.0098
710	5.0098
711	5.0098
712	5.0098
713	5.0098
714	5.0098
715	5.0098
716	5.0093
717	4.99935
718	4.98691
719	4.98492
720	4.98492
721	4.98492
722	4.98492
723	4.98492
724	4.98492
725	4.98492
726	4.98492
727	4.98492
728	4.98492
729	4.98492
730	4.98492
731	4.98492
732	4.98492
733	4.98492
734	4.98492
735	4.98492
736	4.98492
737	4.98492
738	4.98492
739	4.98492
740	4.98492
741	4.98492
742	4.98492
743	4.98492
744	4.98492
745	4.98492
746	4.98492
747	4.98492
748	4.98492
749	4.98492
750	4.98492
751	4.98492
752	4.98492
753	4.98492
754	4.98492
755	4.98492
756	4.98492
757	4.98492
758	4.98492
759	4.98492
760	4.98492
761	4.98492
762	4.98492
763	4.98492
764	4.98492
765	4.98492
766	4.98492
767	4.98492
768	4.98492
769	4.98492
770	4.98492
771	4.98492
772	4.98492
773	4.98492
774	4.98492
775	4.98492
776	4.98492
777	4.98492
778	4.98492
779	4.98492
780	4.98492
781	4.98492
782	4.98492
783	4.98492
784	4.98492
785	4.98492
786	4.98492
787	4.98492
788	4.98492
789	4.98175
790	4.93726
791	4.85782
792	4.82605
793	4.82605
794	4.82605
795	4.82605
796	4.82605
797	4.82605
798	4.82605
799	4.82605
800	4.82605
801	4.82605
802	4.82605
803	4.82605
804	4.82605
805	4.82605
806	4.82605
807	4.82605
808	4.82605
809	4.82605
810	4.82605
811	4.82605
812	4.82605
813	4.82605
814	4.82605
815	4.82605
816	4.82605
817	4.82605
818	4.82605
819	4.82605
820	4.82605
821	4.82605
822	4.82605
823	4.82605
824	4.82605
825	4.82605
826	4.82605
827	4.82605
828	4.82605
829	4.82605
830	4.82605
831	4.82605
832	4.82605
833	4.82605
834	4.82605
835	4.82605
836	4.82605
837	4.82605
838	4.82605
839	4.82605
840	4.82605
841	4.82605
842	4.82605
843	4.82605
844	4.82605
845	4.82605
846	4.82605
847	4.82605
848	4.82605
849	4.82605
850	4.82605
851	4.82605
852	4.82605
853	4.82605
854	4.82605
855	4.82605
856	4.82605
857	4.82605
858	4.82605
859	4.82605
860	4.82605
861	4.82605
862	4.82605
863	4.82605
864	4.82605
865	4.82605
866	4.82605
867	4.82605
868	4.82605
869	4.82605
870	4.82605
871	4.82605
872	4.82605
873	4.82605
874	4.82605
875	4.82605
876	4.82605
877	4.82605
878	4.82605
879	4.82605
880	4.82605
881	4.82605
882	4.82605
883	4.82605
884	4.82605
885	4.82605
886	4.82605
887	4.82605
888	4.82605
889	4.82605
890	4.82605
891	4.82605
892	4.82605
893	4.82605
894	4.82605
895	4.82605
896	4.82605
897	4.82605
898	4.82605
899	4.82605
900	4.82605
901	4.82605
902	4.82605
903	4.82605
904	4.82605
905	4.82605
906	4.82605
907	4.82605
908	4.82605
909	4.82605
910	4.82605
911	4.82605
912	4.82605
913	4.82605
914	4.82605
915	4.82605
916	4.82605
917	4.82605
918	4.82605
919	4.82605
920	4.82605
921	4.82605
922	4.82605
923	4.82605
924	4.82605
925	4.82605
926	4.82605
927	4.82605
928	4.82605
929	4.82605
930	4.82605
931	4.82605
932	4.82605
933	4.82605
934	4.82605
935	4.82605
936	4.82605
937	4.82605
938	4.82605
939	4.82605
940	4.82605
941	4.82605
942	4.82605
943	4.82605
944	4.82605
945	4.82605
946	4.82605
947	4.82605
948	4.82605
949	4.82605
950	4.82605
951	4.82605
952	4.82605
953	4.82605
954	4.82605
955	4.82605
956	4.82605
957	4.82605
958	4.82605
959	4.82605
960	4.82605
961	4.82605
962	4.82605
963	4.82605
964	4.82605
965	4.82605
966	4.82605
967	4.82605
968	4.82605
969	4.82605
970	4.82605
971	4.82605
972	4.82605
973	4.82605
974	4.82605
975	4.82605
976	4.82605
977	4.82605
978	4.82605
979	4.82605
980	4.82605
981	4.82605
982	4.82605
983	4.82605
984	4.82605
985	4.82605
986	4.82605
987	4.82605
988	4.82605
989	4.82605
990	4.82605
991	4.82605
992	4.82605
993	4.82605
994	4.82605
995	4.82605
996	4.82605
997	4.82605
998	4.82605
999	4.82605
1000	4.82605
1001	4.82605
1002	4.82605
1003	4.82605
1004	4.82605
1005	4.82605
1006	4.82605
1007	4.82605
1008	4.82605
1009	4.82605
1010	4.82605
1011	4.82605
1012	4.82605
1013	4.82605
1014	4.82605
1015	4.82605
1016	4.82605
1017	4.82605
1018	4.82605
1019	4.82605
1020	4.82605
1021	4.82605
1022	4.82605
1023	4.82605
1024	4.82605
1025	4.82605
1026	4.82605
1027	4.82605
1028	4.82605
1029	4.82605
1030	4.82605
1031	4.82605
1032	4.82605
1033	4.82605
1034	4.82605
1035	4.82605
1036	4.82605
1037	4.82605
1038	4.82605
1039	4.82605
1040	4.82605
1041	4.82605
1042	4.82605
1043	4.82605
1044	4.82605
1045	4.82605
1046	4.82605
1047	4.82605
1048	4.82605
1049	4.82605
1050	4.82605
1051	4.82605
1052	4.82605
1053	4.82605
1054	4.82605
1055	4.82605
1056	4.82605
1057	4.82605
1058	4.82605
1059	4.82605
1060	4.82605
1061	4.82605
1062	4.82605
1063	4.82605
1064	4.82605
1065	4.82605
1066	4.82605
1067	4.82605
1068	4.82605
1069	4.82605
1070	4.82605
1071	4.82605
1072	4.82605
1073	4.82605
1074	4.82605
1075	4.82605
1076	4.82605
1077	4.82605
1078	4.82605
1079	4.82605
1080	4.82605
1081	4.82605
1082	4.82605
1083	4.82605
1084	4.82605
1085	4.82605
1086	4.82605
1087	4.82605
1088	4.82605
1089	4.82605
1090	4.82605
1091	4.82605
1092	4.82605
1093	4.82605
1094	4.82605
1095	4.82605
1096	4.82605
1097	4.82605
1098	4.82605
1099	4.82605
1100	4.82605
1101	4.82605
1102	4.82605
1103	4.82605
1104	4.82605
1105	4.82605
1106	4.82605
1107	4.82605
1108	4.82605
1109	4.82605
1110	4.82605
1111	4.82605
1112	4.82605
1113	4.82605
1114	4.82605
1115	4.82605
1116	4.82605
1117	4.82605
1118	4.82605
1119	4.82605
1120	4.82605
1121	4.82605
1122	4.82605
1123	4.82605
1124	4.82605
1125	4.82605
1126	4.82605
1127	4.82605
1128	4.82605
1129	4.82605
1130	4.82605
1131	4.82605
1132	4.82605
1133	4.82605
1134	4.82605
1135	4.82605
1136	4.82605
1137	4.82605
1138	4.82605
1139	4.82605
1140	4.82605
1141	4.82605
1142	4.82605
1143	4.82605
1144	4.82605
1145	4.82605
1146	4.82605
1147	4.82605
1148	4.82605
1149	4.82605
1150	4.82605
1151	4.82605
1152	4.82605
1153	4.82605
1154	4.82605
1155	4.82605
1156	4.82605
1157	4.82605
1158	4.82605
1159	4.82605
1160	4.82605
1161	4.82605
1162	4.82605
1163	4.82605
1164	4.82605
1165	4.82605
1166	4.82605
1167	4.82605
1168	4.82605
1169	4.82605
1170	4.82605
1171	4.82605
1172	4.82605
1173	4.82605
1174	4.82605
1175	4.82605
1176	4.82605
1177	4.82605
1178	4.82605
1179	4.82605
1180	4.82605
1181	4.82605
1182	4.82605
1183	4.82605
1184	4.82605
1185	4.82605
1186	4.82605
1187	4.82605
1188	4.82605
1189	4.82605
1190	4.82605
1191	4.82605
1192	4.82605
1193	4.82605
1194	4.82605
1195	4.82605
1196	4.82605
1197	4.82605
1198	4.82605
1199	4.82605
1200	4.82605
1201	4.82605
1202	4.82605
1203	4.82605
1204	4.82605
1205	4.82605
1206	4.82605
1207	4.82605
1208	4.82605
1209	4.82605
1210	4.82605
1211	4.82605
1212	4.82605
1213	4.82605
1214	4.82605
1215	4.82605
1216	4.82605
1217	4.82605
1218	4.82605
1219	4.82605
1220	4.82605
1221	4.82605
1222	4.82605
1223	4.82605
1224	4.82605
1225	4.82605
1226	4.82605
1227	4.82605
1228	4.82605
1229	4.82605
1230	4.82605
1231	4.82605
1232	4.82605
1233	4.82605
1234	4.82605
1235	4.82605
1236	4.82605
1237	4.82605
1238	4.82605
1239	4.82605
1240	4.82605
1241	4.82605
1242	4.82605
1243	4.82605
1244	4.82605
1245	4.82605
1246	4.82605
1247	4.82605
1248	4.82605
1249	4.82605
1250	4.82605
1251	4.82605
1252	4.82605
1253	4.82605
1254	4.82605
1255	4.82605
1256	4.82605
1257	4.82605
1258	4.82605
1259	4.82605
1260	4.82605
1261	4.82605
1262	4.82605
1263	4.82605
1264	4.82605
1265	4.82605
1266	4.82605
1267	4.82605
1268	4.82605
1269	4.82605
1270	4.82605
1271	4.82605
1272	4.82605
1273	4.82605
1274	4.82605
1275	4.82605
1276	4.82605
1277	4.82605
1278	4.82605
1279	4.82605
1280	4.82605
1281	4.82605
1282	4.82605
1283	4.82605
1284	4.82605
1285	4.82605
1286	4.82605
1287	4.82605
1288	4.82605
1289	4.82605
1290	4.82605
1291	4.82605
1292	4.82605
1293	4.82605
1294	4.82605
1295	4.82605
1296	4.82605
1297	4.82605
1298	4.82605
1299	4.82605
1300	4.82605
1301	4.82605
1302	4.82605
1303	4.82605
1304	4.82605
1305	4.82605
1306	4.82605
1307	4.82605
1308	4.82605
1309	4.82605
1310	4.82605
1311	4.82605
1312	4.82605
1313	4.82605
1314	4.82605
1315	4.82605
1316	4.82605
1317	4.82605
1318	4.82605
1319	4.82605
1320	4.82605
1321	4.82605
1322	4.82605
1323	4.82605
1324	4.82605
1325	4.82605
1326	4.82605
1327	4.82605
1328	4.82605
1329	4.82605
1330	4.82605
1331	4.82605
1332	4.82605
1333	4.82605
1334	4.82605
1335	4.82605
1336	4.82605
1337	4.82605
1338	4.82605
1339	4.82605
1340	4.82605
1341	4.82605
1342	4.82605
1343	4.82605
1344	4.82605
1345	4.82605
1346	4.82605
1347	4.82605
1348	4.82605
1349	4.82605
1350	4.82605
1351	4.82605
1352	4.82605
1353	4.82605
1354	4.82605
1355	4.82605
1356	4.82605
1357	4.82605
1358	4.82605
1359	4.82605
1360	4.82605
1361	4.82605
1362	4.82605
1363	4.82605
1364	4.82605
1365	4.82605
1366	4.82605
1367	4.82605
1368	4.82605
1369	4.82605
1370	4.82605
1371	4.82605
1372	4.82605
1373	4.82605
1374	4.82605
1375	4.82605
1376	4.82605
1377	4.82605
1378	4.82605
1379	4.82605
1380	4.82605
1381	4.82605
1382	4.82605
1383	4.82605
1384	4.82605
1385	4.82605
1386	4.82605
1387	4.82605
1388	4.82605
1389	4.82605
1390	4.82605
1391	4.82605
1392	4.82605
1393	4.82605
1394	4.82605
1395	4.82605
1396	4.82605
1397	4.82605
1398	4.82605
1399	4.82605
1400	4.82605
1401	4.82605
1402	4.82605
1403	4.82605
1404	4.82605
1405	4.82605
1406	4.82605
1407	4.82605
1408	4.82605
1409	4.82605
1410	4.82605
1411	4.82605
1412	4.82605
1413	4.82605
1414	4.82605
1415	4.82605
1416	4.82605
1417	4.82605
1418	4.82605
1419	4.82605
1420	4.82605
1421	4.82605
1422	4.82605
1423	4.82605
1424	4.82605
1425	4.82605
1426	4.82605
1427	4.82605
1428	4.82605
1429	4.82605
1430	4.82605
1431	4.82605
1432	4.82605
1433	4.82605
1434	4.82605
1435	4.82605
1436	4.82605
1437	4.82605
1438	4.82605
1439	4.82605
1440	4.82605
1441	4.82605
1442	4.82605
1443	4.82605
1444	4.82605
1445	4.82605
1446	4.82605
1447	4.82605
1448	4.82605
1449	4.82605
1450	4.82605
1451	4.82605
1452	4.82605
1453	4.82605
1454	4.82605
1455	4.82605
1456	4.82605
1457	4.82605
1458	4.82605
1459	4.82605
1460	4.82605
1461	4.82605
1462	4.82605
1463	4.82605
1464	4.82605
1465	4.82605
1466	4.82605
1467	4.82605
1468	4.82605
1469	4.82605
1470	4.82605
1471	4.82605
1472	4.82605
1473	4.82605
1474	4.82605
1475	4.82605
1476	4.82605
1477	4.82605
1478	4.82605
1479	4.82605
1480	4.82605
1481	4.82605
1482	4.82605
1483	4.82605
1484	4.82605
1485	4.82605
1486	4.82605
1487	4.82605
1488	4.82605
1489	4.82605
1490	4.82605
1491	4.82605
1492	4.82605
1493	4.82605
1494	4.82605
1495	4.82605
1496	4.82605
1497	4.82605
1498	4.82605
1499	4.82605
1500	4.82605
1501	4.82605
1502	4.82605
1503	4.82605
1504	4.82605
1505	4.82605
1506	4.82605
1507	4.82605
1508	4.82605
1509	4.82605
1510	4.82605
1511	4.82605
1512	4.82605
1513	4.82605
1514	4.82605
1515	4.82605
1516	4.82605
1517	4.82605
1518	4.82605
1519	4.82605
1520	4.82605
1521	4.82605
1522	4.82605
1523	4.82605
1524	4.82605
1525	4.82605
1526	4.82605
1527	4.82605
1528	4.82605
1529	4.82605
1530	4.82605
1531	4.82605
1532	4.82605
1533	4.82605
1534	4.82605
1535	4.82605
1536	4.82605
1537	4.82605
1538	4.82605
1539	4.82605
1540	4.82605
1541	4.82605
1542	4.82605
1543	4.82605
1544	4.82605
1545	4.82605
1546	4.82605
1547	4.82605
1548	4.82605
1549	4.82605
1550	4.82605
1551	4.82605
1552	4.82605
1553	4.82605
1554	4.82605
1555	4.82605
1556	4.82605
1557	4.82605
1558	4.82605
1559	4.82605
1560	4.82605
1561	4.82605
1562	4.82605
1563	4.82605
1564	4.82605
1565	4.82605
1566	4.82605
1567	4.82605
1568	4.82605
1569	4.82605
1570	4.82605
1571	4.82605
1572	4.82605
1573	4.82605
1574	4.82605
1575	4.82605
1576	4.82605
1577	4.82605
1578	4.82605
1579	4.82605
1580	4.82605
1581	4.82605
1582	4.82605
1583	4.82605
1584	4.82605
1585	4.82605
1586	4.82605
1587	4.82605
1588	4.82605
1589	4.82605
1590	4.82605
1591	4.82605
1592	4.82605
1593	4.82605
1594	4.82605
1595	4.82605
1596	4.82605
1597	4.82605
1598	4.82605
1599	4.82605
1600	4.82605
1601	4.82605
1602	4.82605
1603	4.82605
1604	4.82605
1605	4.82605
1606	4.82605
1607	4.82605
1608	4.82605
1609	4.82605
1610	4.82605
1611	4.82605
1612	4.82605
1613	4.82605
1614	4.82605
1615	4.82605
1616	4.82605
1617	4.82605
1618	4.82605
1619	4.82605
1620	4.82605
1621	4.82605
1622	4.82605
1623	4.82605
1624	4.82605
1625	4.82605
1626	4.82605
1627	4.82605
1628	4.82605
1629	4.82605
1630	4.82605
1631	4.82605
1632	4.82605
1633	4.82605
1634	4.82605
1635	4.82605
1636	4.82605
1637	4.82605
1638	4.82605
1639	4.82605
1640	4.82605
1641	4.82605
1642	4.82605
1643	4.82605
1644	4.82605
1645	4.82605
1646	4.82605
1647	4.82605
1648	4.82605
1649	4.82605
1650	4.82605
1651	4.82605
1652	4.82605
1653	4.82605
1654	4.82605
1655	4.82605
1656	4.82605
1657	4.82605
1658	4.82605
1659	4.82605
1660	4.82605
1661	4.82605
1662	4.82605
1663	4.82605
1664	4.82605
1665	4.82605
1666	4.82605
1667	4.82605
1668	4.82605
1669	4.82605
1670	4.82605
1671	4.82605
1672	4.82605
1673	4.82605
1674	4.82605
1675	4.82605
1676	4.82605
1677	4.82605
1678	4.82605
1679	4.82605
1680	4.82605
1681	4.82605
1682	4.82605
1683	4.82605
1684	4.82605
1685	4.82605
1686	4.82605
1687	4.82605
1688	4.82605
1689	4.82605
1690	4.82605
1691	4.82605
1692	4.82605
1693	4.82605
1694	4.82605
1695	4.82605
1696	4.82605
1697	4.82605
1698	4.82605
1699	4.82605
1700	4.82605
1701	4.82605
1702	4.82605
1703	4.82605
1704	4.82605
1705	4.82605
1706	4.82605
1707	4.82605
1708	4.82605
1709	4.82605
1710	4.82605
1711	4.82605
1712	4.82605
1713	4.82605
1714	4.82605
1715	4.82605
1716	4.82605
1717	4.82605
1718	4.82605
1719	4.82605
1720	4.82605
1721	4.82605
1722	4.82605
1723	4.82605
1724	4.82605
1725	4.82605
1726	4.82605
1727	4.82605
1728	4.82605
1729	4.82605
1730	4.82605
1731	4.82605
1732	4.82605
1733	4.82605
1734	4.82605
1735	4.82605
1736	4.82605
1737	4.82605
1738	4.82605
1739	4.82605
1740	4.82605
1741	4.82605
1742	4.82605
1743	4.82605
1744	4.82605
1745	4.82605
1746	4.82605
1747	4.82605
1748	4.82605
1749	4.82605
1750	4.82605
1751	4.82605
1752	4.82605
1753	4.82605
1754	4.82605
1755	4.82605
1756	4.82605
1757	4.82605
1758	4.82605
1759	4.82605
1760	4.82605
1761	4.82605
1762	4.82605
1763	4.82605
1764	4.82605
1765	4.82605
1766	4.82605
1767	4.82605
1768	4.82605
1769	4.82605
1770	4.82605
1771	4.82605
1772	4.82605
1773	4.82605
1774	4.82605
1775	4.82605
1776	4.82605
1777	4.82605
1778	4.82605
1779	4.82605
1780	4.82605
1781	4.82605
1782	4.82605
1783	4.82605
1784	4.82605
1785	4.82605
1786	4.82605
1787	4.82605
1788	4.82605
1789	4.82605
1790	4.82605
1791	4.82605
1792	4.82605
1793	4.82605
1794	4.82605
1795	4.82605
1796	4.82605
1797	4.82605
1798	4.82605
1799	4.82605
1800	4.82605
1801	4.82605
1802	4.82605
1803	4.82605
1804	4.82605
1805	4.82605
1806	4.82605
1807	4.82605
1808	4.82605
1809	4.82605
1810	4.82605
1811	4.82605
1812	4.82605
1813	4.82605
1814	4.82605
1815	4.82605
1816	4.82605
1817	4.82605
1818	4.82605
1819	4.82605
1820	4.82605
1821	4.82605
1822	4.82605
1823	4.82605
1824	4.82605
1825	4.82605
1826	4.82605
1827	4.82605
1828	4.82605
1829	4.82605
1830	4.82605
1831	4.82605
1832	4.82605
1833	4.82605
1834	4.82605
1835	4.82605
1836	4.82605
1837	4.82605
1838	4.82605
1839	4.82605
1840	4.82605
1841	4.82605
1842	4.82605
1843	4.82605
1844	4.82605
1845	4.82605
1846	4.82605
1847	4.82605
1848	4.82605
1849	4.82605
1850	4.82605
1851	4.82605
1852	4.82605
1853	4.82605
1854	4.82605
1855	4.82605
1856	4.82605
1857	4.82605
1858	4.82605
1859	4.82605
1860	4.82605
1861	4.82605
1862	4.82605
1863	4.82605
1864	4.82605
1865	4.82605
1866	4.82605
1867	4.82605
1868	4.82605
1869	4.82605
1870	4.82605
1871	4.82605
1872	4.82605
1873	4.82605
1874	4.82605
1875	4.82605
1876	4.82605
1877	4.82605
1878	4.82605
1879	4.82605
1880	4.82605
1881	4.82605
1882	4.82605
1883	4.82605
1884	4.82605
1885	4.82605
1886	4.82605
1887	4.82605
1888	4.82605
1889	4.82605
1890	4.82605
1891	4.82605
1892	4.82605
1893	4.82605
1894	4.82605
1895	4.82605
1896	4.82605
1897	4.82605
1898	4.82605
1899	4.82605
1900	4.82605
1901	4.82605
1902	4.82605
1903	4.82605
1904	4.82605
1905	4.82605
1906	4.82605
1907	4.82605
1908	4.82605
1909	4.82605
1910	4.82605
1911	4.82605
1912	4.82605
1913	4.82605
1914	4.82605
1915	4.82605
1916	4.82605
1917	4.82605
1918	4.82605
1919	4.82605
1920	4.82605
1921	4.82605
1922	4.82605
1923	4.82605
1924	4.82605
1925	4.82605
1926	4.82605
1927	4.82605
1928	4.82605
1929	4.82605
1930	4.82605
1931	4.82605
1932	4.82605
1933	4.82605
1934	4.82605
1935	4.82605
1936	4.82605
1937	4.82605
1938	4.82605
1939	4.82605
1940	4.82605
1941	4.82605
1942	4.82605
1943	4.82605
1944	4.82605
1945	4.82605
1946	4.82605
1947	4.82605
1948	4.82605
1949	4.82605
1950	4.82605
1951	4.82605
1952	4.82605
1953	4.82605
1954	4.82605
1955	4.82605
1956	4.82605
1957	4.82605
1958	4.82605
1959	4.82605
1960	4.82605
1961	4.82605
1962	4.82605
1963	4.82605
1964	4.82605
1965	4.82605
1966	4.82605
1967	4.82605
1968	4.82605
1969	4.82605
1970	4.82605
1971	4.82605
1972	4.82605
1973	4.82605
1974	4.82605
1975	4.82605
1976	4.82605
1977	4.82605
1978	4.82605
1979	4.82605
1980	4.82605
1981	4.82605
1982	4.82605
1983	4.82605
1984	4.82605
1985	4.82605
1986	4.82605
1987	4.82605
1988	4.82605
1989	4.82605
1990	4.82605
1991	4.82605
1992	4.82605
1993	4.82605
1994	4.82605
1995	4.82605
1996	4.82605
1997	4.82605
1998	4.82605
1999	4.82605
2000	4.82605
2001	4.82605
2002	4.82605
2003	4.82605
2004	4.82605
2005	4.82605
2006	4.82605
2007	4.82605
2008	4.82605
2009	4.82605
2010	4.82605
2011	4.82605
2012	4.82605
2013	4.82605
2014	4.82605
2015	4.82605
2016	4.82605
2017	4.82605
2018	4.82605
2019	4.82605
2020	4.82605
2021	4.82605
2022	4.82605
2023	4.82605
2024	4.82605
2025	4.82605
2026	4.82605
2027	4.82605
2028	4.82605
2029	4.82605
2030	4.82605
2031	4.82605
2032	4.82605
2033	4.82605
2034	4.82605
2035	4.82605
2036	4.82605
2037	4.82605
2038	4.82605
2039	4.82605
2040	4.82605
2041	4.82605
2042	4.82605
2043	4.82605
2044	4.82605
2045	4.82605
2046	4.82605
2047	4.82605
2048	4.82605
2049	4.82605
2050	4.82605
2051	4.82605
2052	4.82605
2053	4.82605
2054	4.82605
2055	4.82605
2056	4.82605
2057	4.82605
2058	4.82605
2059	4.82605
2060	4.82605
2061	4.82605
2062	4.82605
2063	4.82605
2064	4.82605
2065	4.82605
2066	4.82605
2067	4.82605
2068	4.82605
2069	4.82605
2070	4.82605
2071	4.82605
2072	4.82605
2073	4.82605
2074	4.82605
2075	4.82605
2076	4.82605
2077	4.82605
2078	4.82605
2079	4.82605
2080	4.82605
2081	4.82605
2082	4.82605
2083	4.82605
2084	4.82605
2085	4.82605
2086	4.82605
2087	4.82605
2088	4.82605
2089	4.82605
2090	4.82605
2091	4.82605
2092	4.82605
2093	4.82605
2094	4.82605
2095	4.82605
2096	4.82605
2097	4.82605
2098	4.82605
2099	4.82605
2100	4.82605
2101	4.82605
2102	4.82605
2103	4.82605
2104	4.82605
2105	4.82605
2106	4.82605
2107	4.82605
2108	4.82605
2109	4.82605
2110	4.82605
2111	4.82605
2112	4.82605
2113	4.82605
2114	4.82605
2115	4.82605
2116	4.82605
2117	4.82605
2118	4.82605
2119	4.82605
2120	4.82605
2121	4.82605
2122	4.82605
2123	4.82605
2124	4.82605
2125	4.82605
2126	4.82605
2127	4.82605
2128	4.82605
2129	4.82605
2130	4.82605
2131	4.82605
2132	4.82605
2133	4.82605
2134	4.82605
2135	4.82605
2136	4.82605
2137	4.82605
2138	4.82605
2139	4.82605
2140	4.82605
2141	4.82605
2142	4.82605
2143	4.82605
2144	4.82605
2145	4.82605
2146	4.82605
2147	4.82605
2148	4.82605
2149	4.82605
2150	4.82605
2151	4.82605
2152	4.82605
2153	4.82605
2154	4.82605
2155	4.82605
2156	4.82605
2157	4.82605
2158	4.82605
2159	4.82605
2160	4.82605
2161	4.82605
2162	4.82605
2163	4.82605
2164	4.82605
2165	4.82605
2166	4.82605
2167	4.82605
2168	4.82605
2169	4.82605
2170	4.82605
2171	4.82605
2172	4.82605
2173	4.82605
2174	4.82605
2175	4.82605
2176	4.82605
2177	4.82605
2178	4.82605
2179	4.82605
2180	4.82605
2181	4.82605
2182	4.82605
2183	4.82605
2184	4.82605
2185	4.82605
2186	4.82605
2187	4.82605
2188	4.82605
2189	4.82605
2190	4.82605
2191	4.82605
2192	4.82605
2193	4.82605
2194	4.82605
2195	4.82605
2196	4.82605
2197	4.82605
2198	4.82605
2199	4.82605
2200	4.82605
2201	4.82605
2202	4.82605
2203	4.82605
2204	4.82605
2205	4.82605
2206	4.82605
2207	4.82605
2208	4.82605
2209	4.82605
2210	4.82605
2211	4.82605
2212	4.82605
2213	4.82605
2214	4.82605
2215	4.82605
2216	4.82605
2217	4.82605
2218	4.82605
2219	4.82605
2220	4.82605
2221	4.82605
2222	4.82605
2223	4.82605
2224	4.82605
2225	4.82605
2226	4.82605
2227	4.82605
2228	4.82605
2229	4.82605
2230	4.82605
2231	4.82605
2232	4.82605
2233	4.82605
2234	4.82605
2235	4.82605
2236	4.82605
2237	4.82605
2238	4.82605
2239	4.82605
2240	4.82605
2241	4.82605
2242	4.82605
2243	4.82605
2244	4.82605
2245	4.82605
2246	4.82605
2247	4.82605
2248	4.82605
2249	4.82605
2250	4.82605
2251	4.82605
2252	4.82605
2253	4.82605
2254	4.82605
2255	4.82605
2256	4.82605
2257	4.82605
2258	4.82605
2259	4.82605
2260	4.82605
2261	4.82605
2262	4.82605
2263	4.82605
2264	4.82605
2265	4.82605
2266	4.82605
2267	4.82605
2268	4.82605
2269	4.82605
2270	4.82605
2271	4.82605
2272	4.82605
2273	4.82605
2274	4.82605
2275	4.82605
2276	4.82605
2277	4.82605
2278	4.82605
2279	4.82605
2280	4.82605
2281	4.82605
2282	4.82605
2283	4.82605
2284	4.82605
2285	4.82605
2286	4.82605
2287	4.82605
2288	4.82605
2289	4.82605
2290	4.82605
2291	4.82605
2292	4.82605
2293	4.82605
2294	4.82605
2295	4.82605
2296	4.82605
2297	4.82605
2298	4.82605
2299	4.82605
2300	4.82605
2301	4.82605
2302	4.82605
2303	4.82605
2304	4.82605
2305	4.82605
2306	4.82605
2307	4.82605
2308	4.82605
2309	4.82605
2310	4.82605
2311	4.82605
2312	4.82605
2313	4.82605
2314	4.82605
2315	4.82605
2316	4.82605
2317	4.82605
2318	4.82605
2319	4.82605
2320	4.82605
2321	4.82605
2322	4.82605
2323	4.82605
2324	4.82605
2325	4.82605
2326	4.82605
2327	4.82605
2328	4.82605
2329	4.82605
2330	4.82605
2331	4.82605
2332	4.82605
2333	4.82605
2334	4.82605
2335	4.82605
2336	4.82605
2337	4.82605
2338	4.82605
2339	4.82605
2340	4.82605
2341	4.82605
2342	4.82605
2343	4.82605
2344	4.82605
2345	4.82605
2346	4.82605
2347	4.82605
2348	4.82605
2349	4.82605
2350	4.82605
2351	4.82605
2352	4.82605
2353	4.82605
2354	4.82605
2355	4.82605
2356	4.82605
2357	4.82605
2358	4.82605
2359	4.82605
2360	4.82605
2361	4.82605
2362	4.82605
2363	4.82605
2364	4.82605
2365	4.82605
2366	4.82605
2367	4.82605
2368	4.82605
2369	4.82605
2370	4.82605
2371	4.82605
2372	4.82605
2373	4.82605
2374	4.82605
2375	4.82605
2376	4.82605
2377	4.82605
2378	4.82605
2379	4.82605
2380	4.82605
2381	4.82605
2382	4.82605
2383	4.82605
2384	4.82605
2385	4.82605
2386	4.82605
2387	4.82605
2388	4.82605
2389	4.82605
2390	4.82605
2391	4.82605
2392	4.82605
2393	4.82605
2394	4.82605
2395	4.82605
2396	4.82605
2397	4.82605
2398	4.82605
2399	4.82605
2400	4.82605
2401	4.82605
2402	4.82605
2403	4.82605
2404	4.82605
2405	4.82605
2406	4.82605
2407	4.82605
2408	4.82605
2409	4.82605
2410	4.82605
2411	4.82605
2412	4.82605
2413	4.82605
2414	4.82605
2415	4.82605
2416	4.82605
2417	4.82605
2418	4.82605
2419	4.82605
2420	4.82605
2421	4.82605
2422	4.82605
2423	4.82605
2424	4.82605
2425	4.82605
2426	4.82605
2427	4.82605
2428	4.82605
2429	4.82605
2430	4.82605
2431	4.82605
2432	4.82605
2433	4.82605
2434	4.82605
2435	4.82605
2436	4.82605
2437	4.82605
2438	4.82605
2439	4.82605
2440	4.82605
2441	4.82605
2442	4.82605
2443	4.82605
2444	4.82605
2445	4.82605
2446	4.82605
2447	4.82605
2448	4.82605
2449	4.82605
2450	4.82605
2451	4.82605
2452	4.82605
2453	4.82605
2454	4.82605
2455	4.82605
2456	4.82605
2457	4.82605
2458	4.82605
2459	4.82605
2460	4.82605
2461	4.82605
2462	4.82605
2463	4.82605
2464	4.82605
2465	4.82605
2466	4.82605
2467	4.82605
2468	4.82605
2469	4.82605
2470	4.82605
2471	4.82605
2472	4.82605
2473	4.82605
2474	4.82605
2475	4.82605
2476	4.82605
2477	4.82605
2478	4.82605
2479	4.82605
2480	4.82605
2481	4.82605
2482	4.82605
2483	4.82605
2484	4.82605
2485	4.82605
2486	4.82605
2487	4.82605
2488	4.82605
2489	4.82605
2490	4.82605
2491	4.82605
2492	4.82605
2493	4.82605
2494	4.82605
2495	4.82605
2496	4.82605
2497	4.82605
2498	4.82605
2499	4.82605
2500	4.82605
2501	4.82605
2502	4.82605
2503	4.82605
2504	4.82605
2505	4.82605
2506	4.82605
2507	4.82605
2508	4.82605
2509	4.82605
2510	4.82605
2511	4.82605
2512	4.82605
2513	4.82605
2514	4.82605
2515	4.82605
2516	4.82605
2517	4.82605
2518	4.82605
2519	4.82605
2520	4.82605
2521	4.82605
2522	4.82605
2523	4.82605
2524	4.82605
2525	4.82605
2526	4.82605
2527	4.82605
2528	4.82605
2529	4.82605
2530	4.82605
2531	4.82605
2532	4.82605
2533	4.82605
2534	4.82605
2535	4.82605
2536	4.82605
2537	4.82605
2538	4.82605
2539	4.82605
2540	4.82605
2541	4.82605
2542	4.82605
2543	4.82605
2544	4.82605
2545	4.82605
2546	4.82605
2547	4.82605
2548	4.82605
2549	4.82605
2550	4.82605
2551	4.82605
2552	4.82605
2553	4.82605
2554	4.82605
2555	4.82605
2556	4.82605
2557	4.82605
2558	4.82605
2559	4.82605
2560	4.82605
2561	4.82605
2562	4.82605
2563	4.82605
2564	4.82605
2565	4.82605
2566	4.82605
2567	4.82605
2568	4.82605
2569	4.82605
2570	4.82605
2571	4.82605
2572	4.82605
2573	4.82605
2574	4.82605
2575	4.82605
2576	4.82605
2577	4.82605
2578	4.82605
2579	4.82605
2580	4.82605
2581	4.82605
2582	4.82605
2583	4.82605
2584	4.82605
2585	4.82605
2586	4.82605
2587	4.82605
2588	4.82605
2589	4.82605
2590	4.82605
2591	4.82605
2592	4.82605
2593	4.82605
2594	4.82605
2595	4.82605
2596	4.82605
2597	4.82605
2598	4.82605
2599	4.82605
2600	4.82605
2601	4.82605
2602	4.82605
2603	4.82605
2604	4.82605
2605	4.82605
2606	4.82605
2607	4.82605
2608	4.82605
2609	4.82605
2610	4.82605
2611	4.82605
2612	4.82605
2613	4.82605
2614	4.82605
2615	4.82605
2616	4.82605
2617	4.82605
2618	4.82605
2619	4.82605
2620	4.82605
2621	4.82605
2622	4.82605
2623	4.82605
2624	4.82605
2625	4.82605
2626	4.82605
2627	4.82605
2628	4.82605
2629	4.82605
2630	4.82605
2631	4.82605
2632	4.82605
2633	4.82605
2634	4.82605
2635	4.82605
2636	4.82605
2637	4.82605
2638	4.82605
2639	4.82605
2640	4.82605
2641	4.82605
2642	4.82605
2643	4.82605
2644	4.82605
2645	4.82605
2646	4.82605
2647	4.82605
2648	4.82605
2649	4.82605
2650	4.82605
2651	4.82605
2652	4.82605
2653	4.82605
2654	4.82605
2655	4.82605
2656	4.82605
2657	4.82605
2658	4.82605
2659	4.82605
2660	4.82605
2661	4.82605
2662	4.82605
2663	4.82605
2664	4.82605
2665	4.82605
2666	4.82605
2667	4.82605
2668	4.82605
2669	4.82605
2670	4.82605
2671	4.82605
2672	4.82605
2673	4.82605
2674	4.82605
2675	4.82605
2676	4.82605
2677	4.82605
2678	4.82605
2679	4.82605
2680	4.82605
2681	4.82605
2682	4.82605
2683	4.82605
2684	4.82605
2685	4.82605
2686	4.82605
2687	4.82605
2688	4.82605
2689	4.82605
2690	4.82605
2691	4.82605
2692	4.82605
2693	4.82605
2694	4.82605
2695	4.82605
2696	4.82605
2697	4.82605
2698	4.82605
2699	4.82605
2700	4.82605
2701	4.82605
2702	4.82605
2703	4.82605
2704	4.82605
2705	4.82605
2706	4.82605
2707	4.82605
2708	4.82605
2709	4.82605
2710	4.82605
2711	4.82605
2712	4.82605
2713	4.82605
2714	4.82605
2715	4.82605
2716	4.82605
2717	4.82605
2718	4.82605
2719	4.82605
2720	4.82605
2721	4.82605
2722	4.82605
2723	4.82605
2724	4.82605
2725	4.82605
2726	4.82605
2727	4.82605
2728	4.82605
2729	4.82605
2730	4.82605
2731	4.82605
2732	4.82605
2733	4.82605
2734	4.82605
2735	4.82605
2736	4.82605
2737	4.82605
2738	4.82605
2739	4.82605
2740	4.82605
2741	4.82605
2742	4.82605
2743	4.82605
2744	4.82605
2745	4.82605
2746	4.82605
2747	4.82605
2748	4.82605
2749	4.82605
2750	4.82605
2751	4.82605
2752	4.82605
2753	4.82605
2754	4.82605
2755	4.82605
2756	4.82605
2757	4.82605
2758	4.82605
2759	4.82605
2760	4.82605
2761	4.82605
2762	4.82605
2763	4.82605
2764	4.82605
2765	4.82605
2766	4.82605
2767	4.82605
2768	4.82605
2769	4.82605
2770	4.82605
2771	4.82605
2772	4.82605
2773	4.82605
2774	4.82605
2775	4.82605
2776	4.82605
2777	4.82605
2778	4.82605
2779	4.82605
2780	4.82605
2781	4.82605
2782	4.82605
2783	4.82605
2784	4.82605
2785	4.82605
2786	4.82605
2787	4.82605
2788	4.82605
2789	4.82605
2790	4.82605
2791	4.82605
2792	4.82605
2793	4.82605
2794	4.82605
2795	4.82605
2796	4.82605
2797	4.82605
2798	4.82605
2799	4.82605
2800	4.82605
2801	4.82605
2802	4.82605
2803	4.82605
2804	4.82605
2805	4.82605
2806	4.82605
2807	4.82605
2808	4.82605
2809	4.82605
2810	4.82605
2811	4.82605
2812	4.82605
2813	4.82605
2814	4.82605
2815	4.82605
2816	4.82605
2817	4.82605
2818	4.82605
2819	4.82605
2820	4.82605
2821	4.82605
2822	4.82605
2823	4.82605
2824	4.82605
2825	4.82605
2826	4.82605
2827	4.82605
2828	4.82605
2829	4.82605
2830	4.82605
2831	4.82605
2832	4.82605
2833	4.82605
2834	4.82605
2835	4.82605
2836	4.82605
2837	4.82605
2838	4.82605
2839	4.82605
2840	4.82605
2841	4.82605
2842	4.82605
2843	4.82605
2844	4.82605
2845	4.82605
2846	4.82605
2847	4.82605
2848	4.82605
2849	4.82605
2850	4.82605
2851	4.82605
2852	4.82605
2853	4.82605
2854	4.82605
2855	4.82605
2856	4.82605
2857	4.82605
2858	4.82605
2859	4.82605
2860	4.82605
2861	4.82605
2862	4.82605
2863	4.82605
2864	4.82605
2865	4.82605
2866	4.82605
2867	4.82605
2868	4.82605
2869	4.82605
2870	4.82605
2871	4.82605
2872	4.82605
2873	4.82605
2874	4.82605
2875	4.82605
2876	4.82605
2877	4.82605
2878	4.82605
2879	4.82605
2880	4.82605
2881	4.82605
2882	4.82605
2883	4.82605
2884	4.82605
2885	4.82605
2886	4.82605
2887	4.82605
2888	4.82605
2889	4.82605
2890	4.82605
2891	4.82605
2892	4.82605
2893	4.82605
2894	4.82605
2895	4.82605
2896	4.82605
2897	4.82605
2898	4.82605
2899	4.82605
2900	4.82605
2901	4.82605
2902	4.82605
2903	4.82605
2904	4.82605
2905	4.82605
2906	4.82605
2907	4.82605
2908	4.82605
2909	4.82605
2910	4.82605
2911	4.82605
2912	4.82605
2913	4.82605
2914	4.82605
2915	4.82605
2916	4.82605
2917	4.82605
2918	4.82605
2919	4.82605
2920	4.82605
2921	4.82605
2922	4.82605
2923	4.82605
2924	4.82605
2925	4.82605
2926	4.82605
2927	4.82605
2928	4.82605
2929	4.82605
2930	4.82605
2931	4.82605
2932	4.82605
2933	4.82605
2934	4.82605
2935	4.82605
2936	4.82605
2937	4.82605
2938	4.82605
2939	4.82605
2940	4.82605
2941	4.82605
2942	4.82605
2943	4.82605
2944	4.82605
2945	4.82605
2946	4.82605
2947	4.82605
2948	4.82605
2949	4.82605
2950	4.82605
2951	4.82605
2952	4.82605
2953	4.82605
2954	4.82605
2955	4.82605
2956	4.82605
2957	4.82605
2958	4.82605
2959	4.82605
2960	4.82605
2961	4.82605
2962	4.82605
2963	4.82605
2964	4.82605
2965	4.82605
2966	4.82605
2967	4.82605
2968	4.82605
2969	4.82605
2970	4.82605
2971	4.82605
2972	4.82605
2973	4.82605
2974	4.82605
2975	4.82605
2976	4.82605
2977	4.82605
2978	4.82605
2979	4.82605
2980	4.82605
2981	4.82605
2982	4.82605
2983	4.82605
2984	4.82605
2985	4.82605
2986	4.82605
2987	4.82605
2988	4.82605
2989	4.82605
2990	4.82605
2991	4.82605
2992	4.82605
2993	4.82605
2994	4.82605
2995	4.82605
2996	4.82605
2997	4.82605
2998	4.82605
2999	4.82605
3000	4.82605
3001	4.82605
3002	4.82605
3003	4.82605
3004	4.82605
3005	4.82605
3006	4.82605
3007	4.82605
3008	4.82605
3009	4.82605
3010	4.82605
3011	4.82605
3012	4.82605
3013	4.82605
3014	4.82605
3015	4.82605
3016	4.82605
3017	4.82605
3018	4.82605
3019	4.82605
3020	4.82605
3021	4.82605
3022	4.82605
3023	4.82605
3024	4.82605
3025	4.82605
3026	4.82605
3027	4.82605
3028	4.82605
3029	4.82605
3030	4.82605
3031	4.82605
3032	4.82605
3033	4.82605
3034	4.82605
3035	4.82605
3036	4.82605
3037	4.82605
3038	4.82605
3039	4.82605
3040	4.82605
3041	4.82605
3042	4.82605
3043	4.82605
3044	4.82605
3045	4.82605
3046	4.82605
3047	4.82605
3048	4.82605
3049	4.82605
3050	4.82605
3051	4.82605
3052	4.82605
3053	4.82605
3054	4.82605
3055	4.82605
3056	4.82605
3057	4.82605
3058	4.82605
3059	4.82605
3060	4.82605
3061	4.82605
3062	4.82605
3063	4.82605
3064	4.82605
3065	4.82605
3066	4.82605
3067	4.82605
3068	4.82605
3069	4.82605
3070	4.82605
3071	4.82605
3072	4.82605
3073	4.82605
3074	4.82605
3075	4.82605
3076	4.82605
3077	4.82605
3078	4.82605
3079	4.82605
3080	4.82605
3081	4.82605
3082	4.82605
3083	4.82605
3084	4.82605
3085	4.82605
3086	4.82605
3087	4.82605
3088	4.82605
3089	4.82605
3090	4.82605
3091	4.82605
3092	4.82605
3093	4.82605
3094	4.82605
3095	4.82605
3096	4.82605
3097	4.82605
3098	4.82605
3099	4.82605
3100	4.82605
3101	4.82605
3102	4.82605
3103	4.82605
3104	4.82605
3105	4.82605
3106	4.82605
3107	4.82605
3108	4.82605
3109	4.82605
3110	4.82605
3111	4.82605
3112	4.82605
3113	4.82605
3114	4.82605
3115	4.82605
3116	4.82605
3117	4.82605
3118	4.82605
3119	4.82605
3120	4.82605
3121	4.82605
3122	4.82605
3123	4.82605
3124	4.82605
3125	4.82605
3126	4.82605
3127	4.82605
3128	4.82605
3129	4.82605
3130	4.82605
3131	4.82605
3132	4.82605
3133	4.82605
3134	4.82605
3135	4.82605
3136	4.82605
3137	4.82605
3138	4.82605
3139	4.82605
3140	4.82605
3141	4.82605
3142	4.82605
3143	4.82605
3144	4.82605
3145	4.82605
3146	4.82605
3147	4.82605
3148	4.82605
3149	4.82605
3150	4.82605
3151	4.82605
3152	4.82605
3153	4.82605
3154	4.82605
3155	4.82605
3156	4.82605
3157	4.82605
3158	4.82605
3159	4.82605
3160	4.82605
3161	4.82605
3162	4.82605
3163	4.82605
3164	4.82605
3165	4.82605
3166	4.82605
3167	4.82605
3168	4.82605
3169	4.82605
3170	4.82605
3171	4.82605
3172	4.82605
3173	4.82605
3174	4.82605
3175	4.82605
3176	4.82605
3177	4.82605
3178	4.82605
3179	4.82605
3180	4.82605
3181	4.82605
3182	4.82605
3183	4.82605
3184	4.82605
3185	4.82605
3186	4.82605
3187	4.82605
3188	4.82605
3189	4.82605
3190	4.82605
3191	4.82605
3192	4.82605
3193	4.82605
3194	4.82605
3195	4.82605
3196	4.82605
3197	4.82605
3198	4.82605
3199	4.82605
3200	4.82605
3201	4.82605
3202	4.82605
3203	4.82605
3204	4.82605
3205	4.82605
3206	4.82605
3207	4.82605
3208	4.82605
3209	4.82605
3210	4.82605
3211	4.82605
3212	4.82605
3213	4.82605
3214	4.82605
3215	4.82605
3216	4.82605
3217	4.82605
3218	4.82605
3219	4.82605
3220	4.82605
3221	4.82605
3222	4.82605
3223	4.82605
3224	4.82605
3225	4.82605
3226	4.82605
3227	4.82605
3228	4.82605
3229	4.82605
3230	4.82605
3231	4.82605
3232	4.82605
3233	4.82605
3234	4.82605
3235	4.82605
3236	4.82605
3237	4.82605
3238	4.82605
3239	4.82605
3240	4.82605
3241	4.82605
3242	4.82605
3243	4.82605
3244	4.82605
3245	4.82605
3246	4.82605
3247	4.82605
3248	4.82605
3249	4.82605
3250	4.82605
3251	4.82605
3252	4.82605
3253	4.82605
3254	4.82605
3255	4.82605
3256	4.82605
3257	4.82605
3258	4.82605
3259	4.82605
3260	4.82605
3261	4.82605
3262	4.82605
3263	4.82605
3264	4.82605
3265	4.82605
3266	4.82605
3267	4.82605
3268	4.82605
3269	4.82605
3270	4.82605
3271	4.82605
3272	4.82605
3273	4.82605
3274	4.82605
3275	4.82605
3276	4.82605
3277	4.82605
3278	4.82605
3279	4.82605
3280	4.82605
3281	4.82605
3282	4.82605
3283	4.82605
3284	4.82605
3285	4.82605
3286	4.82605
3287	4.82605
3288	4.82605
3289	4.82605
3290	4.82605
3291	4.82605
3292	4.82605
3293	4.82605
3294	4.82605
3295	4.82605
3296	4.82605
3297	4.82605
3298	4.82605
3299	4.82605
3300	4.82605
3301	4.82605
3302	4.82605
3303	4.82605
3304	4.82605
3305	4.82605
3306	4.82605
3307	4.82605
3308	4.82605
3309	4.82605
3310	4.82605
3311	4.82605
3312	4.82605
3313	4.82605
3314	4.82605
3315	4.82605
3316	4.82605
3317	4.82605
3318	4.82605
3319	4.82605
3320	4.82605
3321	4.82605
3322	4.82605
3323	4.82605
3324	4.82605
3325	4.82605
3326	4.82605
3327	4.82605
3328	4.82605
3329	4.82605
3330	4.82605
3331	4.82605
3332	4.82605
3333	4.82605
3334	4.82605
3335	4.82605
3336	4.82605
3337	4.82605
3338	4.82605
3339	4.82605
3340	4.82605
3341	4.82605
3342	4.82605
3343	4.82605
3344	4.82605
3345	4.82605
3346	4.82605
3347	4.82605
3348	4.82605
3349	4.82605
3350	4.82605
3351	4.82605
3352	4.82605
3353	4.82605
3354	4.82605
3355	4.82605
3356	4.82605
3357	4.82605
3358	4.82605
3359	4.82605
3360	4.82605
3361	4.82605
3362	4.82605
3363	4.82605
3364	4.82605
3365	4.82605
3366	4.82605
3367	4.82605
3368	4.82605
3369	4.82605
3370	4.82605
3371	4.82605
3372	4.82605
3373	4.82605
3374	4.82605
3375	4.82605
3376	4.82605
3377	4.82605
3378	4.82605
3379	4.82605
3380	4.82605
3381	4.82605
3382	4.82605
3383	4.82605
3384	4.82605
3385	4.82605
3386	4.82605
3387	4.82605
3388	4.82605
3389	4.82605
3390	4.82605
3391	4.82605
3392	4.82605
3393	4.82605
3394	4.82605
3395	4.82605
3396	4.82605
3397	4.82605
3398	4.82605
3399	4.82605
3400	4.82605
3401	4.82605
3402	4.82605
3403	4.82605
3404	4.82605
3405	4.82605
3406	4.82605
3407	4.82605
3408	4.82605
3409	4.82605
3410	4.82605
3411	4.82605
3412	4.82605
3413	4.82605
3414	4.82605
3415	4.82605
3416	4.82605
3417	4.82605
3418	4.82605
3419	4.82605
3420	4.82605
3421	4.82605
3422	4.82605
3423	4.82605
3424	4.82605
3425	4.82605
3426	4.82605
3427	4.82605
3428	4.82605
3429	4.82605
3430	4.82605
3431	4.82605
3432	4.82605
3433	4.82605
3434	4.82605
3435	4.82605
3436	4.82605
3437	4.82605
3438	4.82605
3439	4.82605
3440	4.82605
3441	4.82605
3442	4.82605
3443	4.82605
3444	4.82605
3445	4.82605
3446	4.82605
3447	4.82605
3448	4.82605
3449	4.82605
3450	4.82605
3451	4.82605
3452	4.82605
3453	4.82605
3454	4.82605
3455	4.82605
3456	4.82605
3457	4.82605
3458	4.82605
3459	4.82605
3460	4.82605
3461	4.82605
3462	4.82605
3463	4.82605
3464	4.82605
3465	4.82605
3466	4.82605
3467	4.82605
3468	4.82605
3469	4.82605
3470	4.82605
3471	4.82605
3472	4.82605
3473	4.82605
3474	4.82605
3475	4.82605
3476	4.82605
3477	4.82605
3478	4.82605
3479	4.82605
3480	4.82605
3481	4.82605
3482	4.82605
3483	4.82605
3484	4.82605
3485	4.82605
3486	4.82605
3487	4.82605
3488	4.82605
3489	4.82605
3490	4.82605
3491	4.82605
3492	4.82605
3493	4.82605
3494	4.82605
3495	4.82605
3496	4.82605
3497	4.82605
3498	4.82605
3499	4.82605
3500	4.82605
3501	4.82605
3502	4.82605
3503	4.82605
3504	4.82605
3505	4.82605
3506	4.82605
3507	4.82605
3508	4.82605
3509	4.82605
3510	4.82605
3511	4.82605
3512	4.82605
3513	4.82605
3514	4.82605
3515	4.82605
3516	4.82605
3517	4.82605
3518	4.82605
3519	4.82605
3520	4.82605
3521	4.82605
3522	4.82605
3523	4.82605
3524	4.82605
3525	4.82605
3526	4.82605
3527	4.82605
3528	4.82605
3529	4.82605
3530	4.82605
3531	4.82605
3532	4.82605
3533	4.82605
3534	4.82605
3535	4.82605
3536	4.82605
3537	4.82605
3538	4.82605
3539	4.82605
3540	4.82605
3541	4.82605
3542	4.82605
3543	4.82605
3544	4.82605
3545	4.82605
3546	4.82605
3547	4.82605
3548	4.82605
3549	4.82605
3550	4.82605
3551	4.82605
3552	4.82605
3553	4.82605
3554	4.82605
3555	4.82605
3556	4.82605
3557	4.82605
3558	4.82605
3559	4.82605
3560	4.82605
3561	4.82605
3562	4.82605
3563	4.82605
3564	4.82605
3565	4.82605
3566	4.82605
3567	4.82605
3568	4.82605
3569	4.82605
3570	4.82605
3571	4.82605
3572	4.82605
3573	4.82605
3574	4.82605
3575	4.82605
3576	4.82605
3577	4.82605
3578	4.82605
3579	4.82605
3580	4.82605
3581	4.82605
3582	4.82605
3583	4.82605
3584	4.82605
3585	4.82605
3586	4.82605
3587	4.82605
3588	4.82605
3589	4.82605
3590	4.82605
3591	4.82605
3592	4.82605
3593	4.82605
3594	4.82605
3595	4.82605
3596	4.82605
3597	4.82605
3598	4.82605
3599	4.82605
3600	4.82605
3601	4.82605
3602	4.82605
3603	4.82605
3604	4.82605
3605	4.82605
3606	4.82605
3607	4.82605
3608	4.82605
3609	4.82605
3610	4.82605
3611	4.82605
3612	4.82605
3613	4.82605
3614	4.82605
3615	4.82605
3616	4.82605
3617	4.82605
3618	4.82605
3619	4.82605
3620	4.82605
3621	4.82605
3622	4.82605
3623	4.82605
3624	4.82605
3625	4.82605
3626	4.82605
3627	4.82605
3628	4.82605
3629	4.82605
3630	4.82605
3631	4.82605
3632	4.82605
3633	4.82605
3634	4.82605
3635	4.82605
3636	4.82605
3637	4.82605
3638	4.82605
3639	4.82605
3640	4.82605
3641	4.82605
3642	4.82605
3643	4.82605
3644	4.82605
3645	4.82605
3646	4.82605
3647	4.82605
3648	4.82605
3649	4.82605
3650	4.82605
3651	4.82605
3652	4.82605
3653	4.82605
3654	4.82605
3655	4.82605
3656	4.82605
3657	4.82605
3658	4.82605
3659	4.82605
3660	4.82605
3661	4.82605
3662	4.82605
3663	4.82605
3664	4.82605
3665	4.82605
3666	4.82605
3667	4.82605
3668	4.82605
3669	4.82605
3670	4.82605
3671	4.82605
3672	4.82605
3673	4.82605
3674	4.82605
3675	4.82605
3676	4.82605
3677	4.82605
3678	4.82605
3679	4.82605
3680	4.82605
3681	4.82605
3682	4.82605
3683	4.82605
3684	4.82605
3685	4.82605
3686	4.82605
3687	4.82605
3688	4.82605
3689	4.82605
3690	4.82605
3691	4.82605
3692	4.82605
3693	4.82605
3694	4.82605
3695	4.82605
3696	4.82605
3697	4.82605
3698	4.82605
3699	4.82605
3700	4.82605
3701	4.82605
3702	4.82605
3703	4.82605
3704	4.82605
3705	4.82605
3706	4.82605
3707	4.82605
3708	4.82605
3709	4.82605
3710	4.82605
3711	4.82605
3712	4.82605
3713	4.82605
3714	4.82605
3715	4.82605
3716	4.82605
3717	4.82605
3718	4.82605
3719	4.82605
3720	4.82605
3721	4.82605
3722	4.82605
3723	4.82605
3724	4.82605
3725	4.82605
3726	4.82605
3727	4.82605
3728	4.82605
3729	4.82605
3730	4.82605
3731	4.82605
3732	4.82605
3733	4.82605
3734	4.82605
3735	4.82605
3736	4.82605
3737	4.82605
3738	4.82605
3739	4.82605
3740	4.82605
3741	4.82605
3742	4.82605
3743	4.82605
3744	4.82605
3745	4.82605
3746	4.82605
3747	4.82605
3748	4.82605
3749	4.82605
3750	4.82605
3751	4.82605
3752	4.82605
3753	4.82605
3754	4.82605
3755	4.82605
3756	4.82605
3757	4.82605
3758	4.82605
3759	4.82605
3760	4.82605
3761	4.82605
3762	4.82605
3763	4.82605
3764	4.82605
3765	4.82605
3766	4.82605
3767	4.82605
3768	4.82605
3769	4.82605
3770	4.82605
3771	4.82605
3772	4.82605
3773	4.82605
3774	4.82605
3775	4.82605
3776	4.82605
3777	4.82605
3778	4.82605
3779	4.82605
3780	4.82605
3781	4.82605
3782	4.82605
3783	4.82605
3784	4.82605
3785	4.82605
3786	4.82605
3787	4.82605
3788	4.82605
3789	4.82605
3790	4.82605
3791	4.82605
3792	4.82605
3793	4.82605
3794	4.82605
3795	4.82605
3796	4.82605
3797	4.82605
3798	4.82605
3799	4.82605
3800	4.82605
3801	4.82605
3802	4.82605
3803	4.82605
3804	4.82605
3805	4.82605
3806	4.82605
3807	4.82605
3808	4.82605
3809	4.82605
3810	4.82605
3811	4.82605
3812	4.82605
3813	4.82605
3814	4.82605
3815	4.82605
3816	4.82605
3817	4.82605
3818	4.82605
3819	4.82605
3820	4.82605
3821	4.82605
3822	4.82605
3823	4.82605
3824	4.82605
3825	4.82605
3826	4.82605
3827	4.82605
3828	4.82605
3829	4.82605
3830	4.82605
3831	4.82605
3832	4.82605
3833	4.82605
3834	4.82605
3835	4.82605
3836	4.82605
3837	4.82605
3838	4.82605
3839	4.82605
3840	4.82605
3841	4.82605
3842	4.82605
3843	4.82605
3844	4.82605
3845	4.82605
3846	4.82605
3847	4.82605
3848	4.82605
3849	4.82605
3850	4.82605
3851	4.82605
3852	4.82605
3853	4.82605
3854	4.82605
3855	4.82605
3856	4.82605
3857	4.82605
3858	4.82605
3859	4.82605
3860	4.82605
3861	4.82605
3862	4.82605
3863	4.82605
3864	4.82605
3865	4.82605
3866	4.82605
3867	4.82605
3868	4.82605
3869	4.82605
3870	4.82605
3871	4.82605
3872	4.82605
3873	4.82605
3874	4.82605
3875	4.82605
3876	4.82605
3877	4.82605
3878	4.82605
3879	4.82605
3880	4.82605
3881	4.82605
3882	4.82605
3883	4.82605
3884	4.82605
3885	4.82605
3886	4.82605
3887	4.82605
3888	4.82605
3889	4.82605
3890	4.82605
3891	4.82605
3892	4.82605
3893	4.82605
3894	4.82605
3895	4.82605
3896	4.82605
3897	4.82605
3898	4.82605
3899	4.82605
3900	4.82605
3901	4.82605
3902	4.82605
3903	4.82605
3904	4.82605
3905	4.82605
3906	4.82605
3907	4.82605
3908	4.82605
3909	4.82605
3910	4.82605
3911	4.82605
3912	4.82605
3913	4.82605
3914	4.82605
3915	4.82605
3916	4.82605
3917	4.82605
3918	4.82605
3919	4.82605
3920	4.82605
3921	4.82605
3922	4.82605
3923	4.82605
3924	4.82605
3925	4.82605
3926	4.82605
3927	4.82605
3928	4.82605
3929	4.82605
3930	4.82605
3931	4.82605
3932	4.82605
3933	4.82605
3934	4.82605
3935	4.82605
3936	4.82605
3937	4.82605
3938	4.82605
3939	4.82605
3940	4.82605
3941	4.82605
3942	4.82605
3943	4.82605
3944	4.82605
3945	4.82605
3946	4.82605
3947	4.82605
3948	4.82605
3949	4.82605
3950	4.82605
3951	4.82605
3952	4.82605
3953	4.82605
3954	4.82605
3955	4.82605
3956	4.82605
3957	4.82605
3958	4.82605
3959	4.82605
3960	4.82605
3961	4.82605
3962	4.82605
3963	4.82605
3964	4.82605
3965	4.82605
3966	4.82605
3967	4.82605
3968	4.82605
3969	4.82605
3970	4.82605
3971	4.82605
3972	4.82605
3973	4.82605
3974	4.82605
3975	4.82605
3976	4.82605
3977	4.82605
3978	4.82605
3979	4.82605
3980	4.82605
3981	4.82605
3982	4.82605
3983	4.82605
3984	4.82605
3985	4.82605
3986	4.82605
3987	4.82605
3988	4.82605
3989	4.82605
3990	4.82605
3991	4.82605
3992	4.82605
3993	4.82605
3994	4.82605
3995	4.82605
3996	4.82605
3997	4.82605
3998	4.82605
3999	4.82605
4000	4.82605
4001	4.82605
4002	4.82605
4003	4.82605
4004	4.82605
4005	4.82605
4006	4.82605
4007	4.82605
4008	4.82605
4009	4.82605
4010	4.82605
4011	4.82605
4012	4.82605
4013	4.82605
4014	4.82605
4015	4.82605
4016	4.82605
4017	4.82605
4018	4.82605
4019	4.82605
4020	4.82605
4021	4.82605
4022	4.82605
4023	4.82605
4024	4.82605
4025	4.82605
4026	4.82605
4027	4.82605
4028	4.82605
4029	4.82605
4030	4.82605
4031	4.82605
4032	4.82605
4033	4.82605
4034	4.82605
4035	4.82605
4036	4.82605
4037	4.82605
4038	4.82605
4039	4.82605
4040	4.82605
4041	4.82605
4042	4.82605
4043	4.82605
4044	4.82605
4045	4.82605
4046	4.82605
4047	4.82605
4048	4.82605
4049	4.82605
4050	4.82605
4051	4.82605
4052	4.82605
4053	4.82605
4054	4.82605
4055	4.82605
4056	4.82605
4057	4.82605
4058	4.82605
4059	4.82605
4060	4.82605
4061	4.82605
4062	4.82605
4063	4.82605
4064	4.82605
4065	4.82605
4066	4.82605
4067	4.82605
4068	4.82605
4069	4.82605
4070	4.82605
4071	4.82605
4072	4.82605
4073	4.82605
4074	4.82605
4075	4.82605
4076	4.82605
4077	4.82605
4078	4.82605
4079	4.82605
4080	4.82605
4081	4.82605
4082	4.82605
4083	4.82605
4084	4.82605
4085	4.82605
4086	4.82605
4087	4.82605
4088	4.82605
4089	4.82605
4090	4.82605
4091	4.82605
4092	4.82605
4093	4.82605
4094	4.82605
4095	4.82605
4096	4.82605
4097	4.82605
4098	4.82605
4099	4.82605
4100	4.82605
4101	4.82605
4102	4.82605
4103	4.82605
4104	4.82605
4105	4.82605
4106	4.82605
4107	4.82605
4108	4.82605
4109	4.82605
4110	4.82605
4111	4.82605
4112	4.82605
4113	4.82605
4114	4.82605
4115	4.82605
4116	4.82605
4117	4.82605
4118	4.82605
4119	4.82605
4120	4.82605
4121	4.82605
4122	4.82605
4123	4.82605
4124	4.82605
4125	4.82605
4126	4.82605
4127	4.82605
4128	4.82605
4129	4.82605
4130	4.82605
4131	4.82605
4132	4.82605
4133	4.82605
4134	4.82605
4135	4.82605
4136	4.82605
4137	4.82605
4138	4.82605
4139	4.82605
4140	4.82605
4141	4.82605
4142	4.82605
4143	4.82605
4144	4.82605
4145	4.82605
4146	4.82605
4147	4.82605
4148	4.82605
4149	4.82605
4150	4.82605
4151	4.82605
4152	4.82605
4153	4.82605
4154	4.82605
4155	4.82605
4156	4.82605
4157	4.82605
4158	4.82605
4159	4.82605
4160	4.82605
4161	4.82605
4162	4.82605
4163	4.82605
4164	4.82605
4165	4.82605
4166	4.82605
4167	4.82605
4168	4.82605
4169	4.82605
4170	4.82605
4171	4.82605
4172	4.82605
4173	4.82605
4174	4.82605
4175	4.82605
4176	4.82605
4177	4.82605
4178	4.82605
4179	4.82605
4180	4.82605
4181	4.82605
4182	4.82605
4183	4.82605
4184	4.82605
4185	4.82605
4186	4.82605
4187	4.82605
4188	4.82605
4189	4.82605
4190	4.82605
4191	4.82605
4192	4.82605
4193	4.82605
4194	4.82605
4195	4.82605
4196	4.82605
4197	4.82605
4198	4.82605
4199	4.82605
4200	4.82605
4201	4.82605
4202	4.82605
4203	4.82605
4204	4.82605
4205	4.82605
4206	4.82605
4207	4.82605
4208	4.82605
4209	4.82605
4210	4.82605
4211	4.82605
4212	4.82605
4213	4.82605
4214	4.82605
4215	4.82605
4216	4.82605
4217	4.82605
4218	4.82605
4219	4.82605
4220	4.82605
4221	4.82605
4222	4.82605
4223	4.82605
4224	4.82605
4225	4.82605
4226	4.82605
4227	4.82605
4228	4.82605
4229	4.82605
4230	4.82605
4231	4.82605
4232	4.82605
4233	4.82605
4234	4.82605
4235	4.82605
4236	4.82605
4237	4.82605
4238	4.82605
4239	4.82605
4240	4.82605
4241	4.82605
4242	4.82605
4243	4.82605
4244	4.82605
4245	4.82605
4246	4.82605
4247	4.82605
4248	4.82605
4249	4.82605
4250	4.82605
4251	4.82605
4252	4.82605
4253	4.82605
4254	4.82605
4255	4.82605
4256	4.82605
4257	4.82605
4258	4.82605
4259	4.82605
4260	4.82605
4261	4.82605
4262	4.82605
4263	4.82605
4264	4.82605
4265	4.82605
4266	4.82605
4267	4.82605
4268	4.82605
4269	4.82605
4270	4.82605
4271	4.82605
4272	4.82605
4273	4.82605
4274	4.82605
4275	4.82605
4276	4.82605
4277	4.82605
4278	4.82605
4279	4.82605
4280	4.82605
4281	4.82605
4282	4.82605
4283	4.82605
4284	4.82605
4285	4.82605
4286	4.82605
4287	4.82605
4288	4.82605
4289	4.82605
4290	4.82605
4291	4.82605
4292	4.82605
4293	4.82605
4294	4.82605
4295	4.82605
4296	4.82605
4297	4.82605
4298	4.82605
4299	4.82605
4300	4.82605
4301	4.82605
4302	4.82605
4303	4.82605
4304	4.82605
4305	4.82605
4306	4.82605
4307	4.82605
4308	4.82605
4309	4.82605
4310	4.82605
4311	4.82605
4312	4.82605
4313	4.82605
4314	4.82605
4315	4.82605
4316	4.82605
4317	4.82605
4318	4.82605
4319	4.82605
4320	4.82605
4321	4.82605
4322	4.82605
4323	4.82605
4324	4.82605
4325	4.82605
4326	4.82605
4327	4.82605
4328	4.82605
4329	4.82605
4330	4.82605
4331	4.82605
4332	4.82605
4333	4.82605
4334	4.82605
4335	4.82605
4336	4.82605
4337	4.82605
4338	4.82605
4339	4.82605
4340	4.82605
4341	4.82605
4342	4.82605
4343	4.82605
4344	4.82605
4345	4.82605
4346	4.82605
4347	4.82605
4348	4.82605
4349	4.82605
4350	4.82605
4351	4.82605
4352	4.82605
4353	4.82605
4354	4.82605
4355	4.82605
4356	4.82605
4357	4.82605
4358	4.82605
4359	4.82605
4360	4.82605
4361	4.82605
4362	4.82605
4363	4.82605
4364	4.82605
4365	4.82605
4366	4.82605
4367	4.82605
4368	4.82605
4369	4.82605
4370	4.82605
4371	4.82605
4372	4.82605
4373	4.82605
4374	4.82605
4375	4.82605
4376	4.82605
4377	4.82605
4378	4.82605
4379	4.82605
4380	4.82605
4381	4.82605
4382	4.82605
4383	4.82605
4384	4.82605
4385	4.82605
4386	4.82605
4387	4.82605
4388	4.82605
4389	4.82605
4390	4.82605
4391	4.82605
4392	4.82605
4393	4.82605
4394	4.82605
4395	4.82605
4396	4.82605
4397	4.82605
4398	4.82605
4399	4.82605
4400	4.82605
4401	4.82605
4402	4.82605
4403	4.82605
4404	4.82605
4405	4.82605
4406	4.82605
4407	4.82605
4408	4.82605
4409	4.82605
4410	4.82605
4411	4.82605
4412	4.82605
4413	4.82605
4414	4.82605
4415	4.82605
4416	4.82605
4417	4.82605
4418	4.82605
4419	4.82605
4420	4.82605
4421	4.82605
4422	4.82605
4423	4.82605
4424	4.82605
4425	4.82605
4426	4.82605
4427	4.82605
4428	4.82605
4429	4.82605
4430	4.82605
4431	4.82605
4432	4.82605
4433	4.82605
4434	4.82605
4435	4.82605
4436	4.82605
4437	4.82605
4438	4.82605
4439	4.82605
4440	4.82605
4441	4.82605
4442	4.82605
4443	4.82605
4444	4.82605
4445	4.82605
4446	4.82605
4447	4.82605
4448	4.82605
4449	4.82605
4450	4.82605
4451	4.82605
4452	4.82605
4453	4.82605
4454	4.82605
4455	4.82605
4456	4.82605
4457	4.82605
4458	4.82605
4459	4.82605
4460	4.82605
4461	4.82605
4462	4.82605
4463	4.82605
4464	4.82605
4465	4.82605
4466	4.82605
4467	4.82605
4468	4.82605
4469	4.82605
4470	4.82605
4471	4.82605
4472	4.82605
4473	4.82605
4474	4.82605
4475	4.82605
4476	4.82605
4477	4.82605
4478	4.82605
4479	4.82605
4480	4.82605
4481	4.82605
4482	4.82605
4483	4.82605
4484	4.82605
4485	4.82605
4486	4.82605
4487	4.82605
4488	4.82605
4489	4.82605
4490	4.82605
4491	4.82605
4492	4.82605
4493	4.82605
4494	4.82605
4495	4.82605
4496	4.82605
4497	4.82605
4498	4.82605
4499	4.82605
4500	4.82605
4501	4.82605
4502	4.82605
4503	4.82605
4504	4.82605
4505	4.82605
4506	4.82605
4507	4.82605
4508	4.82605
4509	4.82605
4510	4.82605
4511	4.82605
4512	4.82605
4513	4.82605
4514	4.82605
4515	4.82605
4516	4.82605
4517	4.82605
4518	4.82605
4519	4.82605
4520	4.82605
4521	4.82605
4522	4.82605
4523	4.82605
4524	4.82605
4525	4.82605
4526	4.82605
4527	4.82605
4528	4.82605
4529	4.82605
4530	4.82605
4531	4.82605
4532	4.82605
4533	4.82605
4534	4.82605
4535	4.82605
4536	4.82605
4537	4.82605
4538	4.82605
4539	4.82605
4540	4.82605
4541	4.82605
4542	4.82605
4543	4.82605
4544	4.82605
4545	4.82605
4546	4.82605
4547	4.82605
4548	4.82605
4549	4.82605
4550	4.82605
4551	4.82605
4552	4.82605
4553	4.82605
4554	4.82605
4555	4.82605
4556	4.82605
4557	4.82605
4558	4.82605
4559	4.82605
4560	4.82605
4561	4.82605
4562	4.82605
4563	4.82605
4564	4.82605
4565	4.82605
4566	4.82605
4567	4.82605
4568	4.82605
4569	4.82605
4570	4.82605
4571	4.82605
4572	4.82605
4573	4.82605
4574	4.82605
4575	4.82605
4576	4.82605
4577	4.82605
4578	4.82605
4579	4.82605
4580	4.82605
4581	4.82605
4582	4.82605
4583	4.82605
4584	4.82605
4585	4.82605
4586	4.82605
4587	4.82605
4588	4.82605
4589	4.82605
4590	4.82605
4591	4.82605
4592	4.82605
4593	4.82605
4594	4.82605
4595	4.82605
4596	4.82605
4597	4.82605
4598	4.82605
4599	4.82605
4600	4.82605
4601	4.82605
4602	4.82605
4603	4.82605
4604	4.82605
4605	4.82605
4606	4.82605
4607	4.82605
4608	4.82605
4609	4.82605
4610	4.82605
4611	4.82605
4612	4.82605
4613	4.82605
4614	4.82605
4615	4.82605
4616	4.82605
4617	4.82605
4618	4.82605
4619	4.82605
4620	4.82605
4621	4.82605
4622	4.82605
4623	4.82605
4624	4.82605
4625	4.82605
4626	4.82605
4627	4.82605
4628	4.82605
4629	4.82605
4630	4.82605
4631	4.82605
4632	4.82605
4633	4.82605
4634	4.82605
4635	4.82605
4636	4.82605
4637	4.82605
4638	4.82605
4639	4.82605
4640	4.82605
4641	4.82605
4642	4.82605
4643	4.82605
4644	4.82605
4645	4.82605
4646	4.82605
4647	4.82605
4648	4.82605
4649	4.82605
4650	4.82605
4651	4.82605
4652	4.82605
4653	4.82605
4654	4.82605
4655	4.82605
4656	4.82605
4657	4.82605
4658	4.82605
4659	4.82605
4660	4.82605
4661	4.82605
4662	4.82605
4663	4.82605
4664	4.82605
4665	4.82605
4666	4.82605
4667	4.82605
4668	4.82605
4669	4.82605
4670	4.82605
4671	4.82605
4672	4.82605
4673	4.82605
4674	4.82605
4675	4.82605
4676	4.82605
4677	4.82605
4678	4.82605
4679	4.82605
4680	4.82605
4681	4.82605
4682	4.82605
4683	4.82605
4684	4.82605
4685	4.82605
4686	4.82605
4687	4.82605
4688	4.82605
4689	4.82605
4690	4.82605
4691	4.82605
4692	4.82605
4693	4.82605
4694	4.82605
4695	4.82605
4696	4.82605
4697	4.82605
4698	4.82605
4699	4.82605
4700	4.82605
4701	4.82605
4702	4.82605
4703	4.82605
4704	4.82605
4705	4.82605
4706	4.82605
4707	4.82605
4708	4.82605
4709	4.82605
4710	4.82605
4711	4.82605
4712	4.82605
4713	4.82605
4714	4.82605
4715	4.82605
4716	4.82605
4717	4.82605
4718	4.82605
4719	4.82605
4720	4.82605
4721	4.82605
4722	4.82605
4723	4.82605
4724	4.82605
4725	4.82605
4726	4.82605
4727	4.82605
4728	4.82605
4729	4.82605
4730	4.82605
4731	4.82605
4732	4.82605
4733	4.82605
4734	4.82605
4735	4.82605
4736	4.82605
4737	4.82605
4738	4.82605
4739	4.82605
4740	4.82605
4741	4.82605
4742	4.82605
4743	4.82605
4744	4.82605
4745	4.82605
4746	4.82605
4747	4.82605
4748	4.82605
4749	4.82605
4750	4.82605
4751	4.82605
4752	4.82605
4753	4.82605
4754	4.82605
4755	4.82605
4756	4.82605
4757	4.82605
4758	4.82605
4759	4.82605
4760	4.82605
4761	4.82605
4762	4.82605
4763	4.82605
4764	4.82605
4765	4.82605
4766	4.82605
4767	4.82605
4768	4.82605
4769	4.82605
4770	4.82605
4771	4.82605
4772	4.82605
4773	4.82605
4774	4.82605
4775	4.82605
4776	4.82605
4777	4.82605
4778	4.82605
4779	4.82605
4780	4.82605
4781	4.82605
4782	4.82605
4783	4.82605
4784	4.82605
4785	4.82605
4786	4.82605
4787	4.82605
4788	4.82605
4789	4.82605
4790	4.82605
4791	4.82605
4792	4.82605
4793	4.82605
4794	4.82605
4795	4.82605
4796	4.82605
4797	4.82605
4798	4.82605
4799	4.82605
4800	4.82605
4801	4.82605
4802	4.82605
4803	4.82605
4804	4.82605
4805	4.82605
4806	4.82605
4807	4.82605
4808	4.82605
4809	4.82605
4810	4.82605
4811	4.82605
4812	4.82605
4813	4.82605
4814	4.82605
4815	4.82605
4816	4.82605
4817	4.82605
4818	4.82605
4819	4.82605
4820	4.82605
4821	4.82605
4822	4.82605
4823	4.82605
4824	4.82605
4825	4.82605
4826	4.82605
4827	4.82605
4828	4.82605
4829	4.82605
4830	4.82605
4831	4.82605
4832	4.82605
4833	4.82605
4834	4.82605
4835	4.82605
4836	4.82605
4837	4.82605
4838	4.82605
4839	4.82605
4840	4.82605
4841	4.82605
4842	4.82605
4843	4.82605
4844	4.82605
4845	4.82605
4846	4.82605
4847	4.82605
4848	4.82605
4849	4.82605
4850	4.82605
4851	4.82605
4852	4.82605
4853	4.82605
4854	4.82605
4855	4.82605
4856	4.82605
4857	4.82605
4858	4.82605
4859	4.82605
4860	4.82605
4861	4.82605
4862	4.82605
4863	4.82605
4864	4.82605
4865	4.82605
4866	4.82605
4867	4.82605
4868	4.82605
4869	4.82605
4870	4.82605
4871	4.82605
4872	4.82605
4873	4.82605
4874	4.82605
4875	4.82605
4876	4.82605
4877	4.82605
4878	4.82605
4879	4.82605
4880	4.82605
4881	4.82605
4882	4.82605
4883	4.82605
4884	4.82605
4885	4.82605
4886	4.82605
4887	4.82605
4888	4.82605
4889	4.82605
4890	4.82605
4891	4.82605
4892	4.82605
4893	4.82605
4894	4.82605
4895	4.82605
4896	4.82605
4897	4.82605
4898	4.82605
4899	4.82605
4900	4.82605
4901	4.82605
4902	4.82605
4903	4.82605
4904	4.82605
4905	4.82605
4906	4.82605
4907	4.82605
4908	4.82605
4909	4.82605
4910	4.82605
4911	4.82605
4912	4.82605
4913	4.82605
4914	4.82605
4915	4.82605
4916	4.82605
4917	4.82605
4918	4.82605
4919	4.82605
4920	4.82605
4921	4.82605
4922	4.82605
4923	4.82605
4924	4.82605
4925	4.82605
4926	4.82605
4927	4.82605
4928	4.82605
4929	4.82605
4930	4.82605
4931	4.82605
4932	4.82605
4933	4.82605
4934	4.82605
4935	4.82605
4936	4.82605
4937	4.82605
4938	4.82605
4939	4.82605
4940	4.82605
4941	4.82605
4942	4.82605
4943	4.82605
4944	4.82605
4945	4.82605
4946	4.82605
4947	4.82605
4948	4.82605
4949	4.82605
4950	4.82605
4951	4.82605
4952	4.82605
4953	4.82605
4954	4.82605
4955	4.82605
4956	4.82605
4957	4.82605
4958	4.82605
4959	4.82605
4960	4.82605
4961	4.82605
4962	4.82605
4963	4.82605
4964	4.82605
4965	4.82605
4966	4.82605
4967	4.82605
4968	4.82605
4969	4.82605
4970	4.82605
4971	4.82605
4972	4.82605
4973	4.82605
4974	4.82605
4975	4.82605
4976	4.82605
4977	4.82605
4978	4.82605
4979	4.82605
4980	4.82605
4981	4.82605
4982	4.82605
4983	4.82605
4984	4.82605
4985	4.82605
4986	4.82605
4987	4.82605
4988	4.82605
4989	4.82605
4990	4.82605
4991	4.82605
4992	4.82605
4993	4.82605
4994	4.82605
4995	4.82605
4996	4.82605
4997	4.82605
4998	4.82605
4999	4.82605
5000	4.82605
