1	15.4396
2	14.2361
3	13.1084
4	12.3585
5	11.7843
6	11.2907
7	11.123
8	10.8772
9	10.4696
10	10.2166
11	10.0926
12	10.0255
13	9.9644
14	9.77124
15	9.45889
16	9.27824
17	9.15825
18	8.97001
19	8.836
20	8.70827
21	8.52393
22	8.43659
23	8.42778
24	8.41401
25	8.40021
26	8.22859
27	8.15401
28	7.84082
29	8.01414
30	7.82958
31	7.70395
32	7.63677
33	7.6202
34	7.52289
35	7.63429
36	7.58387
37	7.29026
38	7.1732
39	7.08582
40	7.00185
41	7.00065
42	6.97791
43	6.94798
44	6.94013
45	6.92371
46	6.76777
47	6.49396
48	6.33261
49	6.30233
50	6.30075
51	6.29833
52	6.29746
53	6.297
54	6.28716
55	6.27458
56	6.2715
57	6.27082
58	6.27058
59	6.27034
60	6.27034
61	6.26707
62	6.20711
63	6.12539
64	6.10477
65	6.05481
66	6.00177
67	5.99954
68	5.98432
69	5.95895
70	5.94982
71	5.94982
72	5.94982
73	5.94982
74	5.94982
75	5.94982
76	5.94982
77	5.94403
78	5.89911
79	5.83671
80	5.74938
81	5.66714
82	5.6579
83	5.65912
84	5.65871
85	5.66516
86	5.65899
87	5.65837
88	5.65864
89	5.65885
90	5.59183
91	5.5284
92	5.5284
93	5.5284
94	5.5284
95	5.5284
96	5.5284
97	5.5281
98	5.52049
99	5.5077
100	5.49406
101	5.48604
102	5.47989
103	5.33239
104	5.18537
105	5.18537
106	5.18537
107	5.18537
108	5.18537
109	5.18537
110	5.18356
111	5.14564
112	5.10038
113	5.09301
114	5.05056
115	5.00449
116	5.00224
117	4.99367
118	4.98176
119	4.9789
120	4.9789
121	4.9789
122	4.9789
123	4.9789
124	4.9789
125	4.9789
126	4.9789
127	4.9789
128	4.9789
129	4.9789
130	4.9789
131	4.9789
132	4.9789
133	4.9789
134	4.97801
135	4.95978
136	4.93752
137	4.93436
138	4.93408
139	4.93363
140	4.93349
141	4.93349
142	4.93349
143	4.93349
144	4.93349
145	4.93349
146	4.93349
147	4.93349
148	4.93349
149	4.93349
150	4.93349
151	4.93349
152	4.93349
153	4.93349
154	4.93349
155	4.93349
156	4.93349
157	4.93349
158	4.93349
159	4.93349
160	4.93349
161	4.93349
162	4.93349
163	4.93349
164	4.93349
165	4.93349
166	4.93349
167	4.93349
168	4.93349
169	4.93349
170	4.93349
171	4.93349
172	4.93349
173	4.93349
174	4.93349
175	4.93349
176	4.93349
177	4.93349
178	4.93349
179	4.93349
180	4.93349
181	4.93349
182	4.93349
183	4.93349
184	4.93349
185	4.93349
186	4.93349
187	4.93349
188	4.93349
189	4.93349
190	4.93349
191	4.93349
192	4.93349
193	4.93349
194	4.93349
195	4.93349
196	4.93349
197	4.93349
198	4.93349
199	4.93349
200	4.93349
201	4.93349
202	4.93349
203	4.93349
204	4.93349
205	4.93349
206	4.93349
207	4.93349
208	4.93349
209	4.93349
210	4.93349
211	4.93349
212	4.93349
213	4.93349
214	4.93349
215	4.93349
216	4.93349
217	4.93349
218	4.93349
219	4.93349
220	4.93349
221	4.93349
222	4.93349
223	4.93349
224	4.93349
225	4.93349
226	4.93349
227	4.93349
228	4.93349
229	4.93349
230	4.93349
231	4.93349
232	4.93349
233	4.93349
234	4.93349
235	4.93349
236	4.93349
237	4.93349
238	4.93349
239	4.93349
240	4.93349
241	4.93349
242	4.93349
243	4.93349
244	4.93349
245	4.93349
246	4.93349
247	4.93349
248	4.93349
249	4.93349
250	4.93349
251	4.93349
252	4.93349
253	4.93349
254	4.93349
255	4.93349
256	4.93349
257	4.93349
258	4.93349
259	4.93349
260	4.93349
261	4.93349
262	4.93349
263	4.93349
264	4.93349
265	4.93349
266	4.93349
267	4.93349
268	4.93349
269	4.93349
270	4.93349
271	4.93349
272	4.93349
273	4.93349
274	4.93349
275	4.93349
276	4.93349
277	4.93349
278	4.93349
279	4.93349
280	4.93349
281	4.93349
282	4.93349
283	4.93349
284	4.93349
285	4.93349
286	4.93349
287	4.93349
288	4.93349
289	4.93349
290	4.93349
291	4.93349
292	4.93349
293	4.93349
294	4.93349
295	4.93349
296	4.93349
297	4.93343
298	4.93219
299	4.93071
300	4.93053
301	4.93053
302	4.93053
303	4.93053
304	4.93053
305	4.93053
306	4.93053
307	4.93053
308	4.93053
309	4.93053
310	4.93053
311	4.93053
312	4.93053
313	4.93053
314	4.93053
315	4.93053
316	4.93053
317	4.93053
318	4.93053
319	4.93053
320	4.93033
321	4.97596
322	4.95966
323	4.93685
324	4.92579
325	4.92064
326	4.92023
327	4.92023
328	4.92023
329	4.92023
330	4.92023
331	4.92023
332	4.92023
333	4.92023
334	4.92023
335	4.92023
336	4.92023
337	4.92023
338	4.92023
339	4.92023
340	4.9192
341	4.90175
342	4.87608
343	4.86889
344	4.86889
345	4.86889
346	4.86889
347	4.86889
348	4.86889
349	4.86889
350	4.86889
351	4.86889
352	4.86889
353	4.86889
354	4.86889
355	4.86889
356	4.86889
357	4.86889
358	4.86889
359	4.86889
360	4.86889
361	4.86889
362	4.86889
363	4.86889
364	4.86889
365	4.86889
366	4.86889
367	4.86889
368	4.86889
369	4.86889
370	4.86889
371	4.86889
372	4.86889
373	4.86889
374	4.86889
375	4.86889
376	4.86889
377	4.86889
378	4.86889
379	4.86889
380	4.86889
381	4.86889
382	4.86889
383	4.86889
384	4.86889
385	4.86889
386	4.86889
387	4.86889
388	4.86889
389	4.86889
390	4.86889
391	4.86889
392	4.86889
393	4.86889
394	4.86889
395	4.86889
396	4.86889
397	4.86889
398	4.86889
399	4.86889
400	4.86889
401	4.86889
402	4.86889
403	4.86889
404	4.86889
405	4.86889
406	4.86889
407	4.86889
408	4.86889
409	4.86889
410	4.86889
411	4.86889
412	4.86889
413	4.86889
414	4.86889
415	4.86889
416	4.86889
417	4.86889
418	4.86889
419	4.86889
420	4.86889
421	4.86889
422	4.86889
423	4.86889
424	4.86889
425	4.86889
426	4.86889
427	4.86889
428	4.86889
429	4.86889
430	4.86889
431	4.86889
432	4.86889
433	4.86889
434	4.86889
435	4.86889
436	4.86889
437	4.86889
438	4.86889
439	4.86889
440	4.86889
441	4.86889
442	4.86889
443	4.86889
444	4.86889
445	4.86889
446	4.86889
447	4.86889
448	4.86889
449	4.86889
450	4.86889
451	4.86889
452	4.86889
453	4.86889
454	4.86889
455	4.86889
456	4.86889
457	4.86889
458	4.86889
459	4.86889
460	4.86889
461	4.86889
462	4.86889
463	4.86889
464	4.86889
465	4.86889
466	4.86889
467	4.86889
468	4.86889
469	4.86889
470	4.86889
471	4.86889
472	4.86889
473	4.86889
474	4.86889
475	4.86889
476	4.86889
477	4.86889
478	4.86889
479	4.86889
480	4.86889
481	4.86889
482	4.86889
483	4.86889
484	4.86889
485	4.86889
486	4.86889
487	4.86889
488	4.86889
489	4.86889
490	4.86889
491	4.86889
492	4.86889
493	4.86889
494	4.86889
495	4.86889
496	4.86889
497	4.86889
498	4.86889
499	4.86889
500	4.86889
501	4.86889
502	4.86889
503	4.86889
504	4.86889
505	4.86889
506	4.86889
507	4.86889
508	4.86889
509	4.86889
510	4.86889
511	4.86889
512	4.86889
513	4.86889
514	4.86889
515	4.86889
516	4.86889
517	4.86889
518	4.86889
519	4.86889
520	4.86889
521	4.86889
522	4.86889
523	4.86889
524	4.86889
525	4.86889
526	4.86889
527	4.86889
528	4.86889
529	4.86889
530	4.86889
531	4.86889
532	4.86889
533	4.86889
534	4.86889
535	4.86889
536	4.86889
537	4.86889
538	4.86889
539	4.86889
540	4.86889
541	4.86889
542	4.86889
543	4.86889
544	4.86889
545	4.86889
546	4.86889
547	4.86889
548	4.86889
549	4.86889
550	4.86889
551	4.86889
552	4.86889
553	4.86889
554	4.86889
555	4.86889
556	4.86889
557	4.86889
558	4.86889
559	4.86889
560	4.86889
561	4.86889
562	4.86889
563	4.86889
564	4.86889
565	4.86889
566	4.86889
567	4.86889
568	4.86889
569	4.86889
570	4.86889
571	4.86889
572	4.86889
573	4.86889
574	4.86889
575	4.86889
576	4.86889
577	4.86889
578	4.86889
579	4.86889
580	4.86889
581	4.86889
582	4.86889
583	4.86889
584	4.86889
585	4.86889
586	4.86889
587	4.86889
588	4.86889
589	4.86889
590	4.86889
591	4.86889
592	4.86889
593	4.86889
594	4.86889
595	4.86889
596	4.86889
597	4.86889
598	4.86889
599	4.86889
600	4.86889
601	4.86889
602	4.86889
603	4.86889
604	4.86889
605	4.86889
606	4.86889
607	4.86889
608	4.86889
609	4.86889
610	4.86889
611	4.86889
612	4.86889
613	4.86889
614	4.86889
615	4.86889
616	4.86889
617	4.86889
618	4.86889
619	4.86889
620	4.86889
621	4.86889
622	4.86889
623	4.86889
624	4.86889
625	4.86889
626	4.86889
627	4.86889
628	4.86889
629	4.86889
630	4.86889
631	4.86889
632	4.86889
633	4.86889
634	4.86889
635	4.86889
636	4.86889
637	4.86889
638	4.86889
639	4.86889
640	4.86889
641	4.86889
642	4.86889
643	4.86889
644	4.86889
645	4.86889
646	4.86889
647	4.86889
648	4.86889
649	4.86889
650	4.86889
651	4.86889
652	4.86889
653	4.86889
654	4.86889
655	4.86889
656	4.86889
657	4.86889
658	4.86889
659	4.86889
660	4.86889
661	4.86889
662	4.86889
663	4.86889
664	4.86889
665	4.86889
666	4.86889
667	4.86889
668	4.86889
669	4.86889
670	4.86889
671	4.86889
672	4.86889
673	4.86889
674	4.86889
675	4.86889
676	4.86889
677	4.86889
678	4.86889
679	4.86889
680	4.86889
681	4.86889
682	4.86889
683	4.86889
684	4.86889
685	4.86889
686	4.86889
687	4.86889
688	4.86889
689	4.86889
690	4.86889
691	4.86889
692	4.86889
693	4.86889
694	4.86889
695	4.86889
696	4.86889
697	4.86889
698	4.86889
699	4.86889
700	4.86889
701	4.86889
702	4.86889
703	4.86889
704	4.86889
705	4.86889
706	4.86889
707	4.86889
708	4.86889
709	4.86889
710	4.86889
711	4.86889
712	4.86889
713	4.86889
714	4.86889
715	4.86889
716	4.86889
717	4.86889
718	4.86889
719	4.86889
720	4.86889
721	4.86889
722	4.86889
723	4.86889
724	4.86889
725	4.86889
726	4.86889
727	4.86889
728	4.86889
729	4.86889
730	4.86889
731	4.86889
732	4.86889
733	4.86889
734	4.86889
735	4.86889
736	4.86889
737	4.86889
738	4.86889
739	4.86889
740	4.86889
741	4.86889
742	4.86889
743	4.86889
744	4.86889
745	4.86889
746	4.86889
747	4.86889
748	4.86889
749	4.86889
750	4.86889
751	4.86889
752	4.86889
753	4.86889
754	4.86889
755	4.86889
756	4.86889
757	4.86889
758	4.86889
759	4.86889
760	4.86889
761	4.86889
762	4.86889
763	4.86889
764	4.86889
765	4.86889
766	4.86889
767	4.86889
768	4.86889
769	4.86889
770	4.86889
771	4.86889
772	4.86889
773	4.86889
774	4.86889
775	4.86889
776	4.86889
777	4.86889
778	4.86889
779	4.86889
780	4.86889
781	4.86889
782	4.86889
783	4.86889
784	4.86889
785	4.86889
786	4.86889
787	4.86889
788	4.86889
789	4.86889
790	4.86889
791	4.86889
792	4.86889
793	4.86889
794	4.86889
795	4.86889
796	4.86889
797	4.86889
798	4.86889
799	4.86889
800	4.86889
801	4.86889
802	4.86889
803	4.86889
804	4.86889
805	4.86889
806	4.86889
807	4.86889
808	4.86889
809	4.86889
810	4.86889
811	4.86889
812	4.86889
813	4.86889
814	4.86889
815	4.86889
816	4.86889
817	4.86889
818	4.86889
819	4.86889
820	4.86889
821	4.86889
822	4.86889
823	4.86889
824	4.86889
825	4.86889
826	4.86889
827	4.86889
828	4.86889
829	4.86889
830	4.86889
831	4.86889
832	4.86889
833	4.86889
834	4.86889
835	4.86889
836	4.86889
837	4.86889
838	4.86889
839	4.86889
840	4.86889
841	4.86889
842	4.86889
843	4.86889
844	4.86889
845	4.86889
846	4.86889
847	4.86889
848	4.86889
849	4.86889
850	4.86889
851	4.86889
852	4.86889
853	4.86889
854	4.86889
855	4.86889
856	4.86889
857	4.86889
858	4.86889
859	4.86889
860	4.86889
861	4.86889
862	4.86889
863	4.86889
864	4.86889
865	4.86889
866	4.86889
867	4.86889
868	4.86889
869	4.86889
870	4.86889
871	4.86889
872	4.86889
873	4.86889
874	4.86889
875	4.86889
876	4.86889
877	4.86889
878	4.86889
879	4.86889
880	4.86889
881	4.86889
882	4.86889
883	4.86889
884	4.86889
885	4.86889
886	4.86889
887	4.86889
888	4.86889
889	4.86889
890	4.86889
891	4.86889
892	4.86889
893	4.86889
894	4.86889
895	4.86889
896	4.86889
897	4.86889
898	4.86889
899	4.86889
900	4.86889
901	4.86889
902	4.86889
903	4.86889
904	4.86889
905	4.86889
906	4.86889
907	4.86889
908	4.86889
909	4.86889
910	4.86889
911	4.86889
912	4.86889
913	4.86889
914	4.86889
915	4.86889
916	4.86889
917	4.86889
918	4.86889
919	4.86889
920	4.86889
921	4.86889
922	4.86889
923	4.86889
924	4.86889
925	4.86889
926	4.86889
927	4.86889
928	4.86889
929	4.86889
930	4.86889
931	4.86889
932	4.86889
933	4.86889
934	4.86889
935	4.86889
936	4.86889
937	4.86889
938	4.86889
939	4.86889
940	4.86889
941	4.86889
942	4.86889
943	4.86889
944	4.86889
945	4.86889
946	4.86889
947	4.86889
948	4.86889
949	4.86889
950	4.86889
951	4.86889
952	4.86889
953	4.86889
954	4.86889
955	4.86889
956	4.86889
957	4.86889
958	4.86889
959	4.86889
960	4.86889
961	4.86889
962	4.86889
963	4.86889
964	4.86889
965	4.86889
966	4.86889
967	4.86889
968	4.86889
969	4.86889
970	4.86889
971	4.86889
972	4.86889
973	4.86889
974	4.86889
975	4.86889
976	4.86889
977	4.86889
978	4.86889
979	4.86889
980	4.86889
981	4.86889
982	4.86889
983	4.86889
984	4.86889
985	4.86889
986	4.86889
987	4.86889
988	4.86889
989	4.86889
990	4.86889
991	4.86889
992	4.86889
993	4.86889
994	4.86889
995	4.86889
996	4.86889
997	4.86889
998	4.86889
999	4.86889
1000	4.86889
1001	4.86889
1002	4.86889
1003	4.86889
1004	4.86889
1005	4.86889
1006	4.86889
1007	4.86889
1008	4.86889
1009	4.86889
1010	4.86889
1011	4.86889
1012	4.86889
1013	4.86889
1014	4.86889
1015	4.86889
1016	4.86889
1017	4.86889
1018	4.86889
1019	4.86889
1020	4.86889
1021	4.86889
1022	4.86889
1023	4.86889
1024	4.86889
1025	4.86889
1026	4.86889
1027	4.86889
1028	4.86889
1029	4.86889
1030	4.86889
1031	4.86889
1032	4.86889
1033	4.86889
1034	4.86889
1035	4.86889
1036	4.86889
1037	4.86889
1038	4.86889
1039	4.86889
1040	4.86889
1041	4.86889
1042	4.86889
1043	4.86889
1044	4.86889
1045	4.86889
1046	4.86889
1047	4.86889
1048	4.86889
1049	4.86889
1050	4.86889
1051	4.86889
1052	4.86889
1053	4.86889
1054	4.86889
1055	4.86889
1056	4.86889
1057	4.86889
1058	4.86889
1059	4.86889
1060	4.86889
1061	4.86889
1062	4.86889
1063	4.86889
1064	4.86889
1065	4.86889
1066	4.86889
1067	4.86889
1068	4.86889
1069	4.86889
1070	4.86889
1071	4.86889
1072	4.86889
1073	4.86889
1074	4.86889
1075	4.86889
1076	4.86889
1077	4.86889
1078	4.86889
1079	4.86889
1080	4.86889
1081	4.86889
1082	4.86889
1083	4.86889
1084	4.86889
1085	4.86889
1086	4.86889
1087	4.86889
1088	4.86889
1089	4.86889
1090	4.86889
1091	4.86889
1092	4.86889
1093	4.86889
1094	4.86889
1095	4.86889
1096	4.86889
1097	4.86889
1098	4.86889
1099	4.86889
1100	4.86889
1101	4.86889
1102	4.86889
1103	4.86889
1104	4.86889
1105	4.86889
1106	4.86889
1107	4.86889
1108	4.86889
1109	4.86889
1110	4.86889
1111	4.86889
1112	4.86889
1113	4.86889
1114	4.86889
1115	4.86889
1116	4.86889
1117	4.86889
1118	4.86889
1119	4.86889
1120	4.86889
1121	4.86889
1122	4.86889
1123	4.86889
1124	4.86889
1125	4.86889
1126	4.86889
1127	4.86889
1128	4.86889
1129	4.86889
1130	4.86889
1131	4.86889
1132	4.86889
1133	4.86889
1134	4.86889
1135	4.86889
1136	4.86889
1137	4.86889
1138	4.86889
1139	4.86889
1140	4.86889
1141	4.86889
1142	4.86889
1143	4.86889
1144	4.86889
1145	4.86889
1146	4.86889
1147	4.86889
1148	4.86889
1149	4.86889
1150	4.86889
1151	4.86889
1152	4.86889
1153	4.86889
1154	4.86889
1155	4.86889
1156	4.86889
1157	4.86889
1158	4.86889
1159	4.86889
1160	4.86889
1161	4.86889
1162	4.86889
1163	4.86889
1164	4.86889
1165	4.86889
1166	4.86889
1167	4.86889
1168	4.86889
1169	4.86889
1170	4.86889
1171	4.86889
1172	4.86889
1173	4.86889
1174	4.86889
1175	4.86889
1176	4.86889
1177	4.86889
1178	4.86889
1179	4.86889
1180	4.86889
1181	4.86889
1182	4.86889
1183	4.86889
1184	4.86889
1185	4.86889
1186	4.86889
1187	4.86889
1188	4.86889
1189	4.86889
1190	4.86889
1191	4.86889
1192	4.86889
1193	4.86889
1194	4.86889
1195	4.86889
1196	4.86889
1197	4.86889
1198	4.86889
1199	4.86889
1200	4.86889
1201	4.86889
1202	4.86889
1203	4.86889
1204	4.86889
1205	4.86889
1206	4.86889
1207	4.86889
1208	4.86889
1209	4.86889
1210	4.86889
1211	4.86889
1212	4.86889
1213	4.86889
1214	4.86889
1215	4.86889
1216	4.86889
1217	4.86889
1218	4.86889
1219	4.86889
1220	4.86889
1221	4.86889
1222	4.86889
1223	4.86889
1224	4.86889
1225	4.86889
1226	4.86889
1227	4.86889
1228	4.86889
1229	4.86889
1230	4.86889
1231	4.86889
1232	4.86889
1233	4.86889
1234	4.86889
1235	4.86889
1236	4.86889
1237	4.86889
1238	4.86889
1239	4.86889
1240	4.86889
1241	4.86889
1242	4.86889
1243	4.86889
1244	4.86889
1245	4.86889
1246	4.86889
1247	4.86889
1248	4.86889
1249	4.86889
1250	4.86889
1251	4.86889
1252	4.86889
1253	4.86889
1254	4.86889
1255	4.86889
1256	4.86889
1257	4.86889
1258	4.86889
1259	4.86889
1260	4.86889
1261	4.86889
1262	4.86889
1263	4.86889
1264	4.86889
1265	4.86889
1266	4.86889
1267	4.86889
1268	4.86889
1269	4.86889
1270	4.86889
1271	4.86889
1272	4.86889
1273	4.86889
1274	4.86889
1275	4.86889
1276	4.86889
1277	4.86889
1278	4.86889
1279	4.86889
1280	4.86889
1281	4.86889
1282	4.86889
1283	4.86889
1284	4.86889
1285	4.86889
1286	4.86889
1287	4.86889
1288	4.86889
1289	4.86889
1290	4.86889
1291	4.86889
1292	4.86889
1293	4.86889
1294	4.86889
1295	4.86889
1296	4.86889
1297	4.86889
1298	4.86889
1299	4.86889
1300	4.86889
1301	4.86889
1302	4.86889
1303	4.86889
1304	4.86889
1305	4.86889
1306	4.86889
1307	4.86889
1308	4.86889
1309	4.86889
1310	4.86889
1311	4.86889
1312	4.86889
1313	4.86889
1314	4.86889
1315	4.86889
1316	4.86889
1317	4.86889
1318	4.86889
1319	4.86889
1320	4.86889
1321	4.86889
1322	4.86889
1323	4.86889
1324	4.86889
1325	4.86889
1326	4.86889
1327	4.86889
1328	4.86889
1329	4.86889
1330	4.86889
1331	4.86889
1332	4.86889
1333	4.86889
1334	4.86889
1335	4.86889
1336	4.86889
1337	4.86889
1338	4.86889
1339	4.86889
1340	4.86889
1341	4.86889
1342	4.86889
1343	4.86889
1344	4.86889
1345	4.86889
1346	4.86889
1347	4.86889
1348	4.86889
1349	4.86889
1350	4.86889
1351	4.86889
1352	4.86889
1353	4.86889
1354	4.86889
1355	4.86889
1356	4.86889
1357	4.86889
1358	4.86889
1359	4.86889
1360	4.86889
1361	4.86889
1362	4.86889
1363	4.86889
1364	4.86889
1365	4.86889
1366	4.86889
1367	4.86889
1368	4.86889
1369	4.86889
1370	4.86889
1371	4.86889
1372	4.86889
1373	4.86889
1374	4.86889
1375	4.86889
1376	4.86889
1377	4.86889
1378	4.86889
1379	4.86889
1380	4.86889
1381	4.86889
1382	4.86889
1383	4.86889
1384	4.86889
1385	4.86889
1386	4.86889
1387	4.86889
1388	4.86889
1389	4.86889
1390	4.86889
1391	4.86889
1392	4.86889
1393	4.86889
1394	4.86889
1395	4.86889
1396	4.86889
1397	4.86889
1398	4.86889
1399	4.86889
1400	4.86889
1401	4.86889
1402	4.86889
1403	4.86889
1404	4.86889
1405	4.86889
1406	4.86889
1407	4.86889
1408	4.86889
1409	4.86889
1410	4.86889
1411	4.86889
1412	4.86889
1413	4.86889
1414	4.86889
1415	4.86889
1416	4.86889
1417	4.86889
1418	4.86889
1419	4.86889
1420	4.86889
1421	4.86889
1422	4.86889
1423	4.86889
1424	4.86889
1425	4.86889
1426	4.86889
1427	4.86889
1428	4.86889
1429	4.86889
1430	4.86889
1431	4.86889
1432	4.86889
1433	4.86889
1434	4.86889
1435	4.86889
1436	4.86889
1437	4.86889
1438	4.86889
1439	4.86889
1440	4.86889
1441	4.86889
1442	4.86889
1443	4.86889
1444	4.86889
1445	4.86889
1446	4.86889
1447	4.86889
1448	4.86889
1449	4.86889
1450	4.86889
1451	4.86889
1452	4.86889
1453	4.86889
1454	4.86889
1455	4.86889
1456	4.86889
1457	4.86889
1458	4.86889
1459	4.86889
1460	4.86889
1461	4.86889
1462	4.86889
1463	4.86889
1464	4.86889
1465	4.86889
1466	4.86889
1467	4.86889
1468	4.86889
1469	4.86889
1470	4.86889
1471	4.86889
1472	4.86889
1473	4.86889
1474	4.86889
1475	4.86889
1476	4.86889
1477	4.86889
1478	4.86889
1479	4.86889
1480	4.86889
1481	4.86889
1482	4.86889
1483	4.86889
1484	4.86889
1485	4.86889
1486	4.86889
1487	4.86889
1488	4.86889
1489	4.86889
1490	4.86889
1491	4.86889
1492	4.86889
1493	4.86889
1494	4.86889
1495	4.86889
1496	4.86889
1497	4.86889
1498	4.86889
1499	4.86889
1500	4.86889
1501	4.86889
1502	4.86889
1503	4.86889
1504	4.86889
1505	4.86889
1506	4.86889
1507	4.86889
1508	4.86889
1509	4.86889
1510	4.86889
1511	4.86889
1512	4.86889
1513	4.86889
1514	4.86889
1515	4.86889
1516	4.86889
1517	4.86889
1518	4.86889
1519	4.86889
1520	4.86889
1521	4.86889
1522	4.86889
1523	4.86889
1524	4.86889
1525	4.86889
1526	4.86889
1527	4.86889
1528	4.86889
1529	4.86889
1530	4.86889
1531	4.86889
1532	4.86889
1533	4.86889
1534	4.86889
1535	4.86889
1536	4.86889
1537	4.86889
1538	4.86889
1539	4.86889
1540	4.86889
1541	4.86889
1542	4.86889
1543	4.86889
1544	4.86889
1545	4.86889
1546	4.86889
1547	4.86889
1548	4.86889
1549	4.86889
1550	4.86889
1551	4.86889
1552	4.86889
1553	4.86889
1554	4.86889
1555	4.86889
1556	4.86889
1557	4.86889
1558	4.86889
1559	4.86889
1560	4.86889
1561	4.86889
1562	4.86889
1563	4.86889
1564	4.86889
1565	4.86889
1566	4.86889
1567	4.86889
1568	4.86889
1569	4.86889
1570	4.86889
1571	4.86889
1572	4.86889
1573	4.86889
1574	4.86889
1575	4.86889
1576	4.86889
1577	4.86889
1578	4.86889
1579	4.86889
1580	4.86889
1581	4.86889
1582	4.86889
1583	4.86889
1584	4.86889
1585	4.86889
1586	4.86889
1587	4.86889
1588	4.86889
1589	4.86889
1590	4.86889
1591	4.86889
1592	4.86889
1593	4.86889
1594	4.86889
1595	4.86889
1596	4.86889
1597	4.86889
1598	4.86889
1599	4.86889
1600	4.86889
1601	4.86889
1602	4.86889
1603	4.86889
1604	4.86889
1605	4.86889
1606	4.86889
1607	4.86889
1608	4.86889
1609	4.86889
1610	4.86889
1611	4.86889
1612	4.86889
1613	4.86889
1614	4.86889
1615	4.86889
1616	4.86889
1617	4.86889
1618	4.86889
1619	4.86889
1620	4.86889
1621	4.86889
1622	4.86889
1623	4.86889
1624	4.86889
1625	4.86889
1626	4.86889
1627	4.86889
1628	4.86889
1629	4.86889
1630	4.86889
1631	4.86889
1632	4.86889
1633	4.86889
1634	4.86889
1635	4.86889
1636	4.86889
1637	4.86889
1638	4.86889
1639	4.86889
1640	4.86889
1641	4.86889
1642	4.86889
1643	4.86889
1644	4.86889
1645	4.86889
1646	4.86889
1647	4.86889
1648	4.86889
1649	4.86889
1650	4.86889
1651	4.86889
1652	4.86889
1653	4.86889
1654	4.86889
1655	4.86889
1656	4.86889
1657	4.86889
1658	4.86889
1659	4.86889
1660	4.86889
1661	4.86889
1662	4.86889
1663	4.86889
1664	4.86889
1665	4.86889
1666	4.86889
1667	4.86889
1668	4.86889
1669	4.86889
1670	4.86889
1671	4.86889
1672	4.86889
1673	4.86889
1674	4.86889
1675	4.86889
1676	4.86889
1677	4.86889
1678	4.86889
1679	4.86889
1680	4.86889
1681	4.86889
1682	4.86889
1683	4.86889
1684	4.86889
1685	4.86889
1686	4.86889
1687	4.86889
1688	4.86889
1689	4.86889
1690	4.86889
1691	4.86889
1692	4.86889
1693	4.86889
1694	4.86889
1695	4.86889
1696	4.86889
1697	4.86889
1698	4.86889
1699	4.86889
1700	4.86889
1701	4.86889
1702	4.86889
1703	4.86889
1704	4.86889
1705	4.86889
1706	4.86889
1707	4.86889
1708	4.86889
1709	4.86889
1710	4.86889
1711	4.86889
1712	4.86889
1713	4.86889
1714	4.86889
1715	4.86889
1716	4.86889
1717	4.86889
1718	4.86889
1719	4.86889
1720	4.86889
1721	4.86889
1722	4.86889
1723	4.86889
1724	4.86889
1725	4.86889
1726	4.86889
1727	4.86889
1728	4.86889
1729	4.86889
1730	4.86889
1731	4.86889
1732	4.86889
1733	4.86889
1734	4.86889
1735	4.86889
1736	4.86889
1737	4.86889
1738	4.86889
1739	4.86889
1740	4.86889
1741	4.86889
1742	4.86889
1743	4.86889
1744	4.86889
1745	4.86889
1746	4.86889
1747	4.86889
1748	4.86889
1749	4.86889
1750	4.86889
1751	4.86889
1752	4.86889
1753	4.86889
1754	4.86889
1755	4.86889
1756	4.86889
1757	4.86889
1758	4.86889
1759	4.86889
1760	4.86889
1761	4.86889
1762	4.86889
1763	4.86889
1764	4.86889
1765	4.86889
1766	4.86889
1767	4.86889
1768	4.86889
1769	4.86889
1770	4.86889
1771	4.86889
1772	4.86889
1773	4.86889
1774	4.86889
1775	4.86889
1776	4.86889
1777	4.86889
1778	4.86889
1779	4.86889
1780	4.86889
1781	4.86889
1782	4.86889
1783	4.86889
1784	4.86889
1785	4.86889
1786	4.86889
1787	4.86889
1788	4.86889
1789	4.86889
1790	4.86889
1791	4.86889
1792	4.86889
1793	4.86889
1794	4.86889
1795	4.86889
1796	4.86889
1797	4.86889
1798	4.86889
1799	4.86889
1800	4.86889
1801	4.86889
1802	4.86889
1803	4.86889
1804	4.86889
1805	4.86889
1806	4.86889
1807	4.86889
1808	4.86889
1809	4.86889
1810	4.86889
1811	4.86889
1812	4.86889
1813	4.86889
1814	4.86889
1815	4.86889
1816	4.86889
1817	4.86889
1818	4.86889
1819	4.86889
1820	4.86889
1821	4.86889
1822	4.86889
1823	4.86889
1824	4.86889
1825	4.86889
1826	4.86889
1827	4.86889
1828	4.86889
1829	4.86889
1830	4.86889
1831	4.86889
1832	4.86889
1833	4.86889
1834	4.86889
1835	4.86889
1836	4.86889
1837	4.86889
1838	4.86889
1839	4.86889
1840	4.86889
1841	4.86889
1842	4.86889
1843	4.86889
1844	4.86889
1845	4.86889
1846	4.86889
1847	4.86889
1848	4.86889
1849	4.86889
1850	4.86889
1851	4.86889
1852	4.86889
1853	4.86889
1854	4.86889
1855	4.86889
1856	4.86889
1857	4.86889
1858	4.86889
1859	4.86889
1860	4.86889
1861	4.86889
1862	4.86889
1863	4.86889
1864	4.86889
1865	4.86889
1866	4.86889
1867	4.86889
1868	4.86889
1869	4.86889
1870	4.86889
1871	4.86889
1872	4.86889
1873	4.86889
1874	4.86889
1875	4.86889
1876	4.86889
1877	4.86889
1878	4.86889
1879	4.86889
1880	4.86889
1881	4.86889
1882	4.86889
1883	4.86889
1884	4.86889
1885	4.86889
1886	4.86889
1887	4.86889
1888	4.86889
1889	4.86889
1890	4.86889
1891	4.86889
1892	4.86889
1893	4.86889
1894	4.86889
1895	4.86889
1896	4.86889
1897	4.86889
1898	4.86889
1899	4.86889
1900	4.86889
1901	4.86889
1902	4.86889
1903	4.86889
1904	4.86889
1905	4.86889
1906	4.86889
1907	4.86889
1908	4.86889
1909	4.86889
1910	4.86889
1911	4.86889
1912	4.86889
1913	4.86889
1914	4.86889
1915	4.86889
1916	4.86889
1917	4.86889
1918	4.86889
1919	4.86889
1920	4.86889
1921	4.86889
1922	4.86889
1923	4.86889
1924	4.86889
1925	4.86889
1926	4.86889
1927	4.86889
1928	4.86889
1929	4.86889
1930	4.86889
1931	4.86889
1932	4.86889
1933	4.86889
1934	4.86889
1935	4.86889
1936	4.86889
1937	4.86889
1938	4.86889
1939	4.86889
1940	4.86889
1941	4.86889
1942	4.86889
1943	4.86889
1944	4.86889
1945	4.86889
1946	4.86889
1947	4.86889
1948	4.86889
1949	4.86889
1950	4.86889
1951	4.86889
1952	4.86889
1953	4.86889
1954	4.86889
1955	4.86889
1956	4.86889
1957	4.86889
1958	4.86889
1959	4.86889
1960	4.86889
1961	4.86889
1962	4.86889
1963	4.86889
1964	4.86889
1965	4.86889
1966	4.86889
1967	4.86889
1968	4.86889
1969	4.86889
1970	4.86889
1971	4.86889
1972	4.86889
1973	4.86889
1974	4.86889
1975	4.86889
1976	4.86889
1977	4.86889
1978	4.86889
1979	4.86889
1980	4.86889
1981	4.86889
1982	4.86889
1983	4.86889
1984	4.86889
1985	4.86889
1986	4.86889
1987	4.86889
1988	4.86889
1989	4.86889
1990	4.86889
1991	4.86889
1992	4.86889
1993	4.86889
1994	4.86889
1995	4.86889
1996	4.86889
1997	4.86889
1998	4.86889
1999	4.86889
2000	4.86889
2001	4.86889
2002	4.86889
2003	4.86889
2004	4.86889
2005	4.86889
2006	4.86889
2007	4.86889
2008	4.86889
2009	4.86889
2010	4.86889
2011	4.86889
2012	4.86889
2013	4.86889
2014	4.86889
2015	4.86889
2016	4.86889
2017	4.86889
2018	4.86889
2019	4.86889
2020	4.86889
2021	4.86889
2022	4.86889
2023	4.86889
2024	4.86889
2025	4.86889
2026	4.86889
2027	4.86889
2028	4.86889
2029	4.86889
2030	4.86889
2031	4.86889
2032	4.86889
2033	4.86889
2034	4.86889
2035	4.86889
2036	4.86889
2037	4.86889
2038	4.86889
2039	4.86889
2040	4.86889
2041	4.86889
2042	4.86889
2043	4.86889
2044	4.86889
2045	4.86889
2046	4.86889
2047	4.86889
2048	4.86889
2049	4.86889
2050	4.86889
2051	4.86889
2052	4.86889
2053	4.86889
2054	4.86889
2055	4.86889
2056	4.86889
2057	4.86889
2058	4.86889
2059	4.86889
2060	4.86889
2061	4.86889
2062	4.86889
2063	4.86889
2064	4.86889
2065	4.86889
2066	4.86889
2067	4.86889
2068	4.86889
2069	4.86889
2070	4.86889
2071	4.86889
2072	4.86889
2073	4.86889
2074	4.86889
2075	4.86889
2076	4.86889
2077	4.86889
2078	4.86889
2079	4.86889
2080	4.86889
2081	4.86889
2082	4.86889
2083	4.86889
2084	4.86889
2085	4.86889
2086	4.86889
2087	4.86889
2088	4.86889
2089	4.86889
2090	4.86889
2091	4.86889
2092	4.86889
2093	4.86889
2094	4.86889
2095	4.86889
2096	4.86889
2097	4.86889
2098	4.86889
2099	4.86889
2100	4.86889
2101	4.86889
2102	4.86889
2103	4.86889
2104	4.86889
2105	4.86889
2106	4.86889
2107	4.86889
2108	4.86889
2109	4.86889
2110	4.86889
2111	4.86889
2112	4.86889
2113	4.86889
2114	4.86889
2115	4.86889
2116	4.86889
2117	4.86889
2118	4.86889
2119	4.86889
2120	4.86889
2121	4.86889
2122	4.86889
2123	4.86889
2124	4.86889
2125	4.86889
2126	4.86889
2127	4.86889
2128	4.86889
2129	4.86889
2130	4.86889
2131	4.86889
2132	4.86889
2133	4.86889
2134	4.86889
2135	4.86889
2136	4.86889
2137	4.86889
2138	4.86889
2139	4.86889
2140	4.86889
2141	4.86889
2142	4.86889
2143	4.86889
2144	4.86889
2145	4.86889
2146	4.86889
2147	4.86889
2148	4.86889
2149	4.86889
2150	4.86889
2151	4.86889
2152	4.86889
2153	4.86889
2154	4.86889
2155	4.86889
2156	4.86889
2157	4.86889
2158	4.86889
2159	4.86889
2160	4.86889
2161	4.86889
2162	4.86889
2163	4.86889
2164	4.86889
2165	4.86889
2166	4.86889
2167	4.86889
2168	4.86889
2169	4.86889
2170	4.86889
2171	4.86889
2172	4.86889
2173	4.86889
2174	4.86889
2175	4.86889
2176	4.86889
2177	4.86889
2178	4.86889
2179	4.86889
2180	4.86889
2181	4.86889
2182	4.86889
2183	4.86889
2184	4.86889
2185	4.86889
2186	4.86889
2187	4.86889
2188	4.86889
2189	4.86889
2190	4.86889
2191	4.86889
2192	4.86889
2193	4.86889
2194	4.86889
2195	4.86889
2196	4.86889
2197	4.86889
2198	4.86889
2199	4.86889
2200	4.86889
2201	4.86889
2202	4.86889
2203	4.86889
2204	4.86889
2205	4.86889
2206	4.86889
2207	4.86889
2208	4.86889
2209	4.86889
2210	4.86889
2211	4.86889
2212	4.86889
2213	4.86889
2214	4.86889
2215	4.86889
2216	4.86889
2217	4.86889
2218	4.86889
2219	4.86889
2220	4.86889
2221	4.86889
2222	4.86889
2223	4.86889
2224	4.86889
2225	4.86889
2226	4.86889
2227	4.86889
2228	4.86889
2229	4.86889
2230	4.86889
2231	4.86889
2232	4.86889
2233	4.86889
2234	4.86889
2235	4.86889
2236	4.86889
2237	4.86889
2238	4.86889
2239	4.86889
2240	4.86889
2241	4.86889
2242	4.86889
2243	4.86889
2244	4.86889
2245	4.86889
2246	4.86889
2247	4.86889
2248	4.86889
2249	4.86889
2250	4.86889
2251	4.86889
2252	4.86889
2253	4.86889
2254	4.86889
2255	4.86889
2256	4.86889
2257	4.86889
2258	4.86889
2259	4.86889
2260	4.86889
2261	4.86889
2262	4.86889
2263	4.86889
2264	4.86889
2265	4.86889
2266	4.86889
2267	4.86889
2268	4.86889
2269	4.86889
2270	4.86889
2271	4.86889
2272	4.86889
2273	4.86889
2274	4.86889
2275	4.86889
2276	4.86889
2277	4.86889
2278	4.86889
2279	4.86889
2280	4.86889
2281	4.86889
2282	4.86889
2283	4.86889
2284	4.86889
2285	4.86889
2286	4.86889
2287	4.86889
2288	4.86889
2289	4.86889
2290	4.86889
2291	4.86889
2292	4.86889
2293	4.86889
2294	4.86889
2295	4.86889
2296	4.86889
2297	4.86889
2298	4.86889
2299	4.86889
2300	4.86889
2301	4.86889
2302	4.86889
2303	4.86889
2304	4.86889
2305	4.86889
2306	4.86889
2307	4.86889
2308	4.86889
2309	4.86889
2310	4.86889
2311	4.86889
2312	4.86889
2313	4.86889
2314	4.86889
2315	4.86889
2316	4.86889
2317	4.86889
2318	4.86889
2319	4.86889
2320	4.86889
2321	4.86889
2322	4.86889
2323	4.86889
2324	4.86889
2325	4.86889
2326	4.86889
2327	4.86889
2328	4.86889
2329	4.86889
2330	4.86889
2331	4.86889
2332	4.86889
2333	4.86889
2334	4.86889
2335	4.86889
2336	4.86889
2337	4.86889
2338	4.86889
2339	4.86889
2340	4.86889
2341	4.86889
2342	4.86889
2343	4.86889
2344	4.86889
2345	4.86889
2346	4.86889
2347	4.86889
2348	4.86889
2349	4.86889
2350	4.86889
2351	4.86889
2352	4.86889
2353	4.86889
2354	4.86889
2355	4.86889
2356	4.86889
2357	4.86889
2358	4.86889
2359	4.86889
2360	4.86889
2361	4.86889
2362	4.86889
2363	4.86889
2364	4.86889
2365	4.86889
2366	4.86889
2367	4.86889
2368	4.86889
2369	4.86889
2370	4.86889
2371	4.86889
2372	4.86889
2373	4.86889
2374	4.86889
2375	4.86889
2376	4.86889
2377	4.86889
2378	4.86889
2379	4.86889
2380	4.86889
2381	4.86889
2382	4.86889
2383	4.86889
2384	4.86889
2385	4.86889
2386	4.86889
2387	4.86889
2388	4.86889
2389	4.86889
2390	4.86889
2391	4.86889
2392	4.86889
2393	4.86889
2394	4.86889
2395	4.86889
2396	4.86889
2397	4.86889
2398	4.86889
2399	4.86889
2400	4.86889
2401	4.86889
2402	4.86889
2403	4.86889
2404	4.86889
2405	4.86889
2406	4.86889
2407	4.86889
2408	4.86889
2409	4.86889
2410	4.86889
2411	4.86889
2412	4.86889
2413	4.86889
2414	4.86889
2415	4.86889
2416	4.86889
2417	4.86889
2418	4.86889
2419	4.86889
2420	4.86889
2421	4.86889
2422	4.86889
2423	4.86889
2424	4.86889
2425	4.86889
2426	4.86889
2427	4.86889
2428	4.86889
2429	4.86889
2430	4.86889
2431	4.86889
2432	4.86889
2433	4.86889
2434	4.86889
2435	4.86889
2436	4.86889
2437	4.86889
2438	4.86889
2439	4.86889
2440	4.86889
2441	4.86889
2442	4.86889
2443	4.86889
2444	4.86889
2445	4.86889
2446	4.86889
2447	4.86889
2448	4.86889
2449	4.86889
2450	4.86889
2451	4.86889
2452	4.86889
2453	4.86889
2454	4.86889
2455	4.86889
2456	4.86889
2457	4.86889
2458	4.86889
2459	4.86889
2460	4.86889
2461	4.86889
2462	4.86889
2463	4.86889
2464	4.86889
2465	4.86889
2466	4.86889
2467	4.86889
2468	4.86889
2469	4.86889
2470	4.86889
2471	4.86889
2472	4.86889
2473	4.86889
2474	4.86889
2475	4.86889
2476	4.86889
2477	4.86889
2478	4.86889
2479	4.86889
2480	4.86889
2481	4.86889
2482	4.86889
2483	4.86889
2484	4.86889
2485	4.86889
2486	4.86889
2487	4.86889
2488	4.86889
2489	4.86889
2490	4.86889
2491	4.86889
2492	4.86889
2493	4.86889
2494	4.86889
2495	4.86889
2496	4.86889
2497	4.86889
2498	4.86889
2499	4.86889
2500	4.86889
2501	4.86889
2502	4.86889
2503	4.86889
2504	4.86889
2505	4.86889
2506	4.86889
2507	4.86889
2508	4.86889
2509	4.86889
2510	4.86889
2511	4.86889
2512	4.86889
2513	4.86889
2514	4.86889
2515	4.86889
2516	4.86889
2517	4.86889
2518	4.86889
2519	4.86889
2520	4.86889
2521	4.86889
2522	4.86889
2523	4.86889
2524	4.86889
2525	4.86889
2526	4.86889
2527	4.86889
2528	4.86889
2529	4.86889
2530	4.86889
2531	4.86889
2532	4.86889
2533	4.86889
2534	4.86889
2535	4.86889
2536	4.86889
2537	4.86889
2538	4.86889
2539	4.86889
2540	4.86889
2541	4.86889
2542	4.86889
2543	4.86889
2544	4.86889
2545	4.86889
2546	4.86889
2547	4.86889
2548	4.86889
2549	4.86889
2550	4.86889
2551	4.86889
2552	4.86889
2553	4.86889
2554	4.86889
2555	4.86889
2556	4.86889
2557	4.86889
2558	4.86889
2559	4.86889
2560	4.86889
2561	4.86889
2562	4.86889
2563	4.86889
2564	4.86889
2565	4.86889
2566	4.86889
2567	4.86889
2568	4.86889
2569	4.86889
2570	4.86889
2571	4.86889
2572	4.86889
2573	4.86889
2574	4.86889
2575	4.86889
2576	4.86889
2577	4.86889
2578	4.86889
2579	4.86889
2580	4.86889
2581	4.86889
2582	4.86889
2583	4.86889
2584	4.86889
2585	4.86889
2586	4.86889
2587	4.86889
2588	4.86889
2589	4.86889
2590	4.86889
2591	4.86889
2592	4.86889
2593	4.86889
2594	4.86889
2595	4.86889
2596	4.86889
2597	4.86889
2598	4.86889
2599	4.86889
2600	4.86889
2601	4.86889
2602	4.86889
2603	4.86889
2604	4.86889
2605	4.86889
2606	4.86889
2607	4.86889
2608	4.86889
2609	4.86889
2610	4.86889
2611	4.86889
2612	4.86889
2613	4.86889
2614	4.86889
2615	4.86889
2616	4.86889
2617	4.86889
2618	4.86889
2619	4.86889
2620	4.86889
2621	4.86889
2622	4.86889
2623	4.86889
2624	4.86889
2625	4.86889
2626	4.86889
2627	4.86889
2628	4.86889
2629	4.86889
2630	4.86889
2631	4.86889
2632	4.86889
2633	4.86889
2634	4.86889
2635	4.86889
2636	4.86889
2637	4.86889
2638	4.86889
2639	4.86889
2640	4.86889
2641	4.86889
2642	4.86889
2643	4.86889
2644	4.86889
2645	4.86889
2646	4.86889
2647	4.86889
2648	4.86889
2649	4.86889
2650	4.86889
2651	4.86889
2652	4.86889
2653	4.86889
2654	4.86889
2655	4.86889
2656	4.86889
2657	4.86889
2658	4.86889
2659	4.86889
2660	4.86889
2661	4.86889
2662	4.86889
2663	4.86889
2664	4.86889
2665	4.86889
2666	4.86889
2667	4.86889
2668	4.86889
2669	4.86889
2670	4.86889
2671	4.86889
2672	4.86889
2673	4.86889
2674	4.86889
2675	4.86889
2676	4.86889
2677	4.86889
2678	4.86889
2679	4.86889
2680	4.86889
2681	4.86889
2682	4.86889
2683	4.86889
2684	4.86889
2685	4.86889
2686	4.86889
2687	4.86889
2688	4.86889
2689	4.86889
2690	4.86889
2691	4.86889
2692	4.86889
2693	4.86889
2694	4.86889
2695	4.86889
2696	4.86889
2697	4.86889
2698	4.86889
2699	4.86889
2700	4.86889
2701	4.86889
2702	4.86889
2703	4.86889
2704	4.86889
2705	4.86889
2706	4.86889
2707	4.86889
2708	4.86889
2709	4.86889
2710	4.86889
2711	4.86889
2712	4.86889
2713	4.86889
2714	4.86889
2715	4.86889
2716	4.86889
2717	4.86889
2718	4.86889
2719	4.86889
2720	4.86889
2721	4.86889
2722	4.86889
2723	4.86889
2724	4.86889
2725	4.86889
2726	4.86889
2727	4.86889
2728	4.86889
2729	4.86889
2730	4.86889
2731	4.86889
2732	4.86889
2733	4.86889
2734	4.86889
2735	4.86889
2736	4.86889
2737	4.86889
2738	4.86889
2739	4.86889
2740	4.86889
2741	4.86889
2742	4.86889
2743	4.86889
2744	4.86889
2745	4.86889
2746	4.86889
2747	4.86889
2748	4.86889
2749	4.86889
2750	4.86889
2751	4.86889
2752	4.86889
2753	4.86889
2754	4.86889
2755	4.86889
2756	4.86889
2757	4.86889
2758	4.86889
2759	4.86889
2760	4.86889
2761	4.86889
2762	4.86889
2763	4.86889
2764	4.86889
2765	4.86889
2766	4.86889
2767	4.86889
2768	4.86889
2769	4.86889
2770	4.86889
2771	4.86889
2772	4.86889
2773	4.86889
2774	4.86889
2775	4.86889
2776	4.86889
2777	4.86889
2778	4.86889
2779	4.86889
2780	4.86889
2781	4.86889
2782	4.86889
2783	4.86889
2784	4.86889
2785	4.86889
2786	4.86889
2787	4.86889
2788	4.86889
2789	4.86889
2790	4.86889
2791	4.86889
2792	4.86889
2793	4.86889
2794	4.86889
2795	4.86889
2796	4.86889
2797	4.86889
2798	4.86889
2799	4.86889
2800	4.86889
2801	4.86889
2802	4.86889
2803	4.86889
2804	4.86889
2805	4.86889
2806	4.86889
2807	4.86889
2808	4.86889
2809	4.86889
2810	4.86889
2811	4.86889
2812	4.86889
2813	4.86889
2814	4.86889
2815	4.86889
2816	4.86889
2817	4.86889
2818	4.86889
2819	4.86889
2820	4.86889
2821	4.86889
2822	4.86889
2823	4.86889
2824	4.86889
2825	4.86889
2826	4.86889
2827	4.86889
2828	4.86889
2829	4.86889
2830	4.86889
2831	4.86889
2832	4.86889
2833	4.86889
2834	4.86889
2835	4.86889
2836	4.86889
2837	4.86889
2838	4.86889
2839	4.86889
2840	4.86889
2841	4.86889
2842	4.86889
2843	4.86889
2844	4.86889
2845	4.86889
2846	4.86889
2847	4.86889
2848	4.86889
2849	4.86889
2850	4.86889
2851	4.86889
2852	4.86889
2853	4.86889
2854	4.86889
2855	4.86889
2856	4.86889
2857	4.86889
2858	4.86889
2859	4.86889
2860	4.86889
2861	4.86889
2862	4.86889
2863	4.86889
2864	4.86889
2865	4.86889
2866	4.86889
2867	4.86889
2868	4.86889
2869	4.86889
2870	4.86889
2871	4.86889
2872	4.86889
2873	4.86889
2874	4.86889
2875	4.86889
2876	4.86889
2877	4.86889
2878	4.86889
2879	4.86889
2880	4.86889
2881	4.86889
2882	4.86889
2883	4.86889
2884	4.86889
2885	4.86889
2886	4.86889
2887	4.86889
2888	4.86889
2889	4.86889
2890	4.86889
2891	4.86889
2892	4.86889
2893	4.86889
2894	4.86889
2895	4.86889
2896	4.86889
2897	4.86889
2898	4.86889
2899	4.86889
2900	4.86889
2901	4.86889
2902	4.86889
2903	4.86889
2904	4.86889
2905	4.86889
2906	4.86889
2907	4.86889
2908	4.86889
2909	4.86889
2910	4.86889
2911	4.86889
2912	4.86889
2913	4.86889
2914	4.86889
2915	4.86889
2916	4.86889
2917	4.86889
2918	4.86889
2919	4.86889
2920	4.86889
2921	4.86889
2922	4.86889
2923	4.86889
2924	4.86889
2925	4.86889
2926	4.86889
2927	4.86889
2928	4.86889
2929	4.86889
2930	4.86889
2931	4.86889
2932	4.86889
2933	4.86889
2934	4.86889
2935	4.86889
2936	4.86889
2937	4.86889
2938	4.86889
2939	4.86889
2940	4.86889
2941	4.86889
2942	4.86889
2943	4.86889
2944	4.86889
2945	4.86889
2946	4.86889
2947	4.86889
2948	4.86889
2949	4.86889
2950	4.86889
2951	4.86889
2952	4.86889
2953	4.86889
2954	4.86889
2955	4.86889
2956	4.86889
2957	4.86889
2958	4.86889
2959	4.86889
2960	4.86889
2961	4.86889
2962	4.86889
2963	4.86889
2964	4.86889
2965	4.86889
2966	4.86889
2967	4.86889
2968	4.86889
2969	4.86889
2970	4.86889
2971	4.86889
2972	4.86889
2973	4.86889
2974	4.86889
2975	4.86889
2976	4.86889
2977	4.86889
2978	4.86889
2979	4.86889
2980	4.86889
2981	4.86889
2982	4.86889
2983	4.86889
2984	4.86889
2985	4.86889
2986	4.86889
2987	4.86889
2988	4.86889
2989	4.86889
2990	4.86889
2991	4.86889
2992	4.86889
2993	4.86889
2994	4.86889
2995	4.86889
2996	4.86889
2997	4.86889
2998	4.86889
2999	4.86889
3000	4.86889
3001	4.86889
3002	4.86889
3003	4.86889
3004	4.86889
3005	4.86889
3006	4.86889
3007	4.86889
3008	4.86889
3009	4.86889
3010	4.86889
3011	4.86889
3012	4.86889
3013	4.86889
3014	4.86889
3015	4.86889
3016	4.86889
3017	4.86889
3018	4.86889
3019	4.86889
3020	4.86889
3021	4.86889
3022	4.86889
3023	4.86889
3024	4.86889
3025	4.86889
3026	4.86889
3027	4.86889
3028	4.86889
3029	4.86889
3030	4.86889
3031	4.86889
3032	4.86889
3033	4.86889
3034	4.86889
3035	4.86889
3036	4.86889
3037	4.86889
3038	4.86889
3039	4.86889
3040	4.86889
3041	4.86889
3042	4.86889
3043	4.86889
3044	4.86889
3045	4.86889
3046	4.86889
3047	4.86889
3048	4.86889
3049	4.86889
3050	4.86889
3051	4.86889
3052	4.86889
3053	4.86889
3054	4.86889
3055	4.86889
3056	4.86889
3057	4.86889
3058	4.86889
3059	4.86889
3060	4.86889
3061	4.86889
3062	4.86889
3063	4.86889
3064	4.86889
3065	4.86889
3066	4.86889
3067	4.86889
3068	4.86889
3069	4.86889
3070	4.86889
3071	4.86889
3072	4.86889
3073	4.86889
3074	4.86889
3075	4.86889
3076	4.86889
3077	4.86889
3078	4.86889
3079	4.86889
3080	4.86889
3081	4.86889
3082	4.86889
3083	4.86889
3084	4.86889
3085	4.86889
3086	4.86889
3087	4.86889
3088	4.86889
3089	4.86889
3090	4.86889
3091	4.86889
3092	4.86889
3093	4.86889
3094	4.86889
3095	4.86889
3096	4.86889
3097	4.86889
3098	4.86889
3099	4.86889
3100	4.86889
3101	4.86889
3102	4.86889
3103	4.86889
3104	4.86889
3105	4.86889
3106	4.86889
3107	4.86889
3108	4.86889
3109	4.86889
3110	4.86889
3111	4.86889
3112	4.86889
3113	4.86889
3114	4.86889
3115	4.86889
3116	4.86889
3117	4.86889
3118	4.86889
3119	4.86889
3120	4.86889
3121	4.86889
3122	4.86889
3123	4.86889
3124	4.86889
3125	4.86889
3126	4.86889
3127	4.86889
3128	4.86889
3129	4.86889
3130	4.86889
3131	4.86889
3132	4.86889
3133	4.86889
3134	4.86889
3135	4.86889
3136	4.86889
3137	4.86889
3138	4.86889
3139	4.86889
3140	4.86889
3141	4.86889
3142	4.86889
3143	4.86889
3144	4.86889
3145	4.86889
3146	4.86889
3147	4.86889
3148	4.86889
3149	4.86889
3150	4.86889
3151	4.86889
3152	4.86889
3153	4.86889
3154	4.86889
3155	4.86889
3156	4.86889
3157	4.86889
3158	4.86889
3159	4.86889
3160	4.86889
3161	4.86889
3162	4.86889
3163	4.86889
3164	4.86889
3165	4.86889
3166	4.86889
3167	4.86889
3168	4.86889
3169	4.86889
3170	4.86889
3171	4.86889
3172	4.86889
3173	4.86889
3174	4.86889
3175	4.86889
3176	4.86889
3177	4.86889
3178	4.86889
3179	4.86889
3180	4.86889
3181	4.86889
3182	4.86889
3183	4.86889
3184	4.86889
3185	4.86889
3186	4.86889
3187	4.86889
3188	4.86889
3189	4.86889
3190	4.86889
3191	4.86889
3192	4.86889
3193	4.86889
3194	4.86889
3195	4.86889
3196	4.86889
3197	4.86889
3198	4.86889
3199	4.86889
3200	4.86889
3201	4.86889
3202	4.86889
3203	4.86889
3204	4.86889
3205	4.86889
3206	4.86889
3207	4.86889
3208	4.86889
3209	4.86889
3210	4.86889
3211	4.86889
3212	4.86889
3213	4.86889
3214	4.86889
3215	4.86889
3216	4.86889
3217	4.86889
3218	4.86889
3219	4.86889
3220	4.86889
3221	4.86889
3222	4.86889
3223	4.86889
3224	4.86889
3225	4.86889
3226	4.86889
3227	4.86889
3228	4.86889
3229	4.86889
3230	4.86889
3231	4.86889
3232	4.86889
3233	4.86889
3234	4.86889
3235	4.86889
3236	4.86889
3237	4.86889
3238	4.86889
3239	4.86889
3240	4.86889
3241	4.86889
3242	4.86889
3243	4.86889
3244	4.86889
3245	4.86889
3246	4.86889
3247	4.86889
3248	4.86889
3249	4.86889
3250	4.86889
3251	4.86889
3252	4.86889
3253	4.86889
3254	4.86889
3255	4.86889
3256	4.86889
3257	4.86889
3258	4.86889
3259	4.86889
3260	4.86889
3261	4.86889
3262	4.86889
3263	4.86889
3264	4.86889
3265	4.86889
3266	4.86889
3267	4.86889
3268	4.86889
3269	4.86889
3270	4.86889
3271	4.86889
3272	4.86889
3273	4.86889
3274	4.86889
3275	4.86889
3276	4.86889
3277	4.86889
3278	4.86889
3279	4.86889
3280	4.86889
3281	4.86889
3282	4.86889
3283	4.86889
3284	4.86889
3285	4.86889
3286	4.86889
3287	4.86889
3288	4.86889
3289	4.86889
3290	4.86889
3291	4.86889
3292	4.86889
3293	4.86889
3294	4.86889
3295	4.86889
3296	4.86889
3297	4.86889
3298	4.86889
3299	4.86889
3300	4.86889
3301	4.86889
3302	4.86889
3303	4.86889
3304	4.86889
3305	4.86889
3306	4.86889
3307	4.86889
3308	4.86889
3309	4.86889
3310	4.86889
3311	4.86889
3312	4.86889
3313	4.86889
3314	4.86889
3315	4.86889
3316	4.86889
3317	4.86889
3318	4.86889
3319	4.86889
3320	4.86889
3321	4.86889
3322	4.86889
3323	4.86889
3324	4.86889
3325	4.86889
3326	4.86889
3327	4.86889
3328	4.86889
3329	4.86889
3330	4.86889
3331	4.86889
3332	4.86889
3333	4.86889
3334	4.86889
3335	4.86889
3336	4.86889
3337	4.86889
3338	4.86889
3339	4.86889
3340	4.86889
3341	4.86889
3342	4.86889
3343	4.86889
3344	4.86889
3345	4.86889
3346	4.86889
3347	4.86889
3348	4.86889
3349	4.86889
3350	4.86889
3351	4.86889
3352	4.86889
3353	4.86889
3354	4.86889
3355	4.86889
3356	4.86889
3357	4.86889
3358	4.86889
3359	4.86889
3360	4.86889
3361	4.86889
3362	4.86889
3363	4.86889
3364	4.86889
3365	4.86889
3366	4.86889
3367	4.86889
3368	4.86889
3369	4.86889
3370	4.86889
3371	4.86889
3372	4.86889
3373	4.86889
3374	4.86889
3375	4.86889
3376	4.86889
3377	4.86889
3378	4.86889
3379	4.86889
3380	4.86889
3381	4.86889
3382	4.86889
3383	4.86889
3384	4.86889
3385	4.86889
3386	4.86889
3387	4.86889
3388	4.86889
3389	4.86889
3390	4.86889
3391	4.86889
3392	4.86889
3393	4.86889
3394	4.86889
3395	4.86889
3396	4.86889
3397	4.86889
3398	4.86889
3399	4.86889
3400	4.86889
3401	4.86889
3402	4.86889
3403	4.86889
3404	4.86889
3405	4.86889
3406	4.86889
3407	4.86889
3408	4.86889
3409	4.86889
3410	4.86889
3411	4.86889
3412	4.86889
3413	4.86889
3414	4.86889
3415	4.86889
3416	4.86889
3417	4.86889
3418	4.86889
3419	4.86889
3420	4.86889
3421	4.86889
3422	4.86889
3423	4.86889
3424	4.86889
3425	4.86889
3426	4.86889
3427	4.86889
3428	4.86889
3429	4.86889
3430	4.86889
3431	4.86889
3432	4.86889
3433	4.86889
3434	4.86889
3435	4.86889
3436	4.86889
3437	4.86889
3438	4.86889
3439	4.86889
3440	4.86889
3441	4.86889
3442	4.86889
3443	4.86889
3444	4.86889
3445	4.86889
3446	4.86889
3447	4.86889
3448	4.86889
3449	4.86889
3450	4.86889
3451	4.86889
3452	4.86889
3453	4.86889
3454	4.86889
3455	4.86889
3456	4.86889
3457	4.86889
3458	4.86889
3459	4.86889
3460	4.86889
3461	4.86889
3462	4.86889
3463	4.86889
3464	4.86889
3465	4.86889
3466	4.86889
3467	4.86889
3468	4.86889
3469	4.86889
3470	4.86889
3471	4.86889
3472	4.86889
3473	4.86889
3474	4.86889
3475	4.86889
3476	4.86889
3477	4.86889
3478	4.86889
3479	4.86889
3480	4.86889
3481	4.86889
3482	4.86889
3483	4.86889
3484	4.86889
3485	4.86889
3486	4.86889
3487	4.86889
3488	4.86889
3489	4.86889
3490	4.86889
3491	4.86889
3492	4.86889
3493	4.86889
3494	4.86889
3495	4.86889
3496	4.86889
3497	4.86889
3498	4.86889
3499	4.86889
3500	4.86889
3501	4.86889
3502	4.86889
3503	4.86889
3504	4.86889
3505	4.86889
3506	4.86889
3507	4.86889
3508	4.86889
3509	4.86889
3510	4.86889
3511	4.86889
3512	4.86889
3513	4.86889
3514	4.86889
3515	4.86889
3516	4.86889
3517	4.86889
3518	4.86889
3519	4.86889
3520	4.86889
3521	4.86889
3522	4.86889
3523	4.86889
3524	4.86889
3525	4.86889
3526	4.86889
3527	4.86889
3528	4.86889
3529	4.86889
3530	4.86889
3531	4.86889
3532	4.86889
3533	4.86889
3534	4.86889
3535	4.86889
3536	4.86889
3537	4.86889
3538	4.86889
3539	4.86889
3540	4.86889
3541	4.86889
3542	4.86889
3543	4.86889
3544	4.86889
3545	4.86889
3546	4.86889
3547	4.86889
3548	4.86889
3549	4.86889
3550	4.86889
3551	4.86889
3552	4.86889
3553	4.86889
3554	4.86889
3555	4.86889
3556	4.86889
3557	4.86889
3558	4.86889
3559	4.86889
3560	4.86889
3561	4.86889
3562	4.86889
3563	4.86889
3564	4.86889
3565	4.86889
3566	4.86889
3567	4.86889
3568	4.86889
3569	4.86889
3570	4.86889
3571	4.86889
3572	4.86889
3573	4.86889
3574	4.86889
3575	4.86889
3576	4.86889
3577	4.86889
3578	4.86889
3579	4.86889
3580	4.86889
3581	4.86889
3582	4.86889
3583	4.86889
3584	4.86889
3585	4.86889
3586	4.86889
3587	4.86889
3588	4.86889
3589	4.86889
3590	4.86889
3591	4.86889
3592	4.86889
3593	4.86889
3594	4.86889
3595	4.86889
3596	4.86889
3597	4.86889
3598	4.86889
3599	4.86889
3600	4.86889
3601	4.86889
3602	4.86889
3603	4.86889
3604	4.86889
3605	4.86889
3606	4.86889
3607	4.86889
3608	4.86889
3609	4.86889
3610	4.86889
3611	4.86889
3612	4.86889
3613	4.86889
3614	4.86889
3615	4.86889
3616	4.86889
3617	4.86889
3618	4.86889
3619	4.86889
3620	4.86889
3621	4.86889
3622	4.86889
3623	4.86889
3624	4.86889
3625	4.86889
3626	4.86889
3627	4.86889
3628	4.86889
3629	4.86889
3630	4.86889
3631	4.86889
3632	4.86889
3633	4.86889
3634	4.86889
3635	4.86889
3636	4.86889
3637	4.86889
3638	4.86889
3639	4.86889
3640	4.86889
3641	4.86889
3642	4.86889
3643	4.86889
3644	4.86889
3645	4.86889
3646	4.86889
3647	4.86889
3648	4.86889
3649	4.86889
3650	4.86889
3651	4.86889
3652	4.86889
3653	4.86889
3654	4.86889
3655	4.86889
3656	4.86889
3657	4.86889
3658	4.86889
3659	4.86889
3660	4.86889
3661	4.86889
3662	4.86889
3663	4.86889
3664	4.86889
3665	4.86889
3666	4.86889
3667	4.86889
3668	4.86889
3669	4.86889
3670	4.86889
3671	4.86889
3672	4.86889
3673	4.86889
3674	4.86889
3675	4.86889
3676	4.86889
3677	4.86889
3678	4.86889
3679	4.86889
3680	4.86889
3681	4.86889
3682	4.86889
3683	4.86889
3684	4.86889
3685	4.86889
3686	4.86889
3687	4.86889
3688	4.86889
3689	4.86889
3690	4.86889
3691	4.86889
3692	4.86889
3693	4.86889
3694	4.86889
3695	4.86889
3696	4.86889
3697	4.86889
3698	4.86889
3699	4.86889
3700	4.86889
3701	4.86889
3702	4.86889
3703	4.86889
3704	4.86889
3705	4.86889
3706	4.86889
3707	4.86889
3708	4.86889
3709	4.86889
3710	4.86889
3711	4.86889
3712	4.86889
3713	4.86889
3714	4.86889
3715	4.86889
3716	4.86889
3717	4.86889
3718	4.86889
3719	4.86889
3720	4.86889
3721	4.86889
3722	4.86889
3723	4.86889
3724	4.86889
3725	4.86889
3726	4.86889
3727	4.86889
3728	4.86889
3729	4.86889
3730	4.86889
3731	4.86889
3732	4.86889
3733	4.86889
3734	4.86889
3735	4.86889
3736	4.86889
3737	4.86889
3738	4.86889
3739	4.86889
3740	4.86889
3741	4.86889
3742	4.86889
3743	4.86889
3744	4.86889
3745	4.86889
3746	4.86889
3747	4.86889
3748	4.86889
3749	4.86889
3750	4.86889
3751	4.86889
3752	4.86889
3753	4.86889
3754	4.86889
3755	4.86889
3756	4.86889
3757	4.86889
3758	4.86889
3759	4.86889
3760	4.86889
3761	4.86889
3762	4.86889
3763	4.86889
3764	4.86889
3765	4.86889
3766	4.86889
3767	4.86889
3768	4.86889
3769	4.86889
3770	4.86889
3771	4.86889
3772	4.86889
3773	4.86889
3774	4.86889
3775	4.86889
3776	4.86889
3777	4.86889
3778	4.86889
3779	4.86889
3780	4.86889
3781	4.86889
3782	4.86889
3783	4.86889
3784	4.86889
3785	4.86889
3786	4.86889
3787	4.86889
3788	4.86889
3789	4.86889
3790	4.86889
3791	4.86889
3792	4.86889
3793	4.86889
3794	4.86889
3795	4.86889
3796	4.86889
3797	4.86889
3798	4.86889
3799	4.86889
3800	4.86889
3801	4.86889
3802	4.86889
3803	4.86889
3804	4.86889
3805	4.86889
3806	4.86889
3807	4.86889
3808	4.86889
3809	4.86889
3810	4.86889
3811	4.86889
3812	4.86889
3813	4.86889
3814	4.86889
3815	4.86889
3816	4.86889
3817	4.86889
3818	4.86889
3819	4.86889
3820	4.86889
3821	4.86889
3822	4.86889
3823	4.86889
3824	4.86889
3825	4.86889
3826	4.86889
3827	4.86889
3828	4.86889
3829	4.86889
3830	4.86889
3831	4.86889
3832	4.86889
3833	4.86889
3834	4.86889
3835	4.86889
3836	4.86889
3837	4.86889
3838	4.86889
3839	4.86889
3840	4.86889
3841	4.86889
3842	4.86889
3843	4.86889
3844	4.86889
3845	4.86889
3846	4.86889
3847	4.86889
3848	4.86889
3849	4.86889
3850	4.86889
3851	4.86889
3852	4.86889
3853	4.86889
3854	4.86889
3855	4.86889
3856	4.86889
3857	4.86889
3858	4.86889
3859	4.86889
3860	4.86889
3861	4.86889
3862	4.86889
3863	4.86889
3864	4.86889
3865	4.86889
3866	4.86889
3867	4.86889
3868	4.86889
3869	4.86889
3870	4.86889
3871	4.86889
3872	4.86889
3873	4.86889
3874	4.86889
3875	4.86889
3876	4.86889
3877	4.86889
3878	4.86889
3879	4.86889
3880	4.86889
3881	4.86889
3882	4.86889
3883	4.86889
3884	4.86889
3885	4.86889
3886	4.86889
3887	4.86889
3888	4.86889
3889	4.86889
3890	4.86889
3891	4.86889
3892	4.86889
3893	4.86889
3894	4.86889
3895	4.86889
3896	4.86889
3897	4.86889
3898	4.86889
3899	4.86889
3900	4.86889
3901	4.86889
3902	4.86889
3903	4.86889
3904	4.86889
3905	4.86889
3906	4.86889
3907	4.86889
3908	4.86889
3909	4.86889
3910	4.86889
3911	4.86889
3912	4.86889
3913	4.86889
3914	4.86889
3915	4.86889
3916	4.86889
3917	4.86889
3918	4.86889
3919	4.86889
3920	4.86889
3921	4.86889
3922	4.86889
3923	4.86889
3924	4.86889
3925	4.86889
3926	4.86889
3927	4.86889
3928	4.86889
3929	4.86889
3930	4.86889
3931	4.86889
3932	4.86889
3933	4.86889
3934	4.86889
3935	4.86889
3936	4.86889
3937	4.86889
3938	4.86889
3939	4.86889
3940	4.86889
3941	4.86889
3942	4.86889
3943	4.86889
3944	4.86889
3945	4.86889
3946	4.86889
3947	4.86889
3948	4.86889
3949	4.86889
3950	4.86889
3951	4.86889
3952	4.86889
3953	4.86889
3954	4.86889
3955	4.86889
3956	4.86889
3957	4.86889
3958	4.86889
3959	4.86889
3960	4.86889
3961	4.86889
3962	4.86889
3963	4.86889
3964	4.86889
3965	4.86889
3966	4.86889
3967	4.86889
3968	4.86889
3969	4.86889
3970	4.86889
3971	4.86889
3972	4.86889
3973	4.86889
3974	4.86889
3975	4.86889
3976	4.86889
3977	4.86889
3978	4.86889
3979	4.86889
3980	4.86889
3981	4.86889
3982	4.86889
3983	4.86889
3984	4.86889
3985	4.86889
3986	4.86889
3987	4.86889
3988	4.86889
3989	4.86889
3990	4.86889
3991	4.86889
3992	4.86889
3993	4.86889
3994	4.86889
3995	4.86889
3996	4.86889
3997	4.86889
3998	4.86889
3999	4.86889
4000	4.86889
4001	4.86889
4002	4.86889
4003	4.86889
4004	4.86889
4005	4.86889
4006	4.86889
4007	4.86889
4008	4.86889
4009	4.86889
4010	4.86889
4011	4.86889
4012	4.86889
4013	4.86889
4014	4.86889
4015	4.86889
4016	4.86889
4017	4.86889
4018	4.86889
4019	4.86889
4020	4.86889
4021	4.86889
4022	4.86889
4023	4.86889
4024	4.86889
4025	4.86889
4026	4.86889
4027	4.86889
4028	4.86889
4029	4.86889
4030	4.86889
4031	4.86889
4032	4.86889
4033	4.86889
4034	4.86889
4035	4.86889
4036	4.86889
4037	4.86889
4038	4.86889
4039	4.86889
4040	4.86889
4041	4.86889
4042	4.86889
4043	4.86889
4044	4.86889
4045	4.86889
4046	4.86889
4047	4.86889
4048	4.86889
4049	4.86889
4050	4.86889
4051	4.86889
4052	4.86889
4053	4.86889
4054	4.86889
4055	4.86889
4056	4.86889
4057	4.86889
4058	4.86889
4059	4.86889
4060	4.86889
4061	4.86889
4062	4.86889
4063	4.86889
4064	4.86889
4065	4.86889
4066	4.86889
4067	4.86889
4068	4.86889
4069	4.86889
4070	4.86889
4071	4.86889
4072	4.86889
4073	4.86889
4074	4.86889
4075	4.86889
4076	4.86889
4077	4.86889
4078	4.86889
4079	4.86889
4080	4.86889
4081	4.86889
4082	4.86889
4083	4.86889
4084	4.86889
4085	4.86889
4086	4.86889
4087	4.86889
4088	4.86889
4089	4.86889
4090	4.86889
4091	4.86889
4092	4.86889
4093	4.86889
4094	4.86889
4095	4.86889
4096	4.86889
4097	4.86889
4098	4.86889
4099	4.86889
4100	4.86889
4101	4.86889
4102	4.86889
4103	4.86889
4104	4.86889
4105	4.86889
4106	4.86889
4107	4.86889
4108	4.86889
4109	4.86889
4110	4.86889
4111	4.86889
4112	4.86889
4113	4.86889
4114	4.86889
4115	4.86889
4116	4.86889
4117	4.86889
4118	4.86889
4119	4.86889
4120	4.86889
4121	4.86889
4122	4.86889
4123	4.86889
4124	4.86889
4125	4.86889
4126	4.86889
4127	4.86889
4128	4.86889
4129	4.86889
4130	4.86889
4131	4.86889
4132	4.86889
4133	4.86889
4134	4.86889
4135	4.86889
4136	4.86889
4137	4.86889
4138	4.86889
4139	4.86889
4140	4.86889
4141	4.86889
4142	4.86889
4143	4.86889
4144	4.86889
4145	4.86889
4146	4.86889
4147	4.86889
4148	4.86889
4149	4.86889
4150	4.86889
4151	4.86889
4152	4.86889
4153	4.86889
4154	4.86889
4155	4.86889
4156	4.86889
4157	4.86889
4158	4.86889
4159	4.86889
4160	4.86889
4161	4.86889
4162	4.86889
4163	4.86889
4164	4.86889
4165	4.86889
4166	4.86889
4167	4.86889
4168	4.86889
4169	4.86889
4170	4.86889
4171	4.86889
4172	4.86889
4173	4.86889
4174	4.86889
4175	4.86889
4176	4.86889
4177	4.86889
4178	4.86889
4179	4.86889
4180	4.86889
4181	4.86889
4182	4.86889
4183	4.86889
4184	4.86889
4185	4.86889
4186	4.86889
4187	4.86889
4188	4.86889
4189	4.86889
4190	4.86889
4191	4.86889
4192	4.86889
4193	4.86889
4194	4.86889
4195	4.86889
4196	4.86889
4197	4.86889
4198	4.86889
4199	4.86889
4200	4.86889
4201	4.86889
4202	4.86889
4203	4.86889
4204	4.86889
4205	4.86889
4206	4.86889
4207	4.86889
4208	4.86889
4209	4.86889
4210	4.86889
4211	4.86889
4212	4.86889
4213	4.86889
4214	4.86889
4215	4.86889
4216	4.86889
4217	4.86889
4218	4.86889
4219	4.86889
4220	4.86889
4221	4.86889
4222	4.86889
4223	4.86889
4224	4.86889
4225	4.86889
4226	4.86889
4227	4.86889
4228	4.86889
4229	4.86889
4230	4.86889
4231	4.86889
4232	4.86889
4233	4.86889
4234	4.86889
4235	4.86889
4236	4.86889
4237	4.86889
4238	4.86889
4239	4.86889
4240	4.86889
4241	4.86889
4242	4.86889
4243	4.86889
4244	4.86889
4245	4.86889
4246	4.86889
4247	4.86889
4248	4.86889
4249	4.86889
4250	4.86889
4251	4.86889
4252	4.86889
4253	4.86889
4254	4.86889
4255	4.86889
4256	4.86889
4257	4.86889
4258	4.86889
4259	4.86889
4260	4.86889
4261	4.86889
4262	4.86889
4263	4.86889
4264	4.86889
4265	4.86889
4266	4.86889
4267	4.86889
4268	4.86889
4269	4.86889
4270	4.86889
4271	4.86889
4272	4.86889
4273	4.86889
4274	4.86889
4275	4.86889
4276	4.86889
4277	4.86889
4278	4.86889
4279	4.86889
4280	4.86889
4281	4.86889
4282	4.86889
4283	4.86889
4284	4.86889
4285	4.86889
4286	4.86889
4287	4.86889
4288	4.86889
4289	4.86889
4290	4.86889
4291	4.86889
4292	4.86889
4293	4.86889
4294	4.86889
4295	4.86889
4296	4.86889
4297	4.86889
4298	4.86889
4299	4.86889
4300	4.86889
4301	4.86889
4302	4.86889
4303	4.86889
4304	4.86889
4305	4.86889
4306	4.86889
4307	4.86889
4308	4.86889
4309	4.86889
4310	4.86889
4311	4.86889
4312	4.86889
4313	4.86889
4314	4.86889
4315	4.86889
4316	4.86889
4317	4.86889
4318	4.86889
4319	4.86889
4320	4.86889
4321	4.86889
4322	4.86889
4323	4.86889
4324	4.86889
4325	4.86889
4326	4.86889
4327	4.86889
4328	4.86889
4329	4.86889
4330	4.86889
4331	4.86889
4332	4.86889
4333	4.86889
4334	4.86889
4335	4.86889
4336	4.86889
4337	4.86889
4338	4.86889
4339	4.86889
4340	4.86889
4341	4.86889
4342	4.86889
4343	4.86889
4344	4.86889
4345	4.86889
4346	4.86889
4347	4.86889
4348	4.86889
4349	4.86889
4350	4.86889
4351	4.86889
4352	4.86889
4353	4.86889
4354	4.86889
4355	4.86889
4356	4.86889
4357	4.86889
4358	4.86889
4359	4.86889
4360	4.86889
4361	4.86889
4362	4.86889
4363	4.86889
4364	4.86889
4365	4.86889
4366	4.86889
4367	4.86889
4368	4.86889
4369	4.86889
4370	4.86889
4371	4.86889
4372	4.86889
4373	4.86889
4374	4.86889
4375	4.86889
4376	4.86889
4377	4.86889
4378	4.86889
4379	4.86889
4380	4.86889
4381	4.86889
4382	4.86889
4383	4.86889
4384	4.86889
4385	4.86889
4386	4.86889
4387	4.86889
4388	4.86889
4389	4.86889
4390	4.86889
4391	4.86889
4392	4.86889
4393	4.86889
4394	4.86889
4395	4.86889
4396	4.86889
4397	4.86889
4398	4.86889
4399	4.86889
4400	4.86889
4401	4.86889
4402	4.86889
4403	4.86889
4404	4.86889
4405	4.86889
4406	4.86889
4407	4.86889
4408	4.86889
4409	4.86889
4410	4.86889
4411	4.86889
4412	4.86889
4413	4.86889
4414	4.86889
4415	4.86889
4416	4.86889
4417	4.86889
4418	4.86889
4419	4.86889
4420	4.86889
4421	4.86889
4422	4.86889
4423	4.86889
4424	4.86889
4425	4.86889
4426	4.86889
4427	4.86889
4428	4.86889
4429	4.86889
4430	4.86889
4431	4.86889
4432	4.86889
4433	4.86889
4434	4.86889
4435	4.86889
4436	4.86889
4437	4.86889
4438	4.86889
4439	4.86889
4440	4.86889
4441	4.86889
4442	4.86889
4443	4.86889
4444	4.86889
4445	4.86889
4446	4.86889
4447	4.86889
4448	4.86889
4449	4.86889
4450	4.86889
4451	4.86889
4452	4.86889
4453	4.86889
4454	4.86889
4455	4.86889
4456	4.86889
4457	4.86889
4458	4.86889
4459	4.86889
4460	4.86889
4461	4.86889
4462	4.86889
4463	4.86889
4464	4.86889
4465	4.86889
4466	4.86889
4467	4.86889
4468	4.86889
4469	4.86889
4470	4.86889
4471	4.86889
4472	4.86889
4473	4.86889
4474	4.86889
4475	4.86889
4476	4.86889
4477	4.86889
4478	4.86889
4479	4.86889
4480	4.86889
4481	4.86889
4482	4.86889
4483	4.86889
4484	4.86889
4485	4.86889
4486	4.86889
4487	4.86889
4488	4.86889
4489	4.86889
4490	4.86889
4491	4.86889
4492	4.86889
4493	4.86889
4494	4.86889
4495	4.86889
4496	4.86889
4497	4.86889
4498	4.86889
4499	4.86889
4500	4.86889
4501	4.86889
4502	4.86889
4503	4.86889
4504	4.86889
4505	4.86889
4506	4.86889
4507	4.86889
4508	4.86889
4509	4.86889
4510	4.86889
4511	4.86889
4512	4.86889
4513	4.86889
4514	4.86889
4515	4.86889
4516	4.86889
4517	4.86889
4518	4.86889
4519	4.86889
4520	4.86889
4521	4.86889
4522	4.86889
4523	4.86889
4524	4.86889
4525	4.86889
4526	4.86889
4527	4.86889
4528	4.86889
4529	4.86889
4530	4.86889
4531	4.86889
4532	4.86889
4533	4.86889
4534	4.86889
4535	4.86889
4536	4.86889
4537	4.86889
4538	4.86889
4539	4.86889
4540	4.86889
4541	4.86889
4542	4.86889
4543	4.86889
4544	4.86889
4545	4.86889
4546	4.86889
4547	4.86889
4548	4.86889
4549	4.86889
4550	4.86889
4551	4.86889
4552	4.86889
4553	4.86889
4554	4.86889
4555	4.86889
4556	4.86889
4557	4.86889
4558	4.86889
4559	4.86889
4560	4.86889
4561	4.86889
4562	4.86889
4563	4.86889
4564	4.86889
4565	4.86889
4566	4.86889
4567	4.86889
4568	4.86889
4569	4.86889
4570	4.86889
4571	4.86889
4572	4.86889
4573	4.86889
4574	4.86889
4575	4.86889
4576	4.86889
4577	4.86889
4578	4.86889
4579	4.86889
4580	4.86889
4581	4.86889
4582	4.86889
4583	4.86889
4584	4.86889
4585	4.86889
4586	4.86889
4587	4.86889
4588	4.86889
4589	4.86889
4590	4.86889
4591	4.86889
4592	4.86889
4593	4.86889
4594	4.86889
4595	4.86889
4596	4.86889
4597	4.86889
4598	4.86889
4599	4.86889
4600	4.86889
4601	4.86889
4602	4.86889
4603	4.86889
4604	4.86889
4605	4.86889
4606	4.86889
4607	4.86889
4608	4.86889
4609	4.86889
4610	4.86889
4611	4.86889
4612	4.86889
4613	4.86889
4614	4.86889
4615	4.86889
4616	4.86889
4617	4.86889
4618	4.86889
4619	4.86889
4620	4.86889
4621	4.86889
4622	4.86889
4623	4.86889
4624	4.86889
4625	4.86889
4626	4.86889
4627	4.86889
4628	4.86889
4629	4.86889
4630	4.86889
4631	4.86889
4632	4.86889
4633	4.86889
4634	4.86889
4635	4.86889
4636	4.86889
4637	4.86889
4638	4.86889
4639	4.86889
4640	4.86889
4641	4.86889
4642	4.86889
4643	4.86889
4644	4.86889
4645	4.86889
4646	4.86889
4647	4.86889
4648	4.86889
4649	4.86889
4650	4.86889
4651	4.86889
4652	4.86889
4653	4.86889
4654	4.86889
4655	4.86889
4656	4.86889
4657	4.86889
4658	4.86889
4659	4.86889
4660	4.86889
4661	4.86889
4662	4.86889
4663	4.86889
4664	4.86889
4665	4.86889
4666	4.86889
4667	4.86889
4668	4.86889
4669	4.86889
4670	4.86889
4671	4.86889
4672	4.86889
4673	4.86889
4674	4.86889
4675	4.86889
4676	4.86889
4677	4.86889
4678	4.86889
4679	4.86889
4680	4.86889
4681	4.86889
4682	4.86889
4683	4.86889
4684	4.86889
4685	4.86889
4686	4.86889
4687	4.86889
4688	4.86889
4689	4.86889
4690	4.86889
4691	4.86889
4692	4.86889
4693	4.86889
4694	4.86889
4695	4.86889
4696	4.86889
4697	4.86889
4698	4.86889
4699	4.86889
4700	4.86889
4701	4.86889
4702	4.86889
4703	4.86889
4704	4.86889
4705	4.86889
4706	4.86889
4707	4.86889
4708	4.86889
4709	4.86889
4710	4.86889
4711	4.86889
4712	4.86889
4713	4.86889
4714	4.86889
4715	4.86889
4716	4.86889
4717	4.86889
4718	4.86889
4719	4.86889
4720	4.86889
4721	4.86889
4722	4.86889
4723	4.86889
4724	4.86889
4725	4.86889
4726	4.86889
4727	4.86889
4728	4.86889
4729	4.86889
4730	4.86889
4731	4.86889
4732	4.86889
4733	4.86889
4734	4.86889
4735	4.86889
4736	4.86889
4737	4.86889
4738	4.86889
4739	4.86889
4740	4.86889
4741	4.86889
4742	4.86889
4743	4.86889
4744	4.86889
4745	4.86889
4746	4.86889
4747	4.86889
4748	4.86889
4749	4.86889
4750	4.86889
4751	4.86889
4752	4.86889
4753	4.86889
4754	4.86889
4755	4.86889
4756	4.86889
4757	4.86889
4758	4.86889
4759	4.86889
4760	4.86889
4761	4.86889
4762	4.86889
4763	4.86889
4764	4.86889
4765	4.86889
4766	4.86889
4767	4.86889
4768	4.86889
4769	4.86889
4770	4.86889
4771	4.86889
4772	4.86889
4773	4.86889
4774	4.86889
4775	4.86889
4776	4.86889
4777	4.86889
4778	4.86889
4779	4.86889
4780	4.86889
4781	4.86889
4782	4.86889
4783	4.86889
4784	4.86889
4785	4.86889
4786	4.86889
4787	4.86889
4788	4.86889
4789	4.86889
4790	4.86889
4791	4.86889
4792	4.86889
4793	4.86889
4794	4.86889
4795	4.86889
4796	4.86889
4797	4.86889
4798	4.86889
4799	4.86889
4800	4.86889
4801	4.86889
4802	4.86889
4803	4.86889
4804	4.86889
4805	4.86889
4806	4.86889
4807	4.86889
4808	4.86889
4809	4.86889
4810	4.86889
4811	4.86889
4812	4.86889
4813	4.86889
4814	4.86889
4815	4.86889
4816	4.86889
4817	4.86889
4818	4.86889
4819	4.86889
4820	4.86889
4821	4.86889
4822	4.86889
4823	4.86889
4824	4.86889
4825	4.86889
4826	4.86889
4827	4.86889
4828	4.86889
4829	4.86889
4830	4.86889
4831	4.86889
4832	4.86889
4833	4.86889
4834	4.86889
4835	4.86889
4836	4.86889
4837	4.86889
4838	4.86889
4839	4.86889
4840	4.86889
4841	4.86889
4842	4.86889
4843	4.86889
4844	4.86889
4845	4.86889
4846	4.86889
4847	4.86889
4848	4.86889
4849	4.86889
4850	4.86889
4851	4.86889
4852	4.86889
4853	4.86889
4854	4.86889
4855	4.86889
4856	4.86889
4857	4.86889
4858	4.86889
4859	4.86889
4860	4.86889
4861	4.86889
4862	4.86889
4863	4.86889
4864	4.86889
4865	4.86889
4866	4.86889
4867	4.86889
4868	4.86889
4869	4.86889
4870	4.86889
4871	4.86889
4872	4.86889
4873	4.86889
4874	4.86889
4875	4.86889
4876	4.86889
4877	4.86889
4878	4.86889
4879	4.86889
4880	4.86889
4881	4.86889
4882	4.86889
4883	4.86889
4884	4.86889
4885	4.86889
4886	4.86889
4887	4.86889
4888	4.86889
4889	4.86889
4890	4.86889
4891	4.86889
4892	4.86889
4893	4.86889
4894	4.86889
4895	4.86889
4896	4.86889
4897	4.86889
4898	4.86889
4899	4.86889
4900	4.86889
4901	4.86889
4902	4.86889
4903	4.86889
4904	4.86889
4905	4.86889
4906	4.86889
4907	4.86889
4908	4.86889
4909	4.86889
4910	4.86889
4911	4.86889
4912	4.86889
4913	4.86889
4914	4.86889
4915	4.86889
4916	4.86889
4917	4.86889
4918	4.86889
4919	4.86889
4920	4.86889
4921	4.86889
4922	4.86889
4923	4.86889
4924	4.86889
4925	4.86889
4926	4.86889
4927	4.86889
4928	4.86889
4929	4.86889
4930	4.86889
4931	4.86889
4932	4.86889
4933	4.86889
4934	4.86889
4935	4.86889
4936	4.86889
4937	4.86889
4938	4.86889
4939	4.86889
4940	4.86889
4941	4.86889
4942	4.86889
4943	4.86889
4944	4.86889
4945	4.86889
4946	4.86889
4947	4.86889
4948	4.86889
4949	4.86889
4950	4.86889
4951	4.86889
4952	4.86889
4953	4.86889
4954	4.86889
4955	4.86889
4956	4.86889
4957	4.86889
4958	4.86889
4959	4.86889
4960	4.86889
4961	4.86889
4962	4.86889
4963	4.86889
4964	4.86889
4965	4.86889
4966	4.86889
4967	4.86889
4968	4.86889
4969	4.86889
4970	4.86889
4971	4.86889
4972	4.86889
4973	4.86889
4974	4.86889
4975	4.86889
4976	4.86889
4977	4.86889
4978	4.86889
4979	4.86889
4980	4.86889
4981	4.86889
4982	4.86889
4983	4.86889
4984	4.86889
4985	4.86889
4986	4.86889
4987	4.86889
4988	4.86889
4989	4.86889
4990	4.86889
4991	4.86889
4992	4.86889
4993	4.86889
4994	4.86889
4995	4.86889
4996	4.86889
4997	4.86889
4998	4.86889
4999	4.86889
5000	4.86889
