1	13.1237		1
2	12.8013		2
3	12.5421		3
4	12.5421		3
5	11.7854		5
6	11.3096		6
7	11.1801		7
8	10.7884		8
9	10.7276		9
10	10.6228		10
11	9.74535		11
12	9.48299		12
13	9.19862		13
14	9.19862		13
15	9.19862		13
16	9.19862		13
17	8.94859		17
18	8.94859		17
19	8.89196		19
20	8.58335		20
21	8.45859		21
22	8.45859		21
23	8.45859		21
24	8.44515		24
25	7.98095		25
26	7.7878		26
27	7.7878		26
28	7.7878		26
29	7.65434		29
30	7.58682		30
31	7.57776		31
32	7.41018		32
33	7.37658		33
34	7.37658		33
35	7.3631		35
36	6.84385		36
37	6.84385		36
38	6.84385		36
39	6.66789		39
40	6.66789		39
41	6.63768		41
42	6.63768		41
43	6.63768		41
44	6.63768		41
45	6.48409		45
46	6.46557		46
47	6.24048		47
48	6.24048		47
49	6.24048		47
50	6.24048		47
51	6.16198		51
52	6.16198		51
53	6.16198		51
54	6.13801		54
55	6.11782		55
56	6.09385		56
57	6.07763		57
58	6.07763		57
59	6.07763		57
60	6.07763		57
61	6.07763		57
62	5.92681		62
63	5.92681		62
64	5.92681		62
65	5.91847		65
66	5.66349		66
67	5.66349		66
68	5.47803		68
69	5.46969		69
70	5.45826		70
71	5.45826		70
72	5.4039		72
73	5.4039		72
74	5.32988		74
75	5.32988		74
76	5.31784		76
77	5.30235		77
78	5.30235		77
79	5.29458		79
80	5.27908		80
81	5.27908		80
82	5.26132		82
83	5.14753		83
84	5.14753		83
85	5.14753		83
86	5.14753		83
87	5.14753		83
88	5.14753		83
89	5.14753		83
90	5.12762		90
91	5.12762		90
92	5.12762		90
93	5.12487		93
94	5.12487		93
95	4.97924		95
96	4.97924		95
97	4.97924		95
98	4.97924		95
99	4.97924		95
100	4.97924		95
101	4.97924		95
102	4.97364		102
103	4.97364		102
104	4.97364		102
105	4.97364		102
106	4.97364		102
107	4.97364		102
108	4.97364		102
109	4.97364		102
110	4.97364		102
111	4.97364		102
112	4.97364		102
113	4.97364		102
114	4.97364		102
115	4.97364		102
116	4.97364		102
117	4.97364		102
118	4.96978		118
119	4.96978		118
120	4.96978		118
121	4.96978		118
122	4.91932		122
123	4.91932		122
124	4.91932		122
125	4.91932		122
126	4.91932		122
127	4.91932		122
128	4.91932		122
129	4.91932		122
130	4.91932		122
131	4.91932		122
132	4.91932		122
133	4.91932		122
134	4.91932		122
135	4.91932		122
136	4.91932		122
137	4.91932		122
138	4.91932		122
139	4.91932		122
140	4.91932		122
141	4.91932		122
142	4.91932		122
143	4.91932		122
144	4.91932		122
145	4.91932		122
146	4.91932		122
147	4.91932		122
148	4.91932		122
149	4.91932		122
150	4.91932		122
151	4.91932		122
152	4.91932		122
153	4.91932		122
154	4.91932		122
155	4.91932		122
156	4.91932		122
157	4.91932		122
158	4.91932		122
159	4.91932		122
160	4.91932		122
161	4.91932		122
162	4.91932		122
163	4.91932		122
164	4.91932		122
165	4.91932		122
166	4.91932		122
167	4.91932		122
168	4.91932		122
169	4.91932		122
170	4.91932		122
171	4.91932		122
172	4.91932		122
173	4.91932		122
174	4.91932		122
175	4.91932		122
176	4.91932		122
177	4.91932		122
178	4.91932		122
179	4.91932		122
180	4.91932		122
181	4.91932		122
182	4.91932		122
183	4.91932		122
184	4.91932		122
185	4.91932		122
186	4.91932		122
187	4.91932		122
188	4.91932		122
189	4.91932		122
190	4.91932		122
191	4.91932		122
192	4.91932		122
193	4.91932		122
194	4.91932		122
195	4.91932		122
196	4.91932		122
197	4.91932		122
198	4.91932		122
199	4.91932		122
200	4.91932		122
201	4.91932		122
202	4.91932		122
203	4.91932		122
204	4.91932		122
205	4.91932		122
206	4.91932		122
207	4.91932		122
208	4.91932		122
209	4.91932		122
210	4.91932		122
211	4.91932		122
212	4.91932		122
213	4.91932		122
214	4.91932		122
215	4.91932		122
216	4.91932		122
217	4.91932		122
218	4.91932		122
219	4.91932		122
220	4.91932		122
221	4.91932		122
222	4.91932		122
223	4.91932		122
224	4.91932		122
225	4.91932		122
226	4.91932		122
227	4.91932		122
228	4.91932		122
229	4.91932		122
230	4.91932		122
231	4.91932		122
232	4.91932		122
233	4.91932		122
234	4.91932		122
235	4.91932		122
236	4.91932		122
237	4.91932		122
238	4.91932		122
239	4.91932		122
240	4.91932		122
241	4.91932		122
242	4.91932		122
243	4.91932		122
244	4.91932		122
245	4.91932		122
246	4.91932		122
247	4.91932		122
248	4.91932		122
249	4.91932		122
250	4.91932		122
251	4.91932		122
252	4.91932		122
253	4.91932		122
254	4.91932		122
255	4.91932		122
256	4.91932		122
257	4.91932		122
258	4.91932		122
259	4.91932		122
260	4.91932		122
261	4.91932		122
262	4.91932		122
263	4.91932		122
264	4.91932		122
265	4.91932		122
266	4.91932		122
267	4.91932		122
268	4.91932		122
269	4.91932		122
270	4.91932		122
271	4.91932		122
272	4.91932		122
273	4.91932		122
274	4.91932		122
275	4.91932		122
276	4.91932		122
277	4.91932		122
278	4.91932		122
279	4.91932		122
280	4.91932		122
281	4.91932		122
282	4.91932		122
283	4.91932		122
284	4.91932		122
285	4.91932		122
286	4.91932		122
287	4.91932		122
288	4.91932		122
289	4.91932		122
290	4.91932		122
291	4.91932		122
292	4.91932		122
293	4.91932		122
294	4.91932		122
295	4.91932		122
296	4.91932		122
297	4.91932		122
298	4.91932		122
299	4.91932		122
300	4.91932		122
301	4.91932		122
302	4.91932		122
303	4.91932		122
304	4.91932		122
305	4.91932		122
306	4.91932		122
307	4.91932		122
308	4.91932		122
309	4.91932		122
310	4.91932		122
311	4.91932		122
312	4.91932		122
313	4.91932		122
314	4.91932		122
315	4.91932		122
316	4.91932		122
317	4.91932		122
318	4.91932		122
319	4.91932		122
320	4.91932		122
321	4.91932		122
322	4.91932		122
323	4.91932		122
324	4.91932		122
325	4.91932		122
326	4.91932		122
327	4.91932		122
328	4.91932		122
329	4.91932		122
330	4.91932		122
331	4.91932		122
332	4.91932		122
333	4.91932		122
334	4.91932		122
335	4.91932		122
336	4.91932		122
337	4.91932		122
338	4.91932		122
339	4.91932		122
340	4.91932		122
341	4.91932		122
342	4.91932		122
343	4.91932		122
344	4.91932		122
345	4.91932		122
346	4.91932		122
347	4.91932		122
348	4.91932		122
349	4.91932		122
350	4.91932		122
351	4.91932		122
352	4.91932		122
353	4.91932		122
354	4.91932		122
355	4.91932		122
356	4.91932		122
357	4.91932		122
358	4.91932		122
359	4.91932		122
360	4.91932		122
361	4.91932		122
362	4.91932		122
363	4.91932		122
364	4.91932		122
365	4.91932		122
366	4.91932		122
367	4.91932		122
368	4.91932		122
369	4.91932		122
370	4.91932		122
371	4.91932		122
372	4.91932		122
373	4.91932		122
374	4.91932		122
375	4.91932		122
376	4.91932		122
377	4.91932		122
378	4.91932		122
379	4.91932		122
380	4.91932		122
381	4.91932		122
382	4.91932		122
383	4.91932		122
384	4.91932		122
385	4.91932		122
386	4.91932		122
387	4.91932		122
388	4.91932		122
389	4.91932		122
390	4.91932		122
391	4.91932		122
392	4.91932		122
393	4.91932		122
394	4.91932		122
395	4.91932		122
396	4.91932		122
397	4.91932		122
398	4.91932		122
399	4.91932		122
400	4.91932		122
401	4.91932		122
402	4.91932		122
403	4.91932		122
404	4.91932		122
405	4.91932		122
406	4.91932		122
407	4.91932		122
408	4.91932		122
409	4.91932		122
410	4.91932		122
411	4.91932		122
412	4.91932		122
413	4.91932		122
414	4.91932		122
415	4.91932		122
416	4.91932		122
417	4.91932		122
418	4.91932		122
419	4.91932		122
420	4.91932		122
421	4.91932		122
422	4.91932		122
423	4.91932		122
424	4.91932		122
425	4.91932		122
426	4.91932		122
427	4.91932		122
428	4.91932		122
429	4.91932		122
430	4.91932		122
431	4.91932		122
432	4.91932		122
433	4.91932		122
434	4.91932		122
435	4.91932		122
436	4.91932		122
437	4.91932		122
438	4.91932		122
439	4.91932		122
440	4.91932		122
441	4.91932		122
442	4.91932		122
443	4.91932		122
444	4.91932		122
445	4.91932		122
446	4.91932		122
447	4.91932		122
448	4.91932		122
449	4.91932		122
450	4.91932		122
451	4.91932		122
452	4.91932		122
453	4.91932		122
454	4.91932		122
455	4.91932		122
456	4.91932		122
457	4.91932		122
458	4.91932		122
459	4.91932		122
460	4.91932		122
461	4.91932		122
462	4.91932		122
463	4.91932		122
464	4.91932		122
465	4.91932		122
466	4.91932		122
467	4.91932		122
468	4.91932		122
469	4.91932		122
470	4.91932		122
471	4.91932		122
472	4.91932		122
473	4.91932		122
474	4.91932		122
475	4.91932		122
476	4.91932		122
477	4.91932		122
478	4.91932		122
479	4.91932		122
480	4.91932		122
481	4.91932		122
482	4.91932		122
483	4.91932		122
484	4.91932		122
485	4.91932		122
486	4.91932		122
487	4.91932		122
488	4.91932		122
489	4.91932		122
490	4.91932		122
491	4.91932		122
492	4.91932		122
493	4.91932		122
494	4.91932		122
495	4.91932		122
496	4.91932		122
497	4.91932		122
498	4.91932		122
499	4.91932		122
500	4.91932		122
501	4.91932		122
502	4.91932		122
503	4.91932		122
504	4.91932		122
505	4.91932		122
506	4.91932		122
507	4.91932		122
508	4.91932		122
509	4.91932		122
510	4.91932		122
511	4.91932		122
512	4.91932		122
513	4.91932		122
514	4.91932		122
515	4.91932		122
516	4.91932		122
517	4.91932		122
518	4.91932		122
519	4.91932		122
520	4.91932		122
521	4.91932		122
522	4.91932		122
523	4.91932		122
524	4.91932		122
525	4.91932		122
526	4.91932		122
527	4.91932		122
528	4.91932		122
529	4.91932		122
530	4.91932		122
531	4.91932		122
532	4.91932		122
533	4.91932		122
534	4.91932		122
535	4.91932		122
536	4.91932		122
537	4.91932		122
538	4.91932		122
539	4.91932		122
540	4.91932		122
541	4.91932		122
542	4.91932		122
543	4.91932		122
544	4.91932		122
545	4.91932		122
546	4.91932		122
547	4.91932		122
548	4.91932		122
549	4.91932		122
550	4.91932		122
551	4.91932		122
552	4.91932		122
553	4.91932		122
554	4.91932		122
555	4.91932		122
556	4.91932		122
557	4.91932		122
558	4.91932		122
559	4.91932		122
560	4.91932		122
561	4.91932		122
562	4.91932		122
563	4.91932		122
564	4.91932		122
565	4.91932		122
566	4.91932		122
567	4.91932		122
568	4.91932		122
569	4.91932		122
570	4.91932		122
571	4.91932		122
572	4.91932		122
573	4.91932		122
574	4.91932		122
575	4.91932		122
576	4.91932		122
577	4.91932		122
578	4.91932		122
579	4.91932		122
580	4.91932		122
581	4.91932		122
582	4.91932		122
583	4.91932		122
584	4.91932		122
585	4.91932		122
586	4.91932		122
587	4.91932		122
588	4.91932		122
589	4.91932		122
590	4.91932		122
591	4.91932		122
592	4.91932		122
593	4.91932		122
594	4.91932		122
595	4.91932		122
596	4.91932		122
597	4.91932		122
598	4.91932		122
599	4.91932		122
600	4.91932		122
601	4.91932		122
602	4.91932		122
603	4.91932		122
604	4.91932		122
605	4.91932		122
606	4.91932		122
607	4.91932		122
608	4.91932		122
609	4.91932		122
610	4.91932		122
611	4.91932		122
612	4.91932		122
613	4.91932		122
614	4.91932		122
615	4.91932		122
616	4.91932		122
617	4.91932		122
618	4.91932		122
619	4.91932		122
620	4.91932		122
621	4.91932		122
622	4.91932		122
623	4.91932		122
624	4.91932		122
625	4.91932		122
626	4.91932		122
627	4.91932		122
628	4.91932		122
629	4.91932		122
630	4.91932		122
631	4.91932		122
632	4.91932		122
633	4.91932		122
634	4.91932		122
635	4.91932		122
636	4.91932		122
637	4.91932		122
638	4.91932		122
639	4.91932		122
640	4.91932		122
641	4.91932		122
642	4.91932		122
643	4.91932		122
644	4.91932		122
645	4.91932		122
646	4.91932		122
647	4.91932		122
648	4.91932		122
649	4.91932		122
650	4.91932		122
651	4.91932		122
652	4.91932		122
653	4.91932		122
654	4.91932		122
655	4.91932		122
656	4.91932		122
657	4.91932		122
658	4.91932		122
659	4.91932		122
660	4.91932		122
661	4.91932		122
662	4.91932		122
663	4.91932		122
664	4.91932		122
665	4.91932		122
666	4.91932		122
667	4.91932		122
668	4.91932		122
669	4.91932		122
670	4.91932		122
671	4.91932		122
672	4.91932		122
673	4.91932		122
674	4.91932		122
675	4.91932		122
676	4.91932		122
677	4.91932		122
678	4.91932		122
679	4.91932		122
680	4.91932		122
681	4.91932		122
682	4.91932		122
683	4.91932		122
684	4.91932		122
685	4.91932		122
686	4.91932		122
687	4.91932		122
688	4.91932		122
689	4.91932		122
690	4.91932		122
691	4.91932		122
692	4.91932		122
693	4.91932		122
694	4.91932		122
695	4.91932		122
696	4.91932		122
697	4.91932		122
698	4.91932		122
699	4.91932		122
700	4.91932		122
701	4.91932		122
702	4.91932		122
703	4.91932		122
704	4.91932		122
705	4.91932		122
706	4.91932		122
707	4.91932		122
708	4.91932		122
709	4.91932		122
710	4.91932		122
711	4.91932		122
712	4.91932		122
713	4.91932		122
714	4.91932		122
715	4.91932		122
716	4.91932		122
717	4.91932		122
718	4.91932		122
719	4.91932		122
720	4.91932		122
721	4.91932		122
722	4.91932		122
723	4.91932		122
724	4.91932		122
725	4.91932		122
726	4.91932		122
727	4.91932		122
728	4.91932		122
729	4.91932		122
730	4.91932		122
731	4.91932		122
732	4.91932		122
733	4.91932		122
734	4.91932		122
735	4.91932		122
736	4.91932		122
737	4.91932		122
738	4.91932		122
739	4.91932		122
740	4.91932		122
741	4.91932		122
742	4.91932		122
743	4.91932		122
744	4.91932		122
745	4.91932		122
746	4.91932		122
747	4.91932		122
748	4.91932		122
749	4.91932		122
750	4.91932		122
751	4.91932		122
752	4.91932		122
753	4.91932		122
754	4.91932		122
755	4.91932		122
756	4.91932		122
757	4.91932		122
758	4.91932		122
759	4.91932		122
760	4.91932		122
761	4.91932		122
762	4.91932		122
763	4.91932		122
764	4.91932		122
765	4.91932		122
766	4.91932		122
767	4.91932		122
768	4.91932		122
769	4.91932		122
770	4.91932		122
771	4.91932		122
772	4.91932		122
773	4.91932		122
774	4.91932		122
775	4.91932		122
776	4.91932		122
777	4.91932		122
778	4.91932		122
779	4.91932		122
780	4.91932		122
781	4.91932		122
782	4.91932		122
783	4.91932		122
784	4.91932		122
785	4.91932		122
786	4.91932		122
787	4.91932		122
788	4.91932		122
789	4.91932		122
790	4.91932		122
791	4.91932		122
792	4.91932		122
793	4.91932		122
794	4.91932		122
795	4.91932		122
796	4.91932		122
797	4.91932		122
798	4.91932		122
799	4.91932		122
800	4.91932		122
801	4.91932		122
802	4.91932		122
803	4.91932		122
804	4.91932		122
805	4.91932		122
806	4.91932		122
807	4.91932		122
808	4.91932		122
809	4.91932		122
810	4.91932		122
811	4.91932		122
812	4.91932		122
813	4.91932		122
814	4.91932		122
815	4.91932		122
816	4.91932		122
817	4.91932		122
818	4.91932		122
819	4.91932		122
820	4.91932		122
821	4.91932		122
822	4.91932		122
823	4.91932		122
824	4.91932		122
825	4.91932		122
826	4.91932		122
827	4.91932		122
828	4.91932		122
829	4.91932		122
830	4.91932		122
831	4.91932		122
832	4.91932		122
833	4.91932		122
834	4.91932		122
835	4.91932		122
836	4.91932		122
837	4.91932		122
838	4.91932		122
839	4.91932		122
840	4.91932		122
841	4.91932		122
842	4.91932		122
843	4.91932		122
844	4.91932		122
845	4.91932		122
846	4.91932		122
847	4.91932		122
848	4.91932		122
849	4.91932		122
850	4.91932		122
851	4.91932		122
852	4.91932		122
853	4.91932		122
854	4.91932		122
855	4.91932		122
856	4.91932		122
857	4.91932		122
858	4.91932		122
859	4.91932		122
860	4.91932		122
861	4.91932		122
862	4.91932		122
863	4.91932		122
864	4.91932		122
865	4.91932		122
866	4.91932		122
867	4.91932		122
868	4.91932		122
869	4.91932		122
870	4.91932		122
871	4.91932		122
872	4.91932		122
873	4.91932		122
874	4.91932		122
875	4.91932		122
876	4.91932		122
877	4.91932		122
878	4.91932		122
879	4.91932		122
880	4.91932		122
881	4.91932		122
882	4.91932		122
883	4.91932		122
884	4.91932		122
885	4.91932		122
886	4.91932		122
887	4.91932		122
888	4.91932		122
889	4.91932		122
890	4.91932		122
891	4.91932		122
892	4.91932		122
893	4.91932		122
894	4.91932		122
895	4.91932		122
896	4.91932		122
897	4.91932		122
898	4.91932		122
899	4.91932		122
900	4.91932		122
901	4.91932		122
902	4.91932		122
903	4.91932		122
904	4.91932		122
905	4.91932		122
906	4.91932		122
907	4.91932		122
908	4.91932		122
909	4.91932		122
910	4.91932		122
911	4.91932		122
912	4.91932		122
913	4.91932		122
914	4.91932		122
915	4.91932		122
916	4.91932		122
917	4.91932		122
918	4.91932		122
919	4.91932		122
920	4.91932		122
921	4.91932		122
922	4.91932		122
923	4.91932		122
924	4.91932		122
925	4.91932		122
926	4.91932		122
927	4.91932		122
928	4.91932		122
929	4.91932		122
930	4.91932		122
931	4.91932		122
932	4.91932		122
933	4.91932		122
934	4.91932		122
935	4.91932		122
936	4.91932		122
937	4.91932		122
938	4.91932		122
939	4.91932		122
940	4.91932		122
941	4.91932		122
942	4.91932		122
943	4.91932		122
944	4.91932		122
945	4.91932		122
946	4.91932		122
947	4.91932		122
948	4.91932		122
949	4.91932		122
950	4.91932		122
951	4.91932		122
952	4.91932		122
953	4.91932		122
954	4.91932		122
955	4.91932		122
956	4.91932		122
957	4.91932		122
958	4.91932		122
959	4.91932		122
960	4.91932		122
961	4.91932		122
962	4.91932		122
963	4.91932		122
964	4.91932		122
965	4.91932		122
966	4.91932		122
967	4.91932		122
968	4.91932		122
969	4.91932		122
970	4.91932		122
971	4.91932		122
972	4.91932		122
973	4.91932		122
974	4.91932		122
975	4.91932		122
976	4.91932		122
977	4.91932		122
978	4.91932		122
979	4.91932		122
980	4.91932		122
981	4.91932		122
982	4.91932		122
983	4.91932		122
984	4.91932		122
985	4.91932		122
986	4.91932		122
987	4.91932		122
988	4.91932		122
989	4.91932		122
990	4.91932		122
991	4.91932		122
992	4.91932		122
993	4.91932		122
994	4.91932		122
995	4.91932		122
996	4.91932		122
997	4.91932		122
998	4.88977		998
999	4.88977		998
1000	4.88977		998
1001	4.88977		998
1002	4.88977		998
1003	4.88977		998
1004	4.88977		998
1005	4.88977		998
1006	4.88977		998
1007	4.88977		998
1008	4.88977		998
1009	4.88977		998
1010	4.88977		998
1011	4.88977		998
1012	4.88977		998
1013	4.88977		998
1014	4.88977		998
1015	4.88977		998
1016	4.88977		998
1017	4.88977		998
1018	4.88977		998
1019	4.88977		998
1020	4.88977		998
1021	4.88977		998
1022	4.88977		998
1023	4.88977		998
1024	4.88977		998
1025	4.88977		998
1026	4.88977		998
1027	4.88977		998
1028	4.88977		998
1029	4.88977		998
1030	4.88977		998
1031	4.88977		998
1032	4.88977		998
1033	4.88977		998
1034	4.88977		998
1035	4.88977		998
1036	4.88977		998
1037	4.88977		998
1038	4.88977		998
1039	4.88977		998
1040	4.88977		998
1041	4.88977		998
1042	4.88977		998
1043	4.88977		998
1044	4.88977		998
1045	4.88977		998
1046	4.88977		998
1047	4.88977		998
1048	4.88977		998
1049	4.88977		998
1050	4.88977		998
1051	4.88977		998
1052	4.88977		998
1053	4.88977		998
1054	4.88977		998
1055	4.88977		998
1056	4.88977		998
1057	4.88977		998
1058	4.88977		998
1059	4.88977		998
1060	4.88977		998
1061	4.88977		998
1062	4.88977		998
1063	4.88977		998
1064	4.88977		998
1065	4.88977		998
1066	4.88977		998
1067	4.88977		998
1068	4.88977		998
1069	4.88977		998
1070	4.88977		998
1071	4.88977		998
1072	4.88977		998
1073	4.88977		998
1074	4.88977		998
1075	4.88977		998
1076	4.88977		998
1077	4.88977		998
1078	4.88977		998
1079	4.88977		998
1080	4.88977		998
1081	4.88977		998
1082	4.88977		998
1083	4.88977		998
1084	4.88977		998
1085	4.88977		998
1086	4.88977		998
1087	4.88977		998
1088	4.88977		998
1089	4.88977		998
1090	4.88977		998
1091	4.88977		998
1092	4.88977		998
1093	4.88977		998
1094	4.88977		998
1095	4.88977		998
1096	4.88977		998
1097	4.88977		998
1098	4.88977		998
1099	4.88977		998
1100	4.88977		998
1101	4.88977		998
1102	4.88977		998
1103	4.88977		998
1104	4.88977		998
1105	4.88977		998
1106	4.88977		998
1107	4.88977		998
1108	4.88977		998
1109	4.88977		998
1110	4.88977		998
1111	4.88977		998
1112	4.88977		998
1113	4.88977		998
1114	4.88977		998
1115	4.88977		998
1116	4.88977		998
1117	4.88977		998
1118	4.88977		998
1119	4.88977		998
1120	4.88977		998
1121	4.88977		998
1122	4.88977		998
1123	4.88977		998
1124	4.88977		998
1125	4.88977		998
1126	4.88977		998
1127	4.88977		998
1128	4.88977		998
1129	4.88977		998
1130	4.88977		998
1131	4.88977		998
1132	4.88977		998
1133	4.88977		998
1134	4.88977		998
1135	4.88977		998
1136	4.88977		998
1137	4.88977		998
1138	4.88977		998
1139	4.88977		998
1140	4.88977		998
1141	4.88977		998
1142	4.88977		998
1143	4.88977		998
1144	4.88977		998
1145	4.88977		998
1146	4.88977		998
1147	4.88977		998
1148	4.88977		998
1149	4.88977		998
1150	4.88977		998
1151	4.88977		998
1152	4.88977		998
1153	4.88977		998
1154	4.88977		998
1155	4.88977		998
1156	4.88977		998
1157	4.88977		998
1158	4.88977		998
1159	4.88977		998
1160	4.88977		998
1161	4.88977		998
1162	4.88977		998
1163	4.88977		998
1164	4.88977		998
1165	4.88977		998
1166	4.88977		998
1167	4.88977		998
1168	4.88977		998
1169	4.88977		998
1170	4.88977		998
1171	4.88977		998
1172	4.88977		998
1173	4.88977		998
1174	4.88977		998
1175	4.88977		998
1176	4.88977		998
1177	4.88977		998
1178	4.88977		998
1179	4.88977		998
1180	4.88977		998
1181	4.88977		998
1182	4.88977		998
1183	4.88977		998
1184	4.88977		998
1185	4.88977		998
1186	4.88977		998
1187	4.88977		998
1188	4.88977		998
1189	4.88977		998
1190	4.88977		998
1191	4.88977		998
1192	4.88977		998
1193	4.88977		998
1194	4.88977		998
1195	4.88977		998
1196	4.88977		998
1197	4.88977		998
1198	4.88977		998
1199	4.88977		998
1200	4.88977		998
1201	4.88977		998
1202	4.88977		998
1203	4.88977		998
1204	4.88977		998
1205	4.88977		998
1206	4.88977		998
1207	4.88977		998
1208	4.88977		998
1209	4.88977		998
1210	4.88977		998
1211	4.88977		998
1212	4.88977		998
1213	4.88977		998
1214	4.88977		998
1215	4.88977		998
1216	4.88977		998
1217	4.88977		998
1218	4.88977		998
1219	4.88977		998
1220	4.88977		998
1221	4.88977		998
1222	4.88977		998
1223	4.88977		998
1224	4.88977		998
1225	4.88977		998
1226	4.88977		998
1227	4.88977		998
1228	4.88977		998
1229	4.88977		998
1230	4.88977		998
1231	4.88977		998
1232	4.88977		998
1233	4.88977		998
1234	4.88977		998
1235	4.88977		998
1236	4.88977		998
1237	4.88977		998
1238	4.88977		998
1239	4.88977		998
1240	4.88977		998
1241	4.88977		998
1242	4.88977		998
1243	4.88977		998
1244	4.88977		998
1245	4.88977		998
1246	4.88977		998
1247	4.88977		998
1248	4.88977		998
1249	4.88977		998
1250	4.88977		998
1251	4.88977		998
1252	4.88977		998
1253	4.88977		998
1254	4.88977		998
1255	4.88977		998
1256	4.88977		998
1257	4.88977		998
1258	4.88977		998
1259	4.88977		998
1260	4.88977		998
1261	4.88977		998
1262	4.88977		998
1263	4.88977		998
1264	4.88977		998
1265	4.88977		998
1266	4.88977		998
1267	4.88977		998
1268	4.88977		998
1269	4.88977		998
1270	4.88977		998
1271	4.88977		998
1272	4.88977		998
1273	4.88977		998
1274	4.88977		998
1275	4.88977		998
1276	4.88977		998
1277	4.88977		998
1278	4.88977		998
1279	4.88977		998
1280	4.88977		998
1281	4.88977		998
1282	4.88977		998
1283	4.88977		998
1284	4.88977		998
1285	4.88977		998
1286	4.88977		998
1287	4.88977		998
1288	4.88977		998
1289	4.88977		998
1290	4.88977		998
1291	4.88977		998
1292	4.88977		998
1293	4.88977		998
1294	4.88977		998
1295	4.88977		998
1296	4.88977		998
1297	4.88977		998
1298	4.88977		998
1299	4.88977		998
1300	4.88977		998
1301	4.88977		998
1302	4.88977		998
1303	4.88977		998
1304	4.88977		998
1305	4.88977		998
1306	4.88977		998
1307	4.88977		998
1308	4.88977		998
1309	4.88977		998
1310	4.88977		998
1311	4.88977		998
1312	4.88977		998
1313	4.88977		998
1314	4.88977		998
1315	4.88977		998
1316	4.88977		998
1317	4.88977		998
1318	4.88977		998
1319	4.88977		998
1320	4.88977		998
1321	4.88977		998
1322	4.88977		998
1323	4.88977		998
1324	4.88977		998
1325	4.88977		998
1326	4.88977		998
1327	4.88977		998
1328	4.88977		998
1329	4.88977		998
1330	4.88977		998
1331	4.88977		998
1332	4.88977		998
1333	4.88977		998
1334	4.88977		998
1335	4.88977		998
1336	4.88977		998
1337	4.88977		998
1338	4.88977		998
1339	4.88977		998
1340	4.88977		998
1341	4.88977		998
1342	4.88977		998
1343	4.88977		998
1344	4.88977		998
1345	4.88977		998
1346	4.88977		998
1347	4.88977		998
1348	4.88977		998
1349	4.88977		998
1350	4.88977		998
1351	4.88977		998
1352	4.88977		998
1353	4.88977		998
1354	4.88977		998
1355	4.88977		998
1356	4.88977		998
1357	4.88977		998
1358	4.88977		998
1359	4.88977		998
1360	4.88977		998
1361	4.88977		998
1362	4.88977		998
1363	4.88977		998
1364	4.88977		998
1365	4.88977		998
1366	4.88977		998
1367	4.88977		998
1368	4.88977		998
1369	4.88977		998
1370	4.88977		998
1371	4.88977		998
1372	4.88977		998
1373	4.88977		998
1374	4.88977		998
1375	4.88977		998
1376	4.88977		998
1377	4.88977		998
1378	4.88977		998
1379	4.88977		998
1380	4.88977		998
1381	4.88977		998
1382	4.88977		998
1383	4.88977		998
1384	4.88977		998
1385	4.88977		998
1386	4.88977		998
1387	4.88977		998
1388	4.88977		998
1389	4.88977		998
1390	4.88977		998
1391	4.88977		998
1392	4.88977		998
1393	4.88977		998
1394	4.88977		998
1395	4.88977		998
1396	4.88977		998
1397	4.88977		998
1398	4.88977		998
1399	4.88977		998
1400	4.88977		998
1401	4.88977		998
1402	4.88977		998
1403	4.88977		998
1404	4.88977		998
1405	4.88977		998
1406	4.88977		998
1407	4.88977		998
1408	4.88977		998
1409	4.88977		998
1410	4.88977		998
1411	4.88977		998
1412	4.88977		998
1413	4.88977		998
1414	4.88977		998
1415	4.88977		998
1416	4.88977		998
1417	4.88977		998
1418	4.88977		998
1419	4.88977		998
1420	4.88977		998
1421	4.88977		998
1422	4.88977		998
1423	4.88977		998
1424	4.88977		998
1425	4.88977		998
1426	4.88977		998
1427	4.88977		998
1428	4.88977		998
1429	4.88977		998
1430	4.88977		998
1431	4.88977		998
1432	4.88977		998
1433	4.88977		998
1434	4.88977		998
1435	4.88977		998
1436	4.88977		998
1437	4.88977		998
1438	4.88977		998
1439	4.88977		998
1440	4.88977		998
1441	4.88977		998
1442	4.88977		998
1443	4.88977		998
1444	4.88977		998
1445	4.88977		998
1446	4.88977		998
1447	4.88977		998
1448	4.88977		998
1449	4.88977		998
1450	4.88977		998
1451	4.88977		998
1452	4.88977		998
1453	4.88977		998
1454	4.88977		998
1455	4.88977		998
1456	4.88977		998
1457	4.88977		998
1458	4.88977		998
1459	4.88977		998
1460	4.88977		998
1461	4.88977		998
1462	4.88977		998
1463	4.88977		998
1464	4.88977		998
1465	4.88977		998
1466	4.88977		998
1467	4.88977		998
1468	4.88977		998
1469	4.88977		998
1470	4.88977		998
1471	4.88977		998
1472	4.88977		998
1473	4.88977		998
1474	4.88977		998
1475	4.88977		998
1476	4.88977		998
1477	4.88977		998
1478	4.88977		998
1479	4.88977		998
1480	4.88977		998
1481	4.88977		998
1482	4.88977		998
1483	4.88977		998
1484	4.88977		998
1485	4.88977		998
1486	4.88977		998
1487	4.88977		998
1488	4.88977		998
1489	4.88977		998
1490	4.88977		998
1491	4.88977		998
1492	4.88977		998
1493	4.88977		998
1494	4.88977		998
1495	4.88977		998
1496	4.88977		998
1497	4.88977		998
1498	4.88977		998
1499	4.88977		998
1500	4.88977		998
1501	4.88977		998
1502	4.88977		998
1503	4.88977		998
1504	4.88977		998
1505	4.88977		998
1506	4.88977		998
1507	4.88977		998
1508	4.88977		998
1509	4.88977		998
1510	4.88977		998
1511	4.88977		998
1512	4.88977		998
1513	4.88977		998
1514	4.88977		998
1515	4.88977		998
1516	4.88977		998
1517	4.88977		998
1518	4.88977		998
1519	4.88977		998
1520	4.88977		998
1521	4.88977		998
1522	4.88977		998
1523	4.88977		998
1524	4.88977		998
1525	4.88977		998
1526	4.88977		998
1527	4.88977		998
1528	4.88977		998
1529	4.88977		998
1530	4.88977		998
1531	4.88977		998
1532	4.88977		998
1533	4.88977		998
1534	4.88977		998
1535	4.88977		998
1536	4.88977		998
1537	4.88977		998
1538	4.88977		998
1539	4.88977		998
1540	4.88977		998
1541	4.88977		998
1542	4.88977		998
1543	4.88977		998
1544	4.88977		998
1545	4.88977		998
1546	4.88977		998
1547	4.88977		998
1548	4.88977		998
1549	4.88977		998
1550	4.88977		998
1551	4.88977		998
1552	4.88977		998
1553	4.88977		998
1554	4.88977		998
1555	4.88977		998
1556	4.88977		998
1557	4.88977		998
1558	4.88977		998
1559	4.88977		998
1560	4.88977		998
1561	4.88977		998
1562	4.88977		998
1563	4.88977		998
1564	4.88977		998
1565	4.88977		998
1566	4.88977		998
1567	4.88977		998
1568	4.88977		998
1569	4.88977		998
1570	4.88977		998
1571	4.88977		998
1572	4.88977		998
1573	4.88977		998
1574	4.88977		998
1575	4.88977		998
1576	4.88977		998
1577	4.88977		998
1578	4.88977		998
1579	4.88977		998
1580	4.88977		998
1581	4.88977		998
1582	4.88977		998
1583	4.88977		998
1584	4.88977		998
1585	4.88977		998
1586	4.88977		998
1587	4.88977		998
1588	4.88977		998
1589	4.88977		998
1590	4.88977		998
1591	4.88977		998
1592	4.88977		998
1593	4.88977		998
1594	4.88977		998
1595	4.88977		998
1596	4.88977		998
1597	4.88977		998
1598	4.88977		998
1599	4.88977		998
1600	4.88977		998
1601	4.88977		998
1602	4.88977		998
1603	4.88977		998
1604	4.88977		998
1605	4.88977		998
1606	4.88977		998
1607	4.88977		998
1608	4.88977		998
1609	4.88977		998
1610	4.88977		998
1611	4.88977		998
1612	4.88977		998
1613	4.88977		998
1614	4.88977		998
1615	4.88977		998
1616	4.88977		998
1617	4.88977		998
1618	4.88977		998
1619	4.88977		998
1620	4.88977		998
1621	4.88977		998
1622	4.88977		998
1623	4.88977		998
1624	4.88977		998
1625	4.88977		998
1626	4.88977		998
1627	4.88977		998
1628	4.88977		998
1629	4.88977		998
1630	4.88977		998
1631	4.88977		998
1632	4.88977		998
1633	4.88977		998
1634	4.88977		998
1635	4.88977		998
1636	4.88977		998
1637	4.88977		998
1638	4.88977		998
1639	4.88977		998
1640	4.88977		998
1641	4.88977		998
1642	4.88977		998
1643	4.88977		998
1644	4.88977		998
1645	4.88977		998
1646	4.88977		998
1647	4.88977		998
1648	4.88977		998
1649	4.88977		998
1650	4.88977		998
1651	4.88977		998
1652	4.88977		998
1653	4.88977		998
1654	4.88977		998
1655	4.88977		998
1656	4.88977		998
1657	4.88977		998
1658	4.88977		998
1659	4.88977		998
1660	4.88977		998
1661	4.88977		998
1662	4.88977		998
1663	4.88977		998
1664	4.88977		998
1665	4.88977		998
1666	4.88977		998
1667	4.88977		998
1668	4.88977		998
1669	4.88977		998
1670	4.88977		998
1671	4.88977		998
1672	4.88977		998
1673	4.88977		998
1674	4.88977		998
1675	4.88977		998
1676	4.88977		998
1677	4.88977		998
1678	4.88977		998
1679	4.88977		998
1680	4.88977		998
1681	4.88977		998
1682	4.88977		998
1683	4.88977		998
1684	4.88977		998
1685	4.88977		998
1686	4.88977		998
1687	4.88977		998
1688	4.88977		998
1689	4.88977		998
1690	4.88977		998
1691	4.88977		998
1692	4.88977		998
1693	4.88977		998
1694	4.88977		998
1695	4.88977		998
1696	4.88977		998
1697	4.88977		998
1698	4.88977		998
1699	4.88977		998
1700	4.88977		998
1701	4.88977		998
1702	4.88977		998
1703	4.88977		998
1704	4.88977		998
1705	4.88977		998
1706	4.88977		998
1707	4.88977		998
1708	4.88977		998
1709	4.88977		998
1710	4.88977		998
1711	4.88977		998
1712	4.88977		998
1713	4.88977		998
1714	4.88977		998
1715	4.88977		998
1716	4.88977		998
1717	4.88977		998
1718	4.88977		998
1719	4.88977		998
1720	4.88977		998
1721	4.88977		998
1722	4.88977		998
1723	4.88977		998
1724	4.88977		998
1725	4.88977		998
1726	4.88977		998
1727	4.88977		998
1728	4.88977		998
1729	4.88977		998
1730	4.88977		998
1731	4.88977		998
1732	4.88977		998
1733	4.88977		998
1734	4.88977		998
1735	4.88977		998
1736	4.88977		998
1737	4.88977		998
1738	4.88977		998
1739	4.88977		998
1740	4.88977		998
1741	4.88977		998
1742	4.88977		998
1743	4.8826		1743
1744	4.8826		1743
1745	4.8826		1743
1746	4.8826		1743
1747	4.8826		1743
1748	4.8826		1743
1749	4.8826		1743
1750	4.8826		1743
1751	4.8826		1743
1752	4.8826		1743
1753	4.8826		1743
1754	4.8826		1743
1755	4.8826		1743
1756	4.8826		1743
1757	4.8826		1743
1758	4.8826		1743
1759	4.8826		1743
1760	4.8826		1743
1761	4.8826		1743
1762	4.8826		1743
1763	4.8826		1743
1764	4.8826		1743
1765	4.8826		1743
1766	4.8826		1743
1767	4.8826		1743
1768	4.8826		1743
1769	4.8826		1743
1770	4.8826		1743
1771	4.8826		1743
1772	4.8826		1743
1773	4.8826		1743
1774	4.8826		1743
1775	4.8826		1743
1776	4.8826		1743
1777	4.8826		1743
1778	4.8826		1743
1779	4.8826		1743
1780	4.8826		1743
1781	4.8826		1743
1782	4.8826		1743
1783	4.8826		1743
1784	4.8826		1743
1785	4.8826		1743
1786	4.8826		1743
1787	4.8826		1743
1788	4.8826		1743
1789	4.8826		1743
1790	4.8826		1743
1791	4.8826		1743
1792	4.8826		1743
1793	4.8826		1743
1794	4.8826		1743
1795	4.8826		1743
1796	4.8826		1743
1797	4.8826		1743
1798	4.8826		1743
1799	4.8826		1743
1800	4.8826		1743
1801	4.8826		1743
1802	4.8826		1743
1803	4.8826		1743
1804	4.8826		1743
1805	4.8826		1743
1806	4.8826		1743
1807	4.8826		1743
1808	4.8826		1743
1809	4.8826		1743
1810	4.8826		1743
1811	4.8826		1743
1812	4.8826		1743
1813	4.8826		1743
1814	4.8826		1743
1815	4.8826		1743
1816	4.8826		1743
1817	4.8826		1743
1818	4.8826		1743
1819	4.8826		1743
1820	4.8826		1743
1821	4.8826		1743
1822	4.8826		1743
1823	4.8826		1743
1824	4.8826		1743
1825	4.8826		1743
1826	4.8826		1743
1827	4.8826		1743
1828	4.8826		1743
1829	4.8826		1743
1830	4.8826		1743
1831	4.8826		1743
1832	4.8826		1743
1833	4.8826		1743
1834	4.8826		1743
1835	4.8826		1743
1836	4.8826		1743
1837	4.8826		1743
1838	4.8826		1743
1839	4.8826		1743
1840	4.8826		1743
1841	4.8826		1743
1842	4.8826		1743
1843	4.8826		1743
1844	4.8826		1743
1845	4.8826		1743
1846	4.8826		1743
1847	4.8826		1743
1848	4.8826		1743
1849	4.8826		1743
1850	4.8826		1743
1851	4.8826		1743
1852	4.8826		1743
1853	4.8826		1743
1854	4.8826		1743
1855	4.8826		1743
1856	4.8826		1743
1857	4.8826		1743
1858	4.8826		1743
1859	4.8826		1743
1860	4.8826		1743
1861	4.8826		1743
1862	4.8826		1743
1863	4.8826		1743
1864	4.8826		1743
1865	4.8826		1743
1866	4.8826		1743
1867	4.8826		1743
1868	4.8826		1743
1869	4.8826		1743
1870	4.8826		1743
1871	4.8826		1743
1872	4.8826		1743
1873	4.8826		1743
1874	4.8826		1743
1875	4.8826		1743
1876	4.8826		1743
1877	4.8826		1743
1878	4.8826		1743
1879	4.8826		1743
1880	4.8826		1743
1881	4.8826		1743
1882	4.8826		1743
1883	4.8826		1743
1884	4.8826		1743
1885	4.8826		1743
1886	4.8826		1743
1887	4.8826		1743
1888	4.8826		1743
1889	4.8826		1743
1890	4.8826		1743
1891	4.8826		1743
1892	4.8826		1743
1893	4.8826		1743
1894	4.8826		1743
1895	4.8826		1743
1896	4.8826		1743
1897	4.8826		1743
1898	4.8826		1743
1899	4.8826		1743
1900	4.8826		1743
1901	4.8826		1743
1902	4.8826		1743
1903	4.8826		1743
1904	4.8826		1743
1905	4.8826		1743
1906	4.8826		1743
1907	4.8826		1743
1908	4.8826		1743
1909	4.8826		1743
1910	4.8826		1743
1911	4.8826		1743
1912	4.8826		1743
1913	4.8826		1743
1914	4.8826		1743
1915	4.8826		1743
1916	4.8826		1743
1917	4.8826		1743
1918	4.8826		1743
1919	4.8826		1743
1920	4.8826		1743
1921	4.8826		1743
1922	4.8826		1743
1923	4.8826		1743
1924	4.8826		1743
1925	4.8826		1743
1926	4.8826		1743
1927	4.8826		1743
1928	4.8826		1743
1929	4.8826		1743
1930	4.8826		1743
1931	4.8826		1743
1932	4.8826		1743
1933	4.8826		1743
1934	4.8826		1743
1935	4.8826		1743
1936	4.8826		1743
1937	4.8826		1743
1938	4.8826		1743
1939	4.8826		1743
1940	4.8826		1743
1941	4.8826		1743
1942	4.8826		1743
1943	4.8826		1743
1944	4.8826		1743
1945	4.8826		1743
1946	4.8826		1743
1947	4.8826		1743
1948	4.8826		1743
1949	4.8826		1743
1950	4.8826		1743
1951	4.8826		1743
1952	4.8826		1743
1953	4.8826		1743
1954	4.8826		1743
1955	4.8826		1743
1956	4.8826		1743
1957	4.8826		1743
1958	4.87786		1958
1959	4.87786		1958
1960	4.87786		1958
1961	4.87786		1958
1962	4.87786		1958
1963	4.87786		1958
1964	4.87786		1958
1965	4.87786		1958
1966	4.87786		1958
1967	4.87786		1958
1968	4.87786		1958
1969	4.87786		1958
1970	4.87786		1958
1971	4.87786		1958
1972	4.69945		1972
1973	4.69945		1972
1974	4.69945		1972
1975	4.69945		1972
1976	4.69945		1972
1977	4.69945		1972
1978	4.69945		1972
1979	4.69945		1972
1980	4.69945		1972
1981	4.69945		1972
1982	4.69945		1972
1983	4.69945		1972
1984	4.69945		1972
1985	4.69945		1972
1986	4.69945		1972
1987	4.69945		1972
1988	4.69945		1972
1989	4.69945		1972
1990	4.69945		1972
1991	4.69945		1972
1992	4.69945		1972
1993	4.69945		1972
1994	4.69945		1972
1995	4.69945		1972
1996	4.69945		1972
1997	4.69945		1972
1998	4.69945		1972
1999	4.69945		1972
2000	4.69945		1972
2001	4.69945		1972
2002	4.69945		1972
2003	4.69945		1972
2004	4.69945		1972
2005	4.69945		1972
2006	4.69945		1972
2007	4.69945		1972
2008	4.69945		1972
2009	4.69945		1972
2010	4.69945		1972
2011	4.69945		1972
2012	4.69945		1972
2013	4.69945		1972
2014	4.69945		1972
2015	4.69945		1972
2016	4.69945		1972
2017	4.69945		1972
2018	4.69945		1972
2019	4.69945		1972
2020	4.69945		1972
2021	4.69945		1972
2022	4.69945		1972
2023	4.69945		1972
2024	4.69945		1972
2025	4.69945		1972
2026	4.69945		1972
2027	4.69945		1972
2028	4.69945		1972
2029	4.69945		1972
2030	4.69945		1972
2031	4.69945		1972
2032	4.69945		1972
2033	4.69945		1972
2034	4.69945		1972
2035	4.69945		1972
2036	4.69945		1972
2037	4.69945		1972
2038	4.69945		1972
2039	4.69945		1972
2040	4.69945		1972
2041	4.69945		1972
2042	4.69945		1972
2043	4.69945		1972
2044	4.69945		1972
2045	4.69945		1972
2046	4.69945		1972
2047	4.69945		1972
2048	4.69945		1972
2049	4.69945		1972
2050	4.69945		1972
2051	4.69945		1972
2052	4.69945		1972
2053	4.69945		1972
2054	4.69945		1972
2055	4.69945		1972
2056	4.69945		1972
2057	4.69945		1972
2058	4.69945		1972
2059	4.69945		1972
2060	4.69945		1972
2061	4.69945		1972
2062	4.69945		1972
2063	4.69945		1972
2064	4.69945		1972
2065	4.69945		1972
2066	4.69945		1972
2067	4.69945		1972
2068	4.69945		1972
2069	4.69945		1972
2070	4.69945		1972
2071	4.69945		1972
2072	4.69945		1972
2073	4.69945		1972
2074	4.69945		1972
2075	4.69945		1972
2076	4.69945		1972
2077	4.69945		1972
2078	4.69945		1972
2079	4.69945		1972
2080	4.69945		1972
2081	4.69945		1972
2082	4.69945		1972
2083	4.69945		1972
2084	4.69945		1972
2085	4.69945		1972
2086	4.69945		1972
2087	4.69945		1972
2088	4.69945		1972
2089	4.69945		1972
2090	4.69945		1972
2091	4.69945		1972
2092	4.69945		1972
2093	4.69945		1972
2094	4.69945		1972
2095	4.69945		1972
2096	4.69945		1972
2097	4.69945		1972
2098	4.69945		1972
2099	4.69945		1972
2100	4.69945		1972
2101	4.69945		1972
2102	4.69945		1972
2103	4.69945		1972
2104	4.69945		1972
2105	4.69945		1972
2106	4.69945		1972
2107	4.69945		1972
2108	4.69945		1972
2109	4.69945		1972
2110	4.69945		1972
2111	4.69945		1972
2112	4.69945		1972
2113	4.69945		1972
2114	4.69945		1972
2115	4.69945		1972
2116	4.69945		1972
2117	4.69945		1972
2118	4.69945		1972
2119	4.69945		1972
2120	4.69945		1972
2121	4.69945		1972
2122	4.69945		1972
2123	4.69945		1972
2124	4.69945		1972
2125	4.69945		1972
2126	4.69945		1972
2127	4.69945		1972
2128	4.69945		1972
2129	4.69945		1972
2130	4.69945		1972
2131	4.69945		1972
2132	4.69945		1972
2133	4.69945		1972
2134	4.69945		1972
2135	4.69945		1972
2136	4.69945		1972
2137	4.69945		1972
2138	4.69945		1972
2139	4.69945		1972
2140	4.69945		1972
2141	4.69945		1972
2142	4.69945		1972
2143	4.69945		1972
2144	4.69945		1972
2145	4.69945		1972
2146	4.69945		1972
2147	4.69945		1972
2148	4.69945		1972
2149	4.69945		1972
2150	4.69945		1972
2151	4.69945		1972
2152	4.69945		1972
2153	4.69945		1972
2154	4.69945		1972
2155	4.69945		1972
2156	4.69945		1972
2157	4.69945		1972
2158	4.69945		1972
2159	4.69945		1972
2160	4.69945		1972
2161	4.69945		1972
2162	4.69945		1972
2163	4.69945		1972
2164	4.69945		1972
2165	4.69945		1972
2166	4.69945		1972
2167	4.69945		1972
2168	4.69945		1972
2169	4.69945		1972
2170	4.69945		1972
2171	4.69945		1972
2172	4.69945		1972
2173	4.69945		1972
2174	4.69945		1972
2175	4.69945		1972
2176	4.69945		1972
2177	4.69945		1972
2178	4.69945		1972
2179	4.69945		1972
2180	4.69945		1972
2181	4.69945		1972
2182	4.69945		1972
2183	4.69945		1972
2184	4.69945		1972
2185	4.69945		1972
2186	4.69945		1972
2187	4.69945		1972
2188	4.69945		1972
2189	4.69945		1972
2190	4.69945		1972
2191	4.69945		1972
2192	4.69945		1972
2193	4.69945		1972
2194	4.69945		1972
2195	4.69945		1972
2196	4.69945		1972
2197	4.69945		1972
2198	4.69945		1972
2199	4.69945		1972
2200	4.69945		1972
2201	4.69945		1972
2202	4.69945		1972
2203	4.69945		1972
2204	4.69945		1972
2205	4.69945		1972
2206	4.69945		1972
2207	4.69945		1972
2208	4.69945		1972
2209	4.69945		1972
2210	4.69945		1972
2211	4.69945		1972
2212	4.69945		1972
2213	4.69945		1972
2214	4.69945		1972
2215	4.69945		1972
2216	4.69945		1972
2217	4.69945		1972
2218	4.69945		1972
2219	4.69945		1972
2220	4.69945		1972
2221	4.69945		1972
2222	4.69945		1972
2223	4.69945		1972
2224	4.69945		1972
2225	4.69945		1972
2226	4.69945		1972
2227	4.69945		1972
2228	4.69945		1972
2229	4.69945		1972
2230	4.69945		1972
2231	4.69945		1972
2232	4.69945		1972
2233	4.69945		1972
2234	4.69945		1972
2235	4.69945		1972
2236	4.69945		1972
2237	4.69945		1972
2238	4.69945		1972
2239	4.69945		1972
2240	4.69945		1972
2241	4.69945		1972
2242	4.69945		1972
2243	4.69945		1972
2244	4.69945		1972
2245	4.69945		1972
2246	4.69945		1972
2247	4.69945		1972
2248	4.69945		1972
2249	4.69945		1972
2250	4.69945		1972
2251	4.69945		1972
2252	4.69945		1972
2253	4.69945		1972
2254	4.69945		1972
2255	4.69945		1972
2256	4.69945		1972
2257	4.69945		1972
2258	4.69945		1972
2259	4.69945		1972
2260	4.69945		1972
2261	4.69945		1972
2262	4.69945		1972
2263	4.69945		1972
2264	4.69945		1972
2265	4.69945		1972
2266	4.69945		1972
2267	4.69945		1972
2268	4.69945		1972
2269	4.69945		1972
2270	4.69945		1972
2271	4.69945		1972
2272	4.69945		1972
2273	4.69945		1972
2274	4.69945		1972
2275	4.69945		1972
2276	4.69945		1972
2277	4.69945		1972
2278	4.69945		1972
2279	4.69945		1972
2280	4.69945		1972
2281	4.69945		1972
2282	4.69945		1972
2283	4.69945		1972
2284	4.69945		1972
2285	4.69945		1972
2286	4.69945		1972
2287	4.69945		1972
2288	4.69945		1972
2289	4.69945		1972
2290	4.69945		1972
2291	4.69945		1972
2292	4.69945		1972
2293	4.69945		1972
2294	4.69945		1972
2295	4.69945		1972
2296	4.69945		1972
2297	4.69945		1972
2298	4.69945		1972
2299	4.69945		1972
2300	4.69945		1972
2301	4.69945		1972
2302	4.69945		1972
2303	4.69945		1972
2304	4.69945		1972
2305	4.69945		1972
2306	4.69945		1972
2307	4.69945		1972
2308	4.69945		1972
2309	4.69945		1972
2310	4.69945		1972
2311	4.69945		1972
2312	4.69945		1972
2313	4.69945		1972
2314	4.69945		1972
2315	4.69945		1972
2316	4.69945		1972
2317	4.69945		1972
2318	4.69945		1972
2319	4.69945		1972
2320	4.69945		1972
2321	4.69945		1972
2322	4.69945		1972
2323	4.69945		1972
2324	4.69945		1972
2325	4.69945		1972
2326	4.69945		1972
2327	4.69945		1972
2328	4.69945		1972
2329	4.69945		1972
2330	4.69945		1972
2331	4.69945		1972
2332	4.69945		1972
2333	4.69945		1972
2334	4.69945		1972
2335	4.69945		1972
2336	4.69945		1972
2337	4.69945		1972
2338	4.69945		1972
2339	4.69945		1972
2340	4.69945		1972
2341	4.69945		1972
2342	4.69945		1972
2343	4.69945		1972
2344	4.69945		1972
2345	4.69945		1972
2346	4.69945		1972
2347	4.69945		1972
2348	4.69945		1972
2349	4.69945		1972
2350	4.69945		1972
2351	4.69945		1972
2352	4.69945		1972
2353	4.69945		1972
2354	4.69945		1972
2355	4.69945		1972
2356	4.69945		1972
2357	4.69945		1972
2358	4.69945		1972
2359	4.69945		1972
2360	4.69945		1972
2361	4.69945		1972
2362	4.69945		1972
2363	4.69945		1972
2364	4.69945		1972
2365	4.69945		1972
2366	4.69945		1972
2367	4.69945		1972
2368	4.69945		1972
2369	4.69945		1972
2370	4.69945		1972
2371	4.69945		1972
2372	4.69945		1972
2373	4.69945		1972
2374	4.69945		1972
2375	4.69945		1972
2376	4.69945		1972
2377	4.69945		1972
2378	4.69945		1972
2379	4.69945		1972
2380	4.69945		1972
2381	4.69945		1972
2382	4.69945		1972
2383	4.69945		1972
2384	4.69945		1972
2385	4.69945		1972
2386	4.69945		1972
2387	4.69945		1972
2388	4.69945		1972
2389	4.69945		1972
2390	4.69945		1972
2391	4.69945		1972
2392	4.69945		1972
2393	4.69945		1972
2394	4.69945		1972
2395	4.69945		1972
2396	4.69945		1972
2397	4.69945		1972
2398	4.69945		1972
2399	4.69945		1972
2400	4.69945		1972
2401	4.69945		1972
2402	4.69945		1972
2403	4.69945		1972
2404	4.69945		1972
2405	4.69945		1972
2406	4.69945		1972
2407	4.69945		1972
2408	4.69945		1972
2409	4.69945		1972
2410	4.69945		1972
2411	4.69945		1972
2412	4.69945		1972
2413	4.69945		1972
2414	4.69945		1972
2415	4.69945		1972
2416	4.69945		1972
2417	4.69945		1972
2418	4.69945		1972
2419	4.69945		1972
2420	4.69945		1972
2421	4.69945		1972
2422	4.69945		1972
2423	4.69945		1972
2424	4.69945		1972
2425	4.69945		1972
2426	4.69945		1972
2427	4.69945		1972
2428	4.69945		1972
2429	4.69945		1972
2430	4.69945		1972
2431	4.69945		1972
2432	4.69945		1972
2433	4.69945		1972
2434	4.69945		1972
2435	4.69945		1972
2436	4.69945		1972
2437	4.69945		1972
2438	4.69945		1972
2439	4.69945		1972
2440	4.69945		1972
2441	4.69945		1972
2442	4.69945		1972
2443	4.69945		1972
2444	4.69945		1972
2445	4.69945		1972
2446	4.69945		1972
2447	4.69945		1972
2448	4.69945		1972
2449	4.69945		1972
2450	4.69945		1972
2451	4.69945		1972
2452	4.69945		1972
2453	4.69945		1972
2454	4.69945		1972
2455	4.69945		1972
2456	4.69945		1972
2457	4.69945		1972
2458	4.69945		1972
2459	4.69945		1972
2460	4.69945		1972
2461	4.69945		1972
2462	4.69945		1972
2463	4.69945		1972
2464	4.69945		1972
2465	4.69945		1972
2466	4.69945		1972
2467	4.69945		1972
2468	4.69945		1972
2469	4.69945		1972
2470	4.69945		1972
2471	4.69945		1972
2472	4.69945		1972
2473	4.69945		1972
2474	4.69945		1972
2475	4.69945		1972
2476	4.69945		1972
2477	4.69945		1972
2478	4.69945		1972
2479	4.69945		1972
2480	4.69945		1972
2481	4.69945		1972
2482	4.69945		1972
2483	4.69945		1972
2484	4.69945		1972
2485	4.69945		1972
2486	4.69945		1972
2487	4.69945		1972
2488	4.69945		1972
2489	4.69945		1972
2490	4.69945		1972
2491	4.69945		1972
2492	4.69945		1972
2493	4.69945		1972
2494	4.69945		1972
2495	4.69945		1972
2496	4.69945		1972
2497	4.69945		1972
2498	4.69945		1972
2499	4.69945		1972
2500	4.69945		1972
2501	4.69945		1972
2502	4.69945		1972
2503	4.69945		1972
2504	4.69945		1972
2505	4.69945		1972
2506	4.69945		1972
2507	4.69945		1972
2508	4.69945		1972
2509	4.69945		1972
2510	4.69945		1972
2511	4.69945		1972
2512	4.69945		1972
2513	4.69945		1972
2514	4.69945		1972
2515	4.69945		1972
2516	4.69945		1972
2517	4.69945		1972
2518	4.69945		1972
2519	4.69945		1972
2520	4.69945		1972
2521	4.69945		1972
2522	4.69945		1972
2523	4.69945		1972
2524	4.69945		1972
2525	4.69945		1972
2526	4.69945		1972
2527	4.69945		1972
2528	4.69945		1972
2529	4.69945		1972
2530	4.69945		1972
2531	4.69945		1972
2532	4.69945		1972
2533	4.69945		1972
2534	4.69945		1972
2535	4.69945		1972
2536	4.69945		1972
2537	4.69945		1972
2538	4.69945		1972
2539	4.69945		1972
2540	4.69945		1972
2541	4.69945		1972
2542	4.69945		1972
2543	4.69945		1972
2544	4.69945		1972
2545	4.69945		1972
2546	4.69945		1972
2547	4.69945		1972
2548	4.69945		1972
2549	4.69945		1972
2550	4.69945		1972
2551	4.69945		1972
2552	4.69945		1972
2553	4.69945		1972
2554	4.69945		1972
2555	4.69945		1972
2556	4.69945		1972
2557	4.69945		1972
2558	4.69945		1972
2559	4.69945		1972
2560	4.69945		1972
2561	4.69945		1972
2562	4.69945		1972
2563	4.69945		1972
2564	4.69945		1972
2565	4.69945		1972
2566	4.69945		1972
2567	4.69945		1972
2568	4.69945		1972
2569	4.69945		1972
2570	4.69945		1972
2571	4.69945		1972
2572	4.69945		1972
2573	4.69945		1972
2574	4.69945		1972
2575	4.69945		1972
2576	4.69945		1972
2577	4.69945		1972
2578	4.69945		1972
2579	4.69945		1972
2580	4.69945		1972
2581	4.69945		1972
2582	4.69945		1972
2583	4.69945		1972
2584	4.69945		1972
2585	4.69945		1972
2586	4.69945		1972
2587	4.69945		1972
2588	4.69945		1972
2589	4.69945		1972
2590	4.69945		1972
2591	4.69945		1972
2592	4.69945		1972
2593	4.69945		1972
2594	4.69945		1972
2595	4.69945		1972
2596	4.69945		1972
2597	4.69945		1972
2598	4.69945		1972
2599	4.69945		1972
2600	4.69945		1972
2601	4.69945		1972
2602	4.69945		1972
2603	4.69945		1972
2604	4.69945		1972
2605	4.69945		1972
2606	4.69945		1972
2607	4.69945		1972
2608	4.69945		1972
2609	4.69945		1972
2610	4.69945		1972
2611	4.69945		1972
2612	4.69945		1972
2613	4.69945		1972
2614	4.69945		1972
2615	4.69945		1972
2616	4.69945		1972
2617	4.69945		1972
2618	4.69945		1972
2619	4.69945		1972
2620	4.69945		1972
2621	4.69945		1972
2622	4.69945		1972
2623	4.69945		1972
2624	4.69945		1972
2625	4.69945		1972
2626	4.69945		1972
2627	4.69945		1972
2628	4.69945		1972
2629	4.69945		1972
2630	4.69945		1972
2631	4.69945		1972
2632	4.69945		1972
2633	4.69945		1972
2634	4.69945		1972
2635	4.69945		1972
2636	4.69945		1972
2637	4.69945		1972
2638	4.69945		1972
2639	4.69945		1972
2640	4.69945		1972
2641	4.69945		1972
2642	4.69945		1972
2643	4.69945		1972
2644	4.69945		1972
2645	4.69945		1972
2646	4.69945		1972
2647	4.69945		1972
2648	4.69945		1972
2649	4.69945		1972
2650	4.69945		1972
2651	4.69945		1972
2652	4.69945		1972
2653	4.69945		1972
2654	4.69945		1972
2655	4.69945		1972
2656	4.69945		1972
2657	4.69945		1972
2658	4.69945		1972
2659	4.69945		1972
2660	4.69945		1972
2661	4.69945		1972
2662	4.69945		1972
2663	4.69945		1972
2664	4.69945		1972
2665	4.69945		1972
2666	4.69945		1972
2667	4.69945		1972
2668	4.69945		1972
2669	4.69945		1972
2670	4.69945		1972
2671	4.69945		1972
2672	4.69945		1972
2673	4.69945		1972
2674	4.69945		1972
2675	4.69945		1972
2676	4.69945		1972
2677	4.69945		1972
2678	4.69945		1972
2679	4.69945		1972
2680	4.69945		1972
2681	4.69945		1972
2682	4.69945		1972
2683	4.69945		1972
2684	4.69945		1972
2685	4.69945		1972
2686	4.69945		1972
2687	4.69945		1972
2688	4.69945		1972
2689	4.69945		1972
2690	4.69945		1972
2691	4.69945		1972
2692	4.69945		1972
2693	4.69945		1972
2694	4.69945		1972
2695	4.69945		1972
2696	4.69945		1972
2697	4.69945		1972
2698	4.69945		1972
2699	4.69945		1972
2700	4.69945		1972
2701	4.69945		1972
2702	4.69945		1972
2703	4.69945		1972
2704	4.69945		1972
2705	4.69945		1972
2706	4.69945		1972
2707	4.69945		1972
2708	4.69945		1972
2709	4.69945		1972
2710	4.69945		1972
2711	4.69945		1972
2712	4.69945		1972
2713	4.69945		1972
2714	4.69945		1972
2715	4.69945		1972
2716	4.69945		1972
2717	4.69945		1972
2718	4.69945		1972
2719	4.69945		1972
2720	4.69945		1972
2721	4.69945		1972
2722	4.69945		1972
2723	4.69945		1972
2724	4.69945		1972
2725	4.69945		1972
2726	4.69945		1972
2727	4.69945		1972
2728	4.69945		1972
2729	4.69945		1972
2730	4.69945		1972
2731	4.69945		1972
2732	4.69945		1972
2733	4.69945		1972
2734	4.69945		1972
2735	4.69945		1972
2736	4.69945		1972
2737	4.69945		1972
2738	4.69945		1972
2739	4.69945		1972
2740	4.69945		1972
2741	4.69945		1972
2742	4.69945		1972
2743	4.69945		1972
2744	4.69945		1972
2745	4.69945		1972
2746	4.69945		1972
2747	4.69945		1972
2748	4.69945		1972
2749	4.69945		1972
2750	4.69945		1972
2751	4.69945		1972
2752	4.69945		1972
2753	4.69945		1972
2754	4.69945		1972
2755	4.69945		1972
2756	4.69945		1972
2757	4.69945		1972
2758	4.69945		1972
2759	4.69945		1972
2760	4.69945		1972
2761	4.69945		1972
2762	4.69945		1972
2763	4.69945		1972
2764	4.69945		1972
2765	4.69945		1972
2766	4.69945		1972
2767	4.69945		1972
2768	4.69945		1972
2769	4.69945		1972
2770	4.69945		1972
2771	4.69945		1972
2772	4.69945		1972
2773	4.69945		1972
2774	4.69945		1972
2775	4.69945		1972
2776	4.69945		1972
2777	4.69945		1972
2778	4.69945		1972
2779	4.69945		1972
2780	4.69945		1972
2781	4.69945		1972
2782	4.69945		1972
2783	4.69945		1972
2784	4.69945		1972
2785	4.69945		1972
2786	4.69945		1972
2787	4.69945		1972
2788	4.69945		1972
2789	4.69945		1972
2790	4.69945		1972
2791	4.69945		1972
2792	4.69945		1972
2793	4.69945		1972
2794	4.69945		1972
2795	4.69945		1972
2796	4.69945		1972
2797	4.69945		1972
2798	4.69945		1972
2799	4.69945		1972
2800	4.69945		1972
2801	4.69945		1972
2802	4.69945		1972
2803	4.69945		1972
2804	4.69945		1972
2805	4.69945		1972
2806	4.69945		1972
2807	4.69945		1972
2808	4.69945		1972
2809	4.69945		1972
2810	4.69945		1972
2811	4.69945		1972
2812	4.69945		1972
2813	4.69945		1972
2814	4.69945		1972
2815	4.69945		1972
2816	4.69945		1972
2817	4.69945		1972
2818	4.69945		1972
2819	4.69945		1972
2820	4.69945		1972
2821	4.69945		1972
2822	4.69945		1972
2823	4.69945		1972
2824	4.69945		1972
2825	4.69945		1972
2826	4.69945		1972
2827	4.69945		1972
2828	4.69945		1972
2829	4.69945		1972
2830	4.69945		1972
2831	4.69945		1972
2832	4.69945		1972
2833	4.69945		1972
2834	4.69945		1972
2835	4.69945		1972
2836	4.69945		1972
2837	4.69945		1972
2838	4.69945		1972
2839	4.69945		1972
2840	4.69945		1972
2841	4.69945		1972
2842	4.69945		1972
2843	4.69945		1972
2844	4.69945		1972
2845	4.69945		1972
2846	4.69945		1972
2847	4.69945		1972
2848	4.69945		1972
2849	4.69945		1972
2850	4.69945		1972
2851	4.69945		1972
2852	4.69945		1972
2853	4.69945		1972
2854	4.69945		1972
2855	4.69945		1972
2856	4.69945		1972
2857	4.69945		1972
2858	4.69945		1972
2859	4.69945		1972
2860	4.69945		1972
2861	4.69945		1972
2862	4.69945		1972
2863	4.69945		1972
2864	4.69945		1972
2865	4.69945		1972
2866	4.69945		1972
2867	4.69945		1972
2868	4.69945		1972
2869	4.69945		1972
2870	4.69945		1972
2871	4.69945		1972
2872	4.69945		1972
2873	4.69945		1972
2874	4.69945		1972
2875	4.69945		1972
2876	4.69945		1972
2877	4.69945		1972
2878	4.69945		1972
2879	4.69945		1972
2880	4.69945		1972
2881	4.69945		1972
2882	4.69945		1972
2883	4.69945		1972
2884	4.69945		1972
2885	4.69945		1972
2886	4.69945		1972
2887	4.69945		1972
2888	4.69945		1972
2889	4.69945		1972
2890	4.69945		1972
2891	4.69945		1972
2892	4.69945		1972
2893	4.69945		1972
2894	4.69945		1972
2895	4.69945		1972
2896	4.69945		1972
2897	4.69945		1972
2898	4.69945		1972
2899	4.69945		1972
2900	4.69945		1972
2901	4.69945		1972
2902	4.69945		1972
2903	4.69945		1972
2904	4.69945		1972
2905	4.69945		1972
2906	4.69945		1972
2907	4.69945		1972
2908	4.69945		1972
2909	4.69945		1972
2910	4.69945		1972
2911	4.69945		1972
2912	4.69945		1972
2913	4.69945		1972
2914	4.69945		1972
2915	4.69945		1972
2916	4.69945		1972
2917	4.69945		1972
2918	4.69945		1972
2919	4.69945		1972
2920	4.69945		1972
2921	4.69945		1972
2922	4.69945		1972
2923	4.69945		1972
2924	4.69945		1972
2925	4.69945		1972
2926	4.69945		1972
2927	4.69945		1972
2928	4.69945		1972
2929	4.69945		1972
2930	4.69945		1972
2931	4.69945		1972
2932	4.69945		1972
2933	4.69945		1972
2934	4.69945		1972
2935	4.69945		1972
2936	4.69945		1972
2937	4.69945		1972
2938	4.69945		1972
2939	4.69945		1972
2940	4.69945		1972
2941	4.69945		1972
2942	4.69945		1972
2943	4.69945		1972
2944	4.69945		1972
2945	4.69945		1972
2946	4.69945		1972
2947	4.69945		1972
2948	4.69945		1972
2949	4.69945		1972
2950	4.69945		1972
2951	4.69945		1972
2952	4.69945		1972
2953	4.69945		1972
2954	4.69945		1972
2955	4.69945		1972
2956	4.69945		1972
2957	4.69945		1972
2958	4.69945		1972
2959	4.69945		1972
2960	4.69945		1972
2961	4.69945		1972
2962	4.69945		1972
2963	4.69945		1972
2964	4.69945		1972
2965	4.69945		1972
2966	4.69945		1972
2967	4.69945		1972
2968	4.69945		1972
2969	4.69945		1972
2970	4.69945		1972
2971	4.69945		1972
2972	4.69945		1972
2973	4.69945		1972
2974	4.69945		1972
2975	4.69945		1972
2976	4.69945		1972
2977	4.69945		1972
2978	4.69945		1972
2979	4.69945		1972
2980	4.69945		1972
2981	4.69945		1972
2982	4.69945		1972
2983	4.69945		1972
2984	4.69945		1972
2985	4.69945		1972
2986	4.69945		1972
2987	4.69945		1972
2988	4.69945		1972
2989	4.69945		1972
2990	4.69945		1972
2991	4.69945		1972
2992	4.69945		1972
2993	4.69945		1972
2994	4.69945		1972
2995	4.69945		1972
2996	4.69945		1972
2997	4.69945		1972
2998	4.69945		1972
2999	4.69945		1972
3000	4.69945		1972
3001	4.69945		1972
3002	4.69945		1972
3003	4.69945		1972
3004	4.69945		1972
3005	4.69945		1972
3006	4.69945		1972
3007	4.69945		1972
3008	4.69945		1972
3009	4.69945		1972
3010	4.69945		1972
3011	4.69945		1972
3012	4.69945		1972
3013	4.69945		1972
3014	4.69945		1972
3015	4.69945		1972
3016	4.69945		1972
3017	4.69945		1972
3018	4.69945		1972
3019	4.69945		1972
3020	4.69945		1972
3021	4.69945		1972
3022	4.69945		1972
3023	4.69945		1972
3024	4.69945		1972
3025	4.69945		1972
3026	4.69945		1972
3027	4.69945		1972
3028	4.69945		1972
3029	4.69945		1972
3030	4.69945		1972
3031	4.69945		1972
3032	4.69945		1972
3033	4.69945		1972
3034	4.69945		1972
3035	4.69945		1972
3036	4.69945		1972
3037	4.69945		1972
3038	4.69945		1972
3039	4.69945		1972
3040	4.69945		1972
3041	4.69945		1972
3042	4.69945		1972
3043	4.69945		1972
3044	4.69945		1972
3045	4.69945		1972
3046	4.69945		1972
3047	4.69945		1972
3048	4.69945		1972
3049	4.69945		1972
3050	4.69945		1972
3051	4.69945		1972
3052	4.69945		1972
3053	4.69945		1972
3054	4.69945		1972
3055	4.69945		1972
3056	4.69945		1972
3057	4.69945		1972
3058	4.69945		1972
3059	4.69945		1972
3060	4.69945		1972
3061	4.69945		1972
3062	4.69945		1972
3063	4.69945		1972
3064	4.69945		1972
3065	4.69945		1972
3066	4.69945		1972
3067	4.69945		1972
3068	4.69945		1972
3069	4.69945		1972
3070	4.69945		1972
3071	4.69945		1972
3072	4.69945		1972
3073	4.69945		1972
3074	4.69945		1972
3075	4.69945		1972
3076	4.69945		1972
3077	4.69945		1972
3078	4.69945		1972
3079	4.69945		1972
3080	4.69945		1972
3081	4.69945		1972
3082	4.69945		1972
3083	4.69945		1972
3084	4.69945		1972
3085	4.69945		1972
3086	4.69945		1972
3087	4.69945		1972
3088	4.69945		1972
3089	4.69945		1972
3090	4.69945		1972
3091	4.69945		1972
3092	4.69945		1972
3093	4.69945		1972
3094	4.69945		1972
3095	4.69945		1972
3096	4.69945		1972
3097	4.69945		1972
3098	4.69945		1972
3099	4.69945		1972
3100	4.69945		1972
3101	4.69945		1972
3102	4.69945		1972
3103	4.69945		1972
3104	4.69945		1972
3105	4.69945		1972
3106	4.69945		1972
3107	4.69945		1972
3108	4.69945		1972
3109	4.69945		1972
3110	4.69945		1972
3111	4.69945		1972
3112	4.69945		1972
3113	4.69945		1972
3114	4.69945		1972
3115	4.69945		1972
3116	4.69945		1972
3117	4.69945		1972
3118	4.69945		1972
3119	4.69945		1972
3120	4.69945		1972
3121	4.69945		1972
3122	4.69945		1972
3123	4.69945		1972
3124	4.69945		1972
3125	4.69945		1972
3126	4.69945		1972
3127	4.69945		1972
3128	4.69945		1972
3129	4.69945		1972
3130	4.69945		1972
3131	4.69945		1972
3132	4.69945		1972
3133	4.69945		1972
3134	4.69945		1972
3135	4.69945		1972
3136	4.69945		1972
3137	4.69945		1972
3138	4.69945		1972
3139	4.69945		1972
3140	4.69945		1972
3141	4.69945		1972
3142	4.69945		1972
3143	4.69945		1972
3144	4.69945		1972
3145	4.69945		1972
3146	4.69945		1972
3147	4.69945		1972
3148	4.69945		1972
3149	4.69945		1972
3150	4.69945		1972
3151	4.69945		1972
3152	4.69945		1972
3153	4.69945		1972
3154	4.69945		1972
3155	4.69945		1972
3156	4.69945		1972
3157	4.69945		1972
3158	4.69945		1972
3159	4.69945		1972
3160	4.69945		1972
3161	4.69945		1972
3162	4.69945		1972
3163	4.69945		1972
3164	4.69945		1972
3165	4.69945		1972
3166	4.69945		1972
3167	4.69945		1972
3168	4.69945		1972
3169	4.69945		1972
3170	4.69945		1972
3171	4.69945		1972
3172	4.69945		1972
3173	4.69945		1972
3174	4.69945		1972
3175	4.69945		1972
3176	4.69945		1972
3177	4.69945		1972
3178	4.69945		1972
3179	4.69945		1972
3180	4.69945		1972
3181	4.69945		1972
3182	4.69945		1972
3183	4.69945		1972
3184	4.69945		1972
3185	4.69945		1972
3186	4.69945		1972
3187	4.69945		1972
3188	4.69945		1972
3189	4.69945		1972
3190	4.69945		1972
3191	4.69945		1972
3192	4.69945		1972
3193	4.69945		1972
3194	4.69945		1972
3195	4.69945		1972
3196	4.69945		1972
3197	4.69945		1972
3198	4.69945		1972
3199	4.69945		1972
3200	4.69945		1972
3201	4.69945		1972
3202	4.69945		1972
3203	4.69945		1972
3204	4.69945		1972
3205	4.69945		1972
3206	4.69945		1972
3207	4.69945		1972
3208	4.69945		1972
3209	4.69945		1972
3210	4.69945		1972
3211	4.69945		1972
3212	4.69945		1972
3213	4.69945		1972
3214	4.69945		1972
3215	4.69945		1972
3216	4.69945		1972
3217	4.69945		1972
3218	4.69945		1972
3219	4.69945		1972
3220	4.69945		1972
3221	4.69945		1972
3222	4.69945		1972
3223	4.69945		1972
3224	4.69945		1972
3225	4.69945		1972
3226	4.69945		1972
3227	4.69945		1972
3228	4.69945		1972
3229	4.69945		1972
3230	4.69945		1972
3231	4.69945		1972
3232	4.69945		1972
3233	4.69945		1972
3234	4.69945		1972
3235	4.69945		1972
3236	4.69945		1972
3237	4.69945		1972
3238	4.69945		1972
3239	4.69945		1972
3240	4.69945		1972
3241	4.69945		1972
3242	4.69945		1972
3243	4.69945		1972
3244	4.69945		1972
3245	4.69945		1972
3246	4.69945		1972
3247	4.69945		1972
3248	4.69945		1972
3249	4.69945		1972
3250	4.69945		1972
3251	4.69945		1972
3252	4.69945		1972
3253	4.69945		1972
3254	4.69945		1972
3255	4.69945		1972
3256	4.69945		1972
3257	4.69945		1972
3258	4.69945		1972
3259	4.69945		1972
3260	4.69945		1972
3261	4.69945		1972
3262	4.69945		1972
3263	4.69945		1972
3264	4.69945		1972
3265	4.69945		1972
3266	4.69945		1972
3267	4.69945		1972
3268	4.69945		1972
3269	4.69945		1972
3270	4.69945		1972
3271	4.69945		1972
3272	4.69945		1972
3273	4.69945		1972
3274	4.69945		1972
3275	4.69945		1972
3276	4.69945		1972
3277	4.69945		1972
3278	4.69945		1972
3279	4.69945		1972
3280	4.69945		1972
3281	4.69945		1972
3282	4.69945		1972
3283	4.69945		1972
3284	4.69945		1972
3285	4.69945		1972
3286	4.69945		1972
3287	4.69945		1972
3288	4.69945		1972
3289	4.69945		1972
3290	4.69945		1972
3291	4.69945		1972
3292	4.69945		1972
3293	4.69945		1972
3294	4.69945		1972
3295	4.69945		1972
3296	4.69945		1972
3297	4.69945		1972
3298	4.69945		1972
3299	4.69945		1972
3300	4.69945		1972
3301	4.69945		1972
3302	4.69945		1972
3303	4.69945		1972
3304	4.69945		1972
3305	4.69945		1972
3306	4.69945		1972
3307	4.69945		1972
3308	4.69945		1972
3309	4.69945		1972
3310	4.69945		1972
3311	4.69945		1972
3312	4.69945		1972
3313	4.69945		1972
3314	4.69945		1972
3315	4.69945		1972
3316	4.69945		1972
3317	4.69945		1972
3318	4.69945		1972
3319	4.69945		1972
3320	4.69945		1972
3321	4.69945		1972
3322	4.69945		1972
3323	4.69945		1972
3324	4.69945		1972
3325	4.69945		1972
3326	4.69945		1972
3327	4.69945		1972
3328	4.69945		1972
3329	4.69945		1972
3330	4.69945		1972
3331	4.69945		1972
3332	4.69945		1972
3333	4.69945		1972
3334	4.69945		1972
3335	4.69945		1972
3336	4.69945		1972
3337	4.69945		1972
3338	4.69945		1972
3339	4.69945		1972
3340	4.69945		1972
3341	4.69945		1972
3342	4.69945		1972
3343	4.69945		1972
3344	4.69945		1972
3345	4.69945		1972
3346	4.69945		1972
3347	4.69945		1972
3348	4.69945		1972
3349	4.69945		1972
3350	4.69945		1972
3351	4.69945		1972
3352	4.69945		1972
3353	4.69945		1972
3354	4.69945		1972
3355	4.69945		1972
3356	4.69945		1972
3357	4.69945		1972
3358	4.69945		1972
3359	4.69945		1972
3360	4.69945		1972
3361	4.69945		1972
3362	4.69945		1972
3363	4.69945		1972
3364	4.69945		1972
3365	4.69945		1972
3366	4.69945		1972
3367	4.69945		1972
3368	4.69945		1972
3369	4.69945		1972
3370	4.69945		1972
3371	4.69945		1972
3372	4.69945		1972
3373	4.69945		1972
3374	4.69945		1972
3375	4.69945		1972
3376	4.69945		1972
3377	4.69945		1972
3378	4.69945		1972
3379	4.69945		1972
3380	4.69945		1972
3381	4.69945		1972
3382	4.69945		1972
3383	4.69945		1972
3384	4.69945		1972
3385	4.69945		1972
3386	4.69945		1972
3387	4.69945		1972
3388	4.69945		1972
3389	4.69945		1972
3390	4.69945		1972
3391	4.69945		1972
3392	4.69945		1972
3393	4.69945		1972
3394	4.69945		1972
3395	4.69945		1972
3396	4.69945		1972
3397	4.69945		1972
3398	4.69945		1972
3399	4.69945		1972
3400	4.69945		1972
3401	4.69945		1972
3402	4.69945		1972
3403	4.69945		1972
3404	4.69945		1972
3405	4.69945		1972
3406	4.69945		1972
3407	4.69945		1972
3408	4.69945		1972
3409	4.69945		1972
3410	4.69945		1972
3411	4.69945		1972
3412	4.69945		1972
3413	4.69945		1972
3414	4.69945		1972
3415	4.69945		1972
3416	4.69945		1972
3417	4.69945		1972
3418	4.69945		1972
3419	4.69945		1972
3420	4.69945		1972
3421	4.69945		1972
3422	4.69945		1972
3423	4.69945		1972
3424	4.69945		1972
3425	4.69945		1972
3426	4.69945		1972
3427	4.69945		1972
3428	4.69945		1972
3429	4.69945		1972
3430	4.69945		1972
3431	4.69945		1972
3432	4.69945		1972
3433	4.69945		1972
3434	4.69945		1972
3435	4.69945		1972
3436	4.69945		1972
3437	4.69945		1972
3438	4.69945		1972
3439	4.69945		1972
3440	4.69945		1972
3441	4.69945		1972
3442	4.69945		1972
3443	4.69945		1972
3444	4.69945		1972
3445	4.69945		1972
3446	4.69945		1972
3447	4.69945		1972
3448	4.69945		1972
3449	4.69945		1972
3450	4.69945		1972
3451	4.69945		1972
3452	4.69945		1972
3453	4.69945		1972
3454	4.69945		1972
3455	4.69945		1972
3456	4.69945		1972
3457	4.69945		1972
3458	4.69945		1972
3459	4.69945		1972
3460	4.69945		1972
3461	4.69945		1972
3462	4.69945		1972
3463	4.69945		1972
3464	4.69945		1972
3465	4.69945		1972
3466	4.69945		1972
3467	4.69945		1972
3468	4.69945		1972
3469	4.69945		1972
3470	4.69945		1972
3471	4.69945		1972
3472	4.69945		1972
3473	4.69945		1972
3474	4.69945		1972
3475	4.69945		1972
3476	4.69945		1972
3477	4.69945		1972
3478	4.69945		1972
3479	4.69945		1972
3480	4.69945		1972
3481	4.69945		1972
3482	4.69945		1972
3483	4.69945		1972
3484	4.69945		1972
3485	4.69945		1972
3486	4.69945		1972
3487	4.69945		1972
3488	4.69945		1972
3489	4.69945		1972
3490	4.69945		1972
3491	4.69945		1972
3492	4.69945		1972
3493	4.69945		1972
3494	4.69945		1972
3495	4.69945		1972
3496	4.69945		1972
3497	4.69945		1972
3498	4.69945		1972
3499	4.69945		1972
3500	4.69945		1972
3501	4.69945		1972
3502	4.69945		1972
3503	4.69945		1972
3504	4.69945		1972
3505	4.69945		1972
3506	4.69945		1972
3507	4.69945		1972
3508	4.69945		1972
3509	4.69945		1972
3510	4.69945		1972
3511	4.69945		1972
3512	4.69945		1972
3513	4.69945		1972
3514	4.69945		1972
3515	4.69945		1972
3516	4.69945		1972
3517	4.69945		1972
3518	4.69945		1972
3519	4.69945		1972
3520	4.69945		1972
3521	4.69945		1972
3522	4.69945		1972
3523	4.69945		1972
3524	4.69945		1972
3525	4.69945		1972
3526	4.69945		1972
3527	4.69945		1972
3528	4.69945		1972
3529	4.69945		1972
3530	4.69945		1972
3531	4.69945		1972
3532	4.69945		1972
3533	4.69945		1972
3534	4.69945		1972
3535	4.69945		1972
3536	4.69945		1972
3537	4.69945		1972
3538	4.69945		1972
3539	4.69945		1972
3540	4.69945		1972
3541	4.69945		1972
3542	4.69945		1972
3543	4.69945		1972
3544	4.69945		1972
3545	4.69945		1972
3546	4.69945		1972
3547	4.69945		1972
3548	4.69945		1972
3549	4.69945		1972
3550	4.69945		1972
3551	4.69945		1972
3552	4.69945		1972
3553	4.69945		1972
3554	4.69945		1972
3555	4.69945		1972
3556	4.69945		1972
3557	4.69945		1972
3558	4.69945		1972
3559	4.69945		1972
3560	4.69945		1972
3561	4.69945		1972
3562	4.69945		1972
3563	4.69945		1972
3564	4.69945		1972
3565	4.69945		1972
3566	4.69945		1972
3567	4.69945		1972
3568	4.69945		1972
3569	4.69945		1972
3570	4.69945		1972
3571	4.69945		1972
3572	4.69945		1972
3573	4.69945		1972
3574	4.69945		1972
3575	4.69945		1972
3576	4.69945		1972
3577	4.69945		1972
3578	4.69945		1972
3579	4.69945		1972
3580	4.69945		1972
3581	4.69945		1972
3582	4.69945		1972
3583	4.69945		1972
3584	4.69945		1972
3585	4.69945		1972
3586	4.69945		1972
3587	4.69945		1972
3588	4.69945		1972
3589	4.69945		1972
3590	4.69945		1972
3591	4.69945		1972
3592	4.69945		1972
3593	4.69945		1972
3594	4.69945		1972
3595	4.69945		1972
3596	4.69945		1972
3597	4.69945		1972
3598	4.69945		1972
3599	4.69945		1972
3600	4.69945		1972
3601	4.69945		1972
3602	4.69945		1972
3603	4.69945		1972
3604	4.69945		1972
3605	4.69945		1972
3606	4.69945		1972
3607	4.69945		1972
3608	4.69945		1972
3609	4.69945		1972
3610	4.69945		1972
3611	4.69945		1972
3612	4.69945		1972
3613	4.69945		1972
3614	4.69945		1972
3615	4.69945		1972
3616	4.69945		1972
3617	4.69945		1972
3618	4.69945		1972
3619	4.69945		1972
3620	4.69945		1972
3621	4.69945		1972
3622	4.69945		1972
3623	4.69945		1972
3624	4.69945		1972
3625	4.69945		1972
3626	4.69945		1972
3627	4.69945		1972
3628	4.69945		1972
3629	4.69945		1972
3630	4.69945		1972
3631	4.69945		1972
3632	4.69945		1972
3633	4.69945		1972
3634	4.69945		1972
3635	4.69945		1972
3636	4.69945		1972
3637	4.69945		1972
3638	4.69945		1972
3639	4.69945		1972
3640	4.69945		1972
3641	4.69945		1972
3642	4.69945		1972
3643	4.69945		1972
3644	4.69945		1972
3645	4.69945		1972
3646	4.69945		1972
3647	4.69945		1972
3648	4.69945		1972
3649	4.69945		1972
3650	4.69945		1972
3651	4.69945		1972
3652	4.69945		1972
3653	4.69945		1972
3654	4.69945		1972
3655	4.69945		1972
3656	4.69945		1972
3657	4.69945		1972
3658	4.69945		1972
3659	4.69945		1972
3660	4.69945		1972
3661	4.69945		1972
3662	4.69945		1972
3663	4.69945		1972
3664	4.69945		1972
3665	4.69945		1972
3666	4.69945		1972
3667	4.69945		1972
3668	4.69945		1972
3669	4.69945		1972
3670	4.69945		1972
3671	4.69945		1972
3672	4.69945		1972
3673	4.69945		1972
3674	4.69945		1972
3675	4.69945		1972
3676	4.69945		1972
3677	4.69945		1972
3678	4.69945		1972
3679	4.69945		1972
3680	4.69945		1972
3681	4.69945		1972
3682	4.69945		1972
3683	4.69945		1972
3684	4.69945		1972
3685	4.69945		1972
3686	4.69945		1972
3687	4.69945		1972
3688	4.69945		1972
3689	4.69945		1972
3690	4.69945		1972
3691	4.69945		1972
3692	4.69945		1972
3693	4.69945		1972
3694	4.69945		1972
3695	4.69945		1972
3696	4.69945		1972
3697	4.69945		1972
3698	4.69945		1972
3699	4.69945		1972
3700	4.69945		1972
3701	4.69945		1972
3702	4.69945		1972
3703	4.69945		1972
3704	4.69945		1972
3705	4.69945		1972
3706	4.69945		1972
3707	4.69945		1972
3708	4.69945		1972
3709	4.69945		1972
3710	4.69945		1972
3711	4.69945		1972
3712	4.69945		1972
3713	4.69945		1972
3714	4.69945		1972
3715	4.69945		1972
3716	4.69945		1972
3717	4.69945		1972
3718	4.69945		1972
3719	4.69945		1972
3720	4.69945		1972
3721	4.69945		1972
3722	4.69945		1972
3723	4.69945		1972
3724	4.69945		1972
3725	4.69945		1972
3726	4.69945		1972
3727	4.69945		1972
3728	4.69945		1972
3729	4.69945		1972
3730	4.69945		1972
3731	4.69945		1972
3732	4.69945		1972
3733	4.69945		1972
3734	4.69945		1972
3735	4.69945		1972
3736	4.69945		1972
3737	4.69945		1972
3738	4.69945		1972
3739	4.69945		1972
3740	4.69945		1972
3741	4.69945		1972
3742	4.69945		1972
3743	4.69945		1972
3744	4.69945		1972
3745	4.69945		1972
3746	4.69945		1972
3747	4.69945		1972
3748	4.69945		1972
3749	4.69945		1972
3750	4.69945		1972
3751	4.69945		1972
3752	4.69945		1972
3753	4.69945		1972
3754	4.69945		1972
3755	4.69945		1972
3756	4.69945		1972
3757	4.69945		1972
3758	4.69945		1972
3759	4.69945		1972
3760	4.69945		1972
3761	4.69945		1972
3762	4.69945		1972
3763	4.69945		1972
3764	4.69945		1972
3765	4.69945		1972
3766	4.69945		1972
3767	4.69945		1972
3768	4.69945		1972
3769	4.69945		1972
3770	4.69945		1972
3771	4.69945		1972
3772	4.69945		1972
3773	4.69945		1972
3774	4.69945		1972
3775	4.69945		1972
3776	4.69945		1972
3777	4.69945		1972
3778	4.69945		1972
3779	4.69945		1972
3780	4.69945		1972
3781	4.69945		1972
3782	4.69945		1972
3783	4.69945		1972
3784	4.69945		1972
3785	4.69945		1972
3786	4.69945		1972
3787	4.69945		1972
3788	4.69945		1972
3789	4.69945		1972
3790	4.69945		1972
3791	4.69945		1972
3792	4.69945		1972
3793	4.69945		1972
3794	4.69945		1972
3795	4.69945		1972
3796	4.69945		1972
3797	4.69945		1972
3798	4.69945		1972
3799	4.69945		1972
3800	4.69945		1972
3801	4.69945		1972
3802	4.69945		1972
3803	4.69945		1972
3804	4.69945		1972
3805	4.69945		1972
3806	4.69945		1972
3807	4.69945		1972
3808	4.69945		1972
3809	4.69945		1972
3810	4.69945		1972
3811	4.69945		1972
3812	4.69945		1972
3813	4.69945		1972
3814	4.69945		1972
3815	4.69945		1972
3816	4.69945		1972
3817	4.69945		1972
3818	4.69945		1972
3819	4.69945		1972
3820	4.69945		1972
3821	4.69945		1972
3822	4.69945		1972
3823	4.69945		1972
3824	4.69945		1972
3825	4.69945		1972
3826	4.69945		1972
3827	4.69945		1972
3828	4.69945		1972
3829	4.69945		1972
3830	4.69945		1972
3831	4.69945		1972
3832	4.69945		1972
3833	4.69945		1972
3834	4.69945		1972
3835	4.69945		1972
3836	4.69945		1972
3837	4.69945		1972
3838	4.69945		1972
3839	4.69945		1972
3840	4.69945		1972
3841	4.69945		1972
3842	4.69945		1972
3843	4.69945		1972
3844	4.69945		1972
3845	4.69945		1972
3846	4.69945		1972
3847	4.69945		1972
3848	4.69945		1972
3849	4.69945		1972
3850	4.69945		1972
3851	4.69945		1972
3852	4.69945		1972
3853	4.69945		1972
3854	4.69945		1972
3855	4.69945		1972
3856	4.69945		1972
3857	4.69945		1972
3858	4.69945		1972
3859	4.69945		1972
3860	4.69945		1972
3861	4.69945		1972
3862	4.69945		1972
3863	4.69945		1972
3864	4.69945		1972
3865	4.69945		1972
3866	4.69945		1972
3867	4.69945		1972
3868	4.69945		1972
3869	4.69945		1972
3870	4.69945		1972
3871	4.69945		1972
3872	4.69945		1972
3873	4.69945		1972
3874	4.69945		1972
3875	4.69945		1972
3876	4.69945		1972
3877	4.69945		1972
3878	4.69945		1972
3879	4.69945		1972
3880	4.69945		1972
3881	4.69945		1972
3882	4.69945		1972
3883	4.69945		1972
3884	4.69945		1972
3885	4.69945		1972
3886	4.69945		1972
3887	4.69945		1972
3888	4.69945		1972
3889	4.69945		1972
3890	4.69945		1972
3891	4.69945		1972
3892	4.69945		1972
3893	4.69945		1972
3894	4.69945		1972
3895	4.69945		1972
3896	4.69945		1972
3897	4.69945		1972
3898	4.69945		1972
3899	4.69945		1972
3900	4.69945		1972
3901	4.69945		1972
3902	4.69945		1972
3903	4.69945		1972
3904	4.69945		1972
3905	4.69945		1972
3906	4.69945		1972
3907	4.69945		1972
3908	4.69945		1972
3909	4.69945		1972
3910	4.69945		1972
3911	4.69945		1972
3912	4.69945		1972
3913	4.69945		1972
3914	4.69945		1972
3915	4.69945		1972
3916	4.69945		1972
3917	4.69945		1972
3918	4.69945		1972
3919	4.69945		1972
3920	4.69945		1972
3921	4.69945		1972
3922	4.69945		1972
3923	4.69945		1972
3924	4.69945		1972
3925	4.69945		1972
3926	4.69945		1972
3927	4.69945		1972
3928	4.69945		1972
3929	4.69945		1972
3930	4.69945		1972
3931	4.69945		1972
3932	4.69945		1972
3933	4.69945		1972
3934	4.69945		1972
3935	4.69945		1972
3936	4.69945		1972
3937	4.69945		1972
3938	4.69945		1972
3939	4.69945		1972
3940	4.69945		1972
3941	4.69945		1972
3942	4.69945		1972
3943	4.69945		1972
3944	4.69945		1972
3945	4.69945		1972
3946	4.69945		1972
3947	4.69945		1972
3948	4.69945		1972
3949	4.69945		1972
3950	4.69945		1972
3951	4.69945		1972
3952	4.69945		1972
3953	4.69945		1972
3954	4.69945		1972
3955	4.69945		1972
3956	4.69945		1972
3957	4.69945		1972
3958	4.69945		1972
3959	4.69945		1972
3960	4.69945		1972
3961	4.69945		1972
3962	4.69945		1972
3963	4.69945		1972
3964	4.69945		1972
3965	4.69945		1972
3966	4.69945		1972
3967	4.69945		1972
3968	4.69945		1972
3969	4.69945		1972
3970	4.69945		1972
3971	4.69945		1972
3972	4.69945		1972
3973	4.69945		1972
3974	4.69945		1972
3975	4.69945		1972
3976	4.69945		1972
3977	4.69945		1972
3978	4.69945		1972
3979	4.69945		1972
3980	4.69945		1972
3981	4.69945		1972
3982	4.69945		1972
3983	4.69945		1972
3984	4.69945		1972
3985	4.69945		1972
3986	4.69945		1972
3987	4.69945		1972
3988	4.69945		1972
3989	4.69945		1972
3990	4.69945		1972
3991	4.69945		1972
3992	4.69945		1972
3993	4.69945		1972
3994	4.69945		1972
3995	4.69945		1972
3996	4.69945		1972
3997	4.69945		1972
3998	4.69945		1972
3999	4.69945		1972
4000	4.69945		1972
4001	4.69945		1972
4002	4.69945		1972
4003	4.69945		1972
4004	4.69945		1972
4005	4.69945		1972
4006	4.69945		1972
4007	4.69945		1972
4008	4.69945		1972
4009	4.69945		1972
4010	4.69945		1972
4011	4.69945		1972
4012	4.69945		1972
4013	4.69945		1972
4014	4.69945		1972
4015	4.69945		1972
4016	4.69945		1972
4017	4.69945		1972
4018	4.69945		1972
4019	4.69945		1972
4020	4.69945		1972
4021	4.69945		1972
4022	4.69945		1972
4023	4.69945		1972
4024	4.69945		1972
4025	4.69945		1972
4026	4.69945		1972
4027	4.69945		1972
4028	4.69945		1972
4029	4.69945		1972
4030	4.69945		1972
4031	4.69945		1972
4032	4.69945		1972
4033	4.69945		1972
4034	4.69945		1972
4035	4.69945		1972
4036	4.69945		1972
4037	4.69945		1972
4038	4.69945		1972
4039	4.69945		1972
4040	4.69945		1972
4041	4.69945		1972
4042	4.69945		1972
4043	4.69945		1972
4044	4.69945		1972
4045	4.69945		1972
4046	4.69945		1972
4047	4.69945		1972
4048	4.69945		1972
4049	4.69945		1972
4050	4.69945		1972
4051	4.69945		1972
4052	4.69945		1972
4053	4.69945		1972
4054	4.69945		1972
4055	4.69945		1972
4056	4.69945		1972
4057	4.69945		1972
4058	4.69945		1972
4059	4.69945		1972
4060	4.69945		1972
4061	4.69945		1972
4062	4.69945		1972
4063	4.69945		1972
4064	4.69945		1972
4065	4.69945		1972
4066	4.69945		1972
4067	4.69945		1972
4068	4.69945		1972
4069	4.69945		1972
4070	4.69945		1972
4071	4.69945		1972
4072	4.69945		1972
4073	4.69945		1972
4074	4.69945		1972
4075	4.69945		1972
4076	4.69945		1972
4077	4.69945		1972
4078	4.69945		1972
4079	4.69945		1972
4080	4.69945		1972
4081	4.69945		1972
4082	4.69945		1972
4083	4.69945		1972
4084	4.69945		1972
4085	4.69945		1972
4086	4.69945		1972
4087	4.69945		1972
4088	4.69945		1972
4089	4.69945		1972
4090	4.69945		1972
4091	4.69945		1972
4092	4.69945		1972
4093	4.69945		1972
4094	4.69945		1972
4095	4.69945		1972
4096	4.69945		1972
4097	4.69945		1972
4098	4.69945		1972
4099	4.69945		1972
4100	4.69945		1972
4101	4.69945		1972
4102	4.69945		1972
4103	4.69945		1972
4104	4.69945		1972
4105	4.69945		1972
4106	4.69945		1972
4107	4.69945		1972
4108	4.69945		1972
4109	4.69945		1972
4110	4.69945		1972
4111	4.69945		1972
4112	4.69945		1972
4113	4.69945		1972
4114	4.69945		1972
4115	4.69945		1972
4116	4.69945		1972
4117	4.69945		1972
4118	4.69945		1972
4119	4.69945		1972
4120	4.69945		1972
4121	4.69945		1972
4122	4.69945		1972
4123	4.69945		1972
4124	4.69945		1972
4125	4.69945		1972
4126	4.69945		1972
4127	4.69945		1972
4128	4.69945		1972
4129	4.69945		1972
4130	4.69945		1972
4131	4.69945		1972
4132	4.69945		1972
4133	4.69945		1972
4134	4.69945		1972
4135	4.69945		1972
4136	4.69945		1972
4137	4.69945		1972
4138	4.69945		1972
4139	4.69945		1972
4140	4.69945		1972
4141	4.69945		1972
4142	4.69945		1972
4143	4.69945		1972
4144	4.69945		1972
4145	4.69945		1972
4146	4.69945		1972
4147	4.69945		1972
4148	4.69945		1972
4149	4.69945		1972
4150	4.69945		1972
4151	4.69945		1972
4152	4.69945		1972
4153	4.69945		1972
4154	4.69945		1972
4155	4.69945		1972
4156	4.69945		1972
4157	4.69945		1972
4158	4.69945		1972
4159	4.69945		1972
4160	4.69945		1972
4161	4.69945		1972
4162	4.69945		1972
4163	4.69945		1972
4164	4.69945		1972
4165	4.69945		1972
4166	4.69945		1972
4167	4.69945		1972
4168	4.69945		1972
4169	4.69945		1972
4170	4.69945		1972
4171	4.69945		1972
4172	4.69945		1972
4173	4.69945		1972
4174	4.69945		1972
4175	4.69945		1972
4176	4.69945		1972
4177	4.69945		1972
4178	4.69945		1972
4179	4.69945		1972
4180	4.69945		1972
4181	4.69945		1972
4182	4.69945		1972
4183	4.69945		1972
4184	4.69945		1972
4185	4.69945		1972
4186	4.69945		1972
4187	4.69945		1972
4188	4.69945		1972
4189	4.69945		1972
4190	4.69945		1972
4191	4.69945		1972
4192	4.69945		1972
4193	4.69945		1972
4194	4.69945		1972
4195	4.69945		1972
4196	4.69945		1972
4197	4.69945		1972
4198	4.69945		1972
4199	4.69945		1972
4200	4.69945		1972
4201	4.69945		1972
4202	4.69945		1972
4203	4.69945		1972
4204	4.69945		1972
4205	4.69945		1972
4206	4.69945		1972
4207	4.69945		1972
4208	4.69945		1972
4209	4.69945		1972
4210	4.69945		1972
4211	4.69945		1972
4212	4.69945		1972
4213	4.69945		1972
4214	4.69945		1972
4215	4.69945		1972
4216	4.69945		1972
4217	4.69945		1972
4218	4.69945		1972
4219	4.69945		1972
4220	4.69945		1972
4221	4.69945		1972
4222	4.69945		1972
4223	4.69945		1972
4224	4.69945		1972
4225	4.69945		1972
4226	4.69945		1972
4227	4.69945		1972
4228	4.69945		1972
4229	4.69945		1972
4230	4.69945		1972
4231	4.69945		1972
4232	4.69945		1972
4233	4.69945		1972
4234	4.69945		1972
4235	4.69945		1972
4236	4.69945		1972
4237	4.69945		1972
4238	4.69945		1972
4239	4.69945		1972
4240	4.69945		1972
4241	4.69945		1972
4242	4.69945		1972
4243	4.69945		1972
4244	4.69945		1972
4245	4.69945		1972
4246	4.69945		1972
4247	4.69945		1972
4248	4.69945		1972
4249	4.69945		1972
4250	4.69945		1972
4251	4.69945		1972
4252	4.69945		1972
4253	4.69945		1972
4254	4.69945		1972
4255	4.69945		1972
4256	4.69945		1972
4257	4.69945		1972
4258	4.69945		1972
4259	4.69945		1972
4260	4.69945		1972
4261	4.69945		1972
4262	4.69945		1972
4263	4.69945		1972
4264	4.69945		1972
4265	4.69945		1972
4266	4.69945		1972
4267	4.69945		1972
4268	4.69945		1972
4269	4.69945		1972
4270	4.69945		1972
4271	4.69945		1972
4272	4.69945		1972
4273	4.69945		1972
4274	4.69945		1972
4275	4.69945		1972
4276	4.69945		1972
4277	4.69945		1972
4278	4.69945		1972
4279	4.69945		1972
4280	4.69945		1972
4281	4.69945		1972
4282	4.69945		1972
4283	4.69945		1972
4284	4.69945		1972
4285	4.69945		1972
4286	4.69945		1972
4287	4.69945		1972
4288	4.69945		1972
4289	4.69945		1972
4290	4.69945		1972
4291	4.69945		1972
4292	4.69945		1972
4293	4.69945		1972
4294	4.69945		1972
4295	4.69945		1972
4296	4.69945		1972
4297	4.69945		1972
4298	4.69945		1972
4299	4.69945		1972
4300	4.69945		1972
4301	4.69945		1972
4302	4.69945		1972
4303	4.69945		1972
4304	4.69945		1972
4305	4.69945		1972
4306	4.69945		1972
4307	4.69945		1972
4308	4.69945		1972
4309	4.69945		1972
4310	4.69945		1972
4311	4.69945		1972
4312	4.69945		1972
4313	4.69945		1972
4314	4.69945		1972
4315	4.69945		1972
4316	4.69945		1972
4317	4.69945		1972
4318	4.69945		1972
4319	4.69945		1972
4320	4.69945		1972
4321	4.69945		1972
4322	4.69945		1972
4323	4.69945		1972
4324	4.69945		1972
4325	4.69945		1972
4326	4.69945		1972
4327	4.69945		1972
4328	4.69945		1972
4329	4.69945		1972
4330	4.69945		1972
4331	4.69945		1972
4332	4.69945		1972
4333	4.69945		1972
4334	4.69945		1972
4335	4.69945		1972
4336	4.69945		1972
4337	4.69945		1972
4338	4.69945		1972
4339	4.69945		1972
4340	4.69945		1972
4341	4.69945		1972
4342	4.69945		1972
4343	4.69945		1972
4344	4.69945		1972
4345	4.69945		1972
4346	4.69945		1972
4347	4.69945		1972
4348	4.69945		1972
4349	4.69945		1972
4350	4.69945		1972
4351	4.69945		1972
4352	4.69945		1972
4353	4.69945		1972
4354	4.69945		1972
4355	4.69945		1972
4356	4.69945		1972
4357	4.69945		1972
4358	4.69945		1972
4359	4.69945		1972
4360	4.69945		1972
4361	4.69945		1972
4362	4.69945		1972
4363	4.69945		1972
4364	4.69945		1972
4365	4.69945		1972
4366	4.69945		1972
4367	4.69945		1972
4368	4.69945		1972
4369	4.69945		1972
4370	4.69945		1972
4371	4.69945		1972
4372	4.69945		1972
4373	4.69945		1972
4374	4.69945		1972
4375	4.69945		1972
4376	4.69945		1972
4377	4.69945		1972
4378	4.69945		1972
4379	4.69945		1972
4380	4.69945		1972
4381	4.69945		1972
4382	4.69945		1972
4383	4.69945		1972
4384	4.69945		1972
4385	4.69945		1972
4386	4.69945		1972
4387	4.69945		1972
4388	4.69945		1972
4389	4.69945		1972
4390	4.69945		1972
4391	4.69945		1972
4392	4.69945		1972
4393	4.69945		1972
4394	4.69945		1972
4395	4.69945		1972
4396	4.69945		1972
4397	4.69945		1972
4398	4.69945		1972
4399	4.69945		1972
4400	4.69945		1972
4401	4.69945		1972
4402	4.69945		1972
4403	4.69945		1972
4404	4.69945		1972
4405	4.69945		1972
4406	4.69945		1972
4407	4.69945		1972
4408	4.69945		1972
4409	4.69945		1972
4410	4.69945		1972
4411	4.69945		1972
4412	4.69945		1972
4413	4.69945		1972
4414	4.69945		1972
4415	4.69945		1972
4416	4.69945		1972
4417	4.69945		1972
4418	4.69945		1972
4419	4.69945		1972
4420	4.69945		1972
4421	4.69945		1972
4422	4.69945		1972
4423	4.69945		1972
4424	4.69945		1972
4425	4.69945		1972
4426	4.69945		1972
4427	4.69945		1972
4428	4.69945		1972
4429	4.69945		1972
4430	4.69945		1972
4431	4.69945		1972
4432	4.69945		1972
4433	4.69945		1972
4434	4.69945		1972
4435	4.69945		1972
4436	4.69945		1972
4437	4.69945		1972
4438	4.69945		1972
4439	4.69945		1972
4440	4.69945		1972
4441	4.69945		1972
4442	4.69945		1972
4443	4.69945		1972
4444	4.69945		1972
4445	4.69945		1972
4446	4.69945		1972
4447	4.69945		1972
4448	4.69945		1972
4449	4.69945		1972
4450	4.69945		1972
4451	4.69945		1972
4452	4.69945		1972
4453	4.69945		1972
4454	4.69945		1972
4455	4.69945		1972
4456	4.69945		1972
4457	4.69945		1972
4458	4.69945		1972
4459	4.69945		1972
4460	4.69945		1972
4461	4.69945		1972
4462	4.69945		1972
4463	4.69945		1972
4464	4.69945		1972
4465	4.69945		1972
4466	4.69945		1972
4467	4.69945		1972
4468	4.69945		1972
4469	4.69945		1972
4470	4.69945		1972
4471	4.69945		1972
4472	4.69945		1972
4473	4.69945		1972
4474	4.69945		1972
4475	4.69945		1972
4476	4.69945		1972
4477	4.69945		1972
4478	4.69945		1972
4479	4.69945		1972
4480	4.69945		1972
4481	4.69945		1972
4482	4.69945		1972
4483	4.69945		1972
4484	4.69945		1972
4485	4.69945		1972
4486	4.69945		1972
4487	4.69945		1972
4488	4.69945		1972
4489	4.69945		1972
4490	4.69945		1972
4491	4.69945		1972
4492	4.69945		1972
4493	4.69945		1972
4494	4.69945		1972
4495	4.69945		1972
4496	4.69945		1972
4497	4.69945		1972
4498	4.69945		1972
4499	4.69945		1972
4500	4.69945		1972
4501	4.69945		1972
4502	4.69945		1972
4503	4.69945		1972
4504	4.69945		1972
4505	4.69945		1972
4506	4.69945		1972
4507	4.69945		1972
4508	4.69945		1972
4509	4.69945		1972
4510	4.69945		1972
4511	4.69945		1972
4512	4.69945		1972
4513	4.69945		1972
4514	4.69945		1972
4515	4.69945		1972
4516	4.69945		1972
4517	4.69945		1972
4518	4.69945		1972
4519	4.69945		1972
4520	4.69945		1972
4521	4.69945		1972
4522	4.69945		1972
4523	4.69945		1972
4524	4.69945		1972
4525	4.69945		1972
4526	4.69945		1972
4527	4.69945		1972
4528	4.69945		1972
4529	4.69945		1972
4530	4.69945		1972
4531	4.69945		1972
4532	4.69945		1972
4533	4.69945		1972
4534	4.69945		1972
4535	4.69945		1972
4536	4.69945		1972
4537	4.69945		1972
4538	4.69945		1972
4539	4.69945		1972
4540	4.69945		1972
4541	4.69945		1972
4542	4.69945		1972
4543	4.69945		1972
4544	4.69945		1972
4545	4.69945		1972
4546	4.69945		1972
4547	4.69945		1972
4548	4.69945		1972
4549	4.69945		1972
4550	4.69945		1972
4551	4.69945		1972
4552	4.69945		1972
4553	4.69945		1972
4554	4.69945		1972
4555	4.69945		1972
4556	4.69945		1972
4557	4.69945		1972
4558	4.69945		1972
4559	4.69945		1972
4560	4.69945		1972
4561	4.69945		1972
4562	4.69945		1972
4563	4.69945		1972
4564	4.69945		1972
4565	4.69945		1972
4566	4.69945		1972
4567	4.69945		1972
4568	4.69945		1972
4569	4.69945		1972
4570	4.69945		1972
4571	4.69945		1972
4572	4.69945		1972
4573	4.69945		1972
4574	4.69945		1972
4575	4.69945		1972
4576	4.69945		1972
4577	4.69945		1972
4578	4.69945		1972
4579	4.69945		1972
4580	4.69945		1972
4581	4.69945		1972
4582	4.69945		1972
4583	4.69945		1972
4584	4.69945		1972
4585	4.69945		1972
4586	4.69945		1972
4587	4.69945		1972
4588	4.69945		1972
4589	4.69945		1972
4590	4.69945		1972
4591	4.69945		1972
4592	4.69945		1972
4593	4.69945		1972
4594	4.69945		1972
4595	4.69945		1972
4596	4.69945		1972
4597	4.69945		1972
4598	4.69945		1972
4599	4.69945		1972
4600	4.69945		1972
4601	4.69945		1972
4602	4.69945		1972
4603	4.69945		1972
4604	4.69945		1972
4605	4.69945		1972
4606	4.69945		1972
4607	4.69945		1972
4608	4.69945		1972
4609	4.69945		1972
4610	4.69945		1972
4611	4.69945		1972
4612	4.69945		1972
4613	4.69945		1972
4614	4.69945		1972
4615	4.69945		1972
4616	4.69945		1972
4617	4.69945		1972
4618	4.69945		1972
4619	4.69945		1972
4620	4.69945		1972
4621	4.69945		1972
4622	4.69945		1972
4623	4.69945		1972
4624	4.69945		1972
4625	4.69945		1972
4626	4.69945		1972
4627	4.69945		1972
4628	4.69945		1972
4629	4.69945		1972
4630	4.69945		1972
4631	4.69945		1972
4632	4.69945		1972
4633	4.69945		1972
4634	4.69945		1972
4635	4.69945		1972
4636	4.69945		1972
4637	4.69945		1972
4638	4.69945		1972
4639	4.69945		1972
4640	4.69945		1972
4641	4.69945		1972
4642	4.69945		1972
4643	4.69945		1972
4644	4.69945		1972
4645	4.69945		1972
4646	4.69945		1972
4647	4.69945		1972
4648	4.69945		1972
4649	4.69945		1972
4650	4.69945		1972
4651	4.69945		1972
4652	4.69945		1972
4653	4.69945		1972
4654	4.69945		1972
4655	4.69945		1972
4656	4.69945		1972
4657	4.69945		1972
4658	4.69945		1972
4659	4.69945		1972
4660	4.69945		1972
4661	4.69945		1972
4662	4.69945		1972
4663	4.69945		1972
4664	4.69945		1972
4665	4.69945		1972
4666	4.69945		1972
4667	4.69945		1972
4668	4.69945		1972
4669	4.69945		1972
4670	4.69945		1972
4671	4.69945		1972
4672	4.69945		1972
4673	4.69945		1972
4674	4.69945		1972
4675	4.69945		1972
4676	4.69945		1972
4677	4.69945		1972
4678	4.69945		1972
4679	4.69945		1972
4680	4.69945		1972
4681	4.69945		1972
4682	4.69945		1972
4683	4.69945		1972
4684	4.69945		1972
4685	4.69945		1972
4686	4.69945		1972
4687	4.69945		1972
4688	4.69945		1972
4689	4.69945		1972
4690	4.69945		1972
4691	4.69945		1972
4692	4.69945		1972
4693	4.69945		1972
4694	4.69945		1972
4695	4.69945		1972
4696	4.69945		1972
4697	4.69945		1972
4698	4.69945		1972
4699	4.69945		1972
4700	4.69945		1972
4701	4.69945		1972
4702	4.69945		1972
4703	4.69945		1972
4704	4.69945		1972
4705	4.69945		1972
4706	4.69945		1972
4707	4.69945		1972
4708	4.69945		1972
4709	4.69945		1972
4710	4.69945		1972
4711	4.69945		1972
4712	4.69945		1972
4713	4.69945		1972
4714	4.69945		1972
4715	4.69945		1972
4716	4.69945		1972
4717	4.69945		1972
4718	4.69945		1972
4719	4.69945		1972
4720	4.69945		1972
4721	4.69945		1972
4722	4.69945		1972
4723	4.69945		1972
4724	4.69945		1972
4725	4.69945		1972
4726	4.69945		1972
4727	4.69945		1972
4728	4.69945		1972
4729	4.69945		1972
4730	4.69945		1972
4731	4.69945		1972
4732	4.69945		1972
4733	4.69945		1972
4734	4.69945		1972
4735	4.69945		1972
4736	4.69945		1972
4737	4.69945		1972
4738	4.69945		1972
4739	4.69945		1972
4740	4.69945		1972
4741	4.69945		1972
4742	4.69945		1972
4743	4.69945		1972
4744	4.69945		1972
4745	4.69945		1972
4746	4.69945		1972
4747	4.69945		1972
4748	4.69945		1972
4749	4.69945		1972
4750	4.69945		1972
4751	4.69945		1972
4752	4.69945		1972
4753	4.69945		1972
4754	4.69945		1972
4755	4.69945		1972
4756	4.69945		1972
4757	4.69945		1972
4758	4.69945		1972
4759	4.69945		1972
4760	4.69945		1972
4761	4.69945		1972
4762	4.69945		1972
4763	4.69945		1972
4764	4.69945		1972
4765	4.69945		1972
4766	4.69945		1972
4767	4.69945		1972
4768	4.69945		1972
4769	4.69945		1972
4770	4.69945		1972
4771	4.69945		1972
4772	4.69945		1972
4773	4.69945		1972
4774	4.69945		1972
4775	4.69945		1972
4776	4.69945		1972
4777	4.69945		1972
4778	4.69945		1972
4779	4.69945		1972
4780	4.69945		1972
4781	4.69945		1972
4782	4.69945		1972
4783	4.69945		1972
4784	4.69945		1972
4785	4.69945		1972
4786	4.69945		1972
4787	4.69945		1972
4788	4.69945		1972
4789	4.69945		1972
4790	4.69945		1972
4791	4.69945		1972
4792	4.69945		1972
4793	4.69945		1972
4794	4.69945		1972
4795	4.69945		1972
4796	4.69945		1972
4797	4.69945		1972
4798	4.69945		1972
4799	4.69945		1972
4800	4.69945		1972
4801	4.69945		1972
4802	4.69945		1972
4803	4.69945		1972
4804	4.69945		1972
4805	4.69945		1972
4806	4.69945		1972
4807	4.69945		1972
4808	4.69945		1972
4809	4.69945		1972
4810	4.69945		1972
4811	4.69945		1972
4812	4.69945		1972
4813	4.69945		1972
4814	4.69945		1972
4815	4.69945		1972
4816	4.69945		1972
4817	4.69945		1972
4818	4.69945		1972
4819	4.69945		1972
4820	4.69945		1972
4821	4.69945		1972
4822	4.69945		1972
4823	4.69945		1972
4824	4.69945		1972
4825	4.69945		1972
4826	4.69945		1972
4827	4.69945		1972
4828	4.69945		1972
4829	4.69945		1972
4830	4.69945		1972
4831	4.69945		1972
4832	4.69945		1972
4833	4.69945		1972
4834	4.69945		1972
4835	4.69945		1972
4836	4.69945		1972
4837	4.69945		1972
4838	4.69945		1972
4839	4.69945		1972
4840	4.69945		1972
4841	4.69945		1972
4842	4.69945		1972
4843	4.69945		1972
4844	4.69945		1972
4845	4.69945		1972
4846	4.69945		1972
4847	4.69945		1972
4848	4.69945		1972
4849	4.69945		1972
4850	4.69945		1972
4851	4.69945		1972
4852	4.69945		1972
4853	4.69945		1972
4854	4.69945		1972
4855	4.69945		1972
4856	4.69945		1972
4857	4.69945		1972
4858	4.69945		1972
4859	4.69945		1972
4860	4.69945		1972
4861	4.69945		1972
4862	4.69945		1972
4863	4.69945		1972
4864	4.69945		1972
4865	4.69945		1972
4866	4.69945		1972
4867	4.69945		1972
4868	4.69945		1972
4869	4.69945		1972
4870	4.69945		1972
4871	4.69945		1972
4872	4.69945		1972
4873	4.69945		1972
4874	4.69945		1972
4875	4.69945		1972
4876	4.69945		1972
4877	4.69945		1972
4878	4.69945		1972
4879	4.69945		1972
4880	4.69945		1972
4881	4.69945		1972
4882	4.69945		1972
4883	4.69945		1972
4884	4.69945		1972
4885	4.69945		1972
4886	4.69945		1972
4887	4.69945		1972
4888	4.69945		1972
4889	4.69945		1972
4890	4.69945		1972
4891	4.69945		1972
4892	4.69945		1972
4893	4.69945		1972
4894	4.69945		1972
4895	4.69945		1972
4896	4.69945		1972
4897	4.69945		1972
4898	4.69945		1972
4899	4.69945		1972
4900	4.69945		1972
4901	4.69945		1972
4902	4.69945		1972
4903	4.69945		1972
4904	4.69945		1972
4905	4.69945		1972
4906	4.69945		1972
4907	4.69945		1972
4908	4.69945		1972
4909	4.69945		1972
4910	4.69945		1972
4911	4.69945		1972
4912	4.69945		1972
4913	4.69945		1972
4914	4.69945		1972
4915	4.69945		1972
4916	4.69945		1972
4917	4.69945		1972
4918	4.69945		1972
4919	4.69945		1972
4920	4.69945		1972
4921	4.69945		1972
4922	4.69945		1972
4923	4.69945		1972
4924	4.69945		1972
4925	4.69945		1972
4926	4.69945		1972
4927	4.69945		1972
4928	4.69945		1972
4929	4.69945		1972
4930	4.69945		1972
4931	4.69945		1972
4932	4.69945		1972
4933	4.69945		1972
4934	4.69945		1972
4935	4.69945		1972
4936	4.69945		1972
4937	4.69945		1972
4938	4.69945		1972
4939	4.69945		1972
4940	4.69945		1972
4941	4.69945		1972
4942	4.69945		1972
4943	4.69945		1972
4944	4.69945		1972
4945	4.69945		1972
4946	4.69945		1972
4947	4.69945		1972
4948	4.69945		1972
4949	4.69945		1972
4950	4.69945		1972
4951	4.69945		1972
4952	4.69945		1972
4953	4.69945		1972
4954	4.69945		1972
4955	4.69945		1972
4956	4.69945		1972
4957	4.69945		1972
4958	4.69945		1972
4959	4.69945		1972
4960	4.69945		1972
4961	4.69945		1972
4962	4.69945		1972
4963	4.69945		1972
4964	4.69945		1972
4965	4.69945		1972
4966	4.69945		1972
4967	4.69945		1972
4968	4.69945		1972
4969	4.69945		1972
4970	4.69945		1972
4971	4.69945		1972
4972	4.69945		1972
4973	4.69945		1972
4974	4.69945		1972
4975	4.69945		1972
4976	4.69945		1972
4977	4.69945		1972
4978	4.69945		1972
4979	4.69945		1972
4980	4.69945		1972
4981	4.69945		1972
4982	4.69945		1972
4983	4.69945		1972
4984	4.69945		1972
4985	4.69945		1972
4986	4.69945		1972
4987	4.69945		1972
4988	4.69945		1972
4989	4.69945		1972
4990	4.69945		1972
4991	4.69945		1972
4992	4.69945		1972
4993	4.69945		1972
4994	4.69945		1972
4995	4.69945		1972
4996	4.69945		1972
4997	4.69945		1972
4998	4.69945		1972
4999	4.69945		1972
5000	4.69945		1972
