1	15.4108
2	13.8947
3	13.0245
4	12.7658
5	12.5253
6	12.2864
7	12.0509
8	11.8073
9	11.4508
10	10.986
11	10.6438
12	10.247
13	9.72114
14	9.68405
15	9.61998
16	9.52351
17	9.24484
18	9.22578
19	9.07308
20	9.04193
21	8.76465
22	8.55091
23	8.48853
24	8.45832
25	8.43926
26	8.24678
27	7.96249
28	7.82474
29	7.78514
30	7.73828
31	7.74667
32	7.60956
33	7.52474
34	7.46516
35	7.39462
36	7.36393
37	7.27309
38	7.11225
39	6.936
40	6.76125
41	6.67267
42	6.65762
43	6.64251
44	6.63768
45	6.63461
46	6.56973
47	6.44904
48	6.35049
49	6.25898
50	6.24048
51	6.23891
52	6.21186
53	6.17262
54	6.16151
55	6.15199
56	6.12867
57	6.10387
58	6.08996
59	6.08185
60	6.07763
61	6.07763
62	6.07353
63	6.01869
64	5.94328
65	5.92664
66	5.91987
67	5.81638
68	5.68769
69	5.60607
70	5.50777
71	5.4658
72	5.459
73	5.44218
74	5.41352
75	5.37553
76	5.33828
77	5.32475
78	5.31316
79	5.30405
80	5.29424
81	5.28431
82	5.27873
83	5.26828
84	5.21792
85	5.16066
86	5.14753
87	5.14753
88	5.14753
89	5.14753
90	5.14713
91	5.14076
92	5.1308
93	5.12756
94	5.12685
95	5.12256
96	5.06756
97	4.99474
98	4.97924
99	4.97924
100	4.97924
101	4.97924
102	4.97912
103	4.97754
104	4.97474
105	4.97364
106	4.97364
107	4.97364
108	4.97364
109	4.97364
110	4.97364
111	4.97364
112	4.97364
113	4.97364
114	4.97364
115	4.97364
116	4.97364
117	4.97364
118	4.97356
119	4.97241
120	4.97048
121	4.96978
122	4.96878
123	4.95364
124	4.9284
125	4.91932
126	4.91932
127	4.91932
128	4.91932
129	4.91932
130	4.91932
131	4.91932
132	4.91932
133	4.91932
134	4.91932
135	4.91932
136	4.91932
137	4.91932
138	4.91932
139	4.91932
140	4.91932
141	4.91932
142	4.91932
143	4.91932
144	4.91932
145	4.91932
146	4.91932
147	4.91932
148	4.91932
149	4.91932
150	4.91932
151	4.91932
152	4.91932
153	4.91932
154	4.91932
155	4.91932
156	4.91932
157	4.91932
158	4.91932
159	4.91932
160	4.91932
161	4.91932
162	4.91932
163	4.91932
164	4.91932
165	4.91932
166	4.91932
167	4.91932
168	4.91932
169	4.91932
170	4.91932
171	4.91932
172	4.91932
173	4.91932
174	4.91932
175	4.91932
176	4.91932
177	4.91932
178	4.91932
179	4.91932
180	4.91932
181	4.91932
182	4.91932
183	4.91932
184	4.91932
185	4.91932
186	4.91932
187	4.91932
188	4.91932
189	4.91932
190	4.91932
191	4.91932
192	4.91932
193	4.91932
194	4.91932
195	4.91932
196	4.91932
197	4.91932
198	4.91932
199	4.91932
200	4.91932
201	4.91932
202	4.91932
203	4.91932
204	4.91932
205	4.91932
206	4.91932
207	4.91932
208	4.91932
209	4.91932
210	4.91932
211	4.91932
212	4.91932
213	4.91932
214	4.91932
215	4.91932
216	4.91932
217	4.91932
218	4.91932
219	4.91932
220	4.91932
221	4.91932
222	4.91932
223	4.91932
224	4.91932
225	4.91932
226	4.91932
227	4.91932
228	4.91932
229	4.91932
230	4.91932
231	4.91932
232	4.91932
233	4.91932
234	4.91932
235	4.91932
236	4.91932
237	4.91932
238	4.91932
239	4.91932
240	4.91932
241	4.91932
242	4.91932
243	4.91932
244	4.91932
245	4.91932
246	4.91932
247	4.91932
248	4.91932
249	4.91932
250	4.91932
251	4.91932
252	4.91932
253	4.91932
254	4.91932
255	4.91932
256	4.91932
257	4.91932
258	4.91932
259	4.91932
260	4.91932
261	4.91932
262	4.91932
263	4.91932
264	4.91932
265	4.91932
266	4.91932
267	4.91932
268	4.91932
269	4.91932
270	4.91932
271	4.91932
272	4.91932
273	4.91932
274	4.91932
275	4.91932
276	4.91932
277	4.91932
278	4.91932
279	4.91932
280	4.91932
281	4.91932
282	4.91932
283	4.91932
284	4.91932
285	4.91932
286	4.91932
287	4.91932
288	4.91932
289	4.91932
290	4.91932
291	4.91932
292	4.91932
293	4.91932
294	4.91932
295	4.91932
296	4.91932
297	4.91932
298	4.91932
299	4.91932
300	4.91932
301	4.91932
302	4.91932
303	4.91932
304	4.91932
305	4.91932
306	4.91932
307	4.91932
308	4.91932
309	4.91932
310	4.91932
311	4.91932
312	4.91932
313	4.91932
314	4.91932
315	4.91932
316	4.91932
317	4.91932
318	4.91932
319	4.91932
320	4.91932
321	4.91932
322	4.91932
323	4.91932
324	4.91932
325	4.91932
326	4.91932
327	4.91932
328	4.91932
329	4.91932
330	4.91932
331	4.91932
332	4.91932
333	4.91932
334	4.91932
335	4.91932
336	4.91932
337	4.91932
338	4.91932
339	4.91932
340	4.91932
341	4.91932
342	4.91932
343	4.91932
344	4.91932
345	4.91932
346	4.91932
347	4.91932
348	4.91932
349	4.91932
350	4.91932
351	4.91932
352	4.91932
353	4.91932
354	4.91932
355	4.91932
356	4.91932
357	4.91932
358	4.91932
359	4.91932
360	4.91932
361	4.91932
362	4.91932
363	4.91932
364	4.91932
365	4.91932
366	4.91932
367	4.91932
368	4.91932
369	4.91932
370	4.91932
371	4.91932
372	4.91932
373	4.91932
374	4.91932
375	4.91932
376	4.91932
377	4.91932
378	4.91932
379	4.91932
380	4.91932
381	4.91932
382	4.91932
383	4.91932
384	4.91932
385	4.91932
386	4.91932
387	4.91932
388	4.91932
389	4.91932
390	4.91932
391	4.91932
392	4.91932
393	4.91932
394	4.91932
395	4.91932
396	4.91932
397	4.91932
398	4.91932
399	4.91932
400	4.91932
401	4.91932
402	4.91932
403	4.91932
404	4.91932
405	4.91932
406	4.91932
407	4.91932
408	4.91932
409	4.91932
410	4.91932
411	4.91932
412	4.91932
413	4.91932
414	4.91932
415	4.91932
416	4.91932
417	4.91932
418	4.91932
419	4.91932
420	4.91932
421	4.91932
422	4.91932
423	4.91932
424	4.91932
425	4.91932
426	4.91932
427	4.91932
428	4.91932
429	4.91932
430	4.91932
431	4.91932
432	4.91932
433	4.91932
434	4.91932
435	4.91932
436	4.91932
437	4.91932
438	4.91932
439	4.91932
440	4.91932
441	4.91932
442	4.91932
443	4.91932
444	4.91932
445	4.91932
446	4.91932
447	4.91932
448	4.91932
449	4.91932
450	4.91932
451	4.91932
452	4.91932
453	4.91932
454	4.91932
455	4.91932
456	4.91932
457	4.91932
458	4.91932
459	4.91932
460	4.91932
461	4.91932
462	4.91932
463	4.91932
464	4.91932
465	4.91932
466	4.91932
467	4.91932
468	4.91932
469	4.91932
470	4.91932
471	4.91932
472	4.91932
473	4.91932
474	4.91932
475	4.91932
476	4.91932
477	4.91932
478	4.91932
479	4.91932
480	4.91932
481	4.91932
482	4.91932
483	4.91932
484	4.91932
485	4.91932
486	4.91932
487	4.91932
488	4.91932
489	4.91932
490	4.91932
491	4.91932
492	4.91932
493	4.91932
494	4.91932
495	4.91932
496	4.91932
497	4.91932
498	4.91932
499	4.91932
500	4.91932
501	4.91932
502	4.91932
503	4.91932
504	4.91932
505	4.91932
506	4.91932
507	4.91932
508	4.91932
509	4.91932
510	4.91932
511	4.91932
512	4.91932
513	4.91932
514	4.91932
515	4.91932
516	4.91932
517	4.91932
518	4.91932
519	4.91932
520	4.91932
521	4.91932
522	4.91932
523	4.91932
524	4.91932
525	4.91932
526	4.91932
527	4.91932
528	4.91932
529	4.91932
530	4.91932
531	4.91932
532	4.91932
533	4.91932
534	4.91932
535	4.91932
536	4.91932
537	4.91932
538	4.91932
539	4.91932
540	4.91932
541	4.91932
542	4.91932
543	4.91932
544	4.91932
545	4.91932
546	4.91932
547	4.91932
548	4.91932
549	4.91932
550	4.91932
551	4.91932
552	4.91932
553	4.91932
554	4.91932
555	4.91932
556	4.91932
557	4.91932
558	4.91932
559	4.91932
560	4.91932
561	4.91932
562	4.91932
563	4.91932
564	4.91932
565	4.91932
566	4.91932
567	4.91932
568	4.91932
569	4.91932
570	4.91932
571	4.91932
572	4.91932
573	4.91932
574	4.91932
575	4.91932
576	4.91932
577	4.91932
578	4.91932
579	4.91932
580	4.91932
581	4.91932
582	4.91932
583	4.91932
584	4.91932
585	4.91932
586	4.91932
587	4.91932
588	4.91932
589	4.91932
590	4.91932
591	4.91932
592	4.91932
593	4.91932
594	4.91932
595	4.91932
596	4.91932
597	4.91932
598	4.91932
599	4.91932
600	4.91932
601	4.91932
602	4.91932
603	4.91932
604	4.91932
605	4.91932
606	4.91932
607	4.91932
608	4.91932
609	4.91932
610	4.91932
611	4.91932
612	4.91932
613	4.91932
614	4.91932
615	4.91932
616	4.91932
617	4.91932
618	4.91932
619	4.91932
620	4.91932
621	4.91932
622	4.91932
623	4.91932
624	4.91932
625	4.91932
626	4.91932
627	4.91932
628	4.91932
629	4.91932
630	4.91932
631	4.91932
632	4.91932
633	4.91932
634	4.91932
635	4.91932
636	4.91932
637	4.91932
638	4.91932
639	4.91932
640	4.91932
641	4.91932
642	4.91932
643	4.91932
644	4.91932
645	4.91932
646	4.91932
647	4.91932
648	4.91932
649	4.91932
650	4.91932
651	4.91932
652	4.91932
653	4.91932
654	4.91932
655	4.91932
656	4.91932
657	4.91932
658	4.91932
659	4.91932
660	4.91932
661	4.91932
662	4.91932
663	4.91932
664	4.91932
665	4.91932
666	4.91932
667	4.91932
668	4.91932
669	4.91932
670	4.91932
671	4.91932
672	4.91932
673	4.91932
674	4.91932
675	4.91932
676	4.91932
677	4.91932
678	4.91932
679	4.91932
680	4.91932
681	4.91932
682	4.91932
683	4.91932
684	4.91932
685	4.91932
686	4.91932
687	4.91932
688	4.91932
689	4.91932
690	4.91932
691	4.91932
692	4.91932
693	4.91932
694	4.91932
695	4.91932
696	4.91932
697	4.91932
698	4.91932
699	4.91932
700	4.91932
701	4.91932
702	4.91932
703	4.91932
704	4.91932
705	4.91932
706	4.91932
707	4.91932
708	4.91932
709	4.91932
710	4.91932
711	4.91932
712	4.91932
713	4.91932
714	4.91932
715	4.91932
716	4.91932
717	4.91932
718	4.91932
719	4.91932
720	4.91932
721	4.91932
722	4.91932
723	4.91932
724	4.91932
725	4.91932
726	4.91932
727	4.91932
728	4.91932
729	4.91932
730	4.91932
731	4.91932
732	4.91932
733	4.91932
734	4.91932
735	4.91932
736	4.91932
737	4.91932
738	4.91932
739	4.91932
740	4.91932
741	4.91932
742	4.91932
743	4.91932
744	4.91932
745	4.91932
746	4.91932
747	4.91932
748	4.91932
749	4.91932
750	4.91932
751	4.91932
752	4.91932
753	4.91932
754	4.91932
755	4.91932
756	4.91932
757	4.91932
758	4.91932
759	4.91932
760	4.91932
761	4.91932
762	4.91932
763	4.91932
764	4.91932
765	4.91932
766	4.91932
767	4.91932
768	4.91932
769	4.91932
770	4.91932
771	4.91932
772	4.91932
773	4.91932
774	4.91932
775	4.91932
776	4.91932
777	4.91932
778	4.91932
779	4.91932
780	4.91932
781	4.91932
782	4.91932
783	4.91932
784	4.91932
785	4.91932
786	4.91932
787	4.91932
788	4.91932
789	4.91932
790	4.91932
791	4.91932
792	4.91932
793	4.91932
794	4.91932
795	4.91932
796	4.91932
797	4.91932
798	4.91932
799	4.91932
800	4.91932
801	4.91932
802	4.91932
803	4.91932
804	4.91932
805	4.91932
806	4.91932
807	4.91932
808	4.91932
809	4.91932
810	4.91932
811	4.91932
812	4.91932
813	4.91932
814	4.91932
815	4.91932
816	4.91932
817	4.91932
818	4.91932
819	4.91932
820	4.91932
821	4.91932
822	4.91932
823	4.91932
824	4.91932
825	4.91932
826	4.91932
827	4.91932
828	4.91932
829	4.91932
830	4.91932
831	4.91932
832	4.91932
833	4.91932
834	4.91932
835	4.91932
836	4.91932
837	4.91932
838	4.91932
839	4.91932
840	4.91932
841	4.91932
842	4.91932
843	4.91932
844	4.91932
845	4.91932
846	4.91932
847	4.91932
848	4.91932
849	4.91932
850	4.91932
851	4.91932
852	4.91932
853	4.91932
854	4.91932
855	4.91932
856	4.91932
857	4.91932
858	4.91932
859	4.91932
860	4.91932
861	4.91932
862	4.91932
863	4.91932
864	4.91932
865	4.91932
866	4.91932
867	4.91932
868	4.91932
869	4.91932
870	4.91932
871	4.91932
872	4.91932
873	4.91932
874	4.91932
875	4.91932
876	4.91932
877	4.91932
878	4.91932
879	4.91932
880	4.91932
881	4.91932
882	4.91932
883	4.91932
884	4.91932
885	4.91932
886	4.91932
887	4.91932
888	4.91932
889	4.91932
890	4.91932
891	4.91932
892	4.91932
893	4.91932
894	4.91932
895	4.91932
896	4.91932
897	4.91932
898	4.91932
899	4.91932
900	4.91932
901	4.91932
902	4.91932
903	4.91932
904	4.91932
905	4.91932
906	4.91932
907	4.91932
908	4.91932
909	4.91932
910	4.91932
911	4.91932
912	4.91932
913	4.91932
914	4.91932
915	4.91932
916	4.91932
917	4.91932
918	4.91932
919	4.91932
920	4.91932
921	4.91932
922	4.91932
923	4.91932
924	4.91932
925	4.91932
926	4.91932
927	4.91932
928	4.91932
929	4.91932
930	4.91932
931	4.91932
932	4.91932
933	4.91932
934	4.91932
935	4.91932
936	4.91932
937	4.91932
938	4.91932
939	4.91932
940	4.91932
941	4.91932
942	4.91932
943	4.91932
944	4.91932
945	4.91932
946	4.91932
947	4.91932
948	4.91932
949	4.91932
950	4.91932
951	4.91932
952	4.91932
953	4.91932
954	4.91932
955	4.91932
956	4.91932
957	4.91932
958	4.91932
959	4.91932
960	4.91932
961	4.91932
962	4.91932
963	4.91932
964	4.91932
965	4.91932
966	4.91932
967	4.91932
968	4.91932
969	4.91932
970	4.91932
971	4.91932
972	4.91932
973	4.91932
974	4.91932
975	4.91932
976	4.91932
977	4.91932
978	4.91932
979	4.91932
980	4.91932
981	4.91932
982	4.91932
983	4.91932
984	4.91932
985	4.91932
986	4.91932
987	4.91932
988	4.91932
989	4.91932
990	4.91932
991	4.91932
992	4.91932
993	4.91932
994	4.91932
995	4.91932
996	4.91932
997	4.91932
998	4.91873
999	4.90809
1000	4.89332
1001	4.88977
1002	4.88977
1003	4.88977
1004	4.88977
1005	4.88977
1006	4.88977
1007	4.88977
1008	4.88977
1009	4.88977
1010	4.88977
1011	4.88977
1012	4.88977
1013	4.88977
1014	4.88977
1015	4.88977
1016	4.88977
1017	4.88977
1018	4.88977
1019	4.88977
1020	4.88977
1021	4.88977
1022	4.88977
1023	4.88977
1024	4.88977
1025	4.88977
1026	4.88977
1027	4.88977
1028	4.88977
1029	4.88977
1030	4.88977
1031	4.88977
1032	4.88977
1033	4.88977
1034	4.88977
1035	4.88977
1036	4.88977
1037	4.88977
1038	4.88977
1039	4.88977
1040	4.88977
1041	4.88977
1042	4.88977
1043	4.88977
1044	4.88977
1045	4.88977
1046	4.88977
1047	4.88977
1048	4.88977
1049	4.88977
1050	4.88977
1051	4.88977
1052	4.88977
1053	4.88977
1054	4.88977
1055	4.88977
1056	4.88977
1057	4.88977
1058	4.88977
1059	4.88977
1060	4.88977
1061	4.88977
1062	4.88977
1063	4.88977
1064	4.88977
1065	4.88977
1066	4.88977
1067	4.88977
1068	4.88977
1069	4.88977
1070	4.88977
1071	4.88977
1072	4.88977
1073	4.88977
1074	4.88977
1075	4.88977
1076	4.88977
1077	4.88977
1078	4.88977
1079	4.88977
1080	4.88977
1081	4.88977
1082	4.88977
1083	4.88977
1084	4.88977
1085	4.88977
1086	4.88977
1087	4.88977
1088	4.88977
1089	4.88977
1090	4.88977
1091	4.88977
1092	4.88977
1093	4.88977
1094	4.88977
1095	4.88977
1096	4.88977
1097	4.88977
1098	4.88977
1099	4.88977
1100	4.88977
1101	4.88977
1102	4.88977
1103	4.88977
1104	4.88977
1105	4.88977
1106	4.88977
1107	4.88977
1108	4.88977
1109	4.88977
1110	4.88977
1111	4.88977
1112	4.88977
1113	4.88977
1114	4.88977
1115	4.88977
1116	4.88977
1117	4.88977
1118	4.88977
1119	4.88977
1120	4.88977
1121	4.88977
1122	4.88977
1123	4.88977
1124	4.88977
1125	4.88977
1126	4.88977
1127	4.88977
1128	4.88977
1129	4.88977
1130	4.88977
1131	4.88977
1132	4.88977
1133	4.88977
1134	4.88977
1135	4.88977
1136	4.88977
1137	4.88977
1138	4.88977
1139	4.88977
1140	4.88977
1141	4.88977
1142	4.88977
1143	4.88977
1144	4.88977
1145	4.88977
1146	4.88977
1147	4.88977
1148	4.88977
1149	4.88977
1150	4.88977
1151	4.88977
1152	4.88977
1153	4.88977
1154	4.88977
1155	4.88977
1156	4.88977
1157	4.88977
1158	4.88977
1159	4.88977
1160	4.88977
1161	4.88977
1162	4.88977
1163	4.88977
1164	4.88977
1165	4.88977
1166	4.88977
1167	4.88977
1168	4.88977
1169	4.88977
1170	4.88977
1171	4.88977
1172	4.88977
1173	4.88977
1174	4.88977
1175	4.88977
1176	4.88977
1177	4.88977
1178	4.88977
1179	4.88977
1180	4.88977
1181	4.88977
1182	4.88977
1183	4.88977
1184	4.88977
1185	4.88977
1186	4.88977
1187	4.88977
1188	4.88977
1189	4.88977
1190	4.88977
1191	4.88977
1192	4.88977
1193	4.88977
1194	4.88977
1195	4.88977
1196	4.88977
1197	4.88977
1198	4.88977
1199	4.88977
1200	4.88977
1201	4.88977
1202	4.88977
1203	4.88977
1204	4.88977
1205	4.88977
1206	4.88977
1207	4.88977
1208	4.88977
1209	4.88977
1210	4.88977
1211	4.88977
1212	4.88977
1213	4.88977
1214	4.88977
1215	4.88977
1216	4.88977
1217	4.88977
1218	4.88977
1219	4.88977
1220	4.88977
1221	4.88977
1222	4.88977
1223	4.88977
1224	4.88977
1225	4.88977
1226	4.88977
1227	4.88977
1228	4.88977
1229	4.88977
1230	4.88977
1231	4.88977
1232	4.88977
1233	4.88977
1234	4.88977
1235	4.88977
1236	4.88977
1237	4.88977
1238	4.88977
1239	4.88977
1240	4.88977
1241	4.88977
1242	4.88977
1243	4.88977
1244	4.88977
1245	4.88977
1246	4.88977
1247	4.88977
1248	4.88977
1249	4.88977
1250	4.88977
1251	4.88977
1252	4.88977
1253	4.88977
1254	4.88977
1255	4.88977
1256	4.88977
1257	4.88977
1258	4.88977
1259	4.88977
1260	4.88977
1261	4.88977
1262	4.88977
1263	4.88977
1264	4.88977
1265	4.88977
1266	4.88977
1267	4.88977
1268	4.88977
1269	4.88977
1270	4.88977
1271	4.88977
1272	4.88977
1273	4.88977
1274	4.88977
1275	4.88977
1276	4.88977
1277	4.88977
1278	4.88977
1279	4.88977
1280	4.88977
1281	4.88977
1282	4.88977
1283	4.88977
1284	4.88977
1285	4.88977
1286	4.88977
1287	4.88977
1288	4.88977
1289	4.88977
1290	4.88977
1291	4.88977
1292	4.88977
1293	4.88977
1294	4.88977
1295	4.88977
1296	4.88977
1297	4.88977
1298	4.88977
1299	4.88977
1300	4.88977
1301	4.88977
1302	4.88977
1303	4.88977
1304	4.88977
1305	4.88977
1306	4.88977
1307	4.88977
1308	4.88977
1309	4.88977
1310	4.88977
1311	4.88977
1312	4.88977
1313	4.88977
1314	4.88977
1315	4.88977
1316	4.88977
1317	4.88977
1318	4.88977
1319	4.88977
1320	4.88977
1321	4.88977
1322	4.88977
1323	4.88977
1324	4.88977
1325	4.88977
1326	4.88977
1327	4.88977
1328	4.88977
1329	4.88977
1330	4.88977
1331	4.88977
1332	4.88977
1333	4.88977
1334	4.88977
1335	4.88977
1336	4.88977
1337	4.88977
1338	4.88977
1339	4.88977
1340	4.88977
1341	4.88977
1342	4.88977
1343	4.88977
1344	4.88977
1345	4.88977
1346	4.88977
1347	4.88977
1348	4.88977
1349	4.88977
1350	4.88977
1351	4.88977
1352	4.88977
1353	4.88977
1354	4.88977
1355	4.88977
1356	4.88977
1357	4.88977
1358	4.88977
1359	4.88977
1360	4.88977
1361	4.88977
1362	4.88977
1363	4.88977
1364	4.88977
1365	4.88977
1366	4.88977
1367	4.88977
1368	4.88977
1369	4.88977
1370	4.88977
1371	4.88977
1372	4.88977
1373	4.88977
1374	4.88977
1375	4.88977
1376	4.88977
1377	4.88977
1378	4.88977
1379	4.88977
1380	4.88977
1381	4.88977
1382	4.88977
1383	4.88977
1384	4.88977
1385	4.88977
1386	4.88977
1387	4.88977
1388	4.88977
1389	4.88977
1390	4.88977
1391	4.88977
1392	4.88977
1393	4.88977
1394	4.88977
1395	4.88977
1396	4.88977
1397	4.88977
1398	4.88977
1399	4.88977
1400	4.88977
1401	4.88977
1402	4.88977
1403	4.88977
1404	4.88977
1405	4.88977
1406	4.88977
1407	4.88977
1408	4.88977
1409	4.88977
1410	4.88977
1411	4.88977
1412	4.88977
1413	4.88977
1414	4.88977
1415	4.88977
1416	4.88977
1417	4.88977
1418	4.88977
1419	4.88977
1420	4.88977
1421	4.88977
1422	4.88977
1423	4.88977
1424	4.88977
1425	4.88977
1426	4.88977
1427	4.88977
1428	4.88977
1429	4.88977
1430	4.88977
1431	4.88977
1432	4.88977
1433	4.88977
1434	4.88977
1435	4.88977
1436	4.88977
1437	4.88977
1438	4.88977
1439	4.88977
1440	4.88977
1441	4.88977
1442	4.88977
1443	4.88977
1444	4.88977
1445	4.88977
1446	4.88977
1447	4.88977
1448	4.88977
1449	4.88977
1450	4.88977
1451	4.88977
1452	4.88977
1453	4.88977
1454	4.88977
1455	4.88977
1456	4.88977
1457	4.88977
1458	4.88977
1459	4.88977
1460	4.88977
1461	4.88977
1462	4.88977
1463	4.88977
1464	4.88977
1465	4.88977
1466	4.88977
1467	4.88977
1468	4.88977
1469	4.88977
1470	4.88977
1471	4.88977
1472	4.88977
1473	4.88977
1474	4.88977
1475	4.88977
1476	4.88977
1477	4.88977
1478	4.88977
1479	4.88977
1480	4.88977
1481	4.88977
1482	4.88977
1483	4.88977
1484	4.88977
1485	4.88977
1486	4.88977
1487	4.88977
1488	4.88977
1489	4.88977
1490	4.88977
1491	4.88977
1492	4.88977
1493	4.88977
1494	4.88977
1495	4.88977
1496	4.88977
1497	4.88977
1498	4.88977
1499	4.88977
1500	4.88977
1501	4.88977
1502	4.88977
1503	4.88977
1504	4.88977
1505	4.88977
1506	4.88977
1507	4.88977
1508	4.88977
1509	4.88977
1510	4.88977
1511	4.88977
1512	4.88977
1513	4.88977
1514	4.88977
1515	4.88977
1516	4.88977
1517	4.88977
1518	4.88977
1519	4.88977
1520	4.88977
1521	4.88977
1522	4.88977
1523	4.88977
1524	4.88977
1525	4.88977
1526	4.88977
1527	4.88977
1528	4.88977
1529	4.88977
1530	4.88977
1531	4.88977
1532	4.88977
1533	4.88977
1534	4.88977
1535	4.88977
1536	4.88977
1537	4.88977
1538	4.88977
1539	4.88977
1540	4.88977
1541	4.88977
1542	4.88977
1543	4.88977
1544	4.88977
1545	4.88977
1546	4.88977
1547	4.88977
1548	4.88977
1549	4.88977
1550	4.88977
1551	4.88977
1552	4.88977
1553	4.88977
1554	4.88977
1555	4.88977
1556	4.88977
1557	4.88977
1558	4.88977
1559	4.88977
1560	4.88977
1561	4.88977
1562	4.88977
1563	4.88977
1564	4.88977
1565	4.88977
1566	4.88977
1567	4.88977
1568	4.88977
1569	4.88977
1570	4.88977
1571	4.88977
1572	4.88977
1573	4.88977
1574	4.88977
1575	4.88977
1576	4.88977
1577	4.88977
1578	4.88977
1579	4.88977
1580	4.88977
1581	4.88977
1582	4.88977
1583	4.88977
1584	4.88977
1585	4.88977
1586	4.88977
1587	4.88977
1588	4.88977
1589	4.88977
1590	4.88977
1591	4.88977
1592	4.88977
1593	4.88977
1594	4.88977
1595	4.88977
1596	4.88977
1597	4.88977
1598	4.88977
1599	4.88977
1600	4.88977
1601	4.88977
1602	4.88977
1603	4.88977
1604	4.88977
1605	4.88977
1606	4.88977
1607	4.88977
1608	4.88977
1609	4.88977
1610	4.88977
1611	4.88977
1612	4.88977
1613	4.88977
1614	4.88977
1615	4.88977
1616	4.88977
1617	4.88977
1618	4.88977
1619	4.88977
1620	4.88977
1621	4.88977
1622	4.88977
1623	4.88977
1624	4.88977
1625	4.88977
1626	4.88977
1627	4.88977
1628	4.88977
1629	4.88977
1630	4.88977
1631	4.88977
1632	4.88977
1633	4.88977
1634	4.88977
1635	4.88977
1636	4.88977
1637	4.88977
1638	4.88977
1639	4.88977
1640	4.88977
1641	4.88977
1642	4.88977
1643	4.88977
1644	4.88977
1645	4.88977
1646	4.88977
1647	4.88977
1648	4.88977
1649	4.88977
1650	4.88977
1651	4.88977
1652	4.88977
1653	4.88977
1654	4.88977
1655	4.88977
1656	4.88977
1657	4.88977
1658	4.88977
1659	4.88977
1660	4.88977
1661	4.88977
1662	4.88977
1663	4.88977
1664	4.88977
1665	4.88977
1666	4.88977
1667	4.88977
1668	4.88977
1669	4.88977
1670	4.88977
1671	4.88977
1672	4.88977
1673	4.88977
1674	4.88977
1675	4.88977
1676	4.88977
1677	4.88977
1678	4.88977
1679	4.88977
1680	4.88977
1681	4.88977
1682	4.88977
1683	4.88977
1684	4.88977
1685	4.88977
1686	4.88977
1687	4.88977
1688	4.88977
1689	4.88977
1690	4.88977
1691	4.88977
1692	4.88977
1693	4.88977
1694	4.88977
1695	4.88977
1696	4.88977
1697	4.88977
1698	4.88977
1699	4.88977
1700	4.88977
1701	4.88977
1702	4.88977
1703	4.88977
1704	4.88977
1705	4.88977
1706	4.88977
1707	4.88977
1708	4.88977
1709	4.88977
1710	4.88977
1711	4.88977
1712	4.88977
1713	4.88977
1714	4.88977
1715	4.88977
1716	4.88977
1717	4.88977
1718	4.88977
1719	4.88977
1720	4.88977
1721	4.88977
1722	4.88977
1723	4.88977
1724	4.88977
1725	4.88977
1726	4.88977
1727	4.88977
1728	4.88977
1729	4.88977
1730	4.88977
1731	4.88977
1732	4.88977
1733	4.88977
1734	4.88977
1735	4.88977
1736	4.88977
1737	4.88977
1738	4.88977
1739	4.88977
1740	4.88977
1741	4.88977
1742	4.88977
1743	4.88963
1744	4.88963
1745	4.88963
1746	4.88662
1747	4.88303
1748	4.8826
1749	4.8826
1750	4.8826
1751	4.8826
1752	4.8826
1753	4.8826
1754	4.8826
1755	4.8826
1756	4.8826
1757	4.8826
1758	4.8826
1759	4.8826
1760	4.8826
1761	4.8826
1762	4.8826
1763	4.8826
1764	4.8826
1765	4.8826
1766	4.8826
1767	4.8826
1768	4.8826
1769	4.8826
1770	4.8826
1771	4.8826
1772	4.8826
1773	4.8826
1774	4.8826
1775	4.8826
1776	4.8826
1777	4.8826
1778	4.8826
1779	4.8826
1780	4.8826
1781	4.8826
1782	4.8826
1783	4.8826
1784	4.8826
1785	4.8826
1786	4.8826
1787	4.8826
1788	4.8826
1789	4.8826
1790	4.8826
1791	4.8826
1792	4.8826
1793	4.8826
1794	4.8826
1795	4.8826
1796	4.8826
1797	4.8826
1798	4.8826
1799	4.8826
1800	4.8826
1801	4.8826
1802	4.8826
1803	4.8826
1804	4.8826
1805	4.8826
1806	4.8826
1807	4.8826
1808	4.8826
1809	4.8826
1810	4.8826
1811	4.8826
1812	4.8826
1813	4.8826
1814	4.8826
1815	4.8826
1816	4.8826
1817	4.8826
1818	4.8826
1819	4.8826
1820	4.8826
1821	4.8826
1822	4.8826
1823	4.8826
1824	4.8826
1825	4.8826
1826	4.8826
1827	4.8826
1828	4.8826
1829	4.8826
1830	4.8826
1831	4.8826
1832	4.8826
1833	4.8826
1834	4.8826
1835	4.8826
1836	4.8826
1837	4.8826
1838	4.8826
1839	4.8826
1840	4.8826
1841	4.8826
1842	4.8826
1843	4.8826
1844	4.8826
1845	4.8826
1846	4.8826
1847	4.8826
1848	4.8826
1849	4.8826
1850	4.8826
1851	4.8826
1852	4.8826
1853	4.8826
1854	4.8826
1855	4.8826
1856	4.8826
1857	4.8826
1858	4.8826
1859	4.8826
1860	4.8826
1861	4.8826
1862	4.8826
1863	4.8826
1864	4.8826
1865	4.8826
1866	4.8826
1867	4.8826
1868	4.8826
1869	4.8826
1870	4.8826
1871	4.8826
1872	4.8826
1873	4.8826
1874	4.8826
1875	4.8826
1876	4.8826
1877	4.8826
1878	4.8826
1879	4.8826
1880	4.8826
1881	4.8826
1882	4.8826
1883	4.8826
1884	4.8826
1885	4.8826
1886	4.8826
1887	4.8826
1888	4.8826
1889	4.8826
1890	4.8826
1891	4.8826
1892	4.8826
1893	4.8826
1894	4.8826
1895	4.8826
1896	4.8826
1897	4.8826
1898	4.8826
1899	4.8826
1900	4.8826
1901	4.8826
1902	4.8826
1903	4.8826
1904	4.8826
1905	4.8826
1906	4.8826
1907	4.8826
1908	4.8826
1909	4.8826
1910	4.8826
1911	4.8826
1912	4.8826
1913	4.8826
1914	4.8826
1915	4.8826
1916	4.8826
1917	4.8826
1918	4.8826
1919	4.8826
1920	4.8826
1921	4.8826
1922	4.8826
1923	4.8826
1924	4.8826
1925	4.8826
1926	4.8826
1927	4.8826
1928	4.8826
1929	4.8826
1930	4.8826
1931	4.8826
1932	4.8826
1933	4.8826
1934	4.8826
1935	4.8826
1936	4.8826
1937	4.8826
1938	4.8826
1939	4.8826
1940	4.8826
1941	4.8826
1942	4.8826
1943	4.8826
1944	4.8826
1945	4.8826
1946	4.8826
1947	4.8826
1948	4.8826
1949	4.8826
1950	4.8826
1951	4.8826
1952	4.8826
1953	4.8826
1954	4.8826
1955	4.8826
1956	4.8826
1957	4.8826
1958	4.88251
1959	4.88137
1960	4.879
1961	4.87786
1962	4.87786
1963	4.87786
1964	4.87786
1965	4.87786
1966	4.87786
1967	4.87786
1968	4.87786
1969	4.87786
1970	4.87786
1971	4.87786
1972	4.87429
1973	4.81363
1974	4.72442
1975	4.69945
1976	4.69945
1977	4.69945
1978	4.69945
1979	4.69945
1980	4.69945
1981	4.69945
1982	4.69945
1983	4.69945
1984	4.69945
1985	4.69945
1986	4.69945
1987	4.69945
1988	4.69945
1989	4.69945
1990	4.69945
1991	4.69945
1992	4.69945
1993	4.69945
1994	4.69945
1995	4.69945
1996	4.69945
1997	4.69945
1998	4.69945
1999	4.69945
2000	4.69945
2001	4.69945
2002	4.69945
2003	4.69945
2004	4.69945
2005	4.69945
2006	4.69945
2007	4.69945
2008	4.69945
2009	4.69945
2010	4.69945
2011	4.69945
2012	4.69945
2013	4.69945
2014	4.69945
2015	4.69945
2016	4.69945
2017	4.69945
2018	4.69945
2019	4.69945
2020	4.69945
2021	4.69945
2022	4.69945
2023	4.69945
2024	4.69945
2025	4.69945
2026	4.69945
2027	4.69945
2028	4.69945
2029	4.69945
2030	4.69945
2031	4.69945
2032	4.69945
2033	4.69945
2034	4.69945
2035	4.69945
2036	4.69945
2037	4.69945
2038	4.69945
2039	4.69945
2040	4.69945
2041	4.69945
2042	4.69945
2043	4.69945
2044	4.69945
2045	4.69945
2046	4.69945
2047	4.69945
2048	4.69945
2049	4.69945
2050	4.69945
2051	4.69945
2052	4.69945
2053	4.69945
2054	4.69945
2055	4.69945
2056	4.69945
2057	4.69945
2058	4.69945
2059	4.69945
2060	4.69945
2061	4.69945
2062	4.69945
2063	4.69945
2064	4.69945
2065	4.69945
2066	4.69945
2067	4.69945
2068	4.69945
2069	4.69945
2070	4.69945
2071	4.69945
2072	4.69945
2073	4.69945
2074	4.69945
2075	4.69945
2076	4.69945
2077	4.69945
2078	4.69945
2079	4.69945
2080	4.69945
2081	4.69945
2082	4.69945
2083	4.69945
2084	4.69945
2085	4.69945
2086	4.69945
2087	4.69945
2088	4.69945
2089	4.69945
2090	4.69945
2091	4.69945
2092	4.69945
2093	4.69945
2094	4.69945
2095	4.69945
2096	4.69945
2097	4.69945
2098	4.69945
2099	4.69945
2100	4.69945
2101	4.69945
2102	4.69945
2103	4.69945
2104	4.69945
2105	4.69945
2106	4.69945
2107	4.69945
2108	4.69945
2109	4.69945
2110	4.69945
2111	4.69945
2112	4.69945
2113	4.69945
2114	4.69945
2115	4.69945
2116	4.69945
2117	4.69945
2118	4.69945
2119	4.69945
2120	4.69945
2121	4.69945
2122	4.69945
2123	4.69945
2124	4.69945
2125	4.69945
2126	4.69945
2127	4.69945
2128	4.69945
2129	4.69945
2130	4.69945
2131	4.69945
2132	4.69945
2133	4.69945
2134	4.69945
2135	4.69945
2136	4.69945
2137	4.69945
2138	4.69945
2139	4.69945
2140	4.69945
2141	4.69945
2142	4.69945
2143	4.69945
2144	4.69945
2145	4.69945
2146	4.69945
2147	4.69945
2148	4.69945
2149	4.69945
2150	4.69945
2151	4.69945
2152	4.69945
2153	4.69945
2154	4.69945
2155	4.69945
2156	4.69945
2157	4.69945
2158	4.69945
2159	4.69945
2160	4.69945
2161	4.69945
2162	4.69945
2163	4.69945
2164	4.69945
2165	4.69945
2166	4.69945
2167	4.69945
2168	4.69945
2169	4.69945
2170	4.69945
2171	4.69945
2172	4.69945
2173	4.69945
2174	4.69945
2175	4.69945
2176	4.69945
2177	4.69945
2178	4.69945
2179	4.69945
2180	4.69945
2181	4.69945
2182	4.69945
2183	4.69945
2184	4.69945
2185	4.69945
2186	4.69945
2187	4.69945
2188	4.69945
2189	4.69945
2190	4.69945
2191	4.69945
2192	4.69945
2193	4.69945
2194	4.69945
2195	4.69945
2196	4.69945
2197	4.69945
2198	4.69945
2199	4.69945
2200	4.69945
2201	4.69945
2202	4.69945
2203	4.69945
2204	4.69945
2205	4.69945
2206	4.69945
2207	4.69945
2208	4.69945
2209	4.69945
2210	4.69945
2211	4.69945
2212	4.69945
2213	4.69945
2214	4.69945
2215	4.69945
2216	4.69945
2217	4.69945
2218	4.69945
2219	4.69945
2220	4.69945
2221	4.69945
2222	4.69945
2223	4.69945
2224	4.69945
2225	4.69945
2226	4.69945
2227	4.69945
2228	4.69945
2229	4.69945
2230	4.69945
2231	4.69945
2232	4.69945
2233	4.69945
2234	4.69945
2235	4.69945
2236	4.69945
2237	4.69945
2238	4.69945
2239	4.69945
2240	4.69945
2241	4.69945
2242	4.69945
2243	4.69945
2244	4.69945
2245	4.69945
2246	4.69945
2247	4.69945
2248	4.69945
2249	4.69945
2250	4.69945
2251	4.69945
2252	4.69945
2253	4.69945
2254	4.69945
2255	4.69945
2256	4.69945
2257	4.69945
2258	4.69945
2259	4.69945
2260	4.69945
2261	4.69945
2262	4.69945
2263	4.69945
2264	4.69945
2265	4.69945
2266	4.69945
2267	4.69945
2268	4.69945
2269	4.69945
2270	4.69945
2271	4.69945
2272	4.69945
2273	4.69945
2274	4.69945
2275	4.69945
2276	4.69945
2277	4.69945
2278	4.69945
2279	4.69945
2280	4.69945
2281	4.69945
2282	4.69945
2283	4.69945
2284	4.69945
2285	4.69945
2286	4.69945
2287	4.69945
2288	4.69945
2289	4.69945
2290	4.69945
2291	4.69945
2292	4.69945
2293	4.69945
2294	4.69945
2295	4.69945
2296	4.69945
2297	4.69945
2298	4.69945
2299	4.69945
2300	4.69945
2301	4.69945
2302	4.69945
2303	4.69945
2304	4.69945
2305	4.69945
2306	4.69945
2307	4.69945
2308	4.69945
2309	4.69945
2310	4.69945
2311	4.69945
2312	4.69945
2313	4.69945
2314	4.69945
2315	4.69945
2316	4.69945
2317	4.69945
2318	4.69945
2319	4.69945
2320	4.69945
2321	4.69945
2322	4.69945
2323	4.69945
2324	4.69945
2325	4.69945
2326	4.69945
2327	4.69945
2328	4.69945
2329	4.69945
2330	4.69945
2331	4.69945
2332	4.69945
2333	4.69945
2334	4.69945
2335	4.69945
2336	4.69945
2337	4.69945
2338	4.69945
2339	4.69945
2340	4.69945
2341	4.69945
2342	4.69945
2343	4.69945
2344	4.69945
2345	4.69945
2346	4.69945
2347	4.69945
2348	4.69945
2349	4.69945
2350	4.69945
2351	4.69945
2352	4.69945
2353	4.69945
2354	4.69945
2355	4.69945
2356	4.69945
2357	4.69945
2358	4.69945
2359	4.69945
2360	4.69945
2361	4.69945
2362	4.69945
2363	4.69945
2364	4.69945
2365	4.69945
2366	4.69945
2367	4.69945
2368	4.69945
2369	4.69945
2370	4.69945
2371	4.69945
2372	4.69945
2373	4.69945
2374	4.69945
2375	4.69945
2376	4.69945
2377	4.69945
2378	4.69945
2379	4.69945
2380	4.69945
2381	4.69945
2382	4.69945
2383	4.69945
2384	4.69945
2385	4.69945
2386	4.69945
2387	4.69945
2388	4.69945
2389	4.69945
2390	4.69945
2391	4.69945
2392	4.69945
2393	4.69945
2394	4.69945
2395	4.69945
2396	4.69945
2397	4.69945
2398	4.69945
2399	4.69945
2400	4.69945
2401	4.69945
2402	4.69945
2403	4.69945
2404	4.69945
2405	4.69945
2406	4.69945
2407	4.69945
2408	4.69945
2409	4.69945
2410	4.69945
2411	4.69945
2412	4.69945
2413	4.69945
2414	4.69945
2415	4.69945
2416	4.69945
2417	4.69945
2418	4.69945
2419	4.69945
2420	4.69945
2421	4.69945
2422	4.69945
2423	4.69945
2424	4.69945
2425	4.69945
2426	4.69945
2427	4.69945
2428	4.69945
2429	4.69945
2430	4.69945
2431	4.69945
2432	4.69945
2433	4.69945
2434	4.69945
2435	4.69945
2436	4.69945
2437	4.69945
2438	4.69945
2439	4.69945
2440	4.69945
2441	4.69945
2442	4.69945
2443	4.69945
2444	4.69945
2445	4.69945
2446	4.69945
2447	4.69945
2448	4.69945
2449	4.69945
2450	4.69945
2451	4.69945
2452	4.69945
2453	4.69945
2454	4.69945
2455	4.69945
2456	4.69945
2457	4.69945
2458	4.69945
2459	4.69945
2460	4.69945
2461	4.69945
2462	4.69945
2463	4.69945
2464	4.69945
2465	4.69945
2466	4.69945
2467	4.69945
2468	4.69945
2469	4.69945
2470	4.69945
2471	4.69945
2472	4.69945
2473	4.69945
2474	4.69945
2475	4.69945
2476	4.69945
2477	4.69945
2478	4.69945
2479	4.69945
2480	4.69945
2481	4.69945
2482	4.69945
2483	4.69945
2484	4.69945
2485	4.69945
2486	4.69945
2487	4.69945
2488	4.69945
2489	4.69945
2490	4.69945
2491	4.69945
2492	4.69945
2493	4.69945
2494	4.69945
2495	4.69945
2496	4.69945
2497	4.69945
2498	4.69945
2499	4.69945
2500	4.69945
2501	4.69945
2502	4.69945
2503	4.69945
2504	4.69945
2505	4.69945
2506	4.69945
2507	4.69945
2508	4.69945
2509	4.69945
2510	4.69945
2511	4.69945
2512	4.69945
2513	4.69945
2514	4.69945
2515	4.69945
2516	4.69945
2517	4.69945
2518	4.69945
2519	4.69945
2520	4.69945
2521	4.69945
2522	4.69945
2523	4.69945
2524	4.69945
2525	4.69945
2526	4.69945
2527	4.69945
2528	4.69945
2529	4.69945
2530	4.69945
2531	4.69945
2532	4.69945
2533	4.69945
2534	4.69945
2535	4.69945
2536	4.69945
2537	4.69945
2538	4.69945
2539	4.69945
2540	4.69945
2541	4.69945
2542	4.69945
2543	4.69945
2544	4.69945
2545	4.69945
2546	4.69945
2547	4.69945
2548	4.69945
2549	4.69945
2550	4.69945
2551	4.69945
2552	4.69945
2553	4.69945
2554	4.69945
2555	4.69945
2556	4.69945
2557	4.69945
2558	4.69945
2559	4.69945
2560	4.69945
2561	4.69945
2562	4.69945
2563	4.69945
2564	4.69945
2565	4.69945
2566	4.69945
2567	4.69945
2568	4.69945
2569	4.69945
2570	4.69945
2571	4.69945
2572	4.69945
2573	4.69945
2574	4.69945
2575	4.69945
2576	4.69945
2577	4.69945
2578	4.69945
2579	4.69945
2580	4.69945
2581	4.69945
2582	4.69945
2583	4.69945
2584	4.69945
2585	4.69945
2586	4.69945
2587	4.69945
2588	4.69945
2589	4.69945
2590	4.69945
2591	4.69945
2592	4.69945
2593	4.69945
2594	4.69945
2595	4.69945
2596	4.69945
2597	4.69945
2598	4.69945
2599	4.69945
2600	4.69945
2601	4.69945
2602	4.69945
2603	4.69945
2604	4.69945
2605	4.69945
2606	4.69945
2607	4.69945
2608	4.69945
2609	4.69945
2610	4.69945
2611	4.69945
2612	4.69945
2613	4.69945
2614	4.69945
2615	4.69945
2616	4.69945
2617	4.69945
2618	4.69945
2619	4.69945
2620	4.69945
2621	4.69945
2622	4.69945
2623	4.69945
2624	4.69945
2625	4.69945
2626	4.69945
2627	4.69945
2628	4.69945
2629	4.69945
2630	4.69945
2631	4.69945
2632	4.69945
2633	4.69945
2634	4.69945
2635	4.69945
2636	4.69945
2637	4.69945
2638	4.69945
2639	4.69945
2640	4.69945
2641	4.69945
2642	4.69945
2643	4.69945
2644	4.69945
2645	4.69945
2646	4.69945
2647	4.69945
2648	4.69945
2649	4.69945
2650	4.69945
2651	4.69945
2652	4.69945
2653	4.69945
2654	4.69945
2655	4.69945
2656	4.69945
2657	4.69945
2658	4.69945
2659	4.69945
2660	4.69945
2661	4.69945
2662	4.69945
2663	4.69945
2664	4.69945
2665	4.69945
2666	4.69945
2667	4.69945
2668	4.69945
2669	4.69945
2670	4.69945
2671	4.69945
2672	4.69945
2673	4.69945
2674	4.69945
2675	4.69945
2676	4.69945
2677	4.69945
2678	4.69945
2679	4.69945
2680	4.69945
2681	4.69945
2682	4.69945
2683	4.69945
2684	4.69945
2685	4.69945
2686	4.69945
2687	4.69945
2688	4.69945
2689	4.69945
2690	4.69945
2691	4.69945
2692	4.69945
2693	4.69945
2694	4.69945
2695	4.69945
2696	4.69945
2697	4.69945
2698	4.69945
2699	4.69945
2700	4.69945
2701	4.69945
2702	4.69945
2703	4.69945
2704	4.69945
2705	4.69945
2706	4.69945
2707	4.69945
2708	4.69945
2709	4.69945
2710	4.69945
2711	4.69945
2712	4.69945
2713	4.69945
2714	4.69945
2715	4.69945
2716	4.69945
2717	4.69945
2718	4.69945
2719	4.69945
2720	4.69945
2721	4.69945
2722	4.69945
2723	4.69945
2724	4.69945
2725	4.69945
2726	4.69945
2727	4.69945
2728	4.69945
2729	4.69945
2730	4.69945
2731	4.69945
2732	4.69945
2733	4.69945
2734	4.69945
2735	4.69945
2736	4.69945
2737	4.69945
2738	4.69945
2739	4.69945
2740	4.69945
2741	4.69945
2742	4.69945
2743	4.69945
2744	4.69945
2745	4.69945
2746	4.69945
2747	4.69945
2748	4.69945
2749	4.69945
2750	4.69945
2751	4.69945
2752	4.69945
2753	4.69945
2754	4.69945
2755	4.69945
2756	4.69945
2757	4.69945
2758	4.69945
2759	4.69945
2760	4.69945
2761	4.69945
2762	4.69945
2763	4.69945
2764	4.69945
2765	4.69945
2766	4.69945
2767	4.69945
2768	4.69945
2769	4.69945
2770	4.69945
2771	4.69945
2772	4.69945
2773	4.69945
2774	4.69945
2775	4.69945
2776	4.69945
2777	4.69945
2778	4.69945
2779	4.69945
2780	4.69945
2781	4.69945
2782	4.69945
2783	4.69945
2784	4.69945
2785	4.69945
2786	4.69945
2787	4.69945
2788	4.69945
2789	4.69945
2790	4.69945
2791	4.69945
2792	4.69945
2793	4.69945
2794	4.69945
2795	4.69945
2796	4.69945
2797	4.69945
2798	4.69945
2799	4.69945
2800	4.69945
2801	4.69945
2802	4.69945
2803	4.69945
2804	4.69945
2805	4.69945
2806	4.69945
2807	4.69945
2808	4.69945
2809	4.69945
2810	4.69945
2811	4.69945
2812	4.69945
2813	4.69945
2814	4.69945
2815	4.69945
2816	4.69945
2817	4.69945
2818	4.69945
2819	4.69945
2820	4.69945
2821	4.69945
2822	4.69945
2823	4.69945
2824	4.69945
2825	4.69945
2826	4.69945
2827	4.69945
2828	4.69945
2829	4.69945
2830	4.69945
2831	4.69945
2832	4.69945
2833	4.69945
2834	4.69945
2835	4.69945
2836	4.69945
2837	4.69945
2838	4.69945
2839	4.69945
2840	4.69945
2841	4.69945
2842	4.69945
2843	4.69945
2844	4.69945
2845	4.69945
2846	4.69945
2847	4.69945
2848	4.69945
2849	4.69945
2850	4.69945
2851	4.69945
2852	4.69945
2853	4.69945
2854	4.69945
2855	4.69945
2856	4.69945
2857	4.69945
2858	4.69945
2859	4.69945
2860	4.69945
2861	4.69945
2862	4.69945
2863	4.69945
2864	4.69945
2865	4.69945
2866	4.69945
2867	4.69945
2868	4.69945
2869	4.69945
2870	4.69945
2871	4.69945
2872	4.69945
2873	4.69945
2874	4.69945
2875	4.69945
2876	4.69945
2877	4.69945
2878	4.69945
2879	4.69945
2880	4.69945
2881	4.69945
2882	4.69945
2883	4.69945
2884	4.69945
2885	4.69945
2886	4.69945
2887	4.69945
2888	4.69945
2889	4.69945
2890	4.69945
2891	4.69945
2892	4.69945
2893	4.69945
2894	4.69945
2895	4.69945
2896	4.69945
2897	4.69945
2898	4.69945
2899	4.69945
2900	4.69945
2901	4.69945
2902	4.69945
2903	4.69945
2904	4.69945
2905	4.69945
2906	4.69945
2907	4.69945
2908	4.69945
2909	4.69945
2910	4.69945
2911	4.69945
2912	4.69945
2913	4.69945
2914	4.69945
2915	4.69945
2916	4.69945
2917	4.69945
2918	4.69945
2919	4.69945
2920	4.69945
2921	4.69945
2922	4.69945
2923	4.69945
2924	4.69945
2925	4.69945
2926	4.69945
2927	4.69945
2928	4.69945
2929	4.69945
2930	4.69945
2931	4.69945
2932	4.69945
2933	4.69945
2934	4.69945
2935	4.69945
2936	4.69945
2937	4.69945
2938	4.69945
2939	4.69945
2940	4.69945
2941	4.69945
2942	4.69945
2943	4.69945
2944	4.69945
2945	4.69945
2946	4.69945
2947	4.69945
2948	4.69945
2949	4.69945
2950	4.69945
2951	4.69945
2952	4.69945
2953	4.69945
2954	4.69945
2955	4.69945
2956	4.69945
2957	4.69945
2958	4.69945
2959	4.69945
2960	4.69945
2961	4.69945
2962	4.69945
2963	4.69945
2964	4.69945
2965	4.69945
2966	4.69945
2967	4.69945
2968	4.69945
2969	4.69945
2970	4.69945
2971	4.69945
2972	4.69945
2973	4.69945
2974	4.69945
2975	4.69945
2976	4.69945
2977	4.69945
2978	4.69945
2979	4.69945
2980	4.69945
2981	4.69945
2982	4.69945
2983	4.69945
2984	4.69945
2985	4.69945
2986	4.69945
2987	4.69945
2988	4.69945
2989	4.69945
2990	4.69945
2991	4.69945
2992	4.69945
2993	4.69945
2994	4.69945
2995	4.69945
2996	4.69945
2997	4.69945
2998	4.69945
2999	4.69945
3000	4.69945
3001	4.69945
3002	4.69945
3003	4.69945
3004	4.69945
3005	4.69945
3006	4.69945
3007	4.69945
3008	4.69945
3009	4.69945
3010	4.69945
3011	4.69945
3012	4.69945
3013	4.69945
3014	4.69945
3015	4.69945
3016	4.69945
3017	4.69945
3018	4.69945
3019	4.69945
3020	4.69945
3021	4.69945
3022	4.69945
3023	4.69945
3024	4.69945
3025	4.69945
3026	4.69945
3027	4.69945
3028	4.69945
3029	4.69945
3030	4.69945
3031	4.69945
3032	4.69945
3033	4.69945
3034	4.69945
3035	4.69945
3036	4.69945
3037	4.69945
3038	4.69945
3039	4.69945
3040	4.69945
3041	4.69945
3042	4.69945
3043	4.69945
3044	4.69945
3045	4.69945
3046	4.69945
3047	4.69945
3048	4.69945
3049	4.69945
3050	4.69945
3051	4.69945
3052	4.69945
3053	4.69945
3054	4.69945
3055	4.69945
3056	4.69945
3057	4.69945
3058	4.69945
3059	4.69945
3060	4.69945
3061	4.69945
3062	4.69945
3063	4.69945
3064	4.69945
3065	4.69945
3066	4.69945
3067	4.69945
3068	4.69945
3069	4.69945
3070	4.69945
3071	4.69945
3072	4.69945
3073	4.69945
3074	4.69945
3075	4.69945
3076	4.69945
3077	4.69945
3078	4.69945
3079	4.69945
3080	4.69945
3081	4.69945
3082	4.69945
3083	4.69945
3084	4.69945
3085	4.69945
3086	4.69945
3087	4.69945
3088	4.69945
3089	4.69945
3090	4.69945
3091	4.69945
3092	4.69945
3093	4.69945
3094	4.69945
3095	4.69945
3096	4.69945
3097	4.69945
3098	4.69945
3099	4.69945
3100	4.69945
3101	4.69945
3102	4.69945
3103	4.69945
3104	4.69945
3105	4.69945
3106	4.69945
3107	4.69945
3108	4.69945
3109	4.69945
3110	4.69945
3111	4.69945
3112	4.69945
3113	4.69945
3114	4.69945
3115	4.69945
3116	4.69945
3117	4.69945
3118	4.69945
3119	4.69945
3120	4.69945
3121	4.69945
3122	4.69945
3123	4.69945
3124	4.69945
3125	4.69945
3126	4.69945
3127	4.69945
3128	4.69945
3129	4.69945
3130	4.69945
3131	4.69945
3132	4.69945
3133	4.69945
3134	4.69945
3135	4.69945
3136	4.69945
3137	4.69945
3138	4.69945
3139	4.69945
3140	4.69945
3141	4.69945
3142	4.69945
3143	4.69945
3144	4.69945
3145	4.69945
3146	4.69945
3147	4.69945
3148	4.69945
3149	4.69945
3150	4.69945
3151	4.69945
3152	4.69945
3153	4.69945
3154	4.69945
3155	4.69945
3156	4.69945
3157	4.69945
3158	4.69945
3159	4.69945
3160	4.69945
3161	4.69945
3162	4.69945
3163	4.69945
3164	4.69945
3165	4.69945
3166	4.69945
3167	4.69945
3168	4.69945
3169	4.69945
3170	4.69945
3171	4.69945
3172	4.69945
3173	4.69945
3174	4.69945
3175	4.69945
3176	4.69945
3177	4.69945
3178	4.69945
3179	4.69945
3180	4.69945
3181	4.69945
3182	4.69945
3183	4.69945
3184	4.69945
3185	4.69945
3186	4.69945
3187	4.69945
3188	4.69945
3189	4.69945
3190	4.69945
3191	4.69945
3192	4.69945
3193	4.69945
3194	4.69945
3195	4.69945
3196	4.69945
3197	4.69945
3198	4.69945
3199	4.69945
3200	4.69945
3201	4.69945
3202	4.69945
3203	4.69945
3204	4.69945
3205	4.69945
3206	4.69945
3207	4.69945
3208	4.69945
3209	4.69945
3210	4.69945
3211	4.69945
3212	4.69945
3213	4.69945
3214	4.69945
3215	4.69945
3216	4.69945
3217	4.69945
3218	4.69945
3219	4.69945
3220	4.69945
3221	4.69945
3222	4.69945
3223	4.69945
3224	4.69945
3225	4.69945
3226	4.69945
3227	4.69945
3228	4.69945
3229	4.69945
3230	4.69945
3231	4.69945
3232	4.69945
3233	4.69945
3234	4.69945
3235	4.69945
3236	4.69945
3237	4.69945
3238	4.69945
3239	4.69945
3240	4.69945
3241	4.69945
3242	4.69945
3243	4.69945
3244	4.69945
3245	4.69945
3246	4.69945
3247	4.69945
3248	4.69945
3249	4.69945
3250	4.69945
3251	4.69945
3252	4.69945
3253	4.69945
3254	4.69945
3255	4.69945
3256	4.69945
3257	4.69945
3258	4.69945
3259	4.69945
3260	4.69945
3261	4.69945
3262	4.69945
3263	4.69945
3264	4.69945
3265	4.69945
3266	4.69945
3267	4.69945
3268	4.69945
3269	4.69945
3270	4.69945
3271	4.69945
3272	4.69945
3273	4.69945
3274	4.69945
3275	4.69945
3276	4.69945
3277	4.69945
3278	4.69945
3279	4.69945
3280	4.69945
3281	4.69945
3282	4.69945
3283	4.69945
3284	4.69945
3285	4.69945
3286	4.69945
3287	4.69945
3288	4.69945
3289	4.69945
3290	4.69945
3291	4.69945
3292	4.69945
3293	4.69945
3294	4.69945
3295	4.69945
3296	4.69945
3297	4.69945
3298	4.69945
3299	4.69945
3300	4.69945
3301	4.69945
3302	4.69945
3303	4.69945
3304	4.69945
3305	4.69945
3306	4.69945
3307	4.69945
3308	4.69945
3309	4.69945
3310	4.69945
3311	4.69945
3312	4.69945
3313	4.69945
3314	4.69945
3315	4.69945
3316	4.69945
3317	4.69945
3318	4.69945
3319	4.69945
3320	4.69945
3321	4.69945
3322	4.69945
3323	4.69945
3324	4.69945
3325	4.69945
3326	4.69945
3327	4.69945
3328	4.69945
3329	4.69945
3330	4.69945
3331	4.69945
3332	4.69945
3333	4.69945
3334	4.69945
3335	4.69945
3336	4.69945
3337	4.69945
3338	4.69945
3339	4.69945
3340	4.69945
3341	4.69945
3342	4.69945
3343	4.69945
3344	4.69945
3345	4.69945
3346	4.69945
3347	4.69945
3348	4.69945
3349	4.69945
3350	4.69945
3351	4.69945
3352	4.69945
3353	4.69945
3354	4.69945
3355	4.69945
3356	4.69945
3357	4.69945
3358	4.69945
3359	4.69945
3360	4.69945
3361	4.69945
3362	4.69945
3363	4.69945
3364	4.69945
3365	4.69945
3366	4.69945
3367	4.69945
3368	4.69945
3369	4.69945
3370	4.69945
3371	4.69945
3372	4.69945
3373	4.69945
3374	4.69945
3375	4.69945
3376	4.69945
3377	4.69945
3378	4.69945
3379	4.69945
3380	4.69945
3381	4.69945
3382	4.69945
3383	4.69945
3384	4.69945
3385	4.69945
3386	4.69945
3387	4.69945
3388	4.69945
3389	4.69945
3390	4.69945
3391	4.69945
3392	4.69945
3393	4.69945
3394	4.69945
3395	4.69945
3396	4.69945
3397	4.69945
3398	4.69945
3399	4.69945
3400	4.69945
3401	4.69945
3402	4.69945
3403	4.69945
3404	4.69945
3405	4.69945
3406	4.69945
3407	4.69945
3408	4.69945
3409	4.69945
3410	4.69945
3411	4.69945
3412	4.69945
3413	4.69945
3414	4.69945
3415	4.69945
3416	4.69945
3417	4.69945
3418	4.69945
3419	4.69945
3420	4.69945
3421	4.69945
3422	4.69945
3423	4.69945
3424	4.69945
3425	4.69945
3426	4.69945
3427	4.69945
3428	4.69945
3429	4.69945
3430	4.69945
3431	4.69945
3432	4.69945
3433	4.69945
3434	4.69945
3435	4.69945
3436	4.69945
3437	4.69945
3438	4.69945
3439	4.69945
3440	4.69945
3441	4.69945
3442	4.69945
3443	4.69945
3444	4.69945
3445	4.69945
3446	4.69945
3447	4.69945
3448	4.69945
3449	4.69945
3450	4.69945
3451	4.69945
3452	4.69945
3453	4.69945
3454	4.69945
3455	4.69945
3456	4.69945
3457	4.69945
3458	4.69945
3459	4.69945
3460	4.69945
3461	4.69945
3462	4.69945
3463	4.69945
3464	4.69945
3465	4.69945
3466	4.69945
3467	4.69945
3468	4.69945
3469	4.69945
3470	4.69945
3471	4.69945
3472	4.69945
3473	4.69945
3474	4.69945
3475	4.69945
3476	4.69945
3477	4.69945
3478	4.69945
3479	4.69945
3480	4.69945
3481	4.69945
3482	4.69945
3483	4.69945
3484	4.69945
3485	4.69945
3486	4.69945
3487	4.69945
3488	4.69945
3489	4.69945
3490	4.69945
3491	4.69945
3492	4.69945
3493	4.69945
3494	4.69945
3495	4.69945
3496	4.69945
3497	4.69945
3498	4.69945
3499	4.69945
3500	4.69945
3501	4.69945
3502	4.69945
3503	4.69945
3504	4.69945
3505	4.69945
3506	4.69945
3507	4.69945
3508	4.69945
3509	4.69945
3510	4.69945
3511	4.69945
3512	4.69945
3513	4.69945
3514	4.69945
3515	4.69945
3516	4.69945
3517	4.69945
3518	4.69945
3519	4.69945
3520	4.69945
3521	4.69945
3522	4.69945
3523	4.69945
3524	4.69945
3525	4.69945
3526	4.69945
3527	4.69945
3528	4.69945
3529	4.69945
3530	4.69945
3531	4.69945
3532	4.69945
3533	4.69945
3534	4.69945
3535	4.69945
3536	4.69945
3537	4.69945
3538	4.69945
3539	4.69945
3540	4.69945
3541	4.69945
3542	4.69945
3543	4.69945
3544	4.69945
3545	4.69945
3546	4.69945
3547	4.69945
3548	4.69945
3549	4.69945
3550	4.69945
3551	4.69945
3552	4.69945
3553	4.69945
3554	4.69945
3555	4.69945
3556	4.69945
3557	4.69945
3558	4.69945
3559	4.69945
3560	4.69945
3561	4.69945
3562	4.69945
3563	4.69945
3564	4.69945
3565	4.69945
3566	4.69945
3567	4.69945
3568	4.69945
3569	4.69945
3570	4.69945
3571	4.69945
3572	4.69945
3573	4.69945
3574	4.69945
3575	4.69945
3576	4.69945
3577	4.69945
3578	4.69945
3579	4.69945
3580	4.69945
3581	4.69945
3582	4.69945
3583	4.69945
3584	4.69945
3585	4.69945
3586	4.69945
3587	4.69945
3588	4.69945
3589	4.69945
3590	4.69945
3591	4.69945
3592	4.69945
3593	4.69945
3594	4.69945
3595	4.69945
3596	4.69945
3597	4.69945
3598	4.69945
3599	4.69945
3600	4.69945
3601	4.69945
3602	4.69945
3603	4.69945
3604	4.69945
3605	4.69945
3606	4.69945
3607	4.69945
3608	4.69945
3609	4.69945
3610	4.69945
3611	4.69945
3612	4.69945
3613	4.69945
3614	4.69945
3615	4.69945
3616	4.69945
3617	4.69945
3618	4.69945
3619	4.69945
3620	4.69945
3621	4.69945
3622	4.69945
3623	4.69945
3624	4.69945
3625	4.69945
3626	4.69945
3627	4.69945
3628	4.69945
3629	4.69945
3630	4.69945
3631	4.69945
3632	4.69945
3633	4.69945
3634	4.69945
3635	4.69945
3636	4.69945
3637	4.69945
3638	4.69945
3639	4.69945
3640	4.69945
3641	4.69945
3642	4.69945
3643	4.69945
3644	4.69945
3645	4.69945
3646	4.69945
3647	4.69945
3648	4.69945
3649	4.69945
3650	4.69945
3651	4.69945
3652	4.69945
3653	4.69945
3654	4.69945
3655	4.69945
3656	4.69945
3657	4.69945
3658	4.69945
3659	4.69945
3660	4.69945
3661	4.69945
3662	4.69945
3663	4.69945
3664	4.69945
3665	4.69945
3666	4.69945
3667	4.69945
3668	4.69945
3669	4.69945
3670	4.69945
3671	4.69945
3672	4.69945
3673	4.69945
3674	4.69945
3675	4.69945
3676	4.69945
3677	4.69945
3678	4.69945
3679	4.69945
3680	4.69945
3681	4.69945
3682	4.69945
3683	4.69945
3684	4.69945
3685	4.69945
3686	4.69945
3687	4.69945
3688	4.69945
3689	4.69945
3690	4.69945
3691	4.69945
3692	4.69945
3693	4.69945
3694	4.69945
3695	4.69945
3696	4.69945
3697	4.69945
3698	4.69945
3699	4.69945
3700	4.69945
3701	4.69945
3702	4.69945
3703	4.69945
3704	4.69945
3705	4.69945
3706	4.69945
3707	4.69945
3708	4.69945
3709	4.69945
3710	4.69945
3711	4.69945
3712	4.69945
3713	4.69945
3714	4.69945
3715	4.69945
3716	4.69945
3717	4.69945
3718	4.69945
3719	4.69945
3720	4.69945
3721	4.69945
3722	4.69945
3723	4.69945
3724	4.69945
3725	4.69945
3726	4.69945
3727	4.69945
3728	4.69945
3729	4.69945
3730	4.69945
3731	4.69945
3732	4.69945
3733	4.69945
3734	4.69945
3735	4.69945
3736	4.69945
3737	4.69945
3738	4.69945
3739	4.69945
3740	4.69945
3741	4.69945
3742	4.69945
3743	4.69945
3744	4.69945
3745	4.69945
3746	4.69945
3747	4.69945
3748	4.69945
3749	4.69945
3750	4.69945
3751	4.69945
3752	4.69945
3753	4.69945
3754	4.69945
3755	4.69945
3756	4.69945
3757	4.69945
3758	4.69945
3759	4.69945
3760	4.69945
3761	4.69945
3762	4.69945
3763	4.69945
3764	4.69945
3765	4.69945
3766	4.69945
3767	4.69945
3768	4.69945
3769	4.69945
3770	4.69945
3771	4.69945
3772	4.69945
3773	4.69945
3774	4.69945
3775	4.69945
3776	4.69945
3777	4.69945
3778	4.69945
3779	4.69945
3780	4.69945
3781	4.69945
3782	4.69945
3783	4.69945
3784	4.69945
3785	4.69945
3786	4.69945
3787	4.69945
3788	4.69945
3789	4.69945
3790	4.69945
3791	4.69945
3792	4.69945
3793	4.69945
3794	4.69945
3795	4.69945
3796	4.69945
3797	4.69945
3798	4.69945
3799	4.69945
3800	4.69945
3801	4.69945
3802	4.69945
3803	4.69945
3804	4.69945
3805	4.69945
3806	4.69945
3807	4.69945
3808	4.69945
3809	4.69945
3810	4.69945
3811	4.69945
3812	4.69945
3813	4.69945
3814	4.69945
3815	4.69945
3816	4.69945
3817	4.69945
3818	4.69945
3819	4.69945
3820	4.69945
3821	4.69945
3822	4.69945
3823	4.69945
3824	4.69945
3825	4.69945
3826	4.69945
3827	4.69945
3828	4.69945
3829	4.69945
3830	4.69945
3831	4.69945
3832	4.69945
3833	4.69945
3834	4.69945
3835	4.69945
3836	4.69945
3837	4.69945
3838	4.69945
3839	4.69945
3840	4.69945
3841	4.69945
3842	4.69945
3843	4.69945
3844	4.69945
3845	4.69945
3846	4.69945
3847	4.69945
3848	4.69945
3849	4.69945
3850	4.69945
3851	4.69945
3852	4.69945
3853	4.69945
3854	4.69945
3855	4.69945
3856	4.69945
3857	4.69945
3858	4.69945
3859	4.69945
3860	4.69945
3861	4.69945
3862	4.69945
3863	4.69945
3864	4.69945
3865	4.69945
3866	4.69945
3867	4.69945
3868	4.69945
3869	4.69945
3870	4.69945
3871	4.69945
3872	4.69945
3873	4.69945
3874	4.69945
3875	4.69945
3876	4.69945
3877	4.69945
3878	4.69945
3879	4.69945
3880	4.69945
3881	4.69945
3882	4.69945
3883	4.69945
3884	4.69945
3885	4.69945
3886	4.69945
3887	4.69945
3888	4.69945
3889	4.69945
3890	4.69945
3891	4.69945
3892	4.69945
3893	4.69945
3894	4.69945
3895	4.69945
3896	4.69945
3897	4.69945
3898	4.69945
3899	4.69945
3900	4.69945
3901	4.69945
3902	4.69945
3903	4.69945
3904	4.69945
3905	4.69945
3906	4.69945
3907	4.69945
3908	4.69945
3909	4.69945
3910	4.69945
3911	4.69945
3912	4.69945
3913	4.69945
3914	4.69945
3915	4.69945
3916	4.69945
3917	4.69945
3918	4.69945
3919	4.69945
3920	4.69945
3921	4.69945
3922	4.69945
3923	4.69945
3924	4.69945
3925	4.69945
3926	4.69945
3927	4.69945
3928	4.69945
3929	4.69945
3930	4.69945
3931	4.69945
3932	4.69945
3933	4.69945
3934	4.69945
3935	4.69945
3936	4.69945
3937	4.69945
3938	4.69945
3939	4.69945
3940	4.69945
3941	4.69945
3942	4.69945
3943	4.69945
3944	4.69945
3945	4.69945
3946	4.69945
3947	4.69945
3948	4.69945
3949	4.69945
3950	4.69945
3951	4.69945
3952	4.69945
3953	4.69945
3954	4.69945
3955	4.69945
3956	4.69945
3957	4.69945
3958	4.69945
3959	4.69945
3960	4.69945
3961	4.69945
3962	4.69945
3963	4.69945
3964	4.69945
3965	4.69945
3966	4.69945
3967	4.69945
3968	4.69945
3969	4.69945
3970	4.69945
3971	4.69945
3972	4.69945
3973	4.69945
3974	4.69945
3975	4.69945
3976	4.69945
3977	4.69945
3978	4.69945
3979	4.69945
3980	4.69945
3981	4.69945
3982	4.69945
3983	4.69945
3984	4.69945
3985	4.69945
3986	4.69945
3987	4.69945
3988	4.69945
3989	4.69945
3990	4.69945
3991	4.69945
3992	4.69945
3993	4.69945
3994	4.69945
3995	4.69945
3996	4.69945
3997	4.69945
3998	4.69945
3999	4.69945
4000	4.69945
4001	4.69945
4002	4.69945
4003	4.69945
4004	4.69945
4005	4.69945
4006	4.69945
4007	4.69945
4008	4.69945
4009	4.69945
4010	4.69945
4011	4.69945
4012	4.69945
4013	4.69945
4014	4.69945
4015	4.69945
4016	4.69945
4017	4.69945
4018	4.69945
4019	4.69945
4020	4.69945
4021	4.69945
4022	4.69945
4023	4.69945
4024	4.69945
4025	4.69945
4026	4.69945
4027	4.69945
4028	4.69945
4029	4.69945
4030	4.69945
4031	4.69945
4032	4.69945
4033	4.69945
4034	4.69945
4035	4.69945
4036	4.69945
4037	4.69945
4038	4.69945
4039	4.69945
4040	4.69945
4041	4.69945
4042	4.69945
4043	4.69945
4044	4.69945
4045	4.69945
4046	4.69945
4047	4.69945
4048	4.69945
4049	4.69945
4050	4.69945
4051	4.69945
4052	4.69945
4053	4.69945
4054	4.69945
4055	4.69945
4056	4.69945
4057	4.69945
4058	4.69945
4059	4.69945
4060	4.69945
4061	4.69945
4062	4.69945
4063	4.69945
4064	4.69945
4065	4.69945
4066	4.69945
4067	4.69945
4068	4.69945
4069	4.69945
4070	4.69945
4071	4.69945
4072	4.69945
4073	4.69945
4074	4.69945
4075	4.69945
4076	4.69945
4077	4.69945
4078	4.69945
4079	4.69945
4080	4.69945
4081	4.69945
4082	4.69945
4083	4.69945
4084	4.69945
4085	4.69945
4086	4.69945
4087	4.69945
4088	4.69945
4089	4.69945
4090	4.69945
4091	4.69945
4092	4.69945
4093	4.69945
4094	4.69945
4095	4.69945
4096	4.69945
4097	4.69945
4098	4.69945
4099	4.69945
4100	4.69945
4101	4.69945
4102	4.69945
4103	4.69945
4104	4.69945
4105	4.69945
4106	4.69945
4107	4.69945
4108	4.69945
4109	4.69945
4110	4.69945
4111	4.69945
4112	4.69945
4113	4.69945
4114	4.69945
4115	4.69945
4116	4.69945
4117	4.69945
4118	4.69945
4119	4.69945
4120	4.69945
4121	4.69945
4122	4.69945
4123	4.69945
4124	4.69945
4125	4.69945
4126	4.69945
4127	4.69945
4128	4.69945
4129	4.69945
4130	4.69945
4131	4.69945
4132	4.69945
4133	4.69945
4134	4.69945
4135	4.69945
4136	4.69945
4137	4.69945
4138	4.69945
4139	4.69945
4140	4.69945
4141	4.69945
4142	4.69945
4143	4.69945
4144	4.69945
4145	4.69945
4146	4.69945
4147	4.69945
4148	4.69945
4149	4.69945
4150	4.69945
4151	4.69945
4152	4.69945
4153	4.69945
4154	4.69945
4155	4.69945
4156	4.69945
4157	4.69945
4158	4.69945
4159	4.69945
4160	4.69945
4161	4.69945
4162	4.69945
4163	4.69945
4164	4.69945
4165	4.69945
4166	4.69945
4167	4.69945
4168	4.69945
4169	4.69945
4170	4.69945
4171	4.69945
4172	4.69945
4173	4.69945
4174	4.69945
4175	4.69945
4176	4.69945
4177	4.69945
4178	4.69945
4179	4.69945
4180	4.69945
4181	4.69945
4182	4.69945
4183	4.69945
4184	4.69945
4185	4.69945
4186	4.69945
4187	4.69945
4188	4.69945
4189	4.69945
4190	4.69945
4191	4.69945
4192	4.69945
4193	4.69945
4194	4.69945
4195	4.69945
4196	4.69945
4197	4.69945
4198	4.69945
4199	4.69945
4200	4.69945
4201	4.69945
4202	4.69945
4203	4.69945
4204	4.69945
4205	4.69945
4206	4.69945
4207	4.69945
4208	4.69945
4209	4.69945
4210	4.69945
4211	4.69945
4212	4.69945
4213	4.69945
4214	4.69945
4215	4.69945
4216	4.69945
4217	4.69945
4218	4.69945
4219	4.69945
4220	4.69945
4221	4.69945
4222	4.69945
4223	4.69945
4224	4.69945
4225	4.69945
4226	4.69945
4227	4.69945
4228	4.69945
4229	4.69945
4230	4.69945
4231	4.69945
4232	4.69945
4233	4.69945
4234	4.69945
4235	4.69945
4236	4.69945
4237	4.69945
4238	4.69945
4239	4.69945
4240	4.69945
4241	4.69945
4242	4.69945
4243	4.69945
4244	4.69945
4245	4.69945
4246	4.69945
4247	4.69945
4248	4.69945
4249	4.69945
4250	4.69945
4251	4.69945
4252	4.69945
4253	4.69945
4254	4.69945
4255	4.69945
4256	4.69945
4257	4.69945
4258	4.69945
4259	4.69945
4260	4.69945
4261	4.69945
4262	4.69945
4263	4.69945
4264	4.69945
4265	4.69945
4266	4.69945
4267	4.69945
4268	4.69945
4269	4.69945
4270	4.69945
4271	4.69945
4272	4.69945
4273	4.69945
4274	4.69945
4275	4.69945
4276	4.69945
4277	4.69945
4278	4.69945
4279	4.69945
4280	4.69945
4281	4.69945
4282	4.69945
4283	4.69945
4284	4.69945
4285	4.69945
4286	4.69945
4287	4.69945
4288	4.69945
4289	4.69945
4290	4.69945
4291	4.69945
4292	4.69945
4293	4.69945
4294	4.69945
4295	4.69945
4296	4.69945
4297	4.69945
4298	4.69945
4299	4.69945
4300	4.69945
4301	4.69945
4302	4.69945
4303	4.69945
4304	4.69945
4305	4.69945
4306	4.69945
4307	4.69945
4308	4.69945
4309	4.69945
4310	4.69945
4311	4.69945
4312	4.69945
4313	4.69945
4314	4.69945
4315	4.69945
4316	4.69945
4317	4.69945
4318	4.69945
4319	4.69945
4320	4.69945
4321	4.69945
4322	4.69945
4323	4.69945
4324	4.69945
4325	4.69945
4326	4.69945
4327	4.69945
4328	4.69945
4329	4.69945
4330	4.69945
4331	4.69945
4332	4.69945
4333	4.69945
4334	4.69945
4335	4.69945
4336	4.69945
4337	4.69945
4338	4.69945
4339	4.69945
4340	4.69945
4341	4.69945
4342	4.69945
4343	4.69945
4344	4.69945
4345	4.69945
4346	4.69945
4347	4.69945
4348	4.69945
4349	4.69945
4350	4.69945
4351	4.69945
4352	4.69945
4353	4.69945
4354	4.69945
4355	4.69945
4356	4.69945
4357	4.69945
4358	4.69945
4359	4.69945
4360	4.69945
4361	4.69945
4362	4.69945
4363	4.69945
4364	4.69945
4365	4.69945
4366	4.69945
4367	4.69945
4368	4.69945
4369	4.69945
4370	4.69945
4371	4.69945
4372	4.69945
4373	4.69945
4374	4.69945
4375	4.69945
4376	4.69945
4377	4.69945
4378	4.69945
4379	4.69945
4380	4.69945
4381	4.69945
4382	4.69945
4383	4.69945
4384	4.69945
4385	4.69945
4386	4.69945
4387	4.69945
4388	4.69945
4389	4.69945
4390	4.69945
4391	4.69945
4392	4.69945
4393	4.69945
4394	4.69945
4395	4.69945
4396	4.69945
4397	4.69945
4398	4.69945
4399	4.69945
4400	4.69945
4401	4.69945
4402	4.69945
4403	4.69945
4404	4.69945
4405	4.69945
4406	4.69945
4407	4.69945
4408	4.69945
4409	4.69945
4410	4.69945
4411	4.69945
4412	4.69945
4413	4.69945
4414	4.69945
4415	4.69945
4416	4.69945
4417	4.69945
4418	4.69945
4419	4.69945
4420	4.69945
4421	4.69945
4422	4.69945
4423	4.69945
4424	4.69945
4425	4.69945
4426	4.69945
4427	4.69945
4428	4.69945
4429	4.69945
4430	4.69945
4431	4.69945
4432	4.69945
4433	4.69945
4434	4.69945
4435	4.69945
4436	4.69945
4437	4.69945
4438	4.69945
4439	4.69945
4440	4.69945
4441	4.69945
4442	4.69945
4443	4.69945
4444	4.69945
4445	4.69945
4446	4.69945
4447	4.69945
4448	4.69945
4449	4.69945
4450	4.69945
4451	4.69945
4452	4.69945
4453	4.69945
4454	4.69945
4455	4.69945
4456	4.69945
4457	4.69945
4458	4.69945
4459	4.69945
4460	4.69945
4461	4.69945
4462	4.69945
4463	4.69945
4464	4.69945
4465	4.69945
4466	4.69945
4467	4.69945
4468	4.69945
4469	4.69945
4470	4.69945
4471	4.69945
4472	4.69945
4473	4.69945
4474	4.69945
4475	4.69945
4476	4.69945
4477	4.69945
4478	4.69945
4479	4.69945
4480	4.69945
4481	4.69945
4482	4.69945
4483	4.69945
4484	4.69945
4485	4.69945
4486	4.69945
4487	4.69945
4488	4.69945
4489	4.69945
4490	4.69945
4491	4.69945
4492	4.69945
4493	4.69945
4494	4.69945
4495	4.69945
4496	4.69945
4497	4.69945
4498	4.69945
4499	4.69945
4500	4.69945
4501	4.69945
4502	4.69945
4503	4.69945
4504	4.69945
4505	4.69945
4506	4.69945
4507	4.69945
4508	4.69945
4509	4.69945
4510	4.69945
4511	4.69945
4512	4.69945
4513	4.69945
4514	4.69945
4515	4.69945
4516	4.69945
4517	4.69945
4518	4.69945
4519	4.69945
4520	4.69945
4521	4.69945
4522	4.69945
4523	4.69945
4524	4.69945
4525	4.69945
4526	4.69945
4527	4.69945
4528	4.69945
4529	4.69945
4530	4.69945
4531	4.69945
4532	4.69945
4533	4.69945
4534	4.69945
4535	4.69945
4536	4.69945
4537	4.69945
4538	4.69945
4539	4.69945
4540	4.69945
4541	4.69945
4542	4.69945
4543	4.69945
4544	4.69945
4545	4.69945
4546	4.69945
4547	4.69945
4548	4.69945
4549	4.69945
4550	4.69945
4551	4.69945
4552	4.70229
4553	4.69945
4554	4.69945
4555	4.69945
4556	4.69945
4557	4.69945
4558	4.69945
4559	4.69945
4560	4.69945
4561	4.69945
4562	4.69945
4563	4.69945
4564	4.69945
4565	4.69945
4566	4.69945
4567	4.69945
4568	4.69945
4569	4.69945
4570	4.69945
4571	4.69945
4572	4.69945
4573	4.69945
4574	4.69945
4575	4.69945
4576	4.69945
4577	4.69945
4578	4.69945
4579	4.69945
4580	4.69945
4581	4.69945
4582	4.69945
4583	4.69945
4584	4.69945
4585	4.69945
4586	4.69945
4587	4.69945
4588	4.69945
4589	4.69945
4590	4.69945
4591	4.69945
4592	4.69945
4593	4.69945
4594	4.69945
4595	4.69945
4596	4.69945
4597	4.69945
4598	4.69945
4599	4.69945
4600	4.69945
4601	4.69945
4602	4.69945
4603	4.69945
4604	4.69945
4605	4.69945
4606	4.69945
4607	4.69945
4608	4.69945
4609	4.69945
4610	4.69945
4611	4.69945
4612	4.69945
4613	4.69945
4614	4.69945
4615	4.69945
4616	4.69945
4617	4.69945
4618	4.69945
4619	4.69945
4620	4.69945
4621	4.69945
4622	4.69945
4623	4.69945
4624	4.69945
4625	4.69945
4626	4.69945
4627	4.69945
4628	4.69945
4629	4.69945
4630	4.69945
4631	4.69945
4632	4.69945
4633	4.69945
4634	4.69945
4635	4.69945
4636	4.69945
4637	4.69945
4638	4.69945
4639	4.69945
4640	4.69945
4641	4.69945
4642	4.69945
4643	4.69945
4644	4.69945
4645	4.69945
4646	4.69945
4647	4.69945
4648	4.69945
4649	4.69945
4650	4.69945
4651	4.69945
4652	4.69945
4653	4.69945
4654	4.69945
4655	4.69945
4656	4.69945
4657	4.69945
4658	4.69945
4659	4.69945
4660	4.69945
4661	4.69945
4662	4.69945
4663	4.69945
4664	4.69945
4665	4.69945
4666	4.69945
4667	4.69945
4668	4.69945
4669	4.69945
4670	4.69945
4671	4.69945
4672	4.69945
4673	4.69945
4674	4.69945
4675	4.69945
4676	4.69945
4677	4.69945
4678	4.69945
4679	4.69945
4680	4.69945
4681	4.69945
4682	4.69945
4683	4.69945
4684	4.69945
4685	4.69945
4686	4.69945
4687	4.69945
4688	4.69945
4689	4.69945
4690	4.69945
4691	4.69945
4692	4.69945
4693	4.69945
4694	4.69945
4695	4.69945
4696	4.69945
4697	4.69945
4698	4.69945
4699	4.69945
4700	4.69945
4701	4.69945
4702	4.69945
4703	4.69945
4704	4.69945
4705	4.69945
4706	4.69945
4707	4.69945
4708	4.69945
4709	4.69945
4710	4.69945
4711	4.69945
4712	4.69945
4713	4.69945
4714	4.69945
4715	4.69945
4716	4.69945
4717	4.69945
4718	4.69945
4719	4.69945
4720	4.69945
4721	4.69945
4722	4.69945
4723	4.69945
4724	4.69945
4725	4.69945
4726	4.69945
4727	4.69945
4728	4.69945
4729	4.69945
4730	4.69945
4731	4.69945
4732	4.69945
4733	4.69945
4734	4.69945
4735	4.69945
4736	4.69945
4737	4.69945
4738	4.69945
4739	4.69945
4740	4.69945
4741	4.69945
4742	4.69945
4743	4.69945
4744	4.69945
4745	4.69945
4746	4.69945
4747	4.69945
4748	4.69945
4749	4.69945
4750	4.69945
4751	4.69945
4752	4.69945
4753	4.69945
4754	4.69945
4755	4.69945
4756	4.69945
4757	4.69945
4758	4.69945
4759	4.69945
4760	4.69945
4761	4.69945
4762	4.69945
4763	4.69945
4764	4.69945
4765	4.69945
4766	4.69945
4767	4.69945
4768	4.69945
4769	4.69945
4770	4.69945
4771	4.69945
4772	4.69945
4773	4.69945
4774	4.69945
4775	4.69945
4776	4.69945
4777	4.69945
4778	4.69945
4779	4.69945
4780	4.69945
4781	4.69945
4782	4.69945
4783	4.69945
4784	4.69945
4785	4.69945
4786	4.69945
4787	4.69945
4788	4.69945
4789	4.69945
4790	4.69945
4791	4.69945
4792	4.69945
4793	4.69945
4794	4.69945
4795	4.69945
4796	4.69945
4797	4.69945
4798	4.69945
4799	4.69945
4800	4.69945
4801	4.69945
4802	4.69945
4803	4.69945
4804	4.69945
4805	4.69945
4806	4.69945
4807	4.69945
4808	4.69945
4809	4.69945
4810	4.69945
4811	4.69945
4812	4.69945
4813	4.69945
4814	4.69945
4815	4.69945
4816	4.69945
4817	4.69945
4818	4.69945
4819	4.69945
4820	4.69945
4821	4.69945
4822	4.69945
4823	4.69945
4824	4.69945
4825	4.69945
4826	4.69945
4827	4.69945
4828	4.69945
4829	4.69945
4830	4.69945
4831	4.69945
4832	4.69945
4833	4.69945
4834	4.69945
4835	4.69945
4836	4.69945
4837	4.69945
4838	4.69945
4839	4.69945
4840	4.69945
4841	4.69945
4842	4.69945
4843	4.69945
4844	4.69945
4845	4.69945
4846	4.69945
4847	4.69945
4848	4.69945
4849	4.69945
4850	4.69945
4851	4.69945
4852	4.69945
4853	4.69945
4854	4.69945
4855	4.69945
4856	4.69945
4857	4.69945
4858	4.69945
4859	4.69945
4860	4.69945
4861	4.69945
4862	4.69945
4863	4.69945
4864	4.69945
4865	4.69945
4866	4.69945
4867	4.69945
4868	4.69945
4869	4.69945
4870	4.69945
4871	4.69945
4872	4.69945
4873	4.69945
4874	4.69945
4875	4.69945
4876	4.69945
4877	4.69945
4878	4.69945
4879	4.69945
4880	4.69945
4881	4.69945
4882	4.69945
4883	4.69945
4884	4.69945
4885	4.69945
4886	4.69945
4887	4.69945
4888	4.69945
4889	4.69945
4890	4.69945
4891	4.69945
4892	4.69945
4893	4.69945
4894	4.69945
4895	4.69945
4896	4.69945
4897	4.69945
4898	4.69945
4899	4.69945
4900	4.69945
4901	4.69945
4902	4.69945
4903	4.69945
4904	4.69945
4905	4.69945
4906	4.69945
4907	4.69945
4908	4.69945
4909	4.69945
4910	4.69945
4911	4.69945
4912	4.69945
4913	4.69945
4914	4.69945
4915	4.69945
4916	4.69945
4917	4.69945
4918	4.69945
4919	4.69945
4920	4.69945
4921	4.69945
4922	4.69945
4923	4.69945
4924	4.69945
4925	4.69945
4926	4.69945
4927	4.69945
4928	4.69945
4929	4.69945
4930	4.69945
4931	4.69945
4932	4.69945
4933	4.69945
4934	4.69945
4935	4.69945
4936	4.69945
4937	4.69945
4938	4.69945
4939	4.69945
4940	4.69945
4941	4.69945
4942	4.69945
4943	4.69945
4944	4.69945
4945	4.69945
4946	4.69945
4947	4.69945
4948	4.69945
4949	4.69945
4950	4.69945
4951	4.69945
4952	4.69945
4953	4.69945
4954	4.69945
4955	4.69945
4956	4.69945
4957	4.69945
4958	4.69945
4959	4.69945
4960	4.69945
4961	4.69945
4962	4.69945
4963	4.69945
4964	4.69945
4965	4.69945
4966	4.69945
4967	4.69945
4968	4.69945
4969	4.69945
4970	4.69945
4971	4.69945
4972	4.69945
4973	4.69945
4974	4.69945
4975	4.69945
4976	4.69945
4977	4.69945
4978	4.69945
4979	4.69945
4980	4.69945
4981	4.69945
4982	4.69945
4983	4.69945
4984	4.69945
4985	4.69945
4986	4.69945
4987	4.69945
4988	4.69945
4989	4.69945
4990	4.69945
4991	4.69945
4992	4.69945
4993	4.69945
4994	4.69945
4995	4.69945
4996	4.69945
4997	4.69945
4998	4.69945
4999	4.69945
5000	4.69945
