1	13.0326		1
2	12.2457		2
3	12.2457		2
4	11.4471		4
5	11.2527		5
6	10.3068		6
7	10.3068		6
8	10.2091		8
9	10.1162		9
10	10.0519		10
11	9.92863		11
12	9.86261		12
13	9.80158		13
14	8.73187		14
15	8.73187		14
16	8.6613		16
17	8.6613		16
18	8.65729		18
19	8.20374		19
20	8.16197		20
21	8.16197		20
22	7.91613		22
23	7.91613		22
24	7.91613		22
25	7.79671		25
26	7.08807		26
27	7.08807		26
28	7.08807		26
29	7.08807		26
30	6.86896		30
31	6.84643		31
32	6.76254		32
33	6.76186		33
34	6.71594		34
35	6.68224		35
36	6.68224		35
37	6.68224		35
38	6.68224		35
39	6.68224		35
40	6.68224		35
41	6.65926		41
42	6.65926		41
43	6.65926		41
44	6.6485		44
45	6.6485		44
46	6.6485		44
47	6.6485		44
48	6.6485		44
49	6.41213		49
50	6.41213		49
51	6.41213		49
52	6.41213		49
53	6.41213		49
54	6.40502		54
55	6.40502		54
56	6.40502		54
57	6.40116		57
58	6.40116		57
59	6.40116		57
60	6.40116		57
61	6.40116		57
62	6.40116		57
63	6.04906		63
64	6.04906		63
65	6.04906		63
66	6.04906		63
67	5.98592		67
68	5.98592		67
69	5.98592		67
70	5.91125		70
71	5.91125		70
72	5.91125		70
73	5.90148		73
74	5.90148		73
75	5.90148		73
76	5.85184		76
77	5.85184		76
78	5.85184		76
79	5.85184		76
80	5.83128		80
81	5.83128		80
82	5.83128		80
83	5.83128		80
84	5.83128		80
85	5.83128		80
86	5.83128		80
87	5.83128		80
88	5.83128		80
89	5.83128		80
90	5.83128		80
91	5.83128		80
92	5.83128		80
93	5.83128		80
94	5.83128		80
95	5.83128		80
96	5.83128		80
97	5.68575		97
98	5.68575		97
99	5.68575		97
100	5.68575		97
101	5.68575		97
102	5.68575		97
103	5.68575		97
104	5.68575		97
105	5.68575		97
106	5.66655		106
107	5.66655		106
108	5.66655		106
109	5.66655		106
110	5.66655		106
111	5.66655		106
112	5.66655		106
113	5.64273		113
114	5.64273		113
115	5.64273		113
116	5.64273		113
117	5.64273		113
118	5.64273		113
119	5.64273		113
120	5.64273		113
121	5.64273		113
122	5.64273		113
123	5.64273		113
124	5.64273		113
125	5.64273		113
126	5.64273		113
127	5.6232		127
128	5.6232		127
129	5.6232		127
130	5.6232		127
131	5.6232		127
132	5.6232		127
133	5.6232		127
134	5.6232		127
135	5.6232		127
136	5.6232		127
137	5.6232		127
138	5.6232		127
139	5.6232		127
140	5.6232		127
141	5.6232		127
142	5.6232		127
143	5.6232		127
144	5.6232		127
145	5.6232		127
146	5.6232		127
147	5.6232		127
148	5.6232		127
149	5.6232		127
150	5.6232		127
151	5.6232		127
152	5.6232		127
153	5.6232		127
154	5.6232		127
155	5.6232		127
156	5.61411		156
157	5.61411		156
158	5.61411		156
159	5.61411		156
160	5.54416		160
161	5.54327		161
162	5.54327		161
163	5.54327		161
164	5.54327		161
165	5.54327		161
166	5.54327		161
167	5.54327		161
168	5.54327		161
169	5.54327		161
170	5.53785		170
171	5.53555		171
172	5.53072		172
173	5.53072		172
174	5.53072		172
175	5.53072		172
176	5.53072		172
177	5.53072		172
178	5.53072		172
179	5.53072		172
180	5.53072		172
181	5.53072		172
182	5.53072		172
183	5.53072		172
184	5.53072		172
185	5.53072		172
186	5.53072		172
187	5.53072		172
188	5.53072		172
189	5.53072		172
190	5.53072		172
191	5.53072		172
192	5.53072		172
193	5.53072		172
194	5.53072		172
195	5.53072		172
196	5.53072		172
197	5.53072		172
198	5.53072		172
199	5.53072		172
200	5.53072		172
201	5.53072		172
202	5.53072		172
203	5.53072		172
204	5.53072		172
205	5.53072		172
206	5.53072		172
207	5.53072		172
208	5.53072		172
209	5.53072		172
210	5.53072		172
211	5.53072		172
212	5.53072		172
213	5.53072		172
214	5.53072		172
215	5.53072		172
216	5.52694		216
217	5.52694		216
218	5.52528		218
219	5.52528		218
220	5.5125		220
221	5.5125		220
222	5.5125		220
223	5.5125		220
224	5.50678		224
225	5.50678		224
226	5.50678		224
227	5.50678		224
228	5.50678		224
229	5.50678		224
230	5.50678		224
231	5.50678		224
232	5.50678		224
233	5.50678		224
234	5.4757		234
235	5.4757		234
236	5.4757		234
237	5.4757		234
238	5.4757		234
239	5.4757		234
240	5.4757		234
241	5.4757		234
242	5.4757		234
243	5.4757		234
244	5.4757		234
245	5.4757		234
246	5.47029		246
247	5.47029		246
248	5.47029		246
249	5.47029		246
250	5.47029		246
251	5.47029		246
252	5.47029		246
253	5.47029		246
254	5.47029		246
255	5.47029		246
256	5.47029		246
257	5.47029		246
258	5.47029		246
259	5.47029		246
260	5.47029		246
261	5.47029		246
262	5.47029		246
263	5.29483		263
264	5.29483		263
265	5.29483		263
266	5.27492		266
267	5.27492		266
268	5.17388		268
269	5.17388		268
270	5.17388		268
271	5.17388		268
272	5.17388		268
273	5.17388		268
274	5.17388		268
275	5.17388		268
276	5.17388		268
277	5.17388		268
278	5.17388		268
279	5.17114		279
280	5.17114		279
281	5.17114		279
282	5.17114		279
283	5.17114		279
284	5.17114		279
285	5.17114		279
286	5.17114		279
287	5.17114		279
288	5.17114		279
289	5.17114		279
290	5.17114		279
291	5.17114		279
292	5.17114		279
293	5.17114		279
294	5.17114		279
295	5.17114		279
296	5.17114		279
297	5.17114		279
298	5.17114		279
299	5.17114		279
300	5.17114		279
301	5.17114		279
302	5.17114		279
303	5.17114		279
304	5.17114		279
305	5.17114		279
306	5.17114		279
307	5.17114		279
308	5.17114		279
309	5.17114		279
310	5.17114		279
311	5.17114		279
312	5.17114		279
313	5.17114		279
314	5.17114		279
315	5.17114		279
316	5.17114		279
317	5.17114		279
318	5.17114		279
319	5.17114		279
320	5.17114		279
321	5.17114		279
322	5.17114		279
323	5.17114		279
324	5.17114		279
325	5.17114		279
326	5.17114		279
327	5.17114		279
328	5.17114		279
329	5.17114		279
330	5.17114		279
331	5.17114		279
332	5.17114		279
333	5.17114		279
334	5.17114		279
335	5.17114		279
336	5.17114		279
337	5.17114		279
338	5.17114		279
339	5.17114		279
340	5.17114		279
341	5.17114		279
342	5.17114		279
343	5.17114		279
344	5.17114		279
345	5.17114		279
346	5.17114		279
347	5.17114		279
348	5.17114		279
349	5.17114		279
350	5.17114		279
351	5.17114		279
352	5.17114		279
353	5.17114		279
354	5.17114		279
355	5.17114		279
356	5.17114		279
357	5.17114		279
358	5.17114		279
359	5.17114		279
360	5.17114		279
361	5.17114		279
362	5.17114		279
363	5.17114		279
364	5.17114		279
365	5.17114		279
366	5.17114		279
367	5.17114		279
368	5.17114		279
369	5.17114		279
370	5.17114		279
371	5.17114		279
372	5.17114		279
373	5.17114		279
374	5.17114		279
375	5.17114		279
376	5.17114		279
377	5.17114		279
378	5.17114		279
379	5.17114		279
380	5.17114		279
381	5.17114		279
382	5.17114		279
383	5.17114		279
384	5.17114		279
385	5.17114		279
386	5.17114		279
387	5.17114		279
388	5.17114		279
389	5.17114		279
390	5.17114		279
391	5.17114		279
392	5.17114		279
393	5.17114		279
394	5.17114		279
395	5.17114		279
396	5.17114		279
397	5.17114		279
398	5.17114		279
399	5.17114		279
400	5.17114		279
401	5.17114		279
402	5.17114		279
403	5.17114		279
404	5.17114		279
405	5.17114		279
406	5.17114		279
407	5.17114		279
408	5.17114		279
409	5.17114		279
410	5.17114		279
411	5.17114		279
412	5.17114		279
413	5.17114		279
414	5.17114		279
415	5.17114		279
416	5.17114		279
417	5.17114		279
418	5.17114		279
419	5.17114		279
420	5.17114		279
421	5.17114		279
422	5.17114		279
423	5.17114		279
424	5.17114		279
425	5.17114		279
426	5.17114		279
427	5.17114		279
428	5.17114		279
429	5.17114		279
430	5.17114		279
431	5.17114		279
432	5.17114		279
433	5.17114		279
434	5.17114		279
435	5.17114		279
436	5.17114		279
437	5.17114		279
438	5.17114		279
439	5.17114		279
440	5.05735		440
441	5.05735		440
442	5.05175		442
443	5.05175		442
444	5.05175		442
445	5.05175		442
446	5.05175		442
447	5.05175		442
448	5.05175		442
449	5.05175		442
450	5.05175		442
451	5.05175		442
452	5.05175		442
453	5.05175		442
454	5.05175		442
455	5.05175		442
456	5.05175		442
457	5.05175		442
458	5.05175		442
459	5.05175		442
460	5.05175		442
461	5.05175		442
462	5.05175		442
463	5.05175		442
464	5.05175		442
465	5.05175		442
466	5.05175		442
467	5.05175		442
468	5.05175		442
469	5.05175		442
470	5.05175		442
471	5.05175		442
472	5.05175		442
473	5.05175		442
474	5.05175		442
475	5.05175		442
476	5.05175		442
477	5.05175		442
478	5.05175		442
479	5.05175		442
480	5.05175		442
481	5.05175		442
482	5.05175		442
483	5.05175		442
484	5.05175		442
485	5.05175		442
486	5.05175		442
487	5.05175		442
488	5.05175		442
489	5.05175		442
490	5.05175		442
491	5.05175		442
492	5.05175		442
493	5.05175		442
494	5.05175		442
495	5.05175		442
496	5.05175		442
497	5.05175		442
498	5.05175		442
499	5.05175		442
500	5.05175		442
501	5.05175		442
502	5.05175		442
503	5.05175		442
504	5.05175		442
505	5.05175		442
506	5.05175		442
507	5.05175		442
508	5.05175		442
509	5.05175		442
510	5.05175		442
511	5.05175		442
512	5.05175		442
513	5.05175		442
514	5.05175		442
515	5.05175		442
516	5.05175		442
517	5.05175		442
518	5.05175		442
519	5.05175		442
520	5.05175		442
521	5.05175		442
522	5.05175		442
523	5.05175		442
524	5.05175		442
525	5.05175		442
526	5.05175		442
527	5.05175		442
528	5.05175		442
529	5.05175		442
530	5.05175		442
531	5.05175		442
532	5.05175		442
533	5.05175		442
534	5.05175		442
535	5.05175		442
536	5.05175		442
537	5.05175		442
538	5.05175		442
539	5.05175		442
540	5.05175		442
541	5.05175		442
542	5.05175		442
543	5.05175		442
544	5.05175		442
545	5.05175		442
546	5.05175		442
547	5.05175		442
548	5.05175		442
549	5.05175		442
550	5.05175		442
551	5.05175		442
552	5.05175		442
553	5.05175		442
554	5.05175		442
555	5.05175		442
556	5.05175		442
557	5.05175		442
558	5.05175		442
559	5.05175		442
560	5.05175		442
561	5.05175		442
562	5.05175		442
563	5.05175		442
564	5.05175		442
565	5.05175		442
566	5.05175		442
567	5.05175		442
568	5.05175		442
569	5.05175		442
570	5.05175		442
571	5.05175		442
572	5.05175		442
573	5.05175		442
574	5.05175		442
575	5.05175		442
576	5.05175		442
577	5.05175		442
578	5.05175		442
579	5.05175		442
580	5.05175		442
581	5.05175		442
582	5.05175		442
583	5.05175		442
584	5.05175		442
585	5.05175		442
586	5.05175		442
587	5.05175		442
588	5.05175		442
589	5.05175		442
590	5.05175		442
591	5.05175		442
592	5.05175		442
593	5.05175		442
594	5.05175		442
595	5.05175		442
596	5.05175		442
597	5.05175		442
598	5.05175		442
599	5.05175		442
600	5.05175		442
601	5.05175		442
602	5.05175		442
603	5.05175		442
604	5.05175		442
605	5.05175		442
606	5.05175		442
607	5.05175		442
608	5.05175		442
609	5.05175		442
610	5.05175		442
611	5.05175		442
612	5.05175		442
613	5.05175		442
614	5.05175		442
615	5.05175		442
616	5.05175		442
617	5.05175		442
618	5.05175		442
619	5.05175		442
620	5.05175		442
621	5.05175		442
622	5.05175		442
623	5.05175		442
624	5.05175		442
625	5.05175		442
626	5.05175		442
627	5.05175		442
628	5.05175		442
629	5.05175		442
630	5.05175		442
631	5.05175		442
632	5.05175		442
633	5.05175		442
634	5.05175		442
635	5.05175		442
636	5.05175		442
637	5.05175		442
638	5.05175		442
639	5.05175		442
640	5.034		640
641	5.034		640
642	5.034		640
643	5.034		640
644	5.034		640
645	5.034		640
646	5.034		640
647	5.034		640
648	5.034		640
649	5.034		640
650	5.034		640
651	5.034		640
652	5.034		640
653	5.034		640
654	5.034		640
655	5.034		640
656	5.034		640
657	5.034		640
658	5.034		640
659	5.034		640
660	5.034		640
661	5.034		640
662	5.034		640
663	5.034		640
664	5.034		640
665	5.0098		665
666	5.0098		665
667	5.0098		665
668	5.0098		665
669	5.0098		665
670	5.0098		665
671	5.0098		665
672	5.0098		665
673	5.0098		665
674	5.0098		665
675	5.0098		665
676	5.0098		665
677	5.0098		665
678	5.0098		665
679	5.0098		665
680	5.0098		665
681	5.0098		665
682	5.0098		665
683	5.0098		665
684	5.0098		665
685	5.0098		665
686	5.0098		665
687	5.0098		665
688	5.0098		665
689	5.0098		665
690	5.0098		665
691	5.0098		665
692	5.0098		665
693	5.0098		665
694	5.0098		665
695	5.0098		665
696	5.0098		665
697	5.0098		665
698	5.0098		665
699	5.0098		665
700	5.0098		665
701	5.0098		665
702	5.0098		665
703	5.0098		665
704	5.0098		665
705	5.0098		665
706	5.0098		665
707	5.0098		665
708	5.0098		665
709	5.0098		665
710	5.0098		665
711	5.0098		665
712	5.0098		665
713	5.0098		665
714	5.0098		665
715	5.0098		665
716	4.98492		716
717	4.98492		716
718	4.98492		716
719	4.98492		716
720	4.98492		716
721	4.98492		716
722	4.98492		716
723	4.98492		716
724	4.98492		716
725	4.98492		716
726	4.98492		716
727	4.98492		716
728	4.98492		716
729	4.98492		716
730	4.98492		716
731	4.98492		716
732	4.98492		716
733	4.98492		716
734	4.98492		716
735	4.98492		716
736	4.98492		716
737	4.98492		716
738	4.98492		716
739	4.98492		716
740	4.98492		716
741	4.98492		716
742	4.98492		716
743	4.98492		716
744	4.98492		716
745	4.98492		716
746	4.98492		716
747	4.98492		716
748	4.98492		716
749	4.98492		716
750	4.98492		716
751	4.98492		716
752	4.98492		716
753	4.98492		716
754	4.98492		716
755	4.98492		716
756	4.98492		716
757	4.98492		716
758	4.98492		716
759	4.98492		716
760	4.98492		716
761	4.98492		716
762	4.98492		716
763	4.98492		716
764	4.98492		716
765	4.98492		716
766	4.98492		716
767	4.98492		716
768	4.98492		716
769	4.98492		716
770	4.98492		716
771	4.98492		716
772	4.98492		716
773	4.98492		716
774	4.98492		716
775	4.98492		716
776	4.98492		716
777	4.98492		716
778	4.98492		716
779	4.98492		716
780	4.98492		716
781	4.98492		716
782	4.98492		716
783	4.98492		716
784	4.98492		716
785	4.98492		716
786	4.98492		716
787	4.98492		716
788	4.98492		716
789	4.82605		789
790	4.82605		789
791	4.82605		789
792	4.82605		789
793	4.82605		789
794	4.82605		789
795	4.82605		789
796	4.82605		789
797	4.82605		789
798	4.82605		789
799	4.82605		789
800	4.82605		789
801	4.82605		789
802	4.82605		789
803	4.82605		789
804	4.82605		789
805	4.82605		789
806	4.82605		789
807	4.82605		789
808	4.82605		789
809	4.82605		789
810	4.82605		789
811	4.82605		789
812	4.82605		789
813	4.82605		789
814	4.82605		789
815	4.82605		789
816	4.82605		789
817	4.82605		789
818	4.82605		789
819	4.82605		789
820	4.82605		789
821	4.82605		789
822	4.82605		789
823	4.82605		789
824	4.82605		789
825	4.82605		789
826	4.82605		789
827	4.82605		789
828	4.82605		789
829	4.82605		789
830	4.82605		789
831	4.82605		789
832	4.82605		789
833	4.82605		789
834	4.82605		789
835	4.82605		789
836	4.82605		789
837	4.82605		789
838	4.82605		789
839	4.82605		789
840	4.82605		789
841	4.82605		789
842	4.82605		789
843	4.82605		789
844	4.82605		789
845	4.82605		789
846	4.82605		789
847	4.82605		789
848	4.82605		789
849	4.82605		789
850	4.82605		789
851	4.82605		789
852	4.82605		789
853	4.82605		789
854	4.82605		789
855	4.82605		789
856	4.82605		789
857	4.82605		789
858	4.82605		789
859	4.82605		789
860	4.82605		789
861	4.82605		789
862	4.82605		789
863	4.82605		789
864	4.82605		789
865	4.82605		789
866	4.82605		789
867	4.82605		789
868	4.82605		789
869	4.82605		789
870	4.82605		789
871	4.82605		789
872	4.82605		789
873	4.82605		789
874	4.82605		789
875	4.82605		789
876	4.82605		789
877	4.82605		789
878	4.82605		789
879	4.82605		789
880	4.82605		789
881	4.82605		789
882	4.82605		789
883	4.82605		789
884	4.82605		789
885	4.82605		789
886	4.82605		789
887	4.82605		789
888	4.82605		789
889	4.82605		789
890	4.82605		789
891	4.82605		789
892	4.82605		789
893	4.82605		789
894	4.82605		789
895	4.82605		789
896	4.82605		789
897	4.82605		789
898	4.82605		789
899	4.82605		789
900	4.82605		789
901	4.82605		789
902	4.82605		789
903	4.82605		789
904	4.82605		789
905	4.82605		789
906	4.82605		789
907	4.82605		789
908	4.82605		789
909	4.82605		789
910	4.82605		789
911	4.82605		789
912	4.82605		789
913	4.82605		789
914	4.82605		789
915	4.82605		789
916	4.82605		789
917	4.82605		789
918	4.82605		789
919	4.82605		789
920	4.82605		789
921	4.82605		789
922	4.82605		789
923	4.82605		789
924	4.82605		789
925	4.82605		789
926	4.82605		789
927	4.82605		789
928	4.82605		789
929	4.82605		789
930	4.82605		789
931	4.82605		789
932	4.82605		789
933	4.82605		789
934	4.82605		789
935	4.82605		789
936	4.82605		789
937	4.82605		789
938	4.82605		789
939	4.82605		789
940	4.82605		789
941	4.82605		789
942	4.82605		789
943	4.82605		789
944	4.82605		789
945	4.82605		789
946	4.82605		789
947	4.82605		789
948	4.82605		789
949	4.82605		789
950	4.82605		789
951	4.82605		789
952	4.82605		789
953	4.82605		789
954	4.82605		789
955	4.82605		789
956	4.82605		789
957	4.82605		789
958	4.82605		789
959	4.82605		789
960	4.82605		789
961	4.82605		789
962	4.82605		789
963	4.82605		789
964	4.82605		789
965	4.82605		789
966	4.82605		789
967	4.82605		789
968	4.82605		789
969	4.82605		789
970	4.82605		789
971	4.82605		789
972	4.82605		789
973	4.82605		789
974	4.82605		789
975	4.82605		789
976	4.82605		789
977	4.82605		789
978	4.82605		789
979	4.82605		789
980	4.82605		789
981	4.82605		789
982	4.82605		789
983	4.82605		789
984	4.82605		789
985	4.82605		789
986	4.82605		789
987	4.82605		789
988	4.82605		789
989	4.82605		789
990	4.82605		789
991	4.82605		789
992	4.82605		789
993	4.82605		789
994	4.82605		789
995	4.82605		789
996	4.82605		789
997	4.82605		789
998	4.82605		789
999	4.82605		789
1000	4.82605		789
1001	4.82605		789
1002	4.82605		789
1003	4.82605		789
1004	4.82605		789
1005	4.82605		789
1006	4.82605		789
1007	4.82605		789
1008	4.82605		789
1009	4.82605		789
1010	4.82605		789
1011	4.82605		789
1012	4.82605		789
1013	4.82605		789
1014	4.82605		789
1015	4.82605		789
1016	4.82605		789
1017	4.82605		789
1018	4.82605		789
1019	4.82605		789
1020	4.82605		789
1021	4.82605		789
1022	4.82605		789
1023	4.82605		789
1024	4.82605		789
1025	4.82605		789
1026	4.82605		789
1027	4.82605		789
1028	4.82605		789
1029	4.82605		789
1030	4.82605		789
1031	4.82605		789
1032	4.82605		789
1033	4.82605		789
1034	4.82605		789
1035	4.82605		789
1036	4.82605		789
1037	4.82605		789
1038	4.82605		789
1039	4.82605		789
1040	4.82605		789
1041	4.82605		789
1042	4.82605		789
1043	4.82605		789
1044	4.82605		789
1045	4.82605		789
1046	4.82605		789
1047	4.82605		789
1048	4.82605		789
1049	4.82605		789
1050	4.82605		789
1051	4.82605		789
1052	4.82605		789
1053	4.82605		789
1054	4.82605		789
1055	4.82605		789
1056	4.82605		789
1057	4.82605		789
1058	4.82605		789
1059	4.82605		789
1060	4.82605		789
1061	4.82605		789
1062	4.82605		789
1063	4.82605		789
1064	4.82605		789
1065	4.82605		789
1066	4.82605		789
1067	4.82605		789
1068	4.82605		789
1069	4.82605		789
1070	4.82605		789
1071	4.82605		789
1072	4.82605		789
1073	4.82605		789
1074	4.82605		789
1075	4.82605		789
1076	4.82605		789
1077	4.82605		789
1078	4.82605		789
1079	4.82605		789
1080	4.82605		789
1081	4.82605		789
1082	4.82605		789
1083	4.82605		789
1084	4.82605		789
1085	4.82605		789
1086	4.82605		789
1087	4.82605		789
1088	4.82605		789
1089	4.82605		789
1090	4.82605		789
1091	4.82605		789
1092	4.82605		789
1093	4.82605		789
1094	4.82605		789
1095	4.82605		789
1096	4.82605		789
1097	4.82605		789
1098	4.82605		789
1099	4.82605		789
1100	4.82605		789
1101	4.82605		789
1102	4.82605		789
1103	4.82605		789
1104	4.82605		789
1105	4.82605		789
1106	4.82605		789
1107	4.82605		789
1108	4.82605		789
1109	4.82605		789
1110	4.82605		789
1111	4.82605		789
1112	4.82605		789
1113	4.82605		789
1114	4.82605		789
1115	4.82605		789
1116	4.82605		789
1117	4.82605		789
1118	4.82605		789
1119	4.82605		789
1120	4.82605		789
1121	4.82605		789
1122	4.82605		789
1123	4.82605		789
1124	4.82605		789
1125	4.82605		789
1126	4.82605		789
1127	4.82605		789
1128	4.82605		789
1129	4.82605		789
1130	4.82605		789
1131	4.82605		789
1132	4.82605		789
1133	4.82605		789
1134	4.82605		789
1135	4.82605		789
1136	4.82605		789
1137	4.82605		789
1138	4.82605		789
1139	4.82605		789
1140	4.82605		789
1141	4.82605		789
1142	4.82605		789
1143	4.82605		789
1144	4.82605		789
1145	4.82605		789
1146	4.82605		789
1147	4.82605		789
1148	4.82605		789
1149	4.82605		789
1150	4.82605		789
1151	4.82605		789
1152	4.82605		789
1153	4.82605		789
1154	4.82605		789
1155	4.82605		789
1156	4.82605		789
1157	4.82605		789
1158	4.82605		789
1159	4.82605		789
1160	4.82605		789
1161	4.82605		789
1162	4.82605		789
1163	4.82605		789
1164	4.82605		789
1165	4.82605		789
1166	4.82605		789
1167	4.82605		789
1168	4.82605		789
1169	4.82605		789
1170	4.82605		789
1171	4.82605		789
1172	4.82605		789
1173	4.82605		789
1174	4.82605		789
1175	4.82605		789
1176	4.82605		789
1177	4.82605		789
1178	4.82605		789
1179	4.82605		789
1180	4.82605		789
1181	4.82605		789
1182	4.82605		789
1183	4.82605		789
1184	4.82605		789
1185	4.82605		789
1186	4.82605		789
1187	4.82605		789
1188	4.82605		789
1189	4.82605		789
1190	4.82605		789
1191	4.82605		789
1192	4.82605		789
1193	4.82605		789
1194	4.82605		789
1195	4.82605		789
1196	4.82605		789
1197	4.82605		789
1198	4.82605		789
1199	4.82605		789
1200	4.82605		789
1201	4.82605		789
1202	4.82605		789
1203	4.82605		789
1204	4.82605		789
1205	4.82605		789
1206	4.82605		789
1207	4.82605		789
1208	4.82605		789
1209	4.82605		789
1210	4.82605		789
1211	4.82605		789
1212	4.82605		789
1213	4.82605		789
1214	4.82605		789
1215	4.82605		789
1216	4.82605		789
1217	4.82605		789
1218	4.82605		789
1219	4.82605		789
1220	4.82605		789
1221	4.82605		789
1222	4.82605		789
1223	4.82605		789
1224	4.82605		789
1225	4.82605		789
1226	4.82605		789
1227	4.82605		789
1228	4.82605		789
1229	4.82605		789
1230	4.82605		789
1231	4.82605		789
1232	4.82605		789
1233	4.82605		789
1234	4.82605		789
1235	4.82605		789
1236	4.82605		789
1237	4.82605		789
1238	4.82605		789
1239	4.82605		789
1240	4.82605		789
1241	4.82605		789
1242	4.82605		789
1243	4.82605		789
1244	4.82605		789
1245	4.82605		789
1246	4.82605		789
1247	4.82605		789
1248	4.82605		789
1249	4.82605		789
1250	4.82605		789
1251	4.82605		789
1252	4.82605		789
1253	4.82605		789
1254	4.82605		789
1255	4.82605		789
1256	4.82605		789
1257	4.82605		789
1258	4.82605		789
1259	4.82605		789
1260	4.82605		789
1261	4.82605		789
1262	4.82605		789
1263	4.82605		789
1264	4.82605		789
1265	4.82605		789
1266	4.82605		789
1267	4.82605		789
1268	4.82605		789
1269	4.82605		789
1270	4.82605		789
1271	4.82605		789
1272	4.82605		789
1273	4.82605		789
1274	4.82605		789
1275	4.82605		789
1276	4.82605		789
1277	4.82605		789
1278	4.82605		789
1279	4.82605		789
1280	4.82605		789
1281	4.82605		789
1282	4.82605		789
1283	4.82605		789
1284	4.82605		789
1285	4.82605		789
1286	4.82605		789
1287	4.82605		789
1288	4.82605		789
1289	4.82605		789
1290	4.82605		789
1291	4.82605		789
1292	4.82605		789
1293	4.82605		789
1294	4.82605		789
1295	4.82605		789
1296	4.82605		789
1297	4.82605		789
1298	4.82605		789
1299	4.82605		789
1300	4.82605		789
1301	4.82605		789
1302	4.82605		789
1303	4.82605		789
1304	4.82605		789
1305	4.82605		789
1306	4.82605		789
1307	4.82605		789
1308	4.82605		789
1309	4.82605		789
1310	4.82605		789
1311	4.82605		789
1312	4.82605		789
1313	4.82605		789
1314	4.82605		789
1315	4.82605		789
1316	4.82605		789
1317	4.82605		789
1318	4.82605		789
1319	4.82605		789
1320	4.82605		789
1321	4.82605		789
1322	4.82605		789
1323	4.82605		789
1324	4.82605		789
1325	4.82605		789
1326	4.82605		789
1327	4.82605		789
1328	4.82605		789
1329	4.82605		789
1330	4.82605		789
1331	4.82605		789
1332	4.82605		789
1333	4.82605		789
1334	4.82605		789
1335	4.82605		789
1336	4.82605		789
1337	4.82605		789
1338	4.82605		789
1339	4.82605		789
1340	4.82605		789
1341	4.82605		789
1342	4.82605		789
1343	4.82605		789
1344	4.82605		789
1345	4.82605		789
1346	4.82605		789
1347	4.82605		789
1348	4.82605		789
1349	4.82605		789
1350	4.82605		789
1351	4.82605		789
1352	4.82605		789
1353	4.82605		789
1354	4.82605		789
1355	4.82605		789
1356	4.82605		789
1357	4.82605		789
1358	4.82605		789
1359	4.82605		789
1360	4.82605		789
1361	4.82605		789
1362	4.82605		789
1363	4.82605		789
1364	4.82605		789
1365	4.82605		789
1366	4.82605		789
1367	4.82605		789
1368	4.82605		789
1369	4.82605		789
1370	4.82605		789
1371	4.82605		789
1372	4.82605		789
1373	4.82605		789
1374	4.82605		789
1375	4.82605		789
1376	4.82605		789
1377	4.82605		789
1378	4.82605		789
1379	4.82605		789
1380	4.82605		789
1381	4.82605		789
1382	4.82605		789
1383	4.82605		789
1384	4.82605		789
1385	4.82605		789
1386	4.82605		789
1387	4.82605		789
1388	4.82605		789
1389	4.82605		789
1390	4.82605		789
1391	4.82605		789
1392	4.82605		789
1393	4.82605		789
1394	4.82605		789
1395	4.82605		789
1396	4.82605		789
1397	4.82605		789
1398	4.82605		789
1399	4.82605		789
1400	4.82605		789
1401	4.82605		789
1402	4.82605		789
1403	4.82605		789
1404	4.82605		789
1405	4.82605		789
1406	4.82605		789
1407	4.82605		789
1408	4.82605		789
1409	4.82605		789
1410	4.82605		789
1411	4.82605		789
1412	4.82605		789
1413	4.82605		789
1414	4.82605		789
1415	4.82605		789
1416	4.82605		789
1417	4.82605		789
1418	4.82605		789
1419	4.82605		789
1420	4.82605		789
1421	4.82605		789
1422	4.82605		789
1423	4.82605		789
1424	4.82605		789
1425	4.82605		789
1426	4.82605		789
1427	4.82605		789
1428	4.82605		789
1429	4.82605		789
1430	4.82605		789
1431	4.82605		789
1432	4.82605		789
1433	4.82605		789
1434	4.82605		789
1435	4.82605		789
1436	4.82605		789
1437	4.82605		789
1438	4.82605		789
1439	4.82605		789
1440	4.82605		789
1441	4.82605		789
1442	4.82605		789
1443	4.82605		789
1444	4.82605		789
1445	4.82605		789
1446	4.82605		789
1447	4.82605		789
1448	4.82605		789
1449	4.82605		789
1450	4.82605		789
1451	4.82605		789
1452	4.82605		789
1453	4.82605		789
1454	4.82605		789
1455	4.82605		789
1456	4.82605		789
1457	4.82605		789
1458	4.82605		789
1459	4.82605		789
1460	4.82605		789
1461	4.82605		789
1462	4.82605		789
1463	4.82605		789
1464	4.82605		789
1465	4.82605		789
1466	4.82605		789
1467	4.82605		789
1468	4.82605		789
1469	4.82605		789
1470	4.82605		789
1471	4.82605		789
1472	4.82605		789
1473	4.82605		789
1474	4.82605		789
1475	4.82605		789
1476	4.82605		789
1477	4.82605		789
1478	4.82605		789
1479	4.82605		789
1480	4.82605		789
1481	4.82605		789
1482	4.82605		789
1483	4.82605		789
1484	4.82605		789
1485	4.82605		789
1486	4.82605		789
1487	4.82605		789
1488	4.82605		789
1489	4.82605		789
1490	4.82605		789
1491	4.82605		789
1492	4.82605		789
1493	4.82605		789
1494	4.82605		789
1495	4.82605		789
1496	4.82605		789
1497	4.82605		789
1498	4.82605		789
1499	4.82605		789
1500	4.82605		789
1501	4.82605		789
1502	4.82605		789
1503	4.82605		789
1504	4.82605		789
1505	4.82605		789
1506	4.82605		789
1507	4.82605		789
1508	4.82605		789
1509	4.82605		789
1510	4.82605		789
1511	4.82605		789
1512	4.82605		789
1513	4.82605		789
1514	4.82605		789
1515	4.82605		789
1516	4.82605		789
1517	4.82605		789
1518	4.82605		789
1519	4.82605		789
1520	4.82605		789
1521	4.82605		789
1522	4.82605		789
1523	4.82605		789
1524	4.82605		789
1525	4.82605		789
1526	4.82605		789
1527	4.82605		789
1528	4.82605		789
1529	4.82605		789
1530	4.82605		789
1531	4.82605		789
1532	4.82605		789
1533	4.82605		789
1534	4.82605		789
1535	4.82605		789
1536	4.82605		789
1537	4.82605		789
1538	4.82605		789
1539	4.82605		789
1540	4.82605		789
1541	4.82605		789
1542	4.82605		789
1543	4.82605		789
1544	4.82605		789
1545	4.82605		789
1546	4.82605		789
1547	4.82605		789
1548	4.82605		789
1549	4.82605		789
1550	4.82605		789
1551	4.82605		789
1552	4.82605		789
1553	4.82605		789
1554	4.82605		789
1555	4.82605		789
1556	4.82605		789
1557	4.82605		789
1558	4.82605		789
1559	4.82605		789
1560	4.82605		789
1561	4.82605		789
1562	4.82605		789
1563	4.82605		789
1564	4.82605		789
1565	4.82605		789
1566	4.82605		789
1567	4.82605		789
1568	4.82605		789
1569	4.82605		789
1570	4.82605		789
1571	4.82605		789
1572	4.82605		789
1573	4.82605		789
1574	4.82605		789
1575	4.82605		789
1576	4.82605		789
1577	4.82605		789
1578	4.82605		789
1579	4.82605		789
1580	4.82605		789
1581	4.82605		789
1582	4.82605		789
1583	4.82605		789
1584	4.82605		789
1585	4.82605		789
1586	4.82605		789
1587	4.82605		789
1588	4.82605		789
1589	4.82605		789
1590	4.82605		789
1591	4.82605		789
1592	4.82605		789
1593	4.82605		789
1594	4.82605		789
1595	4.82605		789
1596	4.82605		789
1597	4.82605		789
1598	4.82605		789
1599	4.82605		789
1600	4.82605		789
1601	4.82605		789
1602	4.82605		789
1603	4.82605		789
1604	4.82605		789
1605	4.82605		789
1606	4.82605		789
1607	4.82605		789
1608	4.82605		789
1609	4.82605		789
1610	4.82605		789
1611	4.82605		789
1612	4.82605		789
1613	4.82605		789
1614	4.82605		789
1615	4.82605		789
1616	4.82605		789
1617	4.82605		789
1618	4.82605		789
1619	4.82605		789
1620	4.82605		789
1621	4.82605		789
1622	4.82605		789
1623	4.82605		789
1624	4.82605		789
1625	4.82605		789
1626	4.82605		789
1627	4.82605		789
1628	4.82605		789
1629	4.82605		789
1630	4.82605		789
1631	4.82605		789
1632	4.82605		789
1633	4.82605		789
1634	4.82605		789
1635	4.82605		789
1636	4.82605		789
1637	4.82605		789
1638	4.82605		789
1639	4.82605		789
1640	4.82605		789
1641	4.82605		789
1642	4.82605		789
1643	4.82605		789
1644	4.82605		789
1645	4.82605		789
1646	4.82605		789
1647	4.82605		789
1648	4.82605		789
1649	4.82605		789
1650	4.82605		789
1651	4.82605		789
1652	4.82605		789
1653	4.82605		789
1654	4.82605		789
1655	4.82605		789
1656	4.82605		789
1657	4.82605		789
1658	4.82605		789
1659	4.82605		789
1660	4.82605		789
1661	4.82605		789
1662	4.82605		789
1663	4.82605		789
1664	4.82605		789
1665	4.82605		789
1666	4.82605		789
1667	4.82605		789
1668	4.82605		789
1669	4.82605		789
1670	4.82605		789
1671	4.82605		789
1672	4.82605		789
1673	4.82605		789
1674	4.82605		789
1675	4.82605		789
1676	4.82605		789
1677	4.82605		789
1678	4.82605		789
1679	4.82605		789
1680	4.82605		789
1681	4.82605		789
1682	4.82605		789
1683	4.82605		789
1684	4.82605		789
1685	4.82605		789
1686	4.82605		789
1687	4.82605		789
1688	4.82605		789
1689	4.82605		789
1690	4.82605		789
1691	4.82605		789
1692	4.82605		789
1693	4.82605		789
1694	4.82605		789
1695	4.82605		789
1696	4.82605		789
1697	4.82605		789
1698	4.82605		789
1699	4.82605		789
1700	4.82605		789
1701	4.82605		789
1702	4.82605		789
1703	4.82605		789
1704	4.82605		789
1705	4.82605		789
1706	4.82605		789
1707	4.82605		789
1708	4.82605		789
1709	4.82605		789
1710	4.82605		789
1711	4.82605		789
1712	4.82605		789
1713	4.82605		789
1714	4.82605		789
1715	4.82605		789
1716	4.82605		789
1717	4.82605		789
1718	4.82605		789
1719	4.82605		789
1720	4.82605		789
1721	4.82605		789
1722	4.82605		789
1723	4.82605		789
1724	4.82605		789
1725	4.82605		789
1726	4.82605		789
1727	4.82605		789
1728	4.82605		789
1729	4.82605		789
1730	4.82605		789
1731	4.82605		789
1732	4.82605		789
1733	4.82605		789
1734	4.82605		789
1735	4.82605		789
1736	4.82605		789
1737	4.82605		789
1738	4.82605		789
1739	4.82605		789
1740	4.82605		789
1741	4.82605		789
1742	4.82605		789
1743	4.82605		789
1744	4.82605		789
1745	4.82605		789
1746	4.82605		789
1747	4.82605		789
1748	4.82605		789
1749	4.82605		789
1750	4.82605		789
1751	4.82605		789
1752	4.82605		789
1753	4.82605		789
1754	4.82605		789
1755	4.82605		789
1756	4.82605		789
1757	4.82605		789
1758	4.82605		789
1759	4.82605		789
1760	4.82605		789
1761	4.82605		789
1762	4.82605		789
1763	4.82605		789
1764	4.82605		789
1765	4.82605		789
1766	4.82605		789
1767	4.82605		789
1768	4.82605		789
1769	4.82605		789
1770	4.82605		789
1771	4.82605		789
1772	4.82605		789
1773	4.82605		789
1774	4.82605		789
1775	4.82605		789
1776	4.82605		789
1777	4.82605		789
1778	4.82605		789
1779	4.82605		789
1780	4.82605		789
1781	4.82605		789
1782	4.82605		789
1783	4.82605		789
1784	4.82605		789
1785	4.82605		789
1786	4.82605		789
1787	4.82605		789
1788	4.82605		789
1789	4.82605		789
1790	4.82605		789
1791	4.82605		789
1792	4.82605		789
1793	4.82605		789
1794	4.82605		789
1795	4.82605		789
1796	4.82605		789
1797	4.82605		789
1798	4.82605		789
1799	4.82605		789
1800	4.82605		789
1801	4.82605		789
1802	4.82605		789
1803	4.82605		789
1804	4.82605		789
1805	4.82605		789
1806	4.82605		789
1807	4.82605		789
1808	4.82605		789
1809	4.82605		789
1810	4.82605		789
1811	4.82605		789
1812	4.82605		789
1813	4.82605		789
1814	4.82605		789
1815	4.82605		789
1816	4.82605		789
1817	4.82605		789
1818	4.82605		789
1819	4.82605		789
1820	4.82605		789
1821	4.82605		789
1822	4.82605		789
1823	4.82605		789
1824	4.82605		789
1825	4.82605		789
1826	4.82605		789
1827	4.82605		789
1828	4.82605		789
1829	4.82605		789
1830	4.82605		789
1831	4.82605		789
1832	4.82605		789
1833	4.82605		789
1834	4.82605		789
1835	4.82605		789
1836	4.82605		789
1837	4.82605		789
1838	4.82605		789
1839	4.82605		789
1840	4.82605		789
1841	4.82605		789
1842	4.82605		789
1843	4.82605		789
1844	4.82605		789
1845	4.82605		789
1846	4.82605		789
1847	4.82605		789
1848	4.82605		789
1849	4.82605		789
1850	4.82605		789
1851	4.82605		789
1852	4.82605		789
1853	4.82605		789
1854	4.82605		789
1855	4.82605		789
1856	4.82605		789
1857	4.82605		789
1858	4.82605		789
1859	4.82605		789
1860	4.82605		789
1861	4.82605		789
1862	4.82605		789
1863	4.82605		789
1864	4.82605		789
1865	4.82605		789
1866	4.82605		789
1867	4.82605		789
1868	4.82605		789
1869	4.82605		789
1870	4.82605		789
1871	4.82605		789
1872	4.82605		789
1873	4.82605		789
1874	4.82605		789
1875	4.82605		789
1876	4.82605		789
1877	4.82605		789
1878	4.82605		789
1879	4.82605		789
1880	4.82605		789
1881	4.82605		789
1882	4.82605		789
1883	4.82605		789
1884	4.82605		789
1885	4.82605		789
1886	4.82605		789
1887	4.82605		789
1888	4.82605		789
1889	4.82605		789
1890	4.82605		789
1891	4.82605		789
1892	4.82605		789
1893	4.82605		789
1894	4.82605		789
1895	4.82605		789
1896	4.82605		789
1897	4.82605		789
1898	4.82605		789
1899	4.82605		789
1900	4.82605		789
1901	4.82605		789
1902	4.82605		789
1903	4.82605		789
1904	4.82605		789
1905	4.82605		789
1906	4.82605		789
1907	4.82605		789
1908	4.82605		789
1909	4.82605		789
1910	4.82605		789
1911	4.82605		789
1912	4.82605		789
1913	4.82605		789
1914	4.82605		789
1915	4.82605		789
1916	4.82605		789
1917	4.82605		789
1918	4.82605		789
1919	4.82605		789
1920	4.82605		789
1921	4.82605		789
1922	4.82605		789
1923	4.82605		789
1924	4.82605		789
1925	4.82605		789
1926	4.82605		789
1927	4.82605		789
1928	4.82605		789
1929	4.82605		789
1930	4.82605		789
1931	4.82605		789
1932	4.82605		789
1933	4.82605		789
1934	4.82605		789
1935	4.82605		789
1936	4.82605		789
1937	4.82605		789
1938	4.82605		789
1939	4.82605		789
1940	4.82605		789
1941	4.82605		789
1942	4.82605		789
1943	4.82605		789
1944	4.82605		789
1945	4.82605		789
1946	4.82605		789
1947	4.82605		789
1948	4.82605		789
1949	4.82605		789
1950	4.82605		789
1951	4.82605		789
1952	4.82605		789
1953	4.82605		789
1954	4.82605		789
1955	4.82605		789
1956	4.82605		789
1957	4.82605		789
1958	4.82605		789
1959	4.82605		789
1960	4.82605		789
1961	4.82605		789
1962	4.82605		789
1963	4.82605		789
1964	4.82605		789
1965	4.82605		789
1966	4.82605		789
1967	4.82605		789
1968	4.82605		789
1969	4.82605		789
1970	4.82605		789
1971	4.82605		789
1972	4.82605		789
1973	4.82605		789
1974	4.82605		789
1975	4.82605		789
1976	4.82605		789
1977	4.82605		789
1978	4.82605		789
1979	4.82605		789
1980	4.82605		789
1981	4.82605		789
1982	4.82605		789
1983	4.82605		789
1984	4.82605		789
1985	4.82605		789
1986	4.82605		789
1987	4.82605		789
1988	4.82605		789
1989	4.82605		789
1990	4.82605		789
1991	4.82605		789
1992	4.82605		789
1993	4.82605		789
1994	4.82605		789
1995	4.82605		789
1996	4.82605		789
1997	4.82605		789
1998	4.82605		789
1999	4.82605		789
2000	4.82605		789
2001	4.82605		789
2002	4.82605		789
2003	4.82605		789
2004	4.82605		789
2005	4.82605		789
2006	4.82605		789
2007	4.82605		789
2008	4.82605		789
2009	4.82605		789
2010	4.82605		789
2011	4.82605		789
2012	4.82605		789
2013	4.82605		789
2014	4.82605		789
2015	4.82605		789
2016	4.82605		789
2017	4.82605		789
2018	4.82605		789
2019	4.82605		789
2020	4.82605		789
2021	4.82605		789
2022	4.82605		789
2023	4.82605		789
2024	4.82605		789
2025	4.82605		789
2026	4.82605		789
2027	4.82605		789
2028	4.82605		789
2029	4.82605		789
2030	4.82605		789
2031	4.82605		789
2032	4.82605		789
2033	4.82605		789
2034	4.82605		789
2035	4.82605		789
2036	4.82605		789
2037	4.82605		789
2038	4.82605		789
2039	4.82605		789
2040	4.82605		789
2041	4.82605		789
2042	4.82605		789
2043	4.82605		789
2044	4.82605		789
2045	4.82605		789
2046	4.82605		789
2047	4.82605		789
2048	4.82605		789
2049	4.82605		789
2050	4.82605		789
2051	4.82605		789
2052	4.82605		789
2053	4.82605		789
2054	4.82605		789
2055	4.82605		789
2056	4.82605		789
2057	4.82605		789
2058	4.82605		789
2059	4.82605		789
2060	4.82605		789
2061	4.82605		789
2062	4.82605		789
2063	4.82605		789
2064	4.82605		789
2065	4.82605		789
2066	4.82605		789
2067	4.82605		789
2068	4.82605		789
2069	4.82605		789
2070	4.82605		789
2071	4.82605		789
2072	4.82605		789
2073	4.82605		789
2074	4.82605		789
2075	4.82605		789
2076	4.82605		789
2077	4.82605		789
2078	4.82605		789
2079	4.82605		789
2080	4.82605		789
2081	4.82605		789
2082	4.82605		789
2083	4.82605		789
2084	4.82605		789
2085	4.82605		789
2086	4.82605		789
2087	4.82605		789
2088	4.82605		789
2089	4.82605		789
2090	4.82605		789
2091	4.82605		789
2092	4.82605		789
2093	4.82605		789
2094	4.82605		789
2095	4.82605		789
2096	4.82605		789
2097	4.82605		789
2098	4.82605		789
2099	4.82605		789
2100	4.82605		789
2101	4.82605		789
2102	4.82605		789
2103	4.82605		789
2104	4.82605		789
2105	4.82605		789
2106	4.82605		789
2107	4.82605		789
2108	4.82605		789
2109	4.82605		789
2110	4.82605		789
2111	4.82605		789
2112	4.82605		789
2113	4.82605		789
2114	4.82605		789
2115	4.82605		789
2116	4.82605		789
2117	4.82605		789
2118	4.82605		789
2119	4.82605		789
2120	4.82605		789
2121	4.82605		789
2122	4.82605		789
2123	4.82605		789
2124	4.82605		789
2125	4.82605		789
2126	4.82605		789
2127	4.82605		789
2128	4.82605		789
2129	4.82605		789
2130	4.82605		789
2131	4.82605		789
2132	4.82605		789
2133	4.82605		789
2134	4.82605		789
2135	4.82605		789
2136	4.82605		789
2137	4.82605		789
2138	4.82605		789
2139	4.82605		789
2140	4.82605		789
2141	4.82605		789
2142	4.82605		789
2143	4.82605		789
2144	4.82605		789
2145	4.82605		789
2146	4.82605		789
2147	4.82605		789
2148	4.82605		789
2149	4.82605		789
2150	4.82605		789
2151	4.82605		789
2152	4.82605		789
2153	4.82605		789
2154	4.82605		789
2155	4.82605		789
2156	4.82605		789
2157	4.82605		789
2158	4.82605		789
2159	4.82605		789
2160	4.82605		789
2161	4.82605		789
2162	4.82605		789
2163	4.82605		789
2164	4.82605		789
2165	4.82605		789
2166	4.82605		789
2167	4.82605		789
2168	4.82605		789
2169	4.82605		789
2170	4.82605		789
2171	4.82605		789
2172	4.82605		789
2173	4.82605		789
2174	4.82605		789
2175	4.82605		789
2176	4.82605		789
2177	4.82605		789
2178	4.82605		789
2179	4.82605		789
2180	4.82605		789
2181	4.82605		789
2182	4.82605		789
2183	4.82605		789
2184	4.82605		789
2185	4.82605		789
2186	4.82605		789
2187	4.82605		789
2188	4.82605		789
2189	4.82605		789
2190	4.82605		789
2191	4.82605		789
2192	4.82605		789
2193	4.82605		789
2194	4.82605		789
2195	4.82605		789
2196	4.82605		789
2197	4.82605		789
2198	4.82605		789
2199	4.82605		789
2200	4.82605		789
2201	4.82605		789
2202	4.82605		789
2203	4.82605		789
2204	4.82605		789
2205	4.82605		789
2206	4.82605		789
2207	4.82605		789
2208	4.82605		789
2209	4.82605		789
2210	4.82605		789
2211	4.82605		789
2212	4.82605		789
2213	4.82605		789
2214	4.82605		789
2215	4.82605		789
2216	4.82605		789
2217	4.82605		789
2218	4.82605		789
2219	4.82605		789
2220	4.82605		789
2221	4.82605		789
2222	4.82605		789
2223	4.82605		789
2224	4.82605		789
2225	4.82605		789
2226	4.82605		789
2227	4.82605		789
2228	4.82605		789
2229	4.82605		789
2230	4.82605		789
2231	4.82605		789
2232	4.82605		789
2233	4.82605		789
2234	4.82605		789
2235	4.82605		789
2236	4.82605		789
2237	4.82605		789
2238	4.82605		789
2239	4.82605		789
2240	4.82605		789
2241	4.82605		789
2242	4.82605		789
2243	4.82605		789
2244	4.82605		789
2245	4.82605		789
2246	4.82605		789
2247	4.82605		789
2248	4.82605		789
2249	4.82605		789
2250	4.82605		789
2251	4.82605		789
2252	4.82605		789
2253	4.82605		789
2254	4.82605		789
2255	4.82605		789
2256	4.82605		789
2257	4.82605		789
2258	4.82605		789
2259	4.82605		789
2260	4.82605		789
2261	4.82605		789
2262	4.82605		789
2263	4.82605		789
2264	4.82605		789
2265	4.82605		789
2266	4.82605		789
2267	4.82605		789
2268	4.82605		789
2269	4.82605		789
2270	4.82605		789
2271	4.82605		789
2272	4.82605		789
2273	4.82605		789
2274	4.82605		789
2275	4.82605		789
2276	4.82605		789
2277	4.82605		789
2278	4.82605		789
2279	4.82605		789
2280	4.82605		789
2281	4.82605		789
2282	4.82605		789
2283	4.82605		789
2284	4.82605		789
2285	4.82605		789
2286	4.82605		789
2287	4.82605		789
2288	4.82605		789
2289	4.82605		789
2290	4.82605		789
2291	4.82605		789
2292	4.82605		789
2293	4.82605		789
2294	4.82605		789
2295	4.82605		789
2296	4.82605		789
2297	4.82605		789
2298	4.82605		789
2299	4.82605		789
2300	4.82605		789
2301	4.82605		789
2302	4.82605		789
2303	4.82605		789
2304	4.82605		789
2305	4.82605		789
2306	4.82605		789
2307	4.82605		789
2308	4.82605		789
2309	4.82605		789
2310	4.82605		789
2311	4.82605		789
2312	4.82605		789
2313	4.82605		789
2314	4.82605		789
2315	4.82605		789
2316	4.82605		789
2317	4.82605		789
2318	4.82605		789
2319	4.82605		789
2320	4.82605		789
2321	4.82605		789
2322	4.82605		789
2323	4.82605		789
2324	4.82605		789
2325	4.82605		789
2326	4.82605		789
2327	4.82605		789
2328	4.82605		789
2329	4.82605		789
2330	4.82605		789
2331	4.82605		789
2332	4.82605		789
2333	4.82605		789
2334	4.82605		789
2335	4.82605		789
2336	4.82605		789
2337	4.82605		789
2338	4.82605		789
2339	4.82605		789
2340	4.82605		789
2341	4.82605		789
2342	4.82605		789
2343	4.82605		789
2344	4.82605		789
2345	4.82605		789
2346	4.82605		789
2347	4.82605		789
2348	4.82605		789
2349	4.82605		789
2350	4.82605		789
2351	4.82605		789
2352	4.82605		789
2353	4.82605		789
2354	4.82605		789
2355	4.82605		789
2356	4.82605		789
2357	4.82605		789
2358	4.82605		789
2359	4.82605		789
2360	4.82605		789
2361	4.82605		789
2362	4.82605		789
2363	4.82605		789
2364	4.82605		789
2365	4.82605		789
2366	4.82605		789
2367	4.82605		789
2368	4.82605		789
2369	4.82605		789
2370	4.82605		789
2371	4.82605		789
2372	4.82605		789
2373	4.82605		789
2374	4.82605		789
2375	4.82605		789
2376	4.82605		789
2377	4.82605		789
2378	4.82605		789
2379	4.82605		789
2380	4.82605		789
2381	4.82605		789
2382	4.82605		789
2383	4.82605		789
2384	4.82605		789
2385	4.82605		789
2386	4.82605		789
2387	4.82605		789
2388	4.82605		789
2389	4.82605		789
2390	4.82605		789
2391	4.82605		789
2392	4.82605		789
2393	4.82605		789
2394	4.82605		789
2395	4.82605		789
2396	4.82605		789
2397	4.82605		789
2398	4.82605		789
2399	4.82605		789
2400	4.82605		789
2401	4.82605		789
2402	4.82605		789
2403	4.82605		789
2404	4.82605		789
2405	4.82605		789
2406	4.82605		789
2407	4.82605		789
2408	4.82605		789
2409	4.82605		789
2410	4.82605		789
2411	4.82605		789
2412	4.82605		789
2413	4.82605		789
2414	4.82605		789
2415	4.82605		789
2416	4.82605		789
2417	4.82605		789
2418	4.82605		789
2419	4.82605		789
2420	4.82605		789
2421	4.82605		789
2422	4.82605		789
2423	4.82605		789
2424	4.82605		789
2425	4.82605		789
2426	4.82605		789
2427	4.82605		789
2428	4.82605		789
2429	4.82605		789
2430	4.82605		789
2431	4.82605		789
2432	4.82605		789
2433	4.82605		789
2434	4.82605		789
2435	4.82605		789
2436	4.82605		789
2437	4.82605		789
2438	4.82605		789
2439	4.82605		789
2440	4.82605		789
2441	4.82605		789
2442	4.82605		789
2443	4.82605		789
2444	4.82605		789
2445	4.82605		789
2446	4.82605		789
2447	4.82605		789
2448	4.82605		789
2449	4.82605		789
2450	4.82605		789
2451	4.82605		789
2452	4.82605		789
2453	4.82605		789
2454	4.82605		789
2455	4.82605		789
2456	4.82605		789
2457	4.82605		789
2458	4.82605		789
2459	4.82605		789
2460	4.82605		789
2461	4.82605		789
2462	4.82605		789
2463	4.82605		789
2464	4.82605		789
2465	4.82605		789
2466	4.82605		789
2467	4.82605		789
2468	4.82605		789
2469	4.82605		789
2470	4.82605		789
2471	4.82605		789
2472	4.82605		789
2473	4.82605		789
2474	4.82605		789
2475	4.82605		789
2476	4.82605		789
2477	4.82605		789
2478	4.82605		789
2479	4.82605		789
2480	4.82605		789
2481	4.82605		789
2482	4.82605		789
2483	4.82605		789
2484	4.82605		789
2485	4.82605		789
2486	4.82605		789
2487	4.82605		789
2488	4.82605		789
2489	4.82605		789
2490	4.82605		789
2491	4.82605		789
2492	4.82605		789
2493	4.82605		789
2494	4.82605		789
2495	4.82605		789
2496	4.82605		789
2497	4.82605		789
2498	4.82605		789
2499	4.82605		789
2500	4.82605		789
2501	4.82605		789
2502	4.82605		789
2503	4.82605		789
2504	4.82605		789
2505	4.82605		789
2506	4.82605		789
2507	4.82605		789
2508	4.82605		789
2509	4.82605		789
2510	4.82605		789
2511	4.82605		789
2512	4.82605		789
2513	4.82605		789
2514	4.82605		789
2515	4.82605		789
2516	4.82605		789
2517	4.82605		789
2518	4.82605		789
2519	4.82605		789
2520	4.82605		789
2521	4.82605		789
2522	4.82605		789
2523	4.82605		789
2524	4.82605		789
2525	4.82605		789
2526	4.82605		789
2527	4.82605		789
2528	4.82605		789
2529	4.82605		789
2530	4.82605		789
2531	4.82605		789
2532	4.82605		789
2533	4.82605		789
2534	4.82605		789
2535	4.82605		789
2536	4.82605		789
2537	4.82605		789
2538	4.82605		789
2539	4.82605		789
2540	4.82605		789
2541	4.82605		789
2542	4.82605		789
2543	4.82605		789
2544	4.82605		789
2545	4.82605		789
2546	4.82605		789
2547	4.82605		789
2548	4.82605		789
2549	4.82605		789
2550	4.82605		789
2551	4.82605		789
2552	4.82605		789
2553	4.82605		789
2554	4.82605		789
2555	4.82605		789
2556	4.82605		789
2557	4.82605		789
2558	4.82605		789
2559	4.82605		789
2560	4.82605		789
2561	4.82605		789
2562	4.82605		789
2563	4.82605		789
2564	4.82605		789
2565	4.82605		789
2566	4.82605		789
2567	4.82605		789
2568	4.82605		789
2569	4.82605		789
2570	4.82605		789
2571	4.82605		789
2572	4.82605		789
2573	4.82605		789
2574	4.82605		789
2575	4.82605		789
2576	4.82605		789
2577	4.82605		789
2578	4.82605		789
2579	4.82605		789
2580	4.82605		789
2581	4.82605		789
2582	4.82605		789
2583	4.82605		789
2584	4.82605		789
2585	4.82605		789
2586	4.82605		789
2587	4.82605		789
2588	4.82605		789
2589	4.82605		789
2590	4.82605		789
2591	4.82605		789
2592	4.82605		789
2593	4.82605		789
2594	4.82605		789
2595	4.82605		789
2596	4.82605		789
2597	4.82605		789
2598	4.82605		789
2599	4.82605		789
2600	4.82605		789
2601	4.82605		789
2602	4.82605		789
2603	4.82605		789
2604	4.82605		789
2605	4.82605		789
2606	4.82605		789
2607	4.82605		789
2608	4.82605		789
2609	4.82605		789
2610	4.82605		789
2611	4.82605		789
2612	4.82605		789
2613	4.82605		789
2614	4.82605		789
2615	4.82605		789
2616	4.82605		789
2617	4.82605		789
2618	4.82605		789
2619	4.82605		789
2620	4.82605		789
2621	4.82605		789
2622	4.82605		789
2623	4.82605		789
2624	4.82605		789
2625	4.82605		789
2626	4.82605		789
2627	4.82605		789
2628	4.82605		789
2629	4.82605		789
2630	4.82605		789
2631	4.82605		789
2632	4.82605		789
2633	4.82605		789
2634	4.82605		789
2635	4.82605		789
2636	4.82605		789
2637	4.82605		789
2638	4.82605		789
2639	4.82605		789
2640	4.82605		789
2641	4.82605		789
2642	4.82605		789
2643	4.82605		789
2644	4.82605		789
2645	4.82605		789
2646	4.82605		789
2647	4.82605		789
2648	4.82605		789
2649	4.82605		789
2650	4.82605		789
2651	4.82605		789
2652	4.82605		789
2653	4.82605		789
2654	4.82605		789
2655	4.82605		789
2656	4.82605		789
2657	4.82605		789
2658	4.82605		789
2659	4.82605		789
2660	4.82605		789
2661	4.82605		789
2662	4.82605		789
2663	4.82605		789
2664	4.82605		789
2665	4.82605		789
2666	4.82605		789
2667	4.82605		789
2668	4.82605		789
2669	4.82605		789
2670	4.82605		789
2671	4.82605		789
2672	4.82605		789
2673	4.82605		789
2674	4.82605		789
2675	4.82605		789
2676	4.82605		789
2677	4.82605		789
2678	4.82605		789
2679	4.82605		789
2680	4.82605		789
2681	4.82605		789
2682	4.82605		789
2683	4.82605		789
2684	4.82605		789
2685	4.82605		789
2686	4.82605		789
2687	4.82605		789
2688	4.82605		789
2689	4.82605		789
2690	4.82605		789
2691	4.82605		789
2692	4.82605		789
2693	4.82605		789
2694	4.82605		789
2695	4.82605		789
2696	4.82605		789
2697	4.82605		789
2698	4.82605		789
2699	4.82605		789
2700	4.82605		789
2701	4.82605		789
2702	4.82605		789
2703	4.82605		789
2704	4.82605		789
2705	4.82605		789
2706	4.82605		789
2707	4.82605		789
2708	4.82605		789
2709	4.82605		789
2710	4.82605		789
2711	4.82605		789
2712	4.82605		789
2713	4.82605		789
2714	4.82605		789
2715	4.82605		789
2716	4.82605		789
2717	4.82605		789
2718	4.82605		789
2719	4.82605		789
2720	4.82605		789
2721	4.82605		789
2722	4.82605		789
2723	4.82605		789
2724	4.82605		789
2725	4.82605		789
2726	4.82605		789
2727	4.82605		789
2728	4.82605		789
2729	4.82605		789
2730	4.82605		789
2731	4.82605		789
2732	4.82605		789
2733	4.82605		789
2734	4.82605		789
2735	4.82605		789
2736	4.82605		789
2737	4.82605		789
2738	4.82605		789
2739	4.82605		789
2740	4.82605		789
2741	4.82605		789
2742	4.82605		789
2743	4.82605		789
2744	4.82605		789
2745	4.82605		789
2746	4.82605		789
2747	4.82605		789
2748	4.82605		789
2749	4.82605		789
2750	4.82605		789
2751	4.82605		789
2752	4.82605		789
2753	4.82605		789
2754	4.82605		789
2755	4.82605		789
2756	4.82605		789
2757	4.82605		789
2758	4.82605		789
2759	4.82605		789
2760	4.82605		789
2761	4.82605		789
2762	4.82605		789
2763	4.82605		789
2764	4.82605		789
2765	4.82605		789
2766	4.82605		789
2767	4.82605		789
2768	4.82605		789
2769	4.82605		789
2770	4.82605		789
2771	4.82605		789
2772	4.82605		789
2773	4.82605		789
2774	4.82605		789
2775	4.82605		789
2776	4.82605		789
2777	4.82605		789
2778	4.82605		789
2779	4.82605		789
2780	4.82605		789
2781	4.82605		789
2782	4.82605		789
2783	4.82605		789
2784	4.82605		789
2785	4.82605		789
2786	4.82605		789
2787	4.82605		789
2788	4.82605		789
2789	4.82605		789
2790	4.82605		789
2791	4.82605		789
2792	4.82605		789
2793	4.82605		789
2794	4.82605		789
2795	4.82605		789
2796	4.82605		789
2797	4.82605		789
2798	4.82605		789
2799	4.82605		789
2800	4.82605		789
2801	4.82605		789
2802	4.82605		789
2803	4.82605		789
2804	4.82605		789
2805	4.82605		789
2806	4.82605		789
2807	4.82605		789
2808	4.82605		789
2809	4.82605		789
2810	4.82605		789
2811	4.82605		789
2812	4.82605		789
2813	4.82605		789
2814	4.82605		789
2815	4.82605		789
2816	4.82605		789
2817	4.82605		789
2818	4.82605		789
2819	4.82605		789
2820	4.82605		789
2821	4.82605		789
2822	4.82605		789
2823	4.82605		789
2824	4.82605		789
2825	4.82605		789
2826	4.82605		789
2827	4.82605		789
2828	4.82605		789
2829	4.82605		789
2830	4.82605		789
2831	4.82605		789
2832	4.82605		789
2833	4.82605		789
2834	4.82605		789
2835	4.82605		789
2836	4.82605		789
2837	4.82605		789
2838	4.82605		789
2839	4.82605		789
2840	4.82605		789
2841	4.82605		789
2842	4.82605		789
2843	4.82605		789
2844	4.82605		789
2845	4.82605		789
2846	4.82605		789
2847	4.82605		789
2848	4.82605		789
2849	4.82605		789
2850	4.82605		789
2851	4.82605		789
2852	4.82605		789
2853	4.82605		789
2854	4.82605		789
2855	4.82605		789
2856	4.82605		789
2857	4.82605		789
2858	4.82605		789
2859	4.82605		789
2860	4.82605		789
2861	4.82605		789
2862	4.82605		789
2863	4.82605		789
2864	4.82605		789
2865	4.82605		789
2866	4.82605		789
2867	4.82605		789
2868	4.82605		789
2869	4.82605		789
2870	4.82605		789
2871	4.82605		789
2872	4.82605		789
2873	4.82605		789
2874	4.82605		789
2875	4.82605		789
2876	4.82605		789
2877	4.82605		789
2878	4.82605		789
2879	4.82605		789
2880	4.82605		789
2881	4.82605		789
2882	4.82605		789
2883	4.82605		789
2884	4.82605		789
2885	4.82605		789
2886	4.82605		789
2887	4.82605		789
2888	4.82605		789
2889	4.82605		789
2890	4.82605		789
2891	4.82605		789
2892	4.82605		789
2893	4.82605		789
2894	4.82605		789
2895	4.82605		789
2896	4.82605		789
2897	4.82605		789
2898	4.82605		789
2899	4.82605		789
2900	4.82605		789
2901	4.82605		789
2902	4.82605		789
2903	4.82605		789
2904	4.82605		789
2905	4.82605		789
2906	4.82605		789
2907	4.82605		789
2908	4.82605		789
2909	4.82605		789
2910	4.82605		789
2911	4.82605		789
2912	4.82605		789
2913	4.82605		789
2914	4.82605		789
2915	4.82605		789
2916	4.82605		789
2917	4.82605		789
2918	4.82605		789
2919	4.82605		789
2920	4.82605		789
2921	4.82605		789
2922	4.82605		789
2923	4.82605		789
2924	4.82605		789
2925	4.82605		789
2926	4.82605		789
2927	4.82605		789
2928	4.82605		789
2929	4.82605		789
2930	4.82605		789
2931	4.82605		789
2932	4.82605		789
2933	4.82605		789
2934	4.82605		789
2935	4.82605		789
2936	4.82605		789
2937	4.82605		789
2938	4.82605		789
2939	4.82605		789
2940	4.82605		789
2941	4.82605		789
2942	4.82605		789
2943	4.82605		789
2944	4.82605		789
2945	4.82605		789
2946	4.82605		789
2947	4.82605		789
2948	4.82605		789
2949	4.82605		789
2950	4.82605		789
2951	4.82605		789
2952	4.82605		789
2953	4.82605		789
2954	4.82605		789
2955	4.82605		789
2956	4.82605		789
2957	4.82605		789
2958	4.82605		789
2959	4.82605		789
2960	4.82605		789
2961	4.82605		789
2962	4.82605		789
2963	4.82605		789
2964	4.82605		789
2965	4.82605		789
2966	4.82605		789
2967	4.82605		789
2968	4.82605		789
2969	4.82605		789
2970	4.82605		789
2971	4.82605		789
2972	4.82605		789
2973	4.82605		789
2974	4.82605		789
2975	4.82605		789
2976	4.82605		789
2977	4.82605		789
2978	4.82605		789
2979	4.82605		789
2980	4.82605		789
2981	4.82605		789
2982	4.82605		789
2983	4.82605		789
2984	4.82605		789
2985	4.82605		789
2986	4.82605		789
2987	4.82605		789
2988	4.82605		789
2989	4.82605		789
2990	4.82605		789
2991	4.82605		789
2992	4.82605		789
2993	4.82605		789
2994	4.82605		789
2995	4.82605		789
2996	4.82605		789
2997	4.82605		789
2998	4.82605		789
2999	4.82605		789
3000	4.82605		789
3001	4.82605		789
3002	4.82605		789
3003	4.82605		789
3004	4.82605		789
3005	4.82605		789
3006	4.82605		789
3007	4.82605		789
3008	4.82605		789
3009	4.82605		789
3010	4.82605		789
3011	4.82605		789
3012	4.82605		789
3013	4.82605		789
3014	4.82605		789
3015	4.82605		789
3016	4.82605		789
3017	4.82605		789
3018	4.82605		789
3019	4.82605		789
3020	4.82605		789
3021	4.82605		789
3022	4.82605		789
3023	4.82605		789
3024	4.82605		789
3025	4.82605		789
3026	4.82605		789
3027	4.82605		789
3028	4.82605		789
3029	4.82605		789
3030	4.82605		789
3031	4.82605		789
3032	4.82605		789
3033	4.82605		789
3034	4.82605		789
3035	4.82605		789
3036	4.82605		789
3037	4.82605		789
3038	4.82605		789
3039	4.82605		789
3040	4.82605		789
3041	4.82605		789
3042	4.82605		789
3043	4.82605		789
3044	4.82605		789
3045	4.82605		789
3046	4.82605		789
3047	4.82605		789
3048	4.82605		789
3049	4.82605		789
3050	4.82605		789
3051	4.82605		789
3052	4.82605		789
3053	4.82605		789
3054	4.82605		789
3055	4.82605		789
3056	4.82605		789
3057	4.82605		789
3058	4.82605		789
3059	4.82605		789
3060	4.82605		789
3061	4.82605		789
3062	4.82605		789
3063	4.82605		789
3064	4.82605		789
3065	4.82605		789
3066	4.82605		789
3067	4.82605		789
3068	4.82605		789
3069	4.82605		789
3070	4.82605		789
3071	4.82605		789
3072	4.82605		789
3073	4.82605		789
3074	4.82605		789
3075	4.82605		789
3076	4.82605		789
3077	4.82605		789
3078	4.82605		789
3079	4.82605		789
3080	4.82605		789
3081	4.82605		789
3082	4.82605		789
3083	4.82605		789
3084	4.82605		789
3085	4.82605		789
3086	4.82605		789
3087	4.82605		789
3088	4.82605		789
3089	4.82605		789
3090	4.82605		789
3091	4.82605		789
3092	4.82605		789
3093	4.82605		789
3094	4.82605		789
3095	4.82605		789
3096	4.82605		789
3097	4.82605		789
3098	4.82605		789
3099	4.82605		789
3100	4.82605		789
3101	4.82605		789
3102	4.82605		789
3103	4.82605		789
3104	4.82605		789
3105	4.82605		789
3106	4.82605		789
3107	4.82605		789
3108	4.82605		789
3109	4.82605		789
3110	4.82605		789
3111	4.82605		789
3112	4.82605		789
3113	4.82605		789
3114	4.82605		789
3115	4.82605		789
3116	4.82605		789
3117	4.82605		789
3118	4.82605		789
3119	4.82605		789
3120	4.82605		789
3121	4.82605		789
3122	4.82605		789
3123	4.82605		789
3124	4.82605		789
3125	4.82605		789
3126	4.82605		789
3127	4.82605		789
3128	4.82605		789
3129	4.82605		789
3130	4.82605		789
3131	4.82605		789
3132	4.82605		789
3133	4.82605		789
3134	4.82605		789
3135	4.82605		789
3136	4.82605		789
3137	4.82605		789
3138	4.82605		789
3139	4.82605		789
3140	4.82605		789
3141	4.82605		789
3142	4.82605		789
3143	4.82605		789
3144	4.82605		789
3145	4.82605		789
3146	4.82605		789
3147	4.82605		789
3148	4.82605		789
3149	4.82605		789
3150	4.82605		789
3151	4.82605		789
3152	4.82605		789
3153	4.82605		789
3154	4.82605		789
3155	4.82605		789
3156	4.82605		789
3157	4.82605		789
3158	4.82605		789
3159	4.82605		789
3160	4.82605		789
3161	4.82605		789
3162	4.82605		789
3163	4.82605		789
3164	4.82605		789
3165	4.82605		789
3166	4.82605		789
3167	4.82605		789
3168	4.82605		789
3169	4.82605		789
3170	4.82605		789
3171	4.82605		789
3172	4.82605		789
3173	4.82605		789
3174	4.82605		789
3175	4.82605		789
3176	4.82605		789
3177	4.82605		789
3178	4.82605		789
3179	4.82605		789
3180	4.82605		789
3181	4.82605		789
3182	4.82605		789
3183	4.82605		789
3184	4.82605		789
3185	4.82605		789
3186	4.82605		789
3187	4.82605		789
3188	4.82605		789
3189	4.82605		789
3190	4.82605		789
3191	4.82605		789
3192	4.82605		789
3193	4.82605		789
3194	4.82605		789
3195	4.82605		789
3196	4.82605		789
3197	4.82605		789
3198	4.82605		789
3199	4.82605		789
3200	4.82605		789
3201	4.82605		789
3202	4.82605		789
3203	4.82605		789
3204	4.82605		789
3205	4.82605		789
3206	4.82605		789
3207	4.82605		789
3208	4.82605		789
3209	4.82605		789
3210	4.82605		789
3211	4.82605		789
3212	4.82605		789
3213	4.82605		789
3214	4.82605		789
3215	4.82605		789
3216	4.82605		789
3217	4.82605		789
3218	4.82605		789
3219	4.82605		789
3220	4.82605		789
3221	4.82605		789
3222	4.82605		789
3223	4.82605		789
3224	4.82605		789
3225	4.82605		789
3226	4.82605		789
3227	4.82605		789
3228	4.82605		789
3229	4.82605		789
3230	4.82605		789
3231	4.82605		789
3232	4.82605		789
3233	4.82605		789
3234	4.82605		789
3235	4.82605		789
3236	4.82605		789
3237	4.82605		789
3238	4.82605		789
3239	4.82605		789
3240	4.82605		789
3241	4.82605		789
3242	4.82605		789
3243	4.82605		789
3244	4.82605		789
3245	4.82605		789
3246	4.82605		789
3247	4.82605		789
3248	4.82605		789
3249	4.82605		789
3250	4.82605		789
3251	4.82605		789
3252	4.82605		789
3253	4.82605		789
3254	4.82605		789
3255	4.82605		789
3256	4.82605		789
3257	4.82605		789
3258	4.82605		789
3259	4.82605		789
3260	4.82605		789
3261	4.82605		789
3262	4.82605		789
3263	4.82605		789
3264	4.82605		789
3265	4.82605		789
3266	4.82605		789
3267	4.82605		789
3268	4.82605		789
3269	4.82605		789
3270	4.82605		789
3271	4.82605		789
3272	4.82605		789
3273	4.82605		789
3274	4.82605		789
3275	4.82605		789
3276	4.82605		789
3277	4.82605		789
3278	4.82605		789
3279	4.82605		789
3280	4.82605		789
3281	4.82605		789
3282	4.82605		789
3283	4.82605		789
3284	4.82605		789
3285	4.82605		789
3286	4.82605		789
3287	4.82605		789
3288	4.82605		789
3289	4.82605		789
3290	4.82605		789
3291	4.82605		789
3292	4.82605		789
3293	4.82605		789
3294	4.82605		789
3295	4.82605		789
3296	4.82605		789
3297	4.82605		789
3298	4.82605		789
3299	4.82605		789
3300	4.82605		789
3301	4.82605		789
3302	4.82605		789
3303	4.82605		789
3304	4.82605		789
3305	4.82605		789
3306	4.82605		789
3307	4.82605		789
3308	4.82605		789
3309	4.82605		789
3310	4.82605		789
3311	4.82605		789
3312	4.82605		789
3313	4.82605		789
3314	4.82605		789
3315	4.82605		789
3316	4.82605		789
3317	4.82605		789
3318	4.82605		789
3319	4.82605		789
3320	4.82605		789
3321	4.82605		789
3322	4.82605		789
3323	4.82605		789
3324	4.82605		789
3325	4.82605		789
3326	4.82605		789
3327	4.82605		789
3328	4.82605		789
3329	4.82605		789
3330	4.82605		789
3331	4.82605		789
3332	4.82605		789
3333	4.82605		789
3334	4.82605		789
3335	4.82605		789
3336	4.82605		789
3337	4.82605		789
3338	4.82605		789
3339	4.82605		789
3340	4.82605		789
3341	4.82605		789
3342	4.82605		789
3343	4.82605		789
3344	4.82605		789
3345	4.82605		789
3346	4.82605		789
3347	4.82605		789
3348	4.82605		789
3349	4.82605		789
3350	4.82605		789
3351	4.82605		789
3352	4.82605		789
3353	4.82605		789
3354	4.82605		789
3355	4.82605		789
3356	4.82605		789
3357	4.82605		789
3358	4.82605		789
3359	4.82605		789
3360	4.82605		789
3361	4.82605		789
3362	4.82605		789
3363	4.82605		789
3364	4.82605		789
3365	4.82605		789
3366	4.82605		789
3367	4.82605		789
3368	4.82605		789
3369	4.82605		789
3370	4.82605		789
3371	4.82605		789
3372	4.82605		789
3373	4.82605		789
3374	4.82605		789
3375	4.82605		789
3376	4.82605		789
3377	4.82605		789
3378	4.82605		789
3379	4.82605		789
3380	4.82605		789
3381	4.82605		789
3382	4.82605		789
3383	4.82605		789
3384	4.82605		789
3385	4.82605		789
3386	4.82605		789
3387	4.82605		789
3388	4.82605		789
3389	4.82605		789
3390	4.82605		789
3391	4.82605		789
3392	4.82605		789
3393	4.82605		789
3394	4.82605		789
3395	4.82605		789
3396	4.82605		789
3397	4.82605		789
3398	4.82605		789
3399	4.82605		789
3400	4.82605		789
3401	4.82605		789
3402	4.82605		789
3403	4.82605		789
3404	4.82605		789
3405	4.82605		789
3406	4.82605		789
3407	4.82605		789
3408	4.82605		789
3409	4.82605		789
3410	4.82605		789
3411	4.82605		789
3412	4.82605		789
3413	4.82605		789
3414	4.82605		789
3415	4.82605		789
3416	4.82605		789
3417	4.82605		789
3418	4.82605		789
3419	4.82605		789
3420	4.82605		789
3421	4.82605		789
3422	4.82605		789
3423	4.82605		789
3424	4.82605		789
3425	4.82605		789
3426	4.82605		789
3427	4.82605		789
3428	4.82605		789
3429	4.82605		789
3430	4.82605		789
3431	4.82605		789
3432	4.82605		789
3433	4.82605		789
3434	4.82605		789
3435	4.82605		789
3436	4.82605		789
3437	4.82605		789
3438	4.82605		789
3439	4.82605		789
3440	4.82605		789
3441	4.82605		789
3442	4.82605		789
3443	4.82605		789
3444	4.82605		789
3445	4.82605		789
3446	4.82605		789
3447	4.82605		789
3448	4.82605		789
3449	4.82605		789
3450	4.82605		789
3451	4.82605		789
3452	4.82605		789
3453	4.82605		789
3454	4.82605		789
3455	4.82605		789
3456	4.82605		789
3457	4.82605		789
3458	4.82605		789
3459	4.82605		789
3460	4.82605		789
3461	4.82605		789
3462	4.82605		789
3463	4.82605		789
3464	4.82605		789
3465	4.82605		789
3466	4.82605		789
3467	4.82605		789
3468	4.82605		789
3469	4.82605		789
3470	4.82605		789
3471	4.82605		789
3472	4.82605		789
3473	4.82605		789
3474	4.82605		789
3475	4.82605		789
3476	4.82605		789
3477	4.82605		789
3478	4.82605		789
3479	4.82605		789
3480	4.82605		789
3481	4.82605		789
3482	4.82605		789
3483	4.82605		789
3484	4.82605		789
3485	4.82605		789
3486	4.82605		789
3487	4.82605		789
3488	4.82605		789
3489	4.82605		789
3490	4.82605		789
3491	4.82605		789
3492	4.82605		789
3493	4.82605		789
3494	4.82605		789
3495	4.82605		789
3496	4.82605		789
3497	4.82605		789
3498	4.82605		789
3499	4.82605		789
3500	4.82605		789
3501	4.82605		789
3502	4.82605		789
3503	4.82605		789
3504	4.82605		789
3505	4.82605		789
3506	4.82605		789
3507	4.82605		789
3508	4.82605		789
3509	4.82605		789
3510	4.82605		789
3511	4.82605		789
3512	4.82605		789
3513	4.82605		789
3514	4.82605		789
3515	4.82605		789
3516	4.82605		789
3517	4.82605		789
3518	4.82605		789
3519	4.82605		789
3520	4.82605		789
3521	4.82605		789
3522	4.82605		789
3523	4.82605		789
3524	4.82605		789
3525	4.82605		789
3526	4.82605		789
3527	4.82605		789
3528	4.82605		789
3529	4.82605		789
3530	4.82605		789
3531	4.82605		789
3532	4.82605		789
3533	4.82605		789
3534	4.82605		789
3535	4.82605		789
3536	4.82605		789
3537	4.82605		789
3538	4.82605		789
3539	4.82605		789
3540	4.82605		789
3541	4.82605		789
3542	4.82605		789
3543	4.82605		789
3544	4.82605		789
3545	4.82605		789
3546	4.82605		789
3547	4.82605		789
3548	4.82605		789
3549	4.82605		789
3550	4.82605		789
3551	4.82605		789
3552	4.82605		789
3553	4.82605		789
3554	4.82605		789
3555	4.82605		789
3556	4.82605		789
3557	4.82605		789
3558	4.82605		789
3559	4.82605		789
3560	4.82605		789
3561	4.82605		789
3562	4.82605		789
3563	4.82605		789
3564	4.82605		789
3565	4.82605		789
3566	4.82605		789
3567	4.82605		789
3568	4.82605		789
3569	4.82605		789
3570	4.82605		789
3571	4.82605		789
3572	4.82605		789
3573	4.82605		789
3574	4.82605		789
3575	4.82605		789
3576	4.82605		789
3577	4.82605		789
3578	4.82605		789
3579	4.82605		789
3580	4.82605		789
3581	4.82605		789
3582	4.82605		789
3583	4.82605		789
3584	4.82605		789
3585	4.82605		789
3586	4.82605		789
3587	4.82605		789
3588	4.82605		789
3589	4.82605		789
3590	4.82605		789
3591	4.82605		789
3592	4.82605		789
3593	4.82605		789
3594	4.82605		789
3595	4.82605		789
3596	4.82605		789
3597	4.82605		789
3598	4.82605		789
3599	4.82605		789
3600	4.82605		789
3601	4.82605		789
3602	4.82605		789
3603	4.82605		789
3604	4.82605		789
3605	4.82605		789
3606	4.82605		789
3607	4.82605		789
3608	4.82605		789
3609	4.82605		789
3610	4.82605		789
3611	4.82605		789
3612	4.82605		789
3613	4.82605		789
3614	4.82605		789
3615	4.82605		789
3616	4.82605		789
3617	4.82605		789
3618	4.82605		789
3619	4.82605		789
3620	4.82605		789
3621	4.82605		789
3622	4.82605		789
3623	4.82605		789
3624	4.82605		789
3625	4.82605		789
3626	4.82605		789
3627	4.82605		789
3628	4.82605		789
3629	4.82605		789
3630	4.82605		789
3631	4.82605		789
3632	4.82605		789
3633	4.82605		789
3634	4.82605		789
3635	4.82605		789
3636	4.82605		789
3637	4.82605		789
3638	4.82605		789
3639	4.82605		789
3640	4.82605		789
3641	4.82605		789
3642	4.82605		789
3643	4.82605		789
3644	4.82605		789
3645	4.82605		789
3646	4.82605		789
3647	4.82605		789
3648	4.82605		789
3649	4.82605		789
3650	4.82605		789
3651	4.82605		789
3652	4.82605		789
3653	4.82605		789
3654	4.82605		789
3655	4.82605		789
3656	4.82605		789
3657	4.82605		789
3658	4.82605		789
3659	4.82605		789
3660	4.82605		789
3661	4.82605		789
3662	4.82605		789
3663	4.82605		789
3664	4.82605		789
3665	4.82605		789
3666	4.82605		789
3667	4.82605		789
3668	4.82605		789
3669	4.82605		789
3670	4.82605		789
3671	4.82605		789
3672	4.82605		789
3673	4.82605		789
3674	4.82605		789
3675	4.82605		789
3676	4.82605		789
3677	4.82605		789
3678	4.82605		789
3679	4.82605		789
3680	4.82605		789
3681	4.82605		789
3682	4.82605		789
3683	4.82605		789
3684	4.82605		789
3685	4.82605		789
3686	4.82605		789
3687	4.82605		789
3688	4.82605		789
3689	4.82605		789
3690	4.82605		789
3691	4.82605		789
3692	4.82605		789
3693	4.82605		789
3694	4.82605		789
3695	4.82605		789
3696	4.82605		789
3697	4.82605		789
3698	4.82605		789
3699	4.82605		789
3700	4.82605		789
3701	4.82605		789
3702	4.82605		789
3703	4.82605		789
3704	4.82605		789
3705	4.82605		789
3706	4.82605		789
3707	4.82605		789
3708	4.82605		789
3709	4.82605		789
3710	4.82605		789
3711	4.82605		789
3712	4.82605		789
3713	4.82605		789
3714	4.82605		789
3715	4.82605		789
3716	4.82605		789
3717	4.82605		789
3718	4.82605		789
3719	4.82605		789
3720	4.82605		789
3721	4.82605		789
3722	4.82605		789
3723	4.82605		789
3724	4.82605		789
3725	4.82605		789
3726	4.82605		789
3727	4.82605		789
3728	4.82605		789
3729	4.82605		789
3730	4.82605		789
3731	4.82605		789
3732	4.82605		789
3733	4.82605		789
3734	4.82605		789
3735	4.82605		789
3736	4.82605		789
3737	4.82605		789
3738	4.82605		789
3739	4.82605		789
3740	4.82605		789
3741	4.82605		789
3742	4.82605		789
3743	4.82605		789
3744	4.82605		789
3745	4.82605		789
3746	4.82605		789
3747	4.82605		789
3748	4.82605		789
3749	4.82605		789
3750	4.82605		789
3751	4.82605		789
3752	4.82605		789
3753	4.82605		789
3754	4.82605		789
3755	4.82605		789
3756	4.82605		789
3757	4.82605		789
3758	4.82605		789
3759	4.82605		789
3760	4.82605		789
3761	4.82605		789
3762	4.82605		789
3763	4.82605		789
3764	4.82605		789
3765	4.82605		789
3766	4.82605		789
3767	4.82605		789
3768	4.82605		789
3769	4.82605		789
3770	4.82605		789
3771	4.82605		789
3772	4.82605		789
3773	4.82605		789
3774	4.82605		789
3775	4.82605		789
3776	4.82605		789
3777	4.82605		789
3778	4.82605		789
3779	4.82605		789
3780	4.82605		789
3781	4.82605		789
3782	4.82605		789
3783	4.82605		789
3784	4.82605		789
3785	4.82605		789
3786	4.82605		789
3787	4.82605		789
3788	4.82605		789
3789	4.82605		789
3790	4.82605		789
3791	4.82605		789
3792	4.82605		789
3793	4.82605		789
3794	4.82605		789
3795	4.82605		789
3796	4.82605		789
3797	4.82605		789
3798	4.82605		789
3799	4.82605		789
3800	4.82605		789
3801	4.82605		789
3802	4.82605		789
3803	4.82605		789
3804	4.82605		789
3805	4.82605		789
3806	4.82605		789
3807	4.82605		789
3808	4.82605		789
3809	4.82605		789
3810	4.82605		789
3811	4.82605		789
3812	4.82605		789
3813	4.82605		789
3814	4.82605		789
3815	4.82605		789
3816	4.82605		789
3817	4.82605		789
3818	4.82605		789
3819	4.82605		789
3820	4.82605		789
3821	4.82605		789
3822	4.82605		789
3823	4.82605		789
3824	4.82605		789
3825	4.82605		789
3826	4.82605		789
3827	4.82605		789
3828	4.82605		789
3829	4.82605		789
3830	4.82605		789
3831	4.82605		789
3832	4.82605		789
3833	4.82605		789
3834	4.82605		789
3835	4.82605		789
3836	4.82605		789
3837	4.82605		789
3838	4.82605		789
3839	4.82605		789
3840	4.82605		789
3841	4.82605		789
3842	4.82605		789
3843	4.82605		789
3844	4.82605		789
3845	4.82605		789
3846	4.82605		789
3847	4.82605		789
3848	4.82605		789
3849	4.82605		789
3850	4.82605		789
3851	4.82605		789
3852	4.82605		789
3853	4.82605		789
3854	4.82605		789
3855	4.82605		789
3856	4.82605		789
3857	4.82605		789
3858	4.82605		789
3859	4.82605		789
3860	4.82605		789
3861	4.82605		789
3862	4.82605		789
3863	4.82605		789
3864	4.82605		789
3865	4.82605		789
3866	4.82605		789
3867	4.82605		789
3868	4.82605		789
3869	4.82605		789
3870	4.82605		789
3871	4.82605		789
3872	4.82605		789
3873	4.82605		789
3874	4.82605		789
3875	4.82605		789
3876	4.82605		789
3877	4.82605		789
3878	4.82605		789
3879	4.82605		789
3880	4.82605		789
3881	4.82605		789
3882	4.82605		789
3883	4.82605		789
3884	4.82605		789
3885	4.82605		789
3886	4.82605		789
3887	4.82605		789
3888	4.82605		789
3889	4.82605		789
3890	4.82605		789
3891	4.82605		789
3892	4.82605		789
3893	4.82605		789
3894	4.82605		789
3895	4.82605		789
3896	4.82605		789
3897	4.82605		789
3898	4.82605		789
3899	4.82605		789
3900	4.82605		789
3901	4.82605		789
3902	4.82605		789
3903	4.82605		789
3904	4.82605		789
3905	4.82605		789
3906	4.82605		789
3907	4.82605		789
3908	4.82605		789
3909	4.82605		789
3910	4.82605		789
3911	4.82605		789
3912	4.82605		789
3913	4.82605		789
3914	4.82605		789
3915	4.82605		789
3916	4.82605		789
3917	4.82605		789
3918	4.82605		789
3919	4.82605		789
3920	4.82605		789
3921	4.82605		789
3922	4.82605		789
3923	4.82605		789
3924	4.82605		789
3925	4.82605		789
3926	4.82605		789
3927	4.82605		789
3928	4.82605		789
3929	4.82605		789
3930	4.82605		789
3931	4.82605		789
3932	4.82605		789
3933	4.82605		789
3934	4.82605		789
3935	4.82605		789
3936	4.82605		789
3937	4.82605		789
3938	4.82605		789
3939	4.82605		789
3940	4.82605		789
3941	4.82605		789
3942	4.82605		789
3943	4.82605		789
3944	4.82605		789
3945	4.82605		789
3946	4.82605		789
3947	4.82605		789
3948	4.82605		789
3949	4.82605		789
3950	4.82605		789
3951	4.82605		789
3952	4.82605		789
3953	4.82605		789
3954	4.82605		789
3955	4.82605		789
3956	4.82605		789
3957	4.82605		789
3958	4.82605		789
3959	4.82605		789
3960	4.82605		789
3961	4.82605		789
3962	4.82605		789
3963	4.82605		789
3964	4.82605		789
3965	4.82605		789
3966	4.82605		789
3967	4.82605		789
3968	4.82605		789
3969	4.82605		789
3970	4.82605		789
3971	4.82605		789
3972	4.82605		789
3973	4.82605		789
3974	4.82605		789
3975	4.82605		789
3976	4.82605		789
3977	4.82605		789
3978	4.82605		789
3979	4.82605		789
3980	4.82605		789
3981	4.82605		789
3982	4.82605		789
3983	4.82605		789
3984	4.82605		789
3985	4.82605		789
3986	4.82605		789
3987	4.82605		789
3988	4.82605		789
3989	4.82605		789
3990	4.82605		789
3991	4.82605		789
3992	4.82605		789
3993	4.82605		789
3994	4.82605		789
3995	4.82605		789
3996	4.82605		789
3997	4.82605		789
3998	4.82605		789
3999	4.82605		789
4000	4.82605		789
4001	4.82605		789
4002	4.82605		789
4003	4.82605		789
4004	4.82605		789
4005	4.82605		789
4006	4.82605		789
4007	4.82605		789
4008	4.82605		789
4009	4.82605		789
4010	4.82605		789
4011	4.82605		789
4012	4.82605		789
4013	4.82605		789
4014	4.82605		789
4015	4.82605		789
4016	4.82605		789
4017	4.82605		789
4018	4.82605		789
4019	4.82605		789
4020	4.82605		789
4021	4.82605		789
4022	4.82605		789
4023	4.82605		789
4024	4.82605		789
4025	4.82605		789
4026	4.82605		789
4027	4.82605		789
4028	4.82605		789
4029	4.82605		789
4030	4.82605		789
4031	4.82605		789
4032	4.82605		789
4033	4.82605		789
4034	4.82605		789
4035	4.82605		789
4036	4.82605		789
4037	4.82605		789
4038	4.82605		789
4039	4.82605		789
4040	4.82605		789
4041	4.82605		789
4042	4.82605		789
4043	4.82605		789
4044	4.82605		789
4045	4.82605		789
4046	4.82605		789
4047	4.82605		789
4048	4.82605		789
4049	4.82605		789
4050	4.82605		789
4051	4.82605		789
4052	4.82605		789
4053	4.82605		789
4054	4.82605		789
4055	4.82605		789
4056	4.82605		789
4057	4.82605		789
4058	4.82605		789
4059	4.82605		789
4060	4.82605		789
4061	4.82605		789
4062	4.82605		789
4063	4.82605		789
4064	4.82605		789
4065	4.82605		789
4066	4.82605		789
4067	4.82605		789
4068	4.82605		789
4069	4.82605		789
4070	4.82605		789
4071	4.82605		789
4072	4.82605		789
4073	4.82605		789
4074	4.82605		789
4075	4.82605		789
4076	4.82605		789
4077	4.82605		789
4078	4.82605		789
4079	4.82605		789
4080	4.82605		789
4081	4.82605		789
4082	4.82605		789
4083	4.82605		789
4084	4.82605		789
4085	4.82605		789
4086	4.82605		789
4087	4.82605		789
4088	4.82605		789
4089	4.82605		789
4090	4.82605		789
4091	4.82605		789
4092	4.82605		789
4093	4.82605		789
4094	4.82605		789
4095	4.82605		789
4096	4.82605		789
4097	4.82605		789
4098	4.82605		789
4099	4.82605		789
4100	4.82605		789
4101	4.82605		789
4102	4.82605		789
4103	4.82605		789
4104	4.82605		789
4105	4.82605		789
4106	4.82605		789
4107	4.82605		789
4108	4.82605		789
4109	4.82605		789
4110	4.82605		789
4111	4.82605		789
4112	4.82605		789
4113	4.82605		789
4114	4.82605		789
4115	4.82605		789
4116	4.82605		789
4117	4.82605		789
4118	4.82605		789
4119	4.82605		789
4120	4.82605		789
4121	4.82605		789
4122	4.82605		789
4123	4.82605		789
4124	4.82605		789
4125	4.82605		789
4126	4.82605		789
4127	4.82605		789
4128	4.82605		789
4129	4.82605		789
4130	4.82605		789
4131	4.82605		789
4132	4.82605		789
4133	4.82605		789
4134	4.82605		789
4135	4.82605		789
4136	4.82605		789
4137	4.82605		789
4138	4.82605		789
4139	4.82605		789
4140	4.82605		789
4141	4.82605		789
4142	4.82605		789
4143	4.82605		789
4144	4.82605		789
4145	4.82605		789
4146	4.82605		789
4147	4.82605		789
4148	4.82605		789
4149	4.82605		789
4150	4.82605		789
4151	4.82605		789
4152	4.82605		789
4153	4.82605		789
4154	4.82605		789
4155	4.82605		789
4156	4.82605		789
4157	4.82605		789
4158	4.82605		789
4159	4.82605		789
4160	4.82605		789
4161	4.82605		789
4162	4.82605		789
4163	4.82605		789
4164	4.82605		789
4165	4.82605		789
4166	4.82605		789
4167	4.82605		789
4168	4.82605		789
4169	4.82605		789
4170	4.82605		789
4171	4.82605		789
4172	4.82605		789
4173	4.82605		789
4174	4.82605		789
4175	4.82605		789
4176	4.82605		789
4177	4.82605		789
4178	4.82605		789
4179	4.82605		789
4180	4.82605		789
4181	4.82605		789
4182	4.82605		789
4183	4.82605		789
4184	4.82605		789
4185	4.82605		789
4186	4.82605		789
4187	4.82605		789
4188	4.82605		789
4189	4.82605		789
4190	4.82605		789
4191	4.82605		789
4192	4.82605		789
4193	4.82605		789
4194	4.82605		789
4195	4.82605		789
4196	4.82605		789
4197	4.82605		789
4198	4.82605		789
4199	4.82605		789
4200	4.82605		789
4201	4.82605		789
4202	4.82605		789
4203	4.82605		789
4204	4.82605		789
4205	4.82605		789
4206	4.82605		789
4207	4.82605		789
4208	4.82605		789
4209	4.82605		789
4210	4.82605		789
4211	4.82605		789
4212	4.82605		789
4213	4.82605		789
4214	4.82605		789
4215	4.82605		789
4216	4.82605		789
4217	4.82605		789
4218	4.82605		789
4219	4.82605		789
4220	4.82605		789
4221	4.82605		789
4222	4.82605		789
4223	4.82605		789
4224	4.82605		789
4225	4.82605		789
4226	4.82605		789
4227	4.82605		789
4228	4.82605		789
4229	4.82605		789
4230	4.82605		789
4231	4.82605		789
4232	4.82605		789
4233	4.82605		789
4234	4.82605		789
4235	4.82605		789
4236	4.82605		789
4237	4.82605		789
4238	4.82605		789
4239	4.82605		789
4240	4.82605		789
4241	4.82605		789
4242	4.82605		789
4243	4.82605		789
4244	4.82605		789
4245	4.82605		789
4246	4.82605		789
4247	4.82605		789
4248	4.82605		789
4249	4.82605		789
4250	4.82605		789
4251	4.82605		789
4252	4.82605		789
4253	4.82605		789
4254	4.82605		789
4255	4.82605		789
4256	4.82605		789
4257	4.82605		789
4258	4.82605		789
4259	4.82605		789
4260	4.82605		789
4261	4.82605		789
4262	4.82605		789
4263	4.82605		789
4264	4.82605		789
4265	4.82605		789
4266	4.82605		789
4267	4.82605		789
4268	4.82605		789
4269	4.82605		789
4270	4.82605		789
4271	4.82605		789
4272	4.82605		789
4273	4.82605		789
4274	4.82605		789
4275	4.82605		789
4276	4.82605		789
4277	4.82605		789
4278	4.82605		789
4279	4.82605		789
4280	4.82605		789
4281	4.82605		789
4282	4.82605		789
4283	4.82605		789
4284	4.82605		789
4285	4.82605		789
4286	4.82605		789
4287	4.82605		789
4288	4.82605		789
4289	4.82605		789
4290	4.82605		789
4291	4.82605		789
4292	4.82605		789
4293	4.82605		789
4294	4.82605		789
4295	4.82605		789
4296	4.82605		789
4297	4.82605		789
4298	4.82605		789
4299	4.82605		789
4300	4.82605		789
4301	4.82605		789
4302	4.82605		789
4303	4.82605		789
4304	4.82605		789
4305	4.82605		789
4306	4.82605		789
4307	4.82605		789
4308	4.82605		789
4309	4.82605		789
4310	4.82605		789
4311	4.82605		789
4312	4.82605		789
4313	4.82605		789
4314	4.82605		789
4315	4.82605		789
4316	4.82605		789
4317	4.82605		789
4318	4.82605		789
4319	4.82605		789
4320	4.82605		789
4321	4.82605		789
4322	4.82605		789
4323	4.82605		789
4324	4.82605		789
4325	4.82605		789
4326	4.82605		789
4327	4.82605		789
4328	4.82605		789
4329	4.82605		789
4330	4.82605		789
4331	4.82605		789
4332	4.82605		789
4333	4.82605		789
4334	4.82605		789
4335	4.82605		789
4336	4.82605		789
4337	4.82605		789
4338	4.82605		789
4339	4.82605		789
4340	4.82605		789
4341	4.82605		789
4342	4.82605		789
4343	4.82605		789
4344	4.82605		789
4345	4.82605		789
4346	4.82605		789
4347	4.82605		789
4348	4.82605		789
4349	4.82605		789
4350	4.82605		789
4351	4.82605		789
4352	4.82605		789
4353	4.82605		789
4354	4.82605		789
4355	4.82605		789
4356	4.82605		789
4357	4.82605		789
4358	4.82605		789
4359	4.82605		789
4360	4.82605		789
4361	4.82605		789
4362	4.82605		789
4363	4.82605		789
4364	4.82605		789
4365	4.82605		789
4366	4.82605		789
4367	4.82605		789
4368	4.82605		789
4369	4.82605		789
4370	4.82605		789
4371	4.82605		789
4372	4.82605		789
4373	4.82605		789
4374	4.82605		789
4375	4.82605		789
4376	4.82605		789
4377	4.82605		789
4378	4.82605		789
4379	4.82605		789
4380	4.82605		789
4381	4.82605		789
4382	4.82605		789
4383	4.82605		789
4384	4.82605		789
4385	4.82605		789
4386	4.82605		789
4387	4.82605		789
4388	4.82605		789
4389	4.82605		789
4390	4.82605		789
4391	4.82605		789
4392	4.82605		789
4393	4.82605		789
4394	4.82605		789
4395	4.82605		789
4396	4.82605		789
4397	4.82605		789
4398	4.82605		789
4399	4.82605		789
4400	4.82605		789
4401	4.82605		789
4402	4.82605		789
4403	4.82605		789
4404	4.82605		789
4405	4.82605		789
4406	4.82605		789
4407	4.82605		789
4408	4.82605		789
4409	4.82605		789
4410	4.82605		789
4411	4.82605		789
4412	4.82605		789
4413	4.82605		789
4414	4.82605		789
4415	4.82605		789
4416	4.82605		789
4417	4.82605		789
4418	4.82605		789
4419	4.82605		789
4420	4.82605		789
4421	4.82605		789
4422	4.82605		789
4423	4.82605		789
4424	4.82605		789
4425	4.82605		789
4426	4.82605		789
4427	4.82605		789
4428	4.82605		789
4429	4.82605		789
4430	4.82605		789
4431	4.82605		789
4432	4.82605		789
4433	4.82605		789
4434	4.82605		789
4435	4.82605		789
4436	4.82605		789
4437	4.82605		789
4438	4.82605		789
4439	4.82605		789
4440	4.82605		789
4441	4.82605		789
4442	4.82605		789
4443	4.82605		789
4444	4.82605		789
4445	4.82605		789
4446	4.82605		789
4447	4.82605		789
4448	4.82605		789
4449	4.82605		789
4450	4.82605		789
4451	4.82605		789
4452	4.82605		789
4453	4.82605		789
4454	4.82605		789
4455	4.82605		789
4456	4.82605		789
4457	4.82605		789
4458	4.82605		789
4459	4.82605		789
4460	4.82605		789
4461	4.82605		789
4462	4.82605		789
4463	4.82605		789
4464	4.82605		789
4465	4.82605		789
4466	4.82605		789
4467	4.82605		789
4468	4.82605		789
4469	4.82605		789
4470	4.82605		789
4471	4.82605		789
4472	4.82605		789
4473	4.82605		789
4474	4.82605		789
4475	4.82605		789
4476	4.82605		789
4477	4.82605		789
4478	4.82605		789
4479	4.82605		789
4480	4.82605		789
4481	4.82605		789
4482	4.82605		789
4483	4.82605		789
4484	4.82605		789
4485	4.82605		789
4486	4.82605		789
4487	4.82605		789
4488	4.82605		789
4489	4.82605		789
4490	4.82605		789
4491	4.82605		789
4492	4.82605		789
4493	4.82605		789
4494	4.82605		789
4495	4.82605		789
4496	4.82605		789
4497	4.82605		789
4498	4.82605		789
4499	4.82605		789
4500	4.82605		789
4501	4.82605		789
4502	4.82605		789
4503	4.82605		789
4504	4.82605		789
4505	4.82605		789
4506	4.82605		789
4507	4.82605		789
4508	4.82605		789
4509	4.82605		789
4510	4.82605		789
4511	4.82605		789
4512	4.82605		789
4513	4.82605		789
4514	4.82605		789
4515	4.82605		789
4516	4.82605		789
4517	4.82605		789
4518	4.82605		789
4519	4.82605		789
4520	4.82605		789
4521	4.82605		789
4522	4.82605		789
4523	4.82605		789
4524	4.82605		789
4525	4.82605		789
4526	4.82605		789
4527	4.82605		789
4528	4.82605		789
4529	4.82605		789
4530	4.82605		789
4531	4.82605		789
4532	4.82605		789
4533	4.82605		789
4534	4.82605		789
4535	4.82605		789
4536	4.82605		789
4537	4.82605		789
4538	4.82605		789
4539	4.82605		789
4540	4.82605		789
4541	4.82605		789
4542	4.82605		789
4543	4.82605		789
4544	4.82605		789
4545	4.82605		789
4546	4.82605		789
4547	4.82605		789
4548	4.82605		789
4549	4.82605		789
4550	4.82605		789
4551	4.82605		789
4552	4.82605		789
4553	4.82605		789
4554	4.82605		789
4555	4.82605		789
4556	4.82605		789
4557	4.82605		789
4558	4.82605		789
4559	4.82605		789
4560	4.82605		789
4561	4.82605		789
4562	4.82605		789
4563	4.82605		789
4564	4.82605		789
4565	4.82605		789
4566	4.82605		789
4567	4.82605		789
4568	4.82605		789
4569	4.82605		789
4570	4.82605		789
4571	4.82605		789
4572	4.82605		789
4573	4.82605		789
4574	4.82605		789
4575	4.82605		789
4576	4.82605		789
4577	4.82605		789
4578	4.82605		789
4579	4.82605		789
4580	4.82605		789
4581	4.82605		789
4582	4.82605		789
4583	4.82605		789
4584	4.82605		789
4585	4.82605		789
4586	4.82605		789
4587	4.82605		789
4588	4.82605		789
4589	4.82605		789
4590	4.82605		789
4591	4.82605		789
4592	4.82605		789
4593	4.82605		789
4594	4.82605		789
4595	4.82605		789
4596	4.82605		789
4597	4.82605		789
4598	4.82605		789
4599	4.82605		789
4600	4.82605		789
4601	4.82605		789
4602	4.82605		789
4603	4.82605		789
4604	4.82605		789
4605	4.82605		789
4606	4.82605		789
4607	4.82605		789
4608	4.82605		789
4609	4.82605		789
4610	4.82605		789
4611	4.82605		789
4612	4.82605		789
4613	4.82605		789
4614	4.82605		789
4615	4.82605		789
4616	4.82605		789
4617	4.82605		789
4618	4.82605		789
4619	4.82605		789
4620	4.82605		789
4621	4.82605		789
4622	4.82605		789
4623	4.82605		789
4624	4.82605		789
4625	4.82605		789
4626	4.82605		789
4627	4.82605		789
4628	4.82605		789
4629	4.82605		789
4630	4.82605		789
4631	4.82605		789
4632	4.82605		789
4633	4.82605		789
4634	4.82605		789
4635	4.82605		789
4636	4.82605		789
4637	4.82605		789
4638	4.82605		789
4639	4.82605		789
4640	4.82605		789
4641	4.82605		789
4642	4.82605		789
4643	4.82605		789
4644	4.82605		789
4645	4.82605		789
4646	4.82605		789
4647	4.82605		789
4648	4.82605		789
4649	4.82605		789
4650	4.82605		789
4651	4.82605		789
4652	4.82605		789
4653	4.82605		789
4654	4.82605		789
4655	4.82605		789
4656	4.82605		789
4657	4.82605		789
4658	4.82605		789
4659	4.82605		789
4660	4.82605		789
4661	4.82605		789
4662	4.82605		789
4663	4.82605		789
4664	4.82605		789
4665	4.82605		789
4666	4.82605		789
4667	4.82605		789
4668	4.82605		789
4669	4.82605		789
4670	4.82605		789
4671	4.82605		789
4672	4.82605		789
4673	4.82605		789
4674	4.82605		789
4675	4.82605		789
4676	4.82605		789
4677	4.82605		789
4678	4.82605		789
4679	4.82605		789
4680	4.82605		789
4681	4.82605		789
4682	4.82605		789
4683	4.82605		789
4684	4.82605		789
4685	4.82605		789
4686	4.82605		789
4687	4.82605		789
4688	4.82605		789
4689	4.82605		789
4690	4.82605		789
4691	4.82605		789
4692	4.82605		789
4693	4.82605		789
4694	4.82605		789
4695	4.82605		789
4696	4.82605		789
4697	4.82605		789
4698	4.82605		789
4699	4.82605		789
4700	4.82605		789
4701	4.82605		789
4702	4.82605		789
4703	4.82605		789
4704	4.82605		789
4705	4.82605		789
4706	4.82605		789
4707	4.82605		789
4708	4.82605		789
4709	4.82605		789
4710	4.82605		789
4711	4.82605		789
4712	4.82605		789
4713	4.82605		789
4714	4.82605		789
4715	4.82605		789
4716	4.82605		789
4717	4.82605		789
4718	4.82605		789
4719	4.82605		789
4720	4.82605		789
4721	4.82605		789
4722	4.82605		789
4723	4.82605		789
4724	4.82605		789
4725	4.82605		789
4726	4.82605		789
4727	4.82605		789
4728	4.82605		789
4729	4.82605		789
4730	4.82605		789
4731	4.82605		789
4732	4.82605		789
4733	4.82605		789
4734	4.82605		789
4735	4.82605		789
4736	4.82605		789
4737	4.82605		789
4738	4.82605		789
4739	4.82605		789
4740	4.82605		789
4741	4.82605		789
4742	4.82605		789
4743	4.82605		789
4744	4.82605		789
4745	4.82605		789
4746	4.82605		789
4747	4.82605		789
4748	4.82605		789
4749	4.82605		789
4750	4.82605		789
4751	4.82605		789
4752	4.82605		789
4753	4.82605		789
4754	4.82605		789
4755	4.82605		789
4756	4.82605		789
4757	4.82605		789
4758	4.82605		789
4759	4.82605		789
4760	4.82605		789
4761	4.82605		789
4762	4.82605		789
4763	4.82605		789
4764	4.82605		789
4765	4.82605		789
4766	4.82605		789
4767	4.82605		789
4768	4.82605		789
4769	4.82605		789
4770	4.82605		789
4771	4.82605		789
4772	4.82605		789
4773	4.82605		789
4774	4.82605		789
4775	4.82605		789
4776	4.82605		789
4777	4.82605		789
4778	4.82605		789
4779	4.82605		789
4780	4.82605		789
4781	4.82605		789
4782	4.82605		789
4783	4.82605		789
4784	4.82605		789
4785	4.82605		789
4786	4.82605		789
4787	4.82605		789
4788	4.82605		789
4789	4.82605		789
4790	4.82605		789
4791	4.82605		789
4792	4.82605		789
4793	4.82605		789
4794	4.82605		789
4795	4.82605		789
4796	4.82605		789
4797	4.82605		789
4798	4.82605		789
4799	4.82605		789
4800	4.82605		789
4801	4.82605		789
4802	4.82605		789
4803	4.82605		789
4804	4.82605		789
4805	4.82605		789
4806	4.82605		789
4807	4.82605		789
4808	4.82605		789
4809	4.82605		789
4810	4.82605		789
4811	4.82605		789
4812	4.82605		789
4813	4.82605		789
4814	4.82605		789
4815	4.82605		789
4816	4.82605		789
4817	4.82605		789
4818	4.82605		789
4819	4.82605		789
4820	4.82605		789
4821	4.82605		789
4822	4.82605		789
4823	4.82605		789
4824	4.82605		789
4825	4.82605		789
4826	4.82605		789
4827	4.82605		789
4828	4.82605		789
4829	4.82605		789
4830	4.82605		789
4831	4.82605		789
4832	4.82605		789
4833	4.82605		789
4834	4.82605		789
4835	4.82605		789
4836	4.82605		789
4837	4.82605		789
4838	4.82605		789
4839	4.82605		789
4840	4.82605		789
4841	4.82605		789
4842	4.82605		789
4843	4.82605		789
4844	4.82605		789
4845	4.82605		789
4846	4.82605		789
4847	4.82605		789
4848	4.82605		789
4849	4.82605		789
4850	4.82605		789
4851	4.82605		789
4852	4.82605		789
4853	4.82605		789
4854	4.82605		789
4855	4.82605		789
4856	4.82605		789
4857	4.82605		789
4858	4.82605		789
4859	4.82605		789
4860	4.82605		789
4861	4.82605		789
4862	4.82605		789
4863	4.82605		789
4864	4.82605		789
4865	4.82605		789
4866	4.82605		789
4867	4.82605		789
4868	4.82605		789
4869	4.82605		789
4870	4.82605		789
4871	4.82605		789
4872	4.82605		789
4873	4.82605		789
4874	4.82605		789
4875	4.82605		789
4876	4.82605		789
4877	4.82605		789
4878	4.82605		789
4879	4.82605		789
4880	4.82605		789
4881	4.82605		789
4882	4.82605		789
4883	4.82605		789
4884	4.82605		789
4885	4.82605		789
4886	4.82605		789
4887	4.82605		789
4888	4.82605		789
4889	4.82605		789
4890	4.82605		789
4891	4.82605		789
4892	4.82605		789
4893	4.82605		789
4894	4.82605		789
4895	4.82605		789
4896	4.82605		789
4897	4.82605		789
4898	4.82605		789
4899	4.82605		789
4900	4.82605		789
4901	4.82605		789
4902	4.82605		789
4903	4.82605		789
4904	4.82605		789
4905	4.82605		789
4906	4.82605		789
4907	4.82605		789
4908	4.82605		789
4909	4.82605		789
4910	4.82605		789
4911	4.82605		789
4912	4.82605		789
4913	4.82605		789
4914	4.82605		789
4915	4.82605		789
4916	4.82605		789
4917	4.82605		789
4918	4.82605		789
4919	4.82605		789
4920	4.82605		789
4921	4.82605		789
4922	4.82605		789
4923	4.82605		789
4924	4.82605		789
4925	4.82605		789
4926	4.82605		789
4927	4.82605		789
4928	4.82605		789
4929	4.82605		789
4930	4.82605		789
4931	4.82605		789
4932	4.82605		789
4933	4.82605		789
4934	4.82605		789
4935	4.82605		789
4936	4.82605		789
4937	4.82605		789
4938	4.82605		789
4939	4.82605		789
4940	4.82605		789
4941	4.82605		789
4942	4.82605		789
4943	4.82605		789
4944	4.82605		789
4945	4.82605		789
4946	4.82605		789
4947	4.82605		789
4948	4.82605		789
4949	4.82605		789
4950	4.82605		789
4951	4.82605		789
4952	4.82605		789
4953	4.82605		789
4954	4.82605		789
4955	4.82605		789
4956	4.82605		789
4957	4.82605		789
4958	4.82605		789
4959	4.82605		789
4960	4.82605		789
4961	4.82605		789
4962	4.82605		789
4963	4.82605		789
4964	4.82605		789
4965	4.82605		789
4966	4.82605		789
4967	4.82605		789
4968	4.82605		789
4969	4.82605		789
4970	4.82605		789
4971	4.82605		789
4972	4.82605		789
4973	4.82605		789
4974	4.82605		789
4975	4.82605		789
4976	4.82605		789
4977	4.82605		789
4978	4.82605		789
4979	4.82605		789
4980	4.82605		789
4981	4.82605		789
4982	4.82605		789
4983	4.82605		789
4984	4.82605		789
4985	4.82605		789
4986	4.82605		789
4987	4.82605		789
4988	4.82605		789
4989	4.82605		789
4990	4.82605		789
4991	4.82605		789
4992	4.82605		789
4993	4.82605		789
4994	4.82605		789
4995	4.82605		789
4996	4.82605		789
4997	4.82605		789
4998	4.82605		789
4999	4.82605		789
5000	4.82605		789
