1	13.1097		0
2	13.0566		2
3	12.4524		3
4	12.0553		4
5	10.9804		5
6	10.9804		5
7	10.8063		7
8	10.8063		7
9	10.5762		9
10	10.3836		10
11	10.3836		10
12	10.2139		12
13	10.2139		12
14	10.2139		12
15	10.2139		12
16	9.90418		16
17	9.90418		16
18	9.23283		18
19	9.23283		18
20	8.73915		20
21	8.70688		21
22	8.6512		22
23	8.6512		22
24	8.22918		24
25	8.15923		25
26	8.14302		26
27	7.96031		27
28	7.92706		28
29	7.88295		29
30	7.88295		29
31	7.88295		29
32	7.88295		29
33	7.88295		29
34	7.86947		34
35	7.86513		35
36	7.8579		36
37	7.67059		37
38	7.63958		38
39	7.63958		38
40	7.63236		40
41	7.45309		41
42	7.44586		42
43	7.44586		42
44	7.44586		42
45	7.44103		45
46	7.02024		46
47	7.02024		46
48	7.02024		46
49	7.02024		46
50	7.02024		46
51	7.00708		51
52	7.00708		51
53	6.87945		53
54	6.87945		53
55	6.68054		55
56	6.68054		55
57	6.67571		57
58	6.67571		57
59	6.28934		59
60	6.28934		59
61	6.28934		59
62	6.26164		62
63	6.05923		63
64	6.05923		63
65	6.05923		63
66	6.05923		63
67	5.97418		67
68	5.97314		68
69	5.97314		68
70	5.88743		70
71	5.88743		70
72	5.88743		70
73	5.88743		70
74	5.88743		70
75	5.88743		70
76	5.88743		70
77	5.88743		70
78	5.88743		70
79	5.88743		70
80	5.88743		70
81	5.88743		70
82	5.88743		70
83	5.85958		83
84	5.85958		83
85	5.85958		83
86	5.81427		86
87	5.81427		86
88	5.81427		86
89	5.80284		89
90	5.80284		89
91	5.80284		89
92	5.80284		89
93	5.80284		89
94	5.80284		89
95	5.80284		89
96	5.80284		89
97	5.80284		89
98	5.80284		89
99	5.80284		89
100	5.80284		89
101	5.80284		89
102	5.80284		89
103	5.80284		89
104	5.80284		89
105	5.80284		89
106	5.80284		89
107	5.44991		107
108	5.44991		107
109	5.44991		107
110	5.44991		107
111	5.44991		107
112	5.44991		107
113	5.44991		107
114	5.44991		107
115	5.44991		107
116	5.44991		107
117	5.43298		117
118	5.43298		117
119	5.43298		117
120	5.42797		120
121	5.42797		120
122	5.42797		120
123	5.22594		123
124	5.22594		123
125	5.22594		123
126	5.22594		123
127	5.22594		123
128	5.22594		123
129	5.22507		129
130	5.22507		129
131	5.22507		129
132	5.22507		129
133	5.22507		129
134	5.22507		129
135	5.22507		129
136	5.22507		129
137	5.22507		129
138	5.22507		129
139	5.22507		129
140	5.22507		129
141	5.22507		129
142	5.22507		129
143	5.22507		129
144	5.22507		129
145	5.22507		129
146	5.22507		129
147	5.22507		129
148	5.22507		129
149	5.22507		129
150	5.22507		129
151	5.22507		129
152	5.22507		129
153	5.18631		153
154	5.18631		153
155	5.18631		153
156	5.18631		153
157	5.17427		157
158	5.17427		157
159	5.17427		157
160	5.17427		157
161	5.17427		157
162	5.17427		157
163	5.17427		157
164	5.17427		157
165	5.17427		157
166	5.17427		157
167	5.17427		157
168	5.17427		157
169	5.17427		157
170	5.17427		157
171	5.17427		157
172	5.16944		172
173	5.16944		172
174	5.16944		172
175	5.16944		172
176	5.16944		172
177	5.16944		172
178	5.16944		172
179	5.16944		172
180	5.16944		172
181	5.16944		172
182	5.16944		172
183	5.16944		172
184	5.16944		172
185	5.16944		172
186	5.16944		172
187	5.16944		172
188	5.16944		172
189	5.16944		172
190	5.16944		172
191	5.16944		172
192	5.16944		172
193	5.16944		172
194	5.16944		172
195	5.16944		172
196	5.16944		172
197	5.16944		172
198	5.16944		172
199	5.16944		172
200	5.16944		172
201	4.8993		200
202	4.8993		200
203	4.8993		200
204	4.8993		200
205	4.8993		200
206	4.8993		200
207	4.8993		200
208	4.8993		200
209	4.8993		200
210	4.87177		210
211	4.87177		210
212	4.87177		210
213	4.87177		210
214	4.87177		210
215	4.87177		210
216	4.87177		210
217	4.87177		210
218	4.87177		210
219	4.87177		210
220	4.87177		210
221	4.87177		210
222	4.87177		210
223	4.87177		210
224	4.87177		210
225	4.87177		210
226	4.87177		210
227	4.87177		210
228	4.87177		210
229	4.87177		210
230	4.87177		210
231	4.87177		210
232	4.87177		210
233	4.87177		210
234	4.87177		210
235	4.87177		210
236	4.87177		210
237	4.87177		210
238	4.87177		210
239	4.87177		210
240	4.87177		210
241	4.87177		210
242	4.87177		210
243	4.87177		210
244	4.87177		210
245	4.87177		210
246	4.87177		210
247	4.87177		210
248	4.87177		210
249	4.87177		210
250	4.87177		210
251	4.87177		210
252	4.87177		210
253	4.87177		210
254	4.87177		210
255	4.87177		210
256	4.87177		210
257	4.87177		210
258	4.8707		258
259	4.8707		258
260	4.8707		258
261	4.8707		258
262	4.8707		258
263	4.8707		258
264	4.8707		258
265	4.8707		258
266	4.8707		258
267	4.8707		258
268	4.8707		258
269	4.8707		258
270	4.8707		258
271	4.8707		258
272	4.8707		258
273	4.8707		258
274	4.8707		258
275	4.8707		258
276	4.8707		258
277	4.8707		258
278	4.8707		258
279	4.8707		258
280	4.8707		258
281	4.8707		258
282	4.8707		258
283	4.8707		258
284	4.8707		258
285	4.8707		258
286	4.8707		258
287	4.8707		258
288	4.8707		258
289	4.8707		258
290	4.8707		258
291	4.8707		258
292	4.8707		258
293	4.8707		258
294	4.8707		258
295	4.8707		258
296	4.8707		258
297	4.8707		258
298	4.8707		258
299	4.8707		258
300	4.8707		258
301	4.8707		258
302	4.8707		258
303	4.8707		258
304	4.8707		258
305	4.8707		258
306	4.8707		258
307	4.8707		258
308	4.8707		258
309	4.8707		258
310	4.8707		258
311	4.8707		258
312	4.8707		258
313	4.8707		258
314	4.8707		258
315	4.8707		258
316	4.8707		258
317	4.8707		258
318	4.86353		318
319	4.86353		318
320	4.86353		318
321	4.86353		318
322	4.86353		318
323	4.86353		318
324	4.86353		318
325	4.86353		318
326	4.86353		318
327	4.86353		318
328	4.86353		318
329	4.86353		318
330	4.86353		318
331	4.86353		318
332	4.86353		318
333	4.86353		318
334	4.86353		318
335	4.86353		318
336	4.86353		318
337	4.86353		318
338	4.86353		318
339	4.86353		318
340	4.86353		318
341	4.86353		318
342	4.86353		318
343	4.86353		318
344	4.86353		318
345	4.86353		318
346	4.86353		318
347	4.86353		318
348	4.86353		318
349	4.86353		318
350	4.86353		318
351	4.86353		318
352	4.86353		318
353	4.86353		318
354	4.86353		318
355	4.86353		318
356	4.86353		318
357	4.86353		318
358	4.86353		318
359	4.86353		318
360	4.86353		318
361	4.86353		318
362	4.86353		318
363	4.86353		318
364	4.86353		318
365	4.86353		318
366	4.86353		318
367	4.86353		318
368	4.81981		368
369	4.81981		368
370	4.81981		368
371	4.81981		368
372	4.81981		368
373	4.81981		368
374	4.81981		368
375	4.81981		368
376	4.81981		368
377	4.81981		368
378	4.81981		368
379	4.81981		368
380	4.81981		368
381	4.81981		368
382	4.81981		368
383	4.81981		368
384	4.81981		368
385	4.81981		368
386	4.81981		368
387	4.81981		368
388	4.81981		368
389	4.81981		368
390	4.81981		368
391	4.81981		368
392	4.81981		368
393	4.81981		368
394	4.81981		368
395	4.81981		368
396	4.81981		368
397	4.81981		368
398	4.81981		368
399	4.81981		368
400	4.81981		368
401	4.81981		368
402	4.81981		368
403	4.81981		368
404	4.81981		368
405	4.81981		368
406	4.81981		368
407	4.81981		368
408	4.81981		368
409	4.81981		368
410	4.81981		368
411	4.81981		368
412	4.81981		368
413	4.81981		368
414	4.81981		368
415	4.81981		368
416	4.81981		368
417	4.81981		368
418	4.81981		368
419	4.81981		368
420	4.81981		368
421	4.81981		368
422	4.81981		368
423	4.81981		368
424	4.81981		368
425	4.81981		368
426	4.81981		368
427	4.81981		368
428	4.81981		368
429	4.81981		368
430	4.81981		368
431	4.81981		368
432	4.81981		368
433	4.81981		368
434	4.81981		368
435	4.81981		368
436	4.81981		368
437	4.81981		368
438	4.81981		368
439	4.81981		368
440	4.81981		368
441	4.81981		368
442	4.81981		368
443	4.81981		368
444	4.81981		368
445	4.81981		368
446	4.81981		368
447	4.81981		368
448	4.81981		368
449	4.81981		368
450	4.81981		368
451	4.81981		368
452	4.81981		368
453	4.81981		368
454	4.81981		368
455	4.81981		368
456	4.81981		368
457	4.81981		368
458	4.81981		368
459	4.81981		368
460	4.81981		368
461	4.81981		368
462	4.81981		368
463	4.81981		368
464	4.81981		368
465	4.81981		368
466	4.81981		368
467	4.81981		368
468	4.81981		368
469	4.81981		368
470	4.81981		368
471	4.81981		368
472	4.81981		368
473	4.81981		368
474	4.81981		368
475	4.81981		368
476	4.81981		368
477	4.81981		368
478	4.81981		368
479	4.81981		368
480	4.81981		368
481	4.81981		368
482	4.81981		368
483	4.81981		368
484	4.81981		368
485	4.81981		368
486	4.81981		368
487	4.81981		368
488	4.81981		368
489	4.81981		368
490	4.81981		368
491	4.81981		368
492	4.81981		368
493	4.81981		368
494	4.81981		368
495	4.81981		368
496	4.81981		368
497	4.81981		368
498	4.81981		368
499	4.81981		368
500	4.81981		368
501	4.81981		368
502	4.81981		368
503	4.81981		368
504	4.81981		368
505	4.81981		368
506	4.81981		368
507	4.81981		368
508	4.81981		368
509	4.81981		368
510	4.81981		368
511	4.81981		368
512	4.81981		368
513	4.81981		368
514	4.81981		368
515	4.81981		368
516	4.81981		368
517	4.81981		368
518	4.81981		368
519	4.81981		368
520	4.81981		368
521	4.81981		368
522	4.81981		368
523	4.81981		368
524	4.81981		368
525	4.81981		368
526	4.81981		368
527	4.81981		368
528	4.81981		368
529	4.81981		368
530	4.81981		368
531	4.81981		368
532	4.81981		368
533	4.81981		368
534	4.81981		368
535	4.81981		368
536	4.81981		368
537	4.81981		368
538	4.81981		368
539	4.81981		368
540	4.81981		368
541	4.81981		368
542	4.81981		368
543	4.81981		368
544	4.81981		368
545	4.81981		368
546	4.81981		368
547	4.81981		368
548	4.81981		368
549	4.81981		368
550	4.81981		368
551	4.81981		368
552	4.81981		368
553	4.81981		368
554	4.81981		368
555	4.81981		368
556	4.81981		368
557	4.81981		368
558	4.81981		368
559	4.81981		368
560	4.81981		368
561	4.81981		368
562	4.81981		368
563	4.81981		368
564	4.81981		368
565	4.81981		368
566	4.81981		368
567	4.81981		368
568	4.81981		368
569	4.81981		368
570	4.81981		368
571	4.81981		368
572	4.81981		368
573	4.81981		368
574	4.81981		368
575	4.81981		368
576	4.81981		368
577	4.81981		368
578	4.81981		368
579	4.81981		368
580	4.81981		368
581	4.81981		368
582	4.81981		368
583	4.81981		368
584	4.81981		368
585	4.81981		368
586	4.81981		368
587	4.81981		368
588	4.81981		368
589	4.81981		368
590	4.81981		368
591	4.81981		368
592	4.81981		368
593	4.81981		368
594	4.81981		368
595	4.81981		368
596	4.81981		368
597	4.81981		368
598	4.81981		368
599	4.81981		368
600	4.81981		368
601	4.81981		368
602	4.81981		368
603	4.81981		368
604	4.81981		368
605	4.81981		368
606	4.81981		368
607	4.81981		368
608	4.81981		368
609	4.63666		609
610	4.63666		609
611	4.63666		609
612	4.63666		609
613	4.63666		609
614	4.63666		609
615	4.63666		609
616	4.63666		609
617	4.63666		609
618	4.63666		609
619	4.63666		609
620	4.63666		609
621	4.63666		609
622	4.63666		609
623	4.63666		609
624	4.63666		609
625	4.63666		609
626	4.63666		609
627	4.63666		609
628	4.63666		609
629	4.63666		609
630	4.63666		609
631	4.63666		609
632	4.63666		609
633	4.63666		609
634	4.63666		609
635	4.63666		609
636	4.63666		609
637	4.63666		609
638	4.63666		609
639	4.63666		609
640	4.63666		609
641	4.63666		609
642	4.63666		609
643	4.63666		609
644	4.63666		609
645	4.63666		609
646	4.63666		609
647	4.63666		609
648	4.63666		609
649	4.63666		609
650	4.63666		609
651	4.63666		609
652	4.63666		609
653	4.63666		609
654	4.63666		609
655	4.63666		609
656	4.63666		609
657	4.63666		609
658	4.63666		609
659	4.63666		609
660	4.63666		609
661	4.63666		609
662	4.63666		609
663	4.63666		609
664	4.63666		609
665	4.63666		609
666	4.63666		609
667	4.63666		609
668	4.63666		609
669	4.63666		609
670	4.63666		609
671	4.63666		609
672	4.63666		609
673	4.63666		609
674	4.63666		609
675	4.63666		609
676	4.63666		609
677	4.63666		609
678	4.63666		609
679	4.63666		609
680	4.63666		609
681	4.63666		609
682	4.63666		609
683	4.63666		609
684	4.63666		609
685	4.63666		609
686	4.63666		609
687	4.63666		609
688	4.63666		609
689	4.63666		609
690	4.63666		609
691	4.63666		609
692	4.63666		609
693	4.63666		609
694	4.63666		609
695	4.63666		609
696	4.63666		609
697	4.63666		609
698	4.63666		609
699	4.63666		609
700	4.63666		609
701	4.63666		609
702	4.63666		609
703	4.63666		609
704	4.63666		609
705	4.63666		609
706	4.63666		609
707	4.63666		609
708	4.63666		609
709	4.63666		609
710	4.63666		609
711	4.63666		609
712	4.63666		609
713	4.63666		609
714	4.63666		609
715	4.63666		609
716	4.63666		609
717	4.63666		609
718	4.63666		609
719	4.63666		609
720	4.63666		609
721	4.63666		609
722	4.63666		609
723	4.63666		609
724	4.63666		609
725	4.63666		609
726	4.63666		609
727	4.63666		609
728	4.63666		609
729	4.63666		609
730	4.63666		609
731	4.63666		609
732	4.63666		609
733	4.63666		609
734	4.63666		609
735	4.63666		609
736	4.63666		609
737	4.63666		609
738	4.63666		609
739	4.63666		609
740	4.63666		609
741	4.63666		609
742	4.63666		609
743	4.63666		609
744	4.63666		609
745	4.63666		609
746	4.63666		609
747	4.63666		609
748	4.63666		609
749	4.63666		609
750	4.63666		609
751	4.63666		609
752	4.63666		609
753	4.63666		609
754	4.63666		609
755	4.63666		609
756	4.63666		609
757	4.63666		609
758	4.63666		609
759	4.63666		609
760	4.63666		609
761	4.63666		609
762	4.63666		609
763	4.63666		609
764	4.63666		609
765	4.63666		609
766	4.63666		609
767	4.63666		609
768	4.63666		609
769	4.63666		609
770	4.63666		609
771	4.63666		609
772	4.63666		609
773	4.63666		609
774	4.63666		609
775	4.63666		609
776	4.63666		609
777	4.63666		609
778	4.63666		609
779	4.63666		609
780	4.63666		609
781	4.63666		609
782	4.63666		609
783	4.63666		609
784	4.63666		609
785	4.63666		609
786	4.63666		609
787	4.63666		609
788	4.63666		609
789	4.63666		609
790	4.63666		609
791	4.63666		609
792	4.63666		609
793	4.63666		609
794	4.63666		609
795	4.63666		609
796	4.63666		609
797	4.63666		609
798	4.63666		609
799	4.63666		609
800	4.63666		609
801	4.63666		609
802	4.63666		609
803	4.63666		609
804	4.63666		609
805	4.63666		609
806	4.63666		609
807	4.63666		609
808	4.63666		609
809	4.63666		609
810	4.63666		609
811	4.63666		609
812	4.63666		609
813	4.63666		609
814	4.63666		609
815	4.63666		609
816	4.63666		609
817	4.63666		609
818	4.63666		609
819	4.63666		609
820	4.63666		609
821	4.63666		609
822	4.63666		609
823	4.63666		609
824	4.63666		609
825	4.63666		609
826	4.63666		609
827	4.63666		609
828	4.63666		609
829	4.63666		609
830	4.63666		609
831	4.63666		609
832	4.63666		609
833	4.63666		609
834	4.63666		609
835	4.63666		609
836	4.63666		609
837	4.63666		609
838	4.63666		609
839	4.63666		609
840	4.63666		609
841	4.63666		609
842	4.63666		609
843	4.63666		609
844	4.63666		609
845	4.63666		609
846	4.63666		609
847	4.63666		609
848	4.63666		609
849	4.63666		609
850	4.63666		609
851	4.63666		609
852	4.63666		609
853	4.63666		609
854	4.63666		609
855	4.63666		609
856	4.63666		609
857	4.63666		609
858	4.63666		609
859	4.63666		609
860	4.63666		609
861	4.63666		609
862	4.63666		609
863	4.63666		609
864	4.63666		609
865	4.63666		609
866	4.63666		609
867	4.63666		609
868	4.63666		609
869	4.63666		609
870	4.63666		609
871	4.63666		609
872	4.63666		609
873	4.63666		609
874	4.63666		609
875	4.63666		609
876	4.63666		609
877	4.63666		609
878	4.63666		609
879	4.63666		609
880	4.63666		609
881	4.63666		609
882	4.63666		609
883	4.63666		609
884	4.63666		609
885	4.63666		609
886	4.63666		609
887	4.63666		609
888	4.63666		609
889	4.63666		609
890	4.63666		609
891	4.63666		609
892	4.63666		609
893	4.63666		609
894	4.63666		609
895	4.63666		609
896	4.63666		609
897	4.63666		609
898	4.63666		609
899	4.63666		609
900	4.63666		609
901	4.63666		609
902	4.63666		609
903	4.63666		609
904	4.63666		609
905	4.63666		609
906	4.63666		609
907	4.63666		609
908	4.63666		609
909	4.63666		609
910	4.63666		609
911	4.63666		609
912	4.63666		609
913	4.63666		609
914	4.63666		609
915	4.63666		609
916	4.63666		609
917	4.63666		609
918	4.63666		609
919	4.63666		609
920	4.63666		609
921	4.63666		609
922	4.63666		609
923	4.63666		609
924	4.63666		609
925	4.63666		609
926	4.63666		609
927	4.63666		609
928	4.63666		609
929	4.63666		609
930	4.63666		609
931	4.63666		609
932	4.63666		609
933	4.63666		609
934	4.63666		609
935	4.63666		609
936	4.63666		609
937	4.63666		609
938	4.63666		609
939	4.63666		609
940	4.63666		609
941	4.63666		609
942	4.63666		609
943	4.63666		609
944	4.63666		609
945	4.63666		609
946	4.63666		609
947	4.63666		609
948	4.63666		609
949	4.63666		609
950	4.63666		609
951	4.63666		609
952	4.63666		609
953	4.63666		609
954	4.63666		609
955	4.63666		609
956	4.63666		609
957	4.63666		609
958	4.63666		609
959	4.63666		609
960	4.63666		609
961	4.63666		609
962	4.63666		609
963	4.63666		609
964	4.63666		609
965	4.63666		609
966	4.63666		609
967	4.63666		609
968	4.63666		609
969	4.63666		609
970	4.63666		609
971	4.63666		609
972	4.63666		609
973	4.63666		609
974	4.63666		609
975	4.63666		609
976	4.63666		609
977	4.63666		609
978	4.63666		609
979	4.63666		609
980	4.63666		609
981	4.63666		609
982	4.63666		609
983	4.63666		609
984	4.63666		609
985	4.63666		609
986	4.63666		609
987	4.63666		609
988	4.63666		609
989	4.63666		609
990	4.63666		609
991	4.63666		609
992	4.63666		609
993	4.63666		609
994	4.63666		609
995	4.63666		609
996	4.63666		609
997	4.63666		609
998	4.63666		609
999	4.63666		609
1000	4.63666		609
1001	4.63666		609
1002	4.63666		609
1003	4.63666		609
1004	4.63666		609
1005	4.63666		609
1006	4.63666		609
1007	4.63666		609
1008	4.63666		609
1009	4.63666		609
1010	4.63666		609
1011	4.63666		609
1012	4.63666		609
1013	4.63666		609
1014	4.63666		609
1015	4.63666		609
1016	4.63666		609
1017	4.63666		609
1018	4.63666		609
1019	4.63666		609
1020	4.63666		609
1021	4.63666		609
1022	4.63666		609
1023	4.63666		609
1024	4.63666		609
1025	4.63666		609
1026	4.63666		609
1027	4.63666		609
1028	4.63666		609
1029	4.63666		609
1030	4.63666		609
1031	4.63666		609
1032	4.63666		609
1033	4.63666		609
1034	4.63666		609
1035	4.63666		609
1036	4.63666		609
1037	4.63666		609
1038	4.63666		609
1039	4.63666		609
1040	4.63666		609
1041	4.63666		609
1042	4.63666		609
1043	4.63666		609
1044	4.63666		609
1045	4.63666		609
1046	4.63666		609
1047	4.63666		609
1048	4.63666		609
1049	4.63666		609
1050	4.63666		609
1051	4.63666		609
1052	4.63666		609
1053	4.63666		609
1054	4.63666		609
1055	4.63666		609
1056	4.63666		609
1057	4.63666		609
1058	4.63666		609
1059	4.63666		609
1060	4.63666		609
1061	4.63666		609
1062	4.63666		609
1063	4.63666		609
1064	4.63666		609
1065	4.63666		609
1066	4.63666		609
1067	4.63666		609
1068	4.63666		609
1069	4.63666		609
1070	4.63666		609
1071	4.63666		609
1072	4.63666		609
1073	4.63666		609
1074	4.63666		609
1075	4.63666		609
1076	4.63666		609
1077	4.63666		609
1078	4.63666		609
1079	4.63666		609
1080	4.63666		609
1081	4.63666		609
1082	4.63666		609
1083	4.63666		609
1084	4.63666		609
1085	4.63666		609
1086	4.63666		609
1087	4.63666		609
1088	4.63666		609
1089	4.63666		609
1090	4.63666		609
1091	4.63666		609
1092	4.63666		609
1093	4.63666		609
1094	4.63666		609
1095	4.63666		609
1096	4.63666		609
1097	4.63666		609
1098	4.63666		609
1099	4.63666		609
1100	4.63666		609
1101	4.63666		609
1102	4.63666		609
1103	4.63666		609
1104	4.63666		609
1105	4.63666		609
1106	4.63666		609
1107	4.63666		609
1108	4.63666		609
1109	4.63666		609
1110	4.63666		609
1111	4.63666		609
1112	4.63666		609
1113	4.63666		609
1114	4.63666		609
1115	4.63666		609
1116	4.63666		609
1117	4.63666		609
1118	4.63666		609
1119	4.63666		609
1120	4.63666		609
1121	4.63666		609
1122	4.63666		609
1123	4.63666		609
1124	4.63666		609
1125	4.63666		609
1126	4.63666		609
1127	4.63666		609
1128	4.63666		609
1129	4.63666		609
1130	4.63666		609
1131	4.63666		609
1132	4.63666		609
1133	4.63666		609
1134	4.63666		609
1135	4.63666		609
1136	4.63666		609
1137	4.63666		609
1138	4.63666		609
1139	4.63666		609
1140	4.63666		609
1141	4.63666		609
1142	4.63666		609
1143	4.63666		609
1144	4.63666		609
1145	4.63666		609
1146	4.63666		609
1147	4.63666		609
1148	4.63666		609
1149	4.63666		609
1150	4.63666		609
1151	4.63666		609
1152	4.63666		609
1153	4.63666		609
1154	4.63666		609
1155	4.63666		609
1156	4.63666		609
1157	4.63666		609
1158	4.63666		609
1159	4.63666		609
1160	4.63666		609
1161	4.63666		609
1162	4.63666		609
1163	4.63666		609
1164	4.63666		609
1165	4.63666		609
1166	4.63666		609
1167	4.63666		609
1168	4.63666		609
1169	4.63666		609
1170	4.63666		609
1171	4.63666		609
1172	4.63666		609
1173	4.63666		609
1174	4.63666		609
1175	4.63666		609
1176	4.63666		609
1177	4.63666		609
1178	4.63666		609
1179	4.63666		609
1180	4.63666		609
1181	4.63666		609
1182	4.63666		609
1183	4.63666		609
1184	4.63666		609
1185	4.63666		609
1186	4.63666		609
1187	4.63666		609
1188	4.63666		609
1189	4.63666		609
1190	4.63666		609
1191	4.63666		609
1192	4.63666		609
1193	4.63666		609
1194	4.63666		609
1195	4.63666		609
1196	4.63666		609
1197	4.63666		609
1198	4.63666		609
1199	4.63666		609
1200	4.63666		609
1201	4.63666		609
1202	4.63666		609
1203	4.63666		609
1204	4.63666		609
1205	4.63666		609
1206	4.63666		609
1207	4.63666		609
1208	4.63666		609
1209	4.63666		609
1210	4.63666		609
1211	4.63666		609
1212	4.63666		609
1213	4.63666		609
1214	4.63666		609
1215	4.63666		609
1216	4.63666		609
1217	4.63666		609
1218	4.63666		609
1219	4.63666		609
1220	4.63666		609
1221	4.63666		609
1222	4.63666		609
1223	4.63666		609
1224	4.63666		609
1225	4.63666		609
1226	4.63666		609
1227	4.63666		609
1228	4.63666		609
1229	4.63666		609
1230	4.63666		609
1231	4.63666		609
1232	4.63666		609
1233	4.63666		609
1234	4.63666		609
1235	4.63666		609
1236	4.63666		609
1237	4.63666		609
1238	4.63666		609
1239	4.63666		609
1240	4.63666		609
1241	4.63666		609
1242	4.63666		609
1243	4.63666		609
1244	4.63666		609
1245	4.63666		609
1246	4.63666		609
1247	4.63666		609
1248	4.63666		609
1249	4.63666		609
1250	4.63666		609
1251	4.63666		609
1252	4.63666		609
1253	4.63666		609
1254	4.63666		609
1255	4.63666		609
1256	4.63666		609
1257	4.63666		609
1258	4.63666		609
1259	4.63666		609
1260	4.63666		609
1261	4.63666		609
1262	4.63666		609
1263	4.63666		609
1264	4.63666		609
1265	4.63666		609
1266	4.63666		609
1267	4.63666		609
1268	4.63666		609
1269	4.63666		609
1270	4.63666		609
1271	4.63666		609
1272	4.63666		609
1273	4.63666		609
1274	4.63666		609
1275	4.63666		609
1276	4.63666		609
1277	4.63666		609
1278	4.63666		609
1279	4.63666		609
1280	4.63666		609
1281	4.63666		609
1282	4.63666		609
1283	4.63666		609
1284	4.63666		609
1285	4.63666		609
1286	4.63666		609
1287	4.63666		609
1288	4.63666		609
1289	4.63666		609
1290	4.63666		609
1291	4.63666		609
1292	4.63666		609
1293	4.63666		609
1294	4.63666		609
1295	4.63666		609
1296	4.63666		609
1297	4.63666		609
1298	4.63666		609
1299	4.63666		609
1300	4.63666		609
1301	4.63666		609
1302	4.63666		609
1303	4.63666		609
1304	4.63666		609
1305	4.63666		609
1306	4.63666		609
1307	4.63666		609
1308	4.63666		609
1309	4.63666		609
1310	4.63666		609
1311	4.63666		609
1312	4.63666		609
1313	4.63666		609
1314	4.63666		609
1315	4.63666		609
1316	4.63666		609
1317	4.63666		609
1318	4.63666		609
1319	4.63666		609
1320	4.63666		609
1321	4.63666		609
1322	4.63666		609
1323	4.63666		609
1324	4.63666		609
1325	4.63666		609
1326	4.63666		609
1327	4.63666		609
1328	4.63666		609
1329	4.63666		609
1330	4.63666		609
1331	4.63666		609
1332	4.63666		609
1333	4.63666		609
1334	4.63666		609
1335	4.63666		609
1336	4.63666		609
1337	4.63666		609
1338	4.63666		609
1339	4.63666		609
1340	4.63666		609
1341	4.63666		609
1342	4.63666		609
1343	4.63666		609
1344	4.63666		609
1345	4.63666		609
1346	4.63666		609
1347	4.63666		609
1348	4.63666		609
1349	4.63666		609
1350	4.63666		609
1351	4.63666		609
1352	4.63666		609
1353	4.63666		609
1354	4.63666		609
1355	4.63666		609
1356	4.63666		609
1357	4.63666		609
1358	4.63666		609
1359	4.63666		609
1360	4.63666		609
1361	4.63666		609
1362	4.63666		609
1363	4.63666		609
1364	4.63666		609
1365	4.63666		609
1366	4.63666		609
1367	4.63666		609
1368	4.63666		609
1369	4.63666		609
1370	4.63666		609
1371	4.63666		609
1372	4.63666		609
1373	4.63666		609
1374	4.63666		609
1375	4.63666		609
1376	4.63666		609
1377	4.63666		609
1378	4.63666		609
1379	4.63666		609
1380	4.63666		609
1381	4.63666		609
1382	4.63666		609
1383	4.63666		609
1384	4.63666		609
1385	4.63666		609
1386	4.63666		609
1387	4.63666		609
1388	4.63666		609
1389	4.63666		609
1390	4.63666		609
1391	4.63666		609
1392	4.63666		609
1393	4.63666		609
1394	4.63666		609
1395	4.63666		609
1396	4.63666		609
1397	4.63666		609
1398	4.63666		609
1399	4.63666		609
1400	4.63666		609
1401	4.63666		609
1402	4.63666		609
1403	4.63666		609
1404	4.63666		609
1405	4.63666		609
1406	4.63666		609
1407	4.63666		609
1408	4.63666		609
1409	4.63666		609
1410	4.63666		609
1411	4.63666		609
1412	4.63666		609
1413	4.63666		609
1414	4.63666		609
1415	4.63666		609
1416	4.63666		609
1417	4.63666		609
1418	4.63666		609
1419	4.63666		609
1420	4.63666		609
1421	4.63666		609
1422	4.63666		609
1423	4.63666		609
1424	4.63666		609
1425	4.63666		609
1426	4.63666		609
1427	4.63666		609
1428	4.63666		609
1429	4.63666		609
1430	4.63666		609
1431	4.63666		609
1432	4.63666		609
1433	4.63666		609
1434	4.63666		609
1435	4.63666		609
1436	4.63666		609
1437	4.63666		609
1438	4.63666		609
1439	4.63666		609
1440	4.63666		609
1441	4.63666		609
1442	4.63666		609
1443	4.63666		609
1444	4.63666		609
1445	4.63666		609
1446	4.63666		609
1447	4.63666		609
1448	4.63666		609
1449	4.63666		609
1450	4.63666		609
1451	4.63666		609
1452	4.63666		609
1453	4.63666		609
1454	4.63666		609
1455	4.63666		609
1456	4.63666		609
1457	4.63666		609
1458	4.63666		609
1459	4.63666		609
1460	4.63666		609
1461	4.63666		609
1462	4.63666		609
1463	4.63666		609
1464	4.63666		609
1465	4.63666		609
1466	4.63666		609
1467	4.63666		609
1468	4.63666		609
1469	4.63666		609
1470	4.63666		609
1471	4.63666		609
1472	4.63666		609
1473	4.63666		609
1474	4.63666		609
1475	4.63666		609
1476	4.63666		609
1477	4.63666		609
1478	4.63666		609
1479	4.63666		609
1480	4.63666		609
1481	4.63666		609
1482	4.63666		609
1483	4.63666		609
1484	4.63666		609
1485	4.63666		609
1486	4.63666		609
1487	4.63666		609
1488	4.63666		609
1489	4.63666		609
1490	4.63666		609
1491	4.63666		609
1492	4.63666		609
1493	4.63666		609
1494	4.63666		609
1495	4.63666		609
1496	4.63666		609
1497	4.63666		609
1498	4.63666		609
1499	4.63666		609
1500	4.63666		609
1501	4.63666		609
1502	4.63666		609
1503	4.63666		609
1504	4.63666		609
1505	4.63666		609
1506	4.63666		609
1507	4.63666		609
1508	4.63666		609
1509	4.63666		609
1510	4.63666		609
1511	4.63666		609
1512	4.63666		609
1513	4.63666		609
1514	4.63666		609
1515	4.63666		609
1516	4.63666		609
1517	4.63666		609
1518	4.63666		609
1519	4.63666		609
1520	4.63666		609
1521	4.63666		609
1522	4.63666		609
1523	4.63666		609
1524	4.63666		609
1525	4.63666		609
1526	4.63666		609
1527	4.63666		609
1528	4.63666		609
1529	4.63666		609
1530	4.63666		609
1531	4.63666		609
1532	4.63666		609
1533	4.63666		609
1534	4.63666		609
1535	4.63666		609
1536	4.63666		609
1537	4.63666		609
1538	4.63666		609
1539	4.63666		609
1540	4.63666		609
1541	4.63666		609
1542	4.63666		609
1543	4.63666		609
1544	4.63666		609
1545	4.63666		609
1546	4.63666		609
1547	4.63666		609
1548	4.63666		609
1549	4.63666		609
1550	4.63666		609
1551	4.63666		609
1552	4.63666		609
1553	4.63666		609
1554	4.63666		609
1555	4.63666		609
1556	4.63666		609
1557	4.63666		609
1558	4.63666		609
1559	4.63666		609
1560	4.63666		609
1561	4.63666		609
1562	4.63666		609
1563	4.63666		609
1564	4.63666		609
1565	4.63666		609
1566	4.63666		609
1567	4.63666		609
1568	4.63666		609
1569	4.63666		609
1570	4.63666		609
1571	4.63666		609
1572	4.63666		609
1573	4.63666		609
1574	4.63666		609
1575	4.63666		609
1576	4.63666		609
1577	4.63666		609
1578	4.63666		609
1579	4.63666		609
1580	4.63666		609
1581	4.63666		609
1582	4.63666		609
1583	4.63666		609
1584	4.63666		609
1585	4.63666		609
1586	4.63666		609
1587	4.63666		609
1588	4.63666		609
1589	4.63666		609
1590	4.63666		609
1591	4.63666		609
1592	4.63666		609
1593	4.63666		609
1594	4.63666		609
1595	4.63666		609
1596	4.63666		609
1597	4.63666		609
1598	4.63666		609
1599	4.63666		609
1600	4.63666		609
1601	4.63666		609
1602	4.63666		609
1603	4.63666		609
1604	4.63666		609
1605	4.63666		609
1606	4.63666		609
1607	4.63666		609
1608	4.63666		609
1609	4.63666		609
1610	4.63666		609
1611	4.63666		609
1612	4.63666		609
1613	4.63666		609
1614	4.63666		609
1615	4.63666		609
1616	4.63666		609
1617	4.63666		609
1618	4.63666		609
1619	4.63666		609
1620	4.63666		609
1621	4.63666		609
1622	4.63666		609
1623	4.63666		609
1624	4.63666		609
1625	4.63666		609
1626	4.63666		609
1627	4.63666		609
1628	4.63666		609
1629	4.63666		609
1630	4.63666		609
1631	4.63666		609
1632	4.63666		609
1633	4.63666		609
1634	4.63666		609
1635	4.63666		609
1636	4.63666		609
1637	4.63666		609
1638	4.63666		609
1639	4.63666		609
1640	4.63666		609
1641	4.63666		609
1642	4.63666		609
1643	4.63666		609
1644	4.63666		609
1645	4.63666		609
1646	4.63666		609
1647	4.63666		609
1648	4.63666		609
1649	4.63666		609
1650	4.63666		609
1651	4.63666		609
1652	4.63666		609
1653	4.63666		609
1654	4.63666		609
1655	4.63666		609
1656	4.63666		609
1657	4.63666		609
1658	4.63666		609
1659	4.63666		609
1660	4.63666		609
1661	4.63666		609
1662	4.63666		609
1663	4.63666		609
1664	4.63666		609
1665	4.63666		609
1666	4.63666		609
1667	4.63666		609
1668	4.63666		609
1669	4.63666		609
1670	4.63666		609
1671	4.63666		609
1672	4.63666		609
1673	4.63666		609
1674	4.63666		609
1675	4.63666		609
1676	4.63666		609
1677	4.63666		609
1678	4.63666		609
1679	4.63666		609
1680	4.63666		609
1681	4.63666		609
1682	4.63666		609
1683	4.63666		609
1684	4.63666		609
1685	4.63666		609
1686	4.63666		609
1687	4.63666		609
1688	4.63666		609
1689	4.63666		609
1690	4.63666		609
1691	4.63666		609
1692	4.63666		609
1693	4.63666		609
1694	4.63666		609
1695	4.63666		609
1696	4.63666		609
1697	4.63666		609
1698	4.63666		609
1699	4.63666		609
1700	4.63666		609
1701	4.63666		609
1702	4.63666		609
1703	4.63666		609
1704	4.63666		609
1705	4.63666		609
1706	4.63666		609
1707	4.63666		609
1708	4.63666		609
1709	4.63666		609
1710	4.63666		609
1711	4.63666		609
1712	4.63666		609
1713	4.63666		609
1714	4.63666		609
1715	4.63666		609
1716	4.63666		609
1717	4.63666		609
1718	4.63666		609
1719	4.63666		609
1720	4.63666		609
1721	4.63666		609
1722	4.63666		609
1723	4.63666		609
1724	4.63666		609
1725	4.63666		609
1726	4.63666		609
1727	4.63666		609
1728	4.63666		609
1729	4.63666		609
1730	4.63666		609
1731	4.63666		609
1732	4.63666		609
1733	4.63666		609
1734	4.63666		609
1735	4.63666		609
1736	4.63666		609
1737	4.63666		609
1738	4.63666		609
1739	4.63666		609
1740	4.63666		609
1741	4.63666		609
1742	4.63666		609
1743	4.63666		609
1744	4.63666		609
1745	4.63666		609
1746	4.63666		609
1747	4.63666		609
1748	4.63666		609
1749	4.63666		609
1750	4.63666		609
1751	4.63666		609
1752	4.63666		609
1753	4.63666		609
1754	4.63666		609
1755	4.63666		609
1756	4.63666		609
1757	4.63666		609
1758	4.63666		609
1759	4.63666		609
1760	4.63666		609
1761	4.63666		609
1762	4.63666		609
1763	4.63666		609
1764	4.63666		609
1765	4.63666		609
1766	4.63666		609
1767	4.63666		609
1768	4.63666		609
1769	4.63666		609
1770	4.63666		609
1771	4.63666		609
1772	4.63666		609
1773	4.63666		609
1774	4.63666		609
1775	4.63666		609
1776	4.63666		609
1777	4.63666		609
1778	4.63666		609
1779	4.63666		609
1780	4.63666		609
1781	4.63666		609
1782	4.63666		609
1783	4.63666		609
1784	4.63666		609
1785	4.63666		609
1786	4.63666		609
1787	4.63666		609
1788	4.63666		609
1789	4.63666		609
1790	4.63666		609
1791	4.63666		609
1792	4.63666		609
1793	4.63666		609
1794	4.63666		609
1795	4.63666		609
1796	4.63666		609
1797	4.63666		609
1798	4.63666		609
1799	4.63666		609
1800	4.63666		609
1801	4.63666		609
1802	4.63666		609
1803	4.63666		609
1804	4.63666		609
1805	4.63666		609
1806	4.63666		609
1807	4.63666		609
1808	4.63666		609
1809	4.63666		609
1810	4.63666		609
1811	4.63666		609
1812	4.63666		609
1813	4.63666		609
1814	4.63666		609
1815	4.63666		609
1816	4.63666		609
1817	4.63666		609
1818	4.63666		609
1819	4.63666		609
1820	4.63666		609
1821	4.63666		609
1822	4.63666		609
1823	4.63666		609
1824	4.63666		609
1825	4.63666		609
1826	4.63666		609
1827	4.63666		609
1828	4.63666		609
1829	4.63666		609
1830	4.63666		609
1831	4.63666		609
1832	4.63666		609
1833	4.63666		609
1834	4.63666		609
1835	4.63666		609
1836	4.63666		609
1837	4.63666		609
1838	4.63666		609
1839	4.63666		609
1840	4.63666		609
1841	4.63666		609
1842	4.63666		609
1843	4.63666		609
1844	4.63666		609
1845	4.63666		609
1846	4.63666		609
1847	4.63666		609
1848	4.63666		609
1849	4.63666		609
1850	4.63666		609
1851	4.63666		609
1852	4.63666		609
1853	4.63666		609
1854	4.63666		609
1855	4.63666		609
1856	4.63666		609
1857	4.63666		609
1858	4.63666		609
1859	4.63666		609
1860	4.63666		609
1861	4.63666		609
1862	4.63666		609
1863	4.63666		609
1864	4.63666		609
1865	4.63666		609
1866	4.63666		609
1867	4.63666		609
1868	4.63666		609
1869	4.63666		609
1870	4.63666		609
1871	4.63666		609
1872	4.63666		609
1873	4.63666		609
1874	4.63666		609
1875	4.63666		609
1876	4.63666		609
1877	4.63666		609
1878	4.63666		609
1879	4.63666		609
1880	4.63666		609
1881	4.63666		609
1882	4.63666		609
1883	4.63666		609
1884	4.63666		609
1885	4.63666		609
1886	4.63666		609
1887	4.63666		609
1888	4.63666		609
1889	4.63666		609
1890	4.63666		609
1891	4.63666		609
1892	4.63666		609
1893	4.63666		609
1894	4.63666		609
1895	4.63666		609
1896	4.63666		609
1897	4.63666		609
1898	4.63666		609
1899	4.63666		609
1900	4.63666		609
1901	4.63666		609
1902	4.63666		609
1903	4.63666		609
1904	4.63666		609
1905	4.63666		609
1906	4.63666		609
1907	4.63666		609
1908	4.63666		609
1909	4.63666		609
1910	4.63666		609
1911	4.63666		609
1912	4.63666		609
1913	4.63666		609
1914	4.63666		609
1915	4.63666		609
1916	4.63666		609
1917	4.63666		609
1918	4.63666		609
1919	4.63666		609
1920	4.63666		609
1921	4.63666		609
1922	4.63666		609
1923	4.63666		609
1924	4.63666		609
1925	4.63666		609
1926	4.63666		609
1927	4.63666		609
1928	4.63666		609
1929	4.63666		609
1930	4.63666		609
1931	4.63666		609
1932	4.63666		609
1933	4.63666		609
1934	4.63666		609
1935	4.63666		609
1936	4.63666		609
1937	4.63666		609
1938	4.63666		609
1939	4.63666		609
1940	4.63666		609
1941	4.63666		609
1942	4.63666		609
1943	4.63666		609
1944	4.63666		609
1945	4.63666		609
1946	4.63666		609
1947	4.63666		609
1948	4.63666		609
1949	4.63666		609
1950	4.63666		609
1951	4.63666		609
1952	4.63666		609
1953	4.63666		609
1954	4.63666		609
1955	4.63666		609
1956	4.63666		609
1957	4.63666		609
1958	4.63666		609
1959	4.63666		609
1960	4.63666		609
1961	4.63666		609
1962	4.63666		609
1963	4.63666		609
1964	4.63666		609
1965	4.63666		609
1966	4.63666		609
1967	4.63666		609
1968	4.63666		609
1969	4.63666		609
1970	4.63666		609
1971	4.63666		609
1972	4.63666		609
1973	4.63666		609
1974	4.63666		609
1975	4.63666		609
1976	4.63666		609
1977	4.63666		609
1978	4.63666		609
1979	4.63666		609
1980	4.63666		609
1981	4.63666		609
1982	4.63666		609
1983	4.63666		609
1984	4.63666		609
1985	4.63666		609
1986	4.63666		609
1987	4.63666		609
1988	4.63666		609
1989	4.63666		609
1990	4.63666		609
1991	4.63666		609
1992	4.63666		609
1993	4.63666		609
1994	4.63666		609
1995	4.63666		609
1996	4.63666		609
1997	4.63666		609
1998	4.63666		609
1999	4.63666		609
2000	4.63666		609
