1	12.4439		1
2	12.4439		1
3	11.6323		3
4	11.2105		4
5	10.4602		5
6	10.1731		6
7	10.1731		6
8	10.1731		6
9	10.1731		6
10	10.1731		6
11	10.1731		6
12	10.1731		6
13	10.1731		6
14	10.0912		14
15	10.0378		15
16	9.94726		16
17	9.80122		17
18	9.80122		17
19	9.80122		17
20	9.53207		20
21	9.20196		21
22	9.20196		21
23	8.7324		23
24	8.7324		23
25	8.7324		23
26	8.13591		26
27	8.13591		26
28	8.13591		26
29	8.13591		26
30	8.13591		26
31	8.13591		26
32	8.13591		26
33	8.13591		26
34	7.95141		34
35	7.95141		34
36	7.87418		36
37	7.77621		37
38	7.77621		37
39	7.77621		37
40	7.77621		37
41	7.77621		37
42	7.70544		42
43	7.67255		43
44	7.67255		43
45	7.67255		43
46	7.65347		46
47	7.64788		47
48	7.64788		47
49	7.64788		47
50	7.64788		47
51	7.64788		47
52	7.64788		47
53	7.35686		53
54	7.27388		54
55	7.27388		54
56	7.27388		54
57	7.15199		57
58	6.91789		58
59	6.91789		58
60	6.91789		58
61	6.91789		58
62	6.81491		62
63	6.81491		62
64	6.70732		64
65	6.70732		64
66	6.70249		66
67	6.70249		66
68	6.70249		66
69	6.70249		66
70	6.45135		70
71	6.45135		70
72	6.45135		70
73	6.30051		73
74	6.24066		74
75	6.18079		75
76	6.18079		75
77	6.18079		75
78	5.96419		78
79	5.71251		79
80	5.71251		79
81	5.71251		79
82	5.71251		79
83	5.71251		79
84	5.71251		79
85	5.49031		85
86	5.49031		85
87	5.49031		85
88	5.49031		85
89	5.49031		85
90	5.49031		85
91	5.49031		85
92	5.48908		92
93	5.48908		92
94	5.48908		92
95	5.48908		92
96	5.48908		92
97	5.48908		92
98	5.48908		92
99	5.48908		92
100	5.41913		100
101	5.41913		100
102	5.41913		100
103	5.41913		100
104	5.41913		100
105	5.41913		100
106	5.41913		100
107	5.41913		100
108	5.41913		100
109	5.41913		100
110	5.41913		100
111	5.41913		100
112	5.41913		100
113	5.41913		100
114	5.41913		100
115	5.41913		100
116	5.41913		100
117	5.41913		100
118	5.41913		100
119	5.41913		100
120	5.37901		120
121	5.37901		120
122	5.37901		120
123	5.37901		120
124	5.37901		120
125	5.37901		120
126	5.37901		120
127	5.37901		120
128	5.37901		120
129	5.37901		120
130	5.37785		130
131	5.37785		130
132	5.37785		130
133	5.37785		130
134	5.37785		130
135	5.37785		130
136	5.37316		136
137	5.37316		136
138	5.37316		136
139	5.26941		139
140	5.26941		139
141	5.26941		139
142	5.26941		139
143	5.1891		143
144	5.1891		143
145	5.1891		143
146	5.1891		143
147	5.1891		143
148	5.1891		143
149	5.03595		149
150	5.03595		149
151	5.03595		149
152	5.03595		149
153	5.03595		149
154	5.03595		149
155	5.03595		149
156	5.03595		149
157	5.03595		149
158	5.03595		149
159	5.03488		159
160	4.8993		160
161	4.8993		160
162	4.8993		160
163	4.8993		160
164	4.8993		160
165	4.8993		160
166	4.8993		160
167	4.8993		160
168	4.8993		160
169	4.8993		160
170	4.8993		160
171	4.8993		160
172	4.8993		160
173	4.8993		160
174	4.8993		160
175	4.8993		160
176	4.8993		160
177	4.8993		160
178	4.8993		160
179	4.8993		160
180	4.8993		160
181	4.8993		160
182	4.8993		160
183	4.8993		160
184	4.8993		160
185	4.8993		160
186	4.8993		160
187	4.8993		160
188	4.8993		160
189	4.8993		160
190	4.8993		160
191	4.8993		160
192	4.8993		160
193	4.8993		160
194	4.8993		160
195	4.8993		160
196	4.8993		160
197	4.8993		160
198	4.8993		160
199	4.8993		160
200	4.8993		160
201	4.8993		160
202	4.8993		160
203	4.8993		160
204	4.8993		160
205	4.8993		160
206	4.8993		160
207	4.8993		160
208	4.8993		160
209	4.8993		160
210	4.8993		160
211	4.8993		160
212	4.8993		160
213	4.8993		160
214	4.8993		160
215	4.8993		160
216	4.8993		160
217	4.8993		160
218	4.8993		160
219	4.8993		160
220	4.8993		160
221	4.8993		160
222	4.8993		160
223	4.8993		160
224	4.8993		160
225	4.8993		160
226	4.8993		160
227	4.8993		160
228	4.8993		160
229	4.8993		160
230	4.8993		160
231	4.8993		160
232	4.8993		160
233	4.8993		160
234	4.8993		160
235	4.8993		160
236	4.8993		160
237	4.8993		160
238	4.8993		160
239	4.8993		160
240	4.8993		160
241	4.8993		160
242	4.8993		160
243	4.8993		160
244	4.8993		160
245	4.8993		160
246	4.8993		160
247	4.8993		160
248	4.8993		160
249	4.8993		160
250	4.8993		160
251	4.8993		160
252	4.8993		160
253	4.8993		160
254	4.8993		160
255	4.8993		160
256	4.8993		160
257	4.8993		160
258	4.8993		160
259	4.8993		160
260	4.8993		160
261	4.8993		160
262	4.8993		160
263	4.8993		160
264	4.8993		160
265	4.8993		160
266	4.8993		160
267	4.8993		160
268	4.8993		160
269	4.8993		160
270	4.8993		160
271	4.8993		160
272	4.8993		160
273	4.8993		160
274	4.8993		160
275	4.8993		160
276	4.8993		160
277	4.8993		160
278	4.8993		160
279	4.8993		160
280	4.8993		160
281	4.8993		160
282	4.8993		160
283	4.8993		160
284	4.8993		160
285	4.8993		160
286	4.8993		160
287	4.8993		160
288	4.8993		160
289	4.8993		160
290	4.8993		160
291	4.8993		160
292	4.8993		160
293	4.8993		160
294	4.8993		160
295	4.8993		160
296	4.8993		160
297	4.8993		160
298	4.8993		160
299	4.8993		160
300	4.8993		160
301	4.8993		160
302	4.8993		160
303	4.8993		160
304	4.8993		160
305	4.8993		160
306	4.8993		160
307	4.8993		160
308	4.8993		160
309	4.8993		160
310	4.8993		160
311	4.8993		160
312	4.8993		160
313	4.8993		160
314	4.8993		160
315	4.8993		160
316	4.8993		160
317	4.8993		160
318	4.8993		160
319	4.8993		160
320	4.8766		320
321	4.8766		320
322	4.8766		320
323	4.8766		320
324	4.8766		320
325	4.8766		320
326	4.8766		320
327	4.8766		320
328	4.8766		320
329	4.8766		320
330	4.8766		320
331	4.87177		331
332	4.87177		331
333	4.87177		331
334	4.87177		331
335	4.87177		331
336	4.87177		331
337	4.87177		331
338	4.87177		331
339	4.87177		331
340	4.87177		331
341	4.87177		331
342	4.87177		331
343	4.87177		331
344	4.87177		331
345	4.87177		331
346	4.87177		331
347	4.87177		331
348	4.87177		331
349	4.87177		331
350	4.87177		331
351	4.87177		331
352	4.87177		331
353	4.87177		331
354	4.8707		354
355	4.8707		354
356	4.8707		354
357	4.8707		354
358	4.8707		354
359	4.8707		354
360	4.8707		354
361	4.8707		354
362	4.8707		354
363	4.8707		354
364	4.8707		354
365	4.8707		354
366	4.8707		354
367	4.8707		354
368	4.8707		354
369	4.8707		354
370	4.8707		354
371	4.8707		354
372	4.8707		354
373	4.8707		354
374	4.8707		354
375	4.8707		354
376	4.8707		354
377	4.8707		377
378	4.8707		377
379	4.8707		377
380	4.8707		377
381	4.8707		377
382	4.8707		377
383	4.8707		377
384	4.8707		377
385	4.8707		377
386	4.8707		377
387	4.8707		377
388	4.8707		377
389	4.8707		377
390	4.8707		377
391	4.8707		377
392	4.8707		377
393	4.8707		377
394	4.8707		377
395	4.8707		377
396	4.8707		377
397	4.8707		377
398	4.8707		377
399	4.8707		377
400	4.8707		377
401	4.81981		400
402	4.81981		400
403	4.81981		400
404	4.81981		400
405	4.81981		400
406	4.81981		400
407	4.81981		400
408	4.81981		400
409	4.81981		400
410	4.81981		400
411	4.81981		400
412	4.81981		400
413	4.81981		400
414	4.81981		400
415	4.81981		400
416	4.81981		400
417	4.81981		400
418	4.81981		400
419	4.81981		400
420	4.81981		400
421	4.81981		400
422	4.81981		400
423	4.81981		400
424	4.81981		400
425	4.81981		400
426	4.81981		400
427	4.81981		400
428	4.81981		400
429	4.81981		400
430	4.81981		400
431	4.81981		400
432	4.81981		400
433	4.81981		400
434	4.81981		400
435	4.81981		400
436	4.81981		400
437	4.81981		400
438	4.81981		400
439	4.81981		400
440	4.81981		400
441	4.81981		400
442	4.81981		400
443	4.81981		400
444	4.81981		400
445	4.81981		400
446	4.81981		400
447	4.81981		400
448	4.81981		400
449	4.81981		400
450	4.81981		400
451	4.81981		400
452	4.81981		400
453	4.81981		400
454	4.81981		400
455	4.81981		400
456	4.81981		400
457	4.81981		400
458	4.81981		400
459	4.81981		400
460	4.81981		400
461	4.81981		400
462	4.81981		400
463	4.81981		400
464	4.81981		400
465	4.81981		400
466	4.81981		400
467	4.81981		400
468	4.81981		400
469	4.81981		400
470	4.81981		400
471	4.81981		400
472	4.81981		400
473	4.81981		400
474	4.81981		400
475	4.81981		400
476	4.81981		400
477	4.81981		400
478	4.81981		400
479	4.81981		400
480	4.81981		400
481	4.81981		400
482	4.81981		400
483	4.81981		400
484	4.81981		400
485	4.81981		400
486	4.81981		400
487	4.81981		400
488	4.81981		400
489	4.81981		400
490	4.81981		400
491	4.81981		400
492	4.81981		400
493	4.81981		400
494	4.81981		400
495	4.81981		400
496	4.81981		400
497	4.81981		400
498	4.81981		400
499	4.81981		400
500	4.81981		400
501	4.81981		400
502	4.81981		400
503	4.81981		400
504	4.81981		400
505	4.81981		400
506	4.81981		400
507	4.81981		400
508	4.81981		400
509	4.81981		400
510	4.81981		400
511	4.81981		400
512	4.81981		400
513	4.81981		400
514	4.81981		400
515	4.81981		400
516	4.81981		400
517	4.81981		400
518	4.81981		400
519	4.81981		400
520	4.81981		400
521	4.81981		400
522	4.81981		400
523	4.81981		400
524	4.81981		400
525	4.81981		400
526	4.81981		400
527	4.81981		400
528	4.81981		400
529	4.81981		400
530	4.81981		400
531	4.81981		400
532	4.81981		400
533	4.81981		400
534	4.81981		400
535	4.81981		400
536	4.81981		400
537	4.81981		400
538	4.81981		400
539	4.81981		400
540	4.81981		400
541	4.81981		400
542	4.81981		400
543	4.81981		400
544	4.81981		400
545	4.81981		400
546	4.81981		400
547	4.81981		400
548	4.81981		400
549	4.81981		400
550	4.81981		400
551	4.81981		400
552	4.81981		400
553	4.81981		400
554	4.81981		400
555	4.81981		400
556	4.81981		400
557	4.81981		400
558	4.81981		400
559	4.81981		400
560	4.81981		400
561	4.81981		400
562	4.81981		400
563	4.81981		400
564	4.81981		400
565	4.81981		400
566	4.81981		400
567	4.81981		400
568	4.81981		400
569	4.81981		400
570	4.81981		400
571	4.81981		400
572	4.81981		400
573	4.81981		400
574	4.81981		400
575	4.81981		400
576	4.81981		400
577	4.81981		400
578	4.81981		400
579	4.81981		400
580	4.81981		400
581	4.81981		400
582	4.81981		400
583	4.81981		400
584	4.81981		400
585	4.81981		400
586	4.81981		400
587	4.81981		400
588	4.81981		400
589	4.81981		400
590	4.81981		400
591	4.81981		400
592	4.81981		400
593	4.81981		400
594	4.81981		400
595	4.81981		400
596	4.81981		400
597	4.81981		400
598	4.81981		400
599	4.81981		400
600	4.81981		400
601	4.81981		400
602	4.81981		400
603	4.81981		400
604	4.81981		400
605	4.81981		400
606	4.81981		400
607	4.81981		400
608	4.81981		400
609	4.81981		400
610	4.81981		400
611	4.81981		400
612	4.81981		400
613	4.81981		400
614	4.81981		400
615	4.81981		400
616	4.81981		400
617	4.81981		400
618	4.81981		400
619	4.81981		400
620	4.81981		400
621	4.81981		400
622	4.81981		400
623	4.81981		400
624	4.81981		400
625	4.81981		400
626	4.81981		400
627	4.81981		400
628	4.81981		400
629	4.81981		400
630	4.81981		400
631	4.81981		400
632	4.81981		400
633	4.81981		400
634	4.81981		400
635	4.81981		400
636	4.81981		400
637	4.81981		400
638	4.81981		400
639	4.81981		400
640	4.81981		400
641	4.81981		400
642	4.81981		400
643	4.81981		400
644	4.81981		400
645	4.81981		400
646	4.81981		400
647	4.81981		400
648	4.81981		400
649	4.81981		400
650	4.81981		400
651	4.81981		400
652	4.81981		400
653	4.81981		400
654	4.81981		400
655	4.81981		400
656	4.81981		400
657	4.81981		400
658	4.81981		400
659	4.81981		400
660	4.81981		400
661	4.81981		400
662	4.81981		400
663	4.81981		400
664	4.81981		400
665	4.81981		400
666	4.81981		400
667	4.81981		400
668	4.81981		400
669	4.81981		400
670	4.81981		400
671	4.81981		400
672	4.81981		400
673	4.81981		400
674	4.81981		400
675	4.81981		400
676	4.81981		400
677	4.81981		400
678	4.81981		400
679	4.81981		400
680	4.81981		400
681	4.81981		400
682	4.81981		400
683	4.81981		400
684	4.81981		400
685	4.81981		400
686	4.81981		400
687	4.81981		400
688	4.81981		400
689	4.81981		400
690	4.81981		400
691	4.81981		400
692	4.81981		400
693	4.81981		400
694	4.81981		400
695	4.81981		400
696	4.81981		400
697	4.81981		400
698	4.81981		400
699	4.81981		400
700	4.81981		400
701	4.81981		400
702	4.81981		400
703	4.81981		400
704	4.81981		400
705	4.81981		400
706	4.81981		400
707	4.81981		400
708	4.81981		400
709	4.81981		400
710	4.81981		400
711	4.81981		400
712	4.81981		400
713	4.81981		400
714	4.81981		400
715	4.81981		400
716	4.81981		400
717	4.81981		400
718	4.81981		400
719	4.81981		400
720	4.81981		400
721	4.81981		400
722	4.81981		400
723	4.81981		400
724	4.81981		400
725	4.81981		400
726	4.81981		400
727	4.81981		400
728	4.81981		400
729	4.81981		400
730	4.81981		400
731	4.81981		400
732	4.81981		400
733	4.81981		400
734	4.81981		400
735	4.81981		400
736	4.81981		400
737	4.81981		400
738	4.81981		400
739	4.81981		400
740	4.81981		400
741	4.81981		400
742	4.81981		400
743	4.81981		400
744	4.81981		400
745	4.81981		400
746	4.81981		400
747	4.81981		400
748	4.81981		400
749	4.81981		400
750	4.81981		400
751	4.81981		400
752	4.81981		400
753	4.81981		400
754	4.81981		400
755	4.81981		400
756	4.81981		400
757	4.81981		400
758	4.81981		400
759	4.81981		400
760	4.81981		400
761	4.81981		400
762	4.81981		400
763	4.81981		400
764	4.81981		400
765	4.81981		400
766	4.81981		400
767	4.81981		400
768	4.81981		400
769	4.81981		400
770	4.81981		400
771	4.81981		400
772	4.81981		400
773	4.81981		400
774	4.81981		400
775	4.81981		400
776	4.81981		400
777	4.81981		400
778	4.81981		400
779	4.81981		400
780	4.81981		400
781	4.81981		400
782	4.81981		400
783	4.81981		400
784	4.81981		400
785	4.81981		400
786	4.81981		400
787	4.81981		400
788	4.81981		400
789	4.81981		400
790	4.81981		400
791	4.81981		400
792	4.81981		400
793	4.81981		400
794	4.81981		400
795	4.81981		400
796	4.81981		400
797	4.81981		400
798	4.81981		400
799	4.81981		400
800	4.81981		400
801	4.77905		800
802	4.77905		800
803	4.77905		800
804	4.77905		800
805	4.77905		800
806	4.77905		800
807	4.77905		800
808	4.77905		800
809	4.77905		800
810	4.77905		800
811	4.77905		800
812	4.77905		800
813	4.77905		800
814	4.77905		800
815	4.77905		800
816	4.77905		800
817	4.69945		817
818	4.69945		817
819	4.69945		817
820	4.69945		817
821	4.69945		817
822	4.69945		817
823	4.69945		817
824	4.69945		817
825	4.69945		817
826	4.69945		817
827	4.69945		817
828	4.69945		817
829	4.69945		817
830	4.69945		817
831	4.69945		817
832	4.69945		817
833	4.69945		817
834	4.69945		817
835	4.69945		817
836	4.69945		817
837	4.69945		817
838	4.69945		817
839	4.69945		817
840	4.69945		817
841	4.69945		817
842	4.69945		817
843	4.69945		817
844	4.69945		817
845	4.69945		817
846	4.69945		817
847	4.69945		817
848	4.69945		817
849	4.69945		817
850	4.69945		817
851	4.69945		817
852	4.69945		817
853	4.69945		817
854	4.69945		817
855	4.69945		817
856	4.69945		817
857	4.69945		817
858	4.69945		817
859	4.69945		817
860	4.69945		817
861	4.69945		817
862	4.69945		817
863	4.69945		817
864	4.69945		817
865	4.69945		817
866	4.69945		817
867	4.69945		817
868	4.69945		817
869	4.69945		817
870	4.69945		817
871	4.69945		817
872	4.69945		817
873	4.69945		817
874	4.69945		817
875	4.69945		817
876	4.69945		817
877	4.69945		817
878	4.69945		817
879	4.69945		817
880	4.69945		817
881	4.69945		817
882	4.69945		817
883	4.69945		817
884	4.69945		817
885	4.69945		817
886	4.69945		817
887	4.69945		817
888	4.69945		817
889	4.69945		817
890	4.69945		817
891	4.69945		817
892	4.69945		817
893	4.69945		817
894	4.69945		817
895	4.69945		817
896	4.69945		817
897	4.69945		817
898	4.69945		817
899	4.69945		817
900	4.69945		817
901	4.69945		817
902	4.69945		817
903	4.69945		817
904	4.69945		817
905	4.69945		817
906	4.69945		817
907	4.69945		817
908	4.69945		817
909	4.69945		817
910	4.69945		817
911	4.69945		817
912	4.69945		817
913	4.69945		817
914	4.69945		817
915	4.69945		817
916	4.69945		817
917	4.69945		817
918	4.69945		817
919	4.69945		817
920	4.69945		817
921	4.69945		817
922	4.69945		817
923	4.69945		817
924	4.69945		817
925	4.69945		817
926	4.69945		817
927	4.69945		817
928	4.69945		817
929	4.69945		817
930	4.69945		817
931	4.69945		817
932	4.69945		817
933	4.69945		817
934	4.69945		817
935	4.69945		817
936	4.69945		817
937	4.69945		817
938	4.69945		817
939	4.69945		817
940	4.69945		817
941	4.69945		817
942	4.69945		817
943	4.69945		817
944	4.69945		817
945	4.69945		817
946	4.69945		817
947	4.69945		817
948	4.69945		817
949	4.69945		817
950	4.69945		817
951	4.69945		817
952	4.69945		817
953	4.69945		817
954	4.69945		817
955	4.69945		817
956	4.69945		817
957	4.69945		817
958	4.69945		817
959	4.69945		817
960	4.69945		817
961	4.69945		817
962	4.69945		817
963	4.69945		817
964	4.69945		817
965	4.69945		817
966	4.69945		817
967	4.69945		817
968	4.69945		817
969	4.69945		817
970	4.69945		817
971	4.69945		817
972	4.69945		817
973	4.69945		817
974	4.69945		817
975	4.69945		817
976	4.69945		817
977	4.69945		817
978	4.69945		817
979	4.69945		817
980	4.69945		817
981	4.69945		817
982	4.69945		817
983	4.69945		817
984	4.69945		817
985	4.69945		817
986	4.69945		817
987	4.69945		817
988	4.69945		817
989	4.69945		817
990	4.69945		817
991	4.69945		817
992	4.69945		817
993	4.69945		817
994	4.69945		817
995	4.69945		817
996	4.69945		817
997	4.69945		817
998	4.69945		817
999	4.69945		817
1000	4.69945		817
1001	4.69945		817
1002	4.69945		817
1003	4.69945		817
1004	4.69945		817
1005	4.69945		817
1006	4.69945		817
1007	4.69945		817
1008	4.69945		817
1009	4.69945		817
1010	4.69945		817
1011	4.69945		817
1012	4.69945		817
1013	4.69945		817
1014	4.69945		817
1015	4.69945		817
1016	4.69945		817
1017	4.69945		817
1018	4.69945		817
1019	4.69945		817
1020	4.69945		817
1021	4.69945		817
1022	4.69945		817
1023	4.69945		817
1024	4.69945		817
1025	4.69945		817
1026	4.69945		817
1027	4.69945		817
1028	4.69945		817
1029	4.69945		817
1030	4.69945		817
1031	4.69945		817
1032	4.69945		817
1033	4.69945		817
1034	4.69945		817
1035	4.69945		817
1036	4.69945		817
1037	4.69945		817
1038	4.69945		817
1039	4.69945		817
1040	4.69945		817
1041	4.69945		817
1042	4.69945		817
1043	4.69945		817
1044	4.69945		817
1045	4.69945		817
1046	4.69945		817
1047	4.69945		817
1048	4.69945		817
1049	4.69945		817
1050	4.69945		817
1051	4.69945		817
1052	4.69945		817
1053	4.69945		817
1054	4.69945		817
1055	4.69945		817
1056	4.69945		817
1057	4.69945		817
1058	4.69945		817
1059	4.69945		817
1060	4.69945		817
1061	4.69945		817
1062	4.69945		817
1063	4.69945		817
1064	4.69945		817
1065	4.69945		817
1066	4.69945		817
1067	4.69945		817
1068	4.69945		817
1069	4.69945		817
1070	4.69945		817
1071	4.69945		817
1072	4.69945		817
1073	4.69945		817
1074	4.69945		817
1075	4.69945		817
1076	4.69945		817
1077	4.69945		817
1078	4.69945		817
1079	4.69945		817
1080	4.69945		817
1081	4.69945		817
1082	4.69945		817
1083	4.69945		817
1084	4.69945		817
1085	4.69945		817
1086	4.69945		817
1087	4.69945		817
1088	4.69945		817
1089	4.69945		817
1090	4.69945		817
1091	4.69945		817
1092	4.69945		817
1093	4.69945		817
1094	4.69945		817
1095	4.69945		817
1096	4.69945		817
1097	4.69945		817
1098	4.69945		817
1099	4.69945		817
1100	4.69945		817
1101	4.69945		817
1102	4.69945		817
1103	4.69945		817
1104	4.69945		817
1105	4.69945		817
1106	4.69945		817
1107	4.69945		817
1108	4.69945		817
1109	4.69945		817
1110	4.69945		817
1111	4.69945		817
1112	4.69945		817
1113	4.69945		817
1114	4.69945		817
1115	4.69945		817
1116	4.69945		817
1117	4.69945		817
1118	4.69945		817
1119	4.69945		817
1120	4.69945		817
1121	4.69945		817
1122	4.69945		817
1123	4.69945		817
1124	4.69945		817
1125	4.69945		817
1126	4.69945		817
1127	4.69945		817
1128	4.69945		817
1129	4.69945		817
1130	4.69945		817
1131	4.69945		817
1132	4.69945		817
1133	4.69945		817
1134	4.69945		817
1135	4.69945		817
1136	4.69945		817
1137	4.69945		817
1138	4.69945		817
1139	4.69945		817
1140	4.69945		817
1141	4.69945		817
1142	4.69945		817
1143	4.69945		817
1144	4.69945		817
1145	4.69945		817
1146	4.69945		817
1147	4.69945		817
1148	4.69945		817
1149	4.69945		817
1150	4.69945		817
1151	4.69945		817
1152	4.69945		817
1153	4.69945		817
1154	4.69945		817
1155	4.69945		817
1156	4.69945		817
1157	4.69945		817
1158	4.69945		817
1159	4.69945		817
1160	4.69945		817
1161	4.69945		817
1162	4.69945		817
1163	4.69945		817
1164	4.69945		817
1165	4.69945		817
1166	4.69945		817
1167	4.69945		817
1168	4.69945		817
1169	4.69945		817
1170	4.69945		817
1171	4.69945		817
1172	4.69945		817
1173	4.69945		817
1174	4.69945		817
1175	4.69945		817
1176	4.69945		817
1177	4.69945		817
1178	4.69945		817
1179	4.69945		817
1180	4.69945		817
1181	4.69945		817
1182	4.69945		817
1183	4.69945		817
1184	4.69945		817
1185	4.69945		817
1186	4.69945		817
1187	4.69945		817
1188	4.69945		817
1189	4.69945		817
1190	4.69945		817
1191	4.69945		817
1192	4.69945		817
1193	4.69945		817
1194	4.69945		817
1195	4.69945		817
1196	4.69945		817
1197	4.69945		817
1198	4.69945		817
1199	4.69945		817
1200	4.69945		817
1201	4.63666		1200
1202	4.63666		1200
1203	4.63666		1200
1204	4.63666		1200
1205	4.63666		1200
1206	4.63666		1200
1207	4.63666		1200
1208	4.63666		1200
1209	4.63666		1200
1210	4.63666		1200
1211	4.63666		1200
1212	4.63666		1200
1213	4.63666		1200
1214	4.63666		1200
1215	4.63666		1200
1216	4.63666		1200
1217	4.63666		1200
1218	4.63666		1200
1219	4.63666		1200
1220	4.63666		1200
1221	4.63666		1200
1222	4.63666		1200
1223	4.63666		1200
1224	4.63666		1200
1225	4.63666		1200
1226	4.63666		1200
1227	4.63666		1200
1228	4.63666		1200
1229	4.63666		1200
1230	4.63666		1200
1231	4.63666		1200
1232	4.63666		1200
1233	4.63666		1200
1234	4.63666		1200
1235	4.63666		1200
1236	4.63666		1200
1237	4.63666		1200
1238	4.63666		1200
1239	4.63666		1200
1240	4.63666		1200
1241	4.63666		1200
1242	4.63666		1200
1243	4.63666		1200
1244	4.63666		1200
1245	4.63666		1200
1246	4.63666		1200
1247	4.63666		1200
1248	4.63666		1200
1249	4.63666		1200
1250	4.63666		1200
1251	4.63666		1200
1252	4.63666		1200
1253	4.63666		1200
1254	4.63666		1200
1255	4.63666		1200
1256	4.63666		1200
1257	4.63666		1200
1258	4.63666		1200
1259	4.63666		1200
1260	4.63666		1200
1261	4.63666		1200
1262	4.63666		1200
1263	4.63666		1200
1264	4.63666		1200
1265	4.63666		1200
1266	4.63666		1200
1267	4.63666		1200
1268	4.63666		1200
1269	4.63666		1200
1270	4.63666		1200
1271	4.63666		1200
1272	4.63666		1200
1273	4.63666		1200
1274	4.63666		1200
1275	4.63666		1200
1276	4.63666		1200
1277	4.63666		1200
1278	4.63666		1200
1279	4.63666		1200
1280	4.63666		1200
1281	4.63666		1200
1282	4.63666		1200
1283	4.63666		1200
1284	4.63666		1200
1285	4.63666		1200
1286	4.63666		1200
1287	4.63666		1200
1288	4.63666		1200
1289	4.63666		1200
1290	4.63666		1200
1291	4.63666		1200
1292	4.63666		1200
1293	4.63666		1200
1294	4.63666		1200
1295	4.63666		1200
1296	4.63666		1200
1297	4.63666		1200
1298	4.63666		1200
1299	4.63666		1200
1300	4.63666		1200
1301	4.63666		1200
1302	4.63666		1200
1303	4.63666		1200
1304	4.63666		1200
1305	4.63666		1200
1306	4.63666		1200
1307	4.63666		1200
1308	4.63666		1200
1309	4.63666		1200
1310	4.63666		1200
1311	4.63666		1200
1312	4.63666		1200
1313	4.63666		1200
1314	4.63666		1200
1315	4.63666		1200
1316	4.63666		1200
1317	4.63666		1200
1318	4.63666		1200
1319	4.63666		1200
1320	4.63666		1200
1321	4.63666		1200
1322	4.63666		1200
1323	4.63666		1200
1324	4.63666		1200
1325	4.63666		1200
1326	4.63666		1200
1327	4.63666		1200
1328	4.63666		1200
1329	4.63666		1200
1330	4.63666		1200
1331	4.63666		1200
1332	4.63666		1200
1333	4.63666		1200
1334	4.63666		1200
1335	4.63666		1200
1336	4.63666		1200
1337	4.63666		1200
1338	4.63666		1200
1339	4.63666		1200
1340	4.63666		1200
1341	4.63666		1200
1342	4.63666		1200
1343	4.63666		1200
1344	4.63666		1200
1345	4.63666		1200
1346	4.63666		1200
1347	4.63666		1200
1348	4.63666		1200
1349	4.63666		1200
1350	4.63666		1200
1351	4.63666		1200
1352	4.63666		1200
1353	4.63666		1200
1354	4.63666		1200
1355	4.63666		1200
1356	4.63666		1200
1357	4.63666		1200
1358	4.63666		1200
1359	4.63666		1200
1360	4.63666		1200
1361	4.63666		1200
1362	4.63666		1200
1363	4.63666		1200
1364	4.63666		1200
1365	4.63666		1200
1366	4.63666		1200
1367	4.63666		1200
1368	4.63666		1200
1369	4.63666		1200
1370	4.63666		1200
1371	4.63666		1200
1372	4.63666		1200
1373	4.63666		1200
1374	4.63666		1200
1375	4.63666		1200
1376	4.63666		1200
1377	4.63666		1200
1378	4.63666		1200
1379	4.63666		1200
1380	4.63666		1200
1381	4.63666		1200
1382	4.63666		1200
1383	4.63666		1200
1384	4.63666		1200
1385	4.63666		1200
1386	4.63666		1200
1387	4.63666		1200
1388	4.63666		1200
1389	4.63666		1200
1390	4.63666		1200
1391	4.63666		1200
1392	4.63666		1200
1393	4.63666		1200
1394	4.63666		1200
1395	4.63666		1200
1396	4.63666		1200
1397	4.63666		1200
1398	4.63666		1200
1399	4.63666		1200
1400	4.63666		1200
1401	4.63666		1200
1402	4.63666		1200
1403	4.63666		1200
1404	4.63666		1200
1405	4.63666		1200
1406	4.63666		1200
1407	4.63666		1200
1408	4.63666		1200
1409	4.63666		1200
1410	4.63666		1200
1411	4.63666		1200
1412	4.63666		1200
1413	4.63666		1200
1414	4.63666		1200
1415	4.63666		1200
1416	4.63666		1200
1417	4.63666		1200
1418	4.63666		1200
1419	4.63666		1200
1420	4.63666		1200
1421	4.63666		1200
1422	4.63666		1200
1423	4.63666		1200
1424	4.63666		1200
1425	4.63666		1200
1426	4.63666		1200
1427	4.63666		1200
1428	4.63666		1200
1429	4.63666		1200
1430	4.63666		1200
1431	4.63666		1200
1432	4.63666		1200
1433	4.63666		1200
1434	4.63666		1200
1435	4.63666		1200
1436	4.63666		1200
1437	4.63666		1200
1438	4.63666		1200
1439	4.63666		1200
1440	4.63666		1200
1441	4.63666		1200
1442	4.63666		1200
1443	4.63666		1200
1444	4.63666		1200
1445	4.63666		1200
1446	4.63666		1200
1447	4.63666		1200
1448	4.63666		1200
1449	4.63666		1200
1450	4.63666		1200
1451	4.63666		1200
1452	4.63666		1200
1453	4.63666		1200
1454	4.63666		1200
1455	4.63666		1200
1456	4.63666		1200
1457	4.63666		1200
1458	4.63666		1200
1459	4.63666		1200
1460	4.63666		1200
1461	4.63666		1200
1462	4.63666		1200
1463	4.63666		1200
1464	4.63666		1200
1465	4.63666		1200
1466	4.63666		1200
1467	4.63666		1200
1468	4.63666		1200
1469	4.63666		1200
1470	4.63666		1200
1471	4.63666		1200
1472	4.63666		1200
1473	4.63666		1200
1474	4.63666		1200
1475	4.63666		1200
1476	4.63666		1200
1477	4.63666		1200
1478	4.63666		1200
1479	4.63666		1200
1480	4.63666		1200
1481	4.63666		1200
1482	4.63666		1200
1483	4.63666		1200
1484	4.63666		1200
1485	4.63666		1200
1486	4.63666		1200
1487	4.63666		1200
1488	4.63666		1200
1489	4.63666		1200
1490	4.63666		1200
1491	4.63666		1200
1492	4.63666		1200
1493	4.63666		1200
1494	4.63666		1200
1495	4.63666		1200
1496	4.63666		1200
1497	4.63666		1200
1498	4.63666		1200
1499	4.63666		1200
1500	4.63666		1200
1501	4.63666		1200
1502	4.63666		1200
1503	4.63666		1200
1504	4.63666		1200
1505	4.63666		1200
1506	4.63666		1200
1507	4.63666		1200
1508	4.63666		1200
1509	4.63666		1200
1510	4.63666		1200
1511	4.63666		1200
1512	4.63666		1200
1513	4.63666		1200
1514	4.63666		1200
1515	4.63666		1200
1516	4.63666		1200
1517	4.63666		1200
1518	4.63666		1200
1519	4.63666		1200
1520	4.63666		1200
1521	4.63666		1200
1522	4.63666		1200
1523	4.63666		1200
1524	4.63666		1200
1525	4.63666		1200
1526	4.63666		1200
1527	4.63666		1200
1528	4.63666		1200
1529	4.63666		1200
1530	4.63666		1200
1531	4.63666		1200
1532	4.63666		1200
1533	4.63666		1200
1534	4.63666		1200
1535	4.63666		1200
1536	4.63666		1200
1537	4.63666		1200
1538	4.63666		1200
1539	4.63666		1200
1540	4.63666		1200
1541	4.63666		1200
1542	4.63666		1200
1543	4.63666		1200
1544	4.63666		1200
1545	4.63666		1200
1546	4.63666		1200
1547	4.63666		1200
1548	4.63666		1200
1549	4.63666		1200
1550	4.63666		1200
1551	4.63666		1200
1552	4.63666		1200
1553	4.63666		1200
1554	4.63666		1200
1555	4.63666		1200
1556	4.63666		1200
1557	4.63666		1200
1558	4.63666		1200
1559	4.63666		1200
1560	4.63666		1200
1561	4.63666		1200
1562	4.63666		1200
1563	4.63666		1200
1564	4.63666		1200
1565	4.63666		1200
1566	4.63666		1200
1567	4.63666		1200
1568	4.63666		1200
1569	4.63666		1200
1570	4.63666		1200
1571	4.63666		1200
1572	4.63666		1200
1573	4.63666		1200
1574	4.63666		1200
1575	4.63666		1200
1576	4.63666		1200
1577	4.63666		1200
1578	4.63666		1200
1579	4.63666		1200
1580	4.63666		1200
1581	4.63666		1200
1582	4.63666		1200
1583	4.63666		1200
1584	4.63666		1200
1585	4.63666		1200
1586	4.63666		1200
1587	4.63666		1200
1588	4.63666		1200
1589	4.63666		1200
1590	4.63666		1200
1591	4.63666		1200
1592	4.63666		1200
1593	4.63666		1200
1594	4.63666		1200
1595	4.63666		1200
1596	4.63666		1200
1597	4.63666		1200
1598	4.63666		1200
1599	4.63666		1200
1600	4.63666		1200
1601	4.63666		1200
1602	4.63666		1200
1603	4.63666		1200
1604	4.63666		1200
1605	4.63666		1200
1606	4.63666		1200
1607	4.63666		1200
1608	4.63666		1200
1609	4.63666		1200
1610	4.63666		1200
1611	4.63666		1200
1612	4.63666		1200
1613	4.63666		1200
1614	4.63666		1200
1615	4.63666		1200
1616	4.63666		1200
1617	4.63666		1200
1618	4.63666		1200
1619	4.63666		1200
1620	4.63666		1200
1621	4.63666		1200
1622	4.63666		1200
1623	4.63666		1200
1624	4.63666		1200
1625	4.63666		1200
1626	4.63666		1200
1627	4.63666		1200
1628	4.63666		1200
1629	4.63666		1200
1630	4.63666		1200
1631	4.63666		1200
1632	4.63666		1200
1633	4.63666		1200
1634	4.63666		1200
1635	4.63666		1200
1636	4.63666		1200
1637	4.63666		1200
1638	4.63666		1200
1639	4.63666		1200
1640	4.63666		1200
1641	4.63666		1200
1642	4.63666		1200
1643	4.63666		1200
1644	4.63666		1200
1645	4.63666		1200
1646	4.63666		1200
1647	4.63666		1200
1648	4.63666		1200
1649	4.63666		1200
1650	4.63666		1200
1651	4.63666		1200
1652	4.63666		1200
1653	4.63666		1200
1654	4.63666		1200
1655	4.63666		1200
1656	4.63666		1200
1657	4.63666		1200
1658	4.63666		1200
1659	4.63666		1200
1660	4.63666		1200
1661	4.63666		1200
1662	4.63666		1200
1663	4.63666		1200
1664	4.63666		1200
1665	4.63666		1200
1666	4.63666		1200
1667	4.63666		1200
1668	4.63666		1200
1669	4.63666		1200
1670	4.63666		1200
1671	4.63666		1200
1672	4.63666		1200
1673	4.63666		1200
1674	4.63666		1200
1675	4.63666		1200
1676	4.63666		1200
1677	4.63666		1200
1678	4.63666		1200
1679	4.63666		1200
1680	4.63666		1200
1681	4.63666		1200
1682	4.63666		1200
1683	4.63666		1200
1684	4.63666		1200
1685	4.63666		1200
1686	4.63666		1200
1687	4.63666		1200
1688	4.63666		1200
1689	4.63666		1200
1690	4.63666		1200
1691	4.63666		1200
1692	4.63666		1200
1693	4.63666		1200
1694	4.63666		1200
1695	4.63666		1200
1696	4.63666		1200
1697	4.63666		1200
1698	4.63666		1200
1699	4.63666		1200
1700	4.63666		1200
1701	4.63666		1200
1702	4.63666		1200
1703	4.63666		1200
1704	4.63666		1200
1705	4.63666		1200
1706	4.63666		1200
1707	4.63666		1200
1708	4.63666		1200
1709	4.63666		1200
1710	4.63666		1200
1711	4.63666		1200
1712	4.63666		1200
1713	4.63666		1200
1714	4.63666		1200
1715	4.63666		1200
1716	4.63666		1200
1717	4.63666		1200
1718	4.63666		1200
1719	4.63666		1200
1720	4.63666		1200
1721	4.63666		1200
1722	4.63666		1200
1723	4.63666		1200
1724	4.63666		1200
1725	4.63666		1200
1726	4.63666		1200
1727	4.63666		1200
1728	4.63666		1200
1729	4.63666		1200
1730	4.63666		1200
1731	4.63666		1200
1732	4.63666		1200
1733	4.63666		1200
1734	4.63666		1200
1735	4.63666		1200
1736	4.63666		1200
1737	4.63666		1200
1738	4.63666		1200
1739	4.63666		1200
1740	4.63666		1200
1741	4.63666		1200
1742	4.63666		1200
1743	4.63666		1200
1744	4.63666		1200
1745	4.63666		1200
1746	4.63666		1200
1747	4.63666		1200
1748	4.63666		1200
1749	4.63666		1200
1750	4.63666		1200
1751	4.63666		1200
1752	4.63666		1200
1753	4.63666		1200
1754	4.63666		1200
1755	4.63666		1200
1756	4.63666		1200
1757	4.63666		1200
1758	4.63666		1200
1759	4.63666		1200
1760	4.63666		1200
1761	4.63666		1200
1762	4.63666		1200
1763	4.63666		1200
1764	4.63666		1200
1765	4.63666		1200
1766	4.63666		1200
1767	4.63666		1200
1768	4.63666		1200
1769	4.63666		1200
1770	4.63666		1200
1771	4.63666		1200
1772	4.63666		1200
1773	4.63666		1200
1774	4.63666		1200
1775	4.63666		1200
1776	4.63666		1200
1777	4.63666		1200
1778	4.63666		1200
1779	4.63666		1200
1780	4.63666		1200
1781	4.63666		1200
1782	4.63666		1200
1783	4.63666		1200
1784	4.63666		1200
1785	4.63666		1200
1786	4.63666		1200
1787	4.63666		1200
1788	4.63666		1200
1789	4.63666		1200
1790	4.63666		1200
1791	4.63666		1200
1792	4.63666		1200
1793	4.63666		1200
1794	4.63666		1200
1795	4.63666		1200
1796	4.63666		1200
1797	4.63666		1200
1798	4.63666		1200
1799	4.63666		1200
1800	4.63666		1200
1801	4.63666		1200
1802	4.63666		1200
1803	4.63666		1200
1804	4.63666		1200
1805	4.63666		1200
1806	4.63666		1200
1807	4.63666		1200
1808	4.63666		1200
1809	4.63666		1200
1810	4.63666		1200
1811	4.63666		1200
1812	4.63666		1200
1813	4.63666		1200
1814	4.63666		1200
1815	4.63666		1200
1816	4.63666		1200
1817	4.63666		1200
1818	4.63666		1200
1819	4.63666		1200
1820	4.63666		1200
1821	4.63666		1200
1822	4.63666		1200
1823	4.63666		1200
1824	4.63666		1200
1825	4.63666		1200
1826	4.63666		1200
1827	4.63666		1200
1828	4.63666		1200
1829	4.63666		1200
1830	4.63666		1200
1831	4.63666		1200
1832	4.63666		1200
1833	4.63666		1200
1834	4.63666		1200
1835	4.63666		1200
1836	4.63666		1200
1837	4.63666		1200
1838	4.63666		1200
1839	4.63666		1200
1840	4.63666		1200
1841	4.63666		1200
1842	4.63666		1200
1843	4.63666		1200
1844	4.63666		1200
1845	4.63666		1200
1846	4.63666		1200
1847	4.63666		1200
1848	4.63666		1200
1849	4.63666		1200
1850	4.63666		1200
1851	4.63666		1200
1852	4.63666		1200
1853	4.63666		1200
1854	4.63666		1200
1855	4.63666		1200
1856	4.63666		1200
1857	4.63666		1200
1858	4.63666		1200
1859	4.63666		1200
1860	4.63666		1200
1861	4.63666		1200
1862	4.63666		1200
1863	4.63666		1200
1864	4.63666		1200
1865	4.63666		1200
1866	4.63666		1200
1867	4.63666		1200
1868	4.63666		1200
1869	4.63666		1200
1870	4.63666		1200
1871	4.63666		1200
1872	4.63666		1200
1873	4.63666		1200
1874	4.63666		1200
1875	4.63666		1200
1876	4.63666		1200
1877	4.63666		1200
1878	4.63666		1200
1879	4.63666		1200
1880	4.63666		1200
1881	4.63666		1200
1882	4.63666		1200
1883	4.63666		1200
1884	4.63666		1200
1885	4.63666		1200
1886	4.63666		1200
1887	4.63666		1200
1888	4.63666		1200
1889	4.63666		1200
1890	4.63666		1200
1891	4.63666		1200
1892	4.63666		1200
1893	4.63666		1200
1894	4.63666		1200
1895	4.63666		1200
1896	4.63666		1200
1897	4.63666		1200
1898	4.63666		1200
1899	4.63666		1200
1900	4.63666		1200
1901	4.63666		1200
1902	4.63666		1200
1903	4.63666		1200
1904	4.63666		1200
1905	4.63666		1200
1906	4.63666		1200
1907	4.63666		1200
1908	4.63666		1200
1909	4.63666		1200
1910	4.63666		1200
1911	4.63666		1200
1912	4.63666		1200
1913	4.63666		1200
1914	4.63666		1200
1915	4.63666		1200
1916	4.63666		1200
1917	4.63666		1200
1918	4.63666		1200
1919	4.63666		1200
1920	4.63666		1200
1921	4.63666		1200
1922	4.63666		1200
1923	4.63666		1200
1924	4.63666		1200
1925	4.63666		1200
1926	4.63666		1200
1927	4.63666		1200
1928	4.63666		1200
1929	4.63666		1200
1930	4.63666		1200
1931	4.63666		1200
1932	4.63666		1200
1933	4.63666		1200
1934	4.63666		1200
1935	4.63666		1200
1936	4.63666		1200
1937	4.63666		1200
1938	4.63666		1200
1939	4.63666		1200
1940	4.63666		1200
1941	4.63666		1200
1942	4.63666		1200
1943	4.63666		1200
1944	4.63666		1200
1945	4.63666		1200
1946	4.63666		1200
1947	4.63666		1200
1948	4.63666		1200
1949	4.63666		1200
1950	4.63666		1200
1951	4.63666		1200
1952	4.63666		1200
1953	4.63666		1200
1954	4.63666		1200
1955	4.63666		1200
1956	4.63666		1200
1957	4.63666		1200
1958	4.63666		1200
1959	4.63666		1200
1960	4.63666		1200
1961	4.63666		1200
1962	4.63666		1200
1963	4.63666		1200
1964	4.63666		1200
1965	4.63666		1200
1966	4.63666		1200
1967	4.63666		1200
1968	4.63666		1200
1969	4.63666		1200
1970	4.63666		1200
1971	4.63666		1200
1972	4.63666		1200
1973	4.63666		1200
1974	4.63666		1200
1975	4.63666		1200
1976	4.63666		1200
1977	4.63666		1200
1978	4.63666		1200
1979	4.63666		1200
1980	4.63666		1200
1981	4.63666		1200
1982	4.63666		1200
1983	4.63666		1200
1984	4.63666		1200
1985	4.63666		1200
1986	4.63666		1200
1987	4.63666		1200
1988	4.63666		1200
1989	4.63666		1200
1990	4.63666		1200
1991	4.63666		1200
1992	4.63666		1200
1993	4.63666		1200
1994	4.63666		1200
1995	4.63666		1200
1996	4.63666		1200
1997	4.63666		1200
1998	4.63666		1200
1999	4.63666		1200
2000	4.63666		1200
