0 1.19163967 0
1 1.19222272 0.000583052531
2 1.19763036 0.00541811138
3 1.19711607 0.0038655479
4 1.19539096 0.00345564699
5 1.19274612 0.00386732454
6 1.19482926 0.00387588659
7 1.19475514 0.00335743457
8 1.19537909 0.00302600665
9 1.19529473 0.00270785721
10 1.19434545 0.00262686792
11 1.19529935 0.00258075223
12 1.19743821 0.00319536232
13 1.19606663 0.00326081792
14 1.19310835 0.00423870594
15 1.19051307 0.00473880787
16 1.19044277 0.00445189006
17 1.19119406 0.00426399176
18 1.1899211 0.00422944446
19 1.18907808 0.00410000731
20 1.18906577 0.00389990428
21 1.18874742 0.0037320158
22 1.1899729 0.00377075919
23 1.19093304 0.00373571999
24 1.19175131 0.00367542167
25 1.19240345 0.00359094296
26 1.19395988 0.00378974742
27 1.19583431 0.00410485046
28 1.19629369 0.00398732656
29 1.19662009 0.0038659271
30 1.19697883 0.00375631033
31 1.19747439 0.00367063767
32 1.19835413 0.0036648235
33 1.19851504 0.00355904032
34 1.1988766 0.00347472018
35 1.19882887 0.00337715826
36 1.19897373 0.00328780856
37 1.19922186 0.00320972281
38 1.19908018 0.00312954764
39 1.19937895 0.00306490216
40 1.20114241 0.00347061687
41 1.20239687 0.00361182361
42 1.20305986 0.00358860403
43 1.20263896 0.00353127061
44 1.20170994 0.00357473564
45 1.20084209 0.00360226244
46 1.20006581 0.00360925644
47 1.1997333 0.0035488748
48 1.19993243 0.00348139386
49 1.20000096 0.00341174373
50 1.20053914 0.00338720627
51 1.20092793 0.00334410629
52 1.20124616 0.00329580273
53 1.20170862 0.00326708964
54 1.20209241 0.00323002001
55 1.2021639 0.00317262233
56 1.20223147 0.00311719763
57 1.20274806 0.00310623906
58 1.20360251 0.00317044675
59 1.20422228 0.00317817396
60 1.20383721 0.00314926942
61 1.20324062 0.00315497744
62 1.20326142 0.00310456425
63 1.20285056 0.00308316924
64 1.20278884 0.00303599254
65 1.20206295 0.00307650216
66 1.20143649 0.00309431463
67 1.20124321 0.00305459141
68 1.2013006 0.00301054356
69 1.20146863 0.00297197759
70 1.20189868 0.00296121469
71 1.20231039 0.00294868126
72 1.20220488 0.00290992147
73 1.20189094 0.00288744599
74 1.20132293 0.0029047645
75 1.20076424 0.00292023028
76 1.20064209 0.00288464305
77 1.20014468 0.00289053922
78 1.19949946 0.00292574754
79 1.1989214 0.00294621114
80 1.1987153 0.00291690093
81 1.19815163 0.00293573004
82 1.1979502 0.00290713134
83 1.19778094 0.00287729671
84 1.19771394 0.00284403411
85 1.19797127 0.00282252481
86 1.19838181 0.00281993774
87 1.19860876 0.0027969315
88 1.19895065 0.00278638139
89 1.19929971 0.00277727007
90 1.19936822 0.00274743552
91 1.19971143 0.00273899643
92 1.20010297 0.00273752854
93 1.20007968 0.0027083494
94 1.19952757 0.00273597532
95 1.19928421 0.00271824163
96 1.19920174 0.00269133625
97 1.19937698 0.00266948995
98 1.19954205 0.00264753906
99 1.19937496 0.00262625092
