0 1.39778667 0
1 1.39775526 3.14158181e-05
2 1.39773104 3.02577169e-05
3 1.3977143 2.7166205e-05
4 1.39771818 2.13986395e-05
5 1.39772383 1.836056e-05
6 1.3977259 1.56549742e-05
7 1.39773103 1.44955565e-05
8 1.39773678 1.40189975e-05
9 1.39773984 1.29069615e-05
10 1.39774203 1.18774706e-05
11 1.39774767 1.2222198e-05
12 1.39775853 1.56372263e-05
13 1.3977657 1.61547065e-05
14 1.39776938 1.54829985e-05
15 1.39777095 1.45676722e-05
16 1.39777393 1.40045282e-05
17 1.39777658 1.34665311e-05
18 1.39777791 1.28076928e-05
19 1.39777903 1.22019221e-05
20 1.39777893 1.16067827e-05
21 1.39778007 1.11255582e-05
22 1.39778263 1.09346891e-05
23 1.39778281 1.04707114e-05
24 1.39777989 1.04612236e-05
25 1.39777453 1.13871203e-05
26 1.39776945 1.20776515e-05
27 1.39776457 1.26199673e-05
28 1.39776164 1.25254802e-05
29 1.39776171 1.21009784e-05
30 1.39776342 1.18273527e-05
31 1.39776714 1.20427502e-05
32 1.39777043 1.212736e-05
33 1.39777294 1.20291096e-05
34 1.39777501 1.18624249e-05
35 1.39777682 1.16699422e-05
36 1.39777652 1.13540778e-05
37 1.39777464 1.12108074e-05
38 1.39777291 1.10555916e-05
39 1.39777245 1.07856037e-05
40 1.39777386 1.06140747e-05
41 1.39777492 1.04118051e-05
42 1.39777442 1.01790823e-05
43 1.39777327 1.00105845e-05
44 1.39777245 9.82005511e-06
45 1.39777096 9.71877905e-06
46 1.39777022 9.53910332e-06
47 1.39776992 9.34288623e-06
48 1.39776934 9.16843945e-06
49 1.39776882 8.99854679e-06
50 1.39776872 8.82092031e-06
51 1.39776739 8.75104581e-06
52 1.39776483 8.95810958e-06
53 1.39776275 9.03243566e-06
54 1.39776175 8.92317828e-06
55 1.39776083 8.81092077e-06
56 1.39776034 8.66863812e-06
57 1.39775884 8.64951356e-06
58 1.39775756 8.59722149e-06
59 1.39775709 8.46586848e-06
60 1.39775548 8.48009164e-06
61 1.39775423 8.43519397e-06
62 1.39775289 8.40769867e-06
63 1.39775081 8.53190695e-06
64 1.39774958 8.48947909e-06
65 1.39774932 8.36398771e-06
66 1.39774911 8.24075694e-06
67 1.39774916 8.11880685e-06
68 1.39774919 8.00031866e-06
69 1.39774966 7.89925411e-06
70 1.3977498 7.78846506e-06
71 1.3977503 7.69571287e-06
72 1.39775083 7.60848874e-06
73 1.39775147 7.53201075e-06
74 1.39775239 7.48783661e-06
75 1.39775294 7.40939239e-06
76 1.39775288 7.31279445e-06
77 1.39775279 7.21904834e-06
78 1.39775328 7.14419924e-06
79 1.39775449 7.15729317e-06
80 1.39775557 7.15009826e-06
81 1.39775613 7.08422429e-06
82 1.39775595 7.00056412e-06
83 1.39775486 7.00250994e-06
84 1.39775389 6.98725481e-06
85 1.39775357 6.91306401e-06
86 1.39775406 6.85129457e-06
87 1.39775443 6.78309691e-06
88 1.39775486 6.72004166e-06
89 1.39775562 6.68853173e-06
90 1.39775647 6.66915893e-06
91 1.39775753 6.67940118e-06
92 1.39775798 6.62249532e-06
93 1.39775791 6.55194813e-06
94 1.39775751 6.49547287e-06
95 1.39775761 6.42834054e-06
96 1.39775843 6.41406178e-06
97 1.39775873 6.35516385e-06
98 1.39775851 6.29439457e-06
99 1.39775826 6.2362403e-06
