0 1.7874595 0
1 1.78833408 0.000874578796
2 1.79644555 0.00812716707
3 1.79567411 0.00579832186
4 1.79308644 0.00518347049
5 1.78911917 0.00580098681
6 1.79224389 0.00581382989
7 1.79213271 0.00503615185
8 1.79306864 0.00453900998
9 1.79294209 0.00406178581
10 1.79151818 0.00394030188
11 1.79294902 0.00387112835
12 1.79615731 0.00479304348
13 1.79409995 0.00489122688
14 1.78966253 0.0063580589
15 1.78576961 0.0071082118
16 1.78566415 0.00667783509
17 1.78679109 0.00639598764
18 1.78488165 0.00634416668
19 1.78361713 0.00615001097
20 1.78359866 0.00584985642
21 1.78312113 0.0055980237
22 1.78495936 0.00565613878
23 1.78639956 0.00560357998
24 1.78762697 0.0055131325
25 1.78860517 0.00538641444
26 1.79093983 0.00568462113
27 1.79375147 0.0061572757
28 1.79444054 0.00598098983
29 1.79493014 0.00579889065
30 1.79546825 0.00563446549
31 1.79621159 0.00550595651
32 1.79753119 0.00549723524
33 1.79777255 0.00533856047
34 1.7983149 0.00521208027
35 1.79824331 0.00506573738
36 1.7984606 0.00493171283
37 1.79883279 0.00481458422
38 1.79862028 0.00469432146
39 1.79906842 0.00459735323
40 1.80171361 0.00520592531
41 1.8035953 0.00541773541
42 1.80458979 0.00538290605
43 1.80395844 0.00529690591
44 1.80256491 0.00536210346
45 1.80126314 0.00540339365
46 1.80009871 0.00541388466
47 1.79959995 0.0053233122
48 1.79989864 0.00522209079
49 1.80000144 0.00511761559
50 1.80080871 0.0050808094
51 1.80139189 0.00501615943
52 1.80186924 0.0049437041
53 1.80256292 0.00490063445
54 1.80313861 0.00484503001
55 1.80324585 0.0047589335
56 1.8033472 0.00467579645
57 1.80412209 0.0046593586
58 1.80540376 0.00475567013
59 1.80633342 0.00476726093
60 1.80575581 0.00472390412
61 1.80486093 0.00473246616
62 1.80489213 0.00465684638
63 1.80427584 0.00462475386
64 1.80418327 0.00455398881
65 1.80309442 0.00461475324
66 1.80215473 0.00464147194
67 1.80186482 0.00458188711
68 1.80195091 0.00451581534
69 1.80220294 0.00445796639
70 1.80284802 0.00444182203
71 1.80346559 0.00442302189
72 1.80330732 0.00436488221
73 1.80283641 0.00433116898
74 1.80198439 0.00435714675
75 1.80114636 0.00438034542
76 1.80096314 0.00432696457
77 1.80021702 0.00433580882
78 1.7992492 0.0043886213
79 1.7983821 0.00441931671
80 1.79807295 0.0043753514
81 1.79722745 0.00440359506
82 1.7969253 0.00436069701
83 1.79667141 0.00431594507
84 1.7965709 0.00426605116
85 1.79695691 0.00423378721
86 1.79757272 0.00422990661
87 1.79791314 0.00419539725
88 1.79842598 0.00417957208
89 1.79894956 0.00416590511
90 1.79905233 0.00412115328
91 1.79956715 0.00410849465
92 1.80015445 0.00410629282
93 1.80011952 0.0040625241
94 1.79929135 0.00410396299
95 1.79892631 0.00407736244
96 1.79880261 0.00403700437
97 1.79906547 0.00400423492
98 1.79931308 0.00397130859
99 1.79906244 0.00393937637
