0 -0.389672829 0
1 -0.390578824 0.000905994618
2 -0.398714509 0.00815248277
3 -0.397959813 0.00581386737
4 -0.395368255 0.00519584475
5 -0.391395346 0.00581221797
6 -0.394517995 0.00582072585
7 -0.394401681 0.0050422382
8 -0.395331859 0.00454308089
9 -0.39520225 0.00406552158
10 -0.393776152 0.00394424229
11 -0.395201356 0.00387239127
12 -0.398398776 0.00478663983
13 -0.396334248 0.00488887161
14 -0.391893148 0.00635905858
15 -0.387998653 0.0071098531
16 -0.387890217 0.00667942433
17 -0.389014515 0.0063969966
18 -0.38710374 0.0063454783
19 -0.385838093 0.00615145897
20 -0.385819729 0.00585123342
21 -0.385341058 0.00559942947
22 -0.387176722 0.00565657791
23 -0.388616749 0.00560394006
24 -0.389847084 0.00551412175
25 -0.390830639 0.00538832349
26 -0.393170371 0.00568838377
27 -0.395986894 0.00616273029
28 -0.396678899 0.00598655639
29 -0.397168428 0.0058042432
30 -0.397704834 0.00563945663
31 -0.398444449 0.00551024357
32 -0.399760757 0.00550048033
33 -0.399999614 0.00534159282
34 -0.400539888 0.00521479383
35 -0.400466489 0.00506840016
36 -0.400684077 0.00493431328
37 -0.40105815 0.00481725372
38 -0.400847365 0.00469684104
39 -0.401295975 0.00459984247
40 -0.403939745 0.00520729761
41 -0.40582038 0.00541862524
42 -0.406815377 0.0053838524
43 -0.406185164 0.00529768775
44 -0.404792455 0.00536262796
45 -0.403492174 0.00540353327
46 -0.402328492 0.0054138573
47 -0.401830026 0.00532325799
48 -0.402129298 0.00522207086
49 -0.402232616 0.00511760664
50 -0.403039993 0.00508081683
51 -0.403624503 0.00501632128
52 -0.404104409 0.00494411002
53 -0.404800172 0.00490132303
54 -0.40537686 0.00484582036
55 -0.405485025 0.0047597303
56 -0.405586861 0.00467658954
57 -0.406363251 0.00466037725
58 -0.407646206 0.00475697895
59 -0.408576333 0.00476861503
60 -0.408000332 0.00472502936
61 -0.4071067 0.00473331714
62 -0.407139246 0.0046576929
63 -0.406525024 0.00462530337
64 -0.406433688 0.00455450482
65 -0.405345106 0.00461518505
66 -0.404405623 0.00464184695
67 -0.404115656 0.00458225886
68 -0.40420172 0.00451618111
69 -0.404453284 0.00445829971
70 -0.405098228 0.00444212678
71 -0.405715297 0.00442324981
72 -0.405556488 0.00436512632
73 -0.405084945 0.00433147772
74 -0.404232 0.00435762576
75 -0.403393415 0.00438091536
76 -0.403210252 0.00432752394
77 -0.402464235 0.0043363365
78 -0.401495914 0.00438923845
79 -0.400627603 0.00442015172
80 -0.40031738 0.00437625025
81 -0.399471325 0.00440457315
82 -0.399169346 0.00436164873
83 -0.398916553 0.00431681964
84 -0.398817015 0.00426689241
85 -0.399203341 0.00423464458
86 -0.399818654 0.00423067252
87 -0.400158706 0.00419612191
88 -0.400671114 0.00418023075
89 -0.401193935 0.00416645553
90 -0.401295857 0.00412167632
91 -0.401809626 0.0041088764
92 -0.402396473 0.00410660223
93 -0.40236161 0.00406282967
94 -0.401533849 0.00410417669
95 -0.401168697 0.00407758261
96 -0.401044182 0.00403724729
97 -0.401306742 0.00400445542
98 -0.401554571 0.00397153999
99 -0.401304184 0.00393958893
