0 -5.03994947 0
1 -5.03185705 0.00809241656
2 -5.02674371 0.00692641844
3 -5.02133513 0.00729660353
4 -5.01936291 0.00598614421
5 -5.02414767 0.00683983117
6 -5.02613422 0.00611252899
7 -5.02266878 0.00632704911
8 -5.01955399 0.00639042742
9 -5.01618735 0.00663357524
10 -5.01104417 0.00790289835
11 -5.00617447 0.00870405324
12 -5.00744085 0.00810609644
13 -5.00447192 0.00807071168
14 -5.00280779 0.0076955076
15 -5.00111359 0.00739517121
16 -5.0010714 0.00694668189
17 -5.0020147 0.00661697617
18 -5.00159858 0.0062728501
19 -5.00222565 0.00598389494
20 -5.00279495 0.00572022007
21 -5.00396047 0.00557716037
22 -5.00464685 0.00537318179
23 -5.00269825 0.00550111046
24 -5.00173346 0.00536395902
25 -5.00290724 0.00528550618
26 -5.00260041 0.00509522714
27 -5.00371993 0.0050358989
28 -5.00434842 0.00489962194
29 -5.0038521 0.00475943439
30 -5.00436781 0.00463214275
31 -5.00421998 0.00448748881
32 -5.00531782 0.00448579607
33 -5.00611128 0.00442360444
34 -5.00655039 0.00431774272
35 -5.00653156 0.00419613393
36 -5.00680652 0.00409040161
37 -5.00705166 0.0039888441
38 -5.00798889 0.00399666661
39 -5.00713608 0.0039877267
40 -5.00758911 0.0039155456
41 -5.00783442 0.00382904686
42 -5.00744909 0.00375874162
43 -5.00755903 0.00367396754
44 -5.00830802 0.00366866623
45 -5.00849566 0.00359292945
46 -5.0088521 0.00353367588
47 -5.00851251 0.00347590362
48 -5.00824012 0.00341510783
49 -5.00833909 0.00334757211
50 -5.00799189 0.00329959555
51 -5.00781596 0.00324029918
52 -5.00748603 0.00319565013
53 -5.0076252 0.00313899952
54 -5.0075205 0.0030831765
55 -5.00730505 0.00303527553
56 -5.00762699 0.00299888019
57 -5.00830266 0.00302319522
58 -5.0086108 0.00298744644
59 -5.00897956 0.00296029177
60 -5.00979266 0.00302276922
61 -5.01044097 0.00304346835
62 -5.011344 0.00312795346
63 -5.01141741 0.00307956653
64 -5.01125015 0.00303642859
65 -5.01139652 0.00299364864
66 -5.01113031 0.0029606215
67 -5.01191189 0.00301965886
68 -5.01175806 0.00297954775
69 -5.01203121 0.00294935041
70 -5.01216949 0.00291079984
71 -5.01214056 0.00287023312
72 -5.01243526 0.0028459409
73 -5.01196149 0.0028469159
74 -5.01144079 0.00285655972
75 -5.01176058 0.0028368052
76 -5.01086125 0.00294061571
77 -5.01069348 0.00290751508
78 -5.00980567 0.0030046371
79 -5.01008906 0.00298034575
80 -5.00979031 0.00295844442
81 -5.00981827 0.00292227687
82 -5.00965498 0.00289146818
83 -5.00939613 0.00286854208
84 -5.0100116 0.00290064184
85 -5.01000392 0.00286672531
86 -5.00943894 0.00288935831
87 -5.00969594 0.00286787428
88 -5.0096364 0.00283609296
89 -5.0096022 0.00280461227
90 -5.01011147 0.0028199864
91 -5.00996634 0.00279293901
92 -5.0099585 0.0027627553
93 -5.00954174 0.00276479793
94 -5.00967387 0.00273872907
95 -5.01013291 0.00274865239
96 -5.00979393 0.00274120811
97 -5.00937047 0.00274593962
98 -5.00978234 0.00274908913
99 -5.00978394 0.00272145986
