0 1.12378885 0
1 1.11894614 0.00484271476
2 1.11564278 0.00432775615
3 1.11182651 0.00489169105
4 1.11070411 0.00395183015
5 1.11387048 0.00452075366
6 1.11508893 0.00401031339
7 1.11261534 0.00426386895
8 1.11051856 0.00430545514
9 1.10837812 0.00440579745
10 1.10510922 0.00515436306
11 1.10196085 0.00566143064
12 1.10278003 0.00527179333
13 1.10068394 0.0053117906
14 1.09957084 0.00506873731
15 1.09848275 0.00486462041
16 1.09847022 0.00456953238
17 1.09910584 0.00435483347
18 1.0988564 0.00412680587
19 1.09930384 0.00394051738
20 1.09971344 0.00377049362
21 1.10048977 0.0036778923
22 1.10097445 0.0035476134
23 1.099632 0.00365225007
24 1.09900244 0.0035592366
25 1.09975656 0.00350176828
26 1.09950296 0.00337910792
27 1.10026603 0.00334440574
28 1.10068272 0.00325381318
29 1.10036072 0.00315993126
30 1.10071204 0.00307642496
31 1.10063188 0.00297981402
32 1.10136174 0.00297889998
33 1.10189206 0.0029382128
34 1.10215139 0.0028647909
35 1.10207285 0.00278518395
36 1.10222286 0.00271301327
37 1.10233507 0.00264303645
38 1.10298522 0.00265520153
39 1.10244754 0.00264323421
40 1.10272635 0.00259299132
41 1.10287777 0.00253502712
42 1.10262815 0.00248792539
43 1.1026952 0.00243164865
44 1.10318332 0.00242659798
45 1.10329462 0.00237586809
46 1.10352107 0.00233577059
47 1.10328823 0.00229841512
48 1.10313493 0.00225623373
49 1.10320065 0.00221162507
50 1.10298609 0.00217841828
51 1.10284969 0.00214046541
52 1.10263589 0.00211054747
53 1.10273721 0.0020735713
54 1.1026926 0.00203600953
55 1.10254185 0.00200499711
56 1.10277177 0.00198288304
57 1.10322642 0.00200073563
58 1.10343707 0.00197778273
59 1.10365123 0.00195629777
60 1.1041988 0.00200036378
61 1.10461318 0.00201099221
62 1.10519894 0.00206369129
63 1.10525902 0.00203207856
64 1.10516281 0.00200288391
65 1.10527622 0.00197556203
66 1.10510337 0.00195351527
67 1.10563045 0.00199544492
68 1.10551508 0.00196969461
69 1.10568625 0.00194888382
70 1.10577998 0.0019235236
71 1.10577154 0.00189663863
72 1.10596445 0.00188039792
73 1.10567194 0.00187773508
74 1.10534086 0.00188188281
75 1.1055449 0.00186813257
76 1.10495011 0.00193727989
77 1.10483839 0.00191554214
78 1.10424604 0.00198173907
79 1.10444349 0.00196674698
80 1.10426336 0.00195064879
81 1.10427522 0.00192675002
82 1.10415919 0.00190692787
83 1.10400929 0.00189004303
84 1.10440848 0.00190985889
85 1.1043951 0.00188756797
86 1.10400736 0.0019056106
87 1.1041854 0.00189222567
88 1.10414807 0.00187121619
89 1.10413838 0.0018503335
90 1.10447903 0.00186132631
91 1.10435262 0.00184531868
92 1.10434325 0.00182539273
93 1.10406416 0.00182730827
94 1.10413485 0.00180935256
95 1.10442626 0.00181396614
96 1.10420482 0.00180877473
97 1.1039313 0.00181099571
98 1.10418576 0.00181057958
99 1.10418799 0.00179238372
