0 1.68568328 0
1 1.67841921 0.00726407214
2 1.67346417 0.00649163423
3 1.66773977 0.00733753657
4 1.66605617 0.00592774522
5 1.67080573 0.0067811305
6 1.67263339 0.00601547008
7 1.66892301 0.00639580343
8 1.66577784 0.00645818271
9 1.66256718 0.00660869618
10 1.65766383 0.00773154458
11 1.65294127 0.00849214596
12 1.65417004 0.00790768999
13 1.65102591 0.0079676859
14 1.64935626 0.00760310597
15 1.64772412 0.00729693061
16 1.64770533 0.00685429857
17 1.64865876 0.0065322502
18 1.64828459 0.00619020881
19 1.64895575 0.00591077606
20 1.64957015 0.00565574043
21 1.65073465 0.00551683846
22 1.65146168 0.0053214201
23 1.64944801 0.0054783751
24 1.64850366 0.00533885491
25 1.64963484 0.00525265242
26 1.64925443 0.00506866188
27 1.65039904 0.00501660862
28 1.65102408 0.00488071977
29 1.65054108 0.00473989689
30 1.65106806 0.00461463744
31 1.65094783 0.00446972103
32 1.65204261 0.00446834997
33 1.65283809 0.0044073192
34 1.65322709 0.00429718635
35 1.65310928 0.00417777593
36 1.65333429 0.00406951991
37 1.65350261 0.00396455468
38 1.65447783 0.00398280229
39 1.65367132 0.00396485131
40 1.65408952 0.00388948698
41 1.65431666 0.00380254069
42 1.65394223 0.00373188809
43 1.6540428 0.00364747298
44 1.65477498 0.00363989697
45 1.65494193 0.00356380213
46 1.6552816 0.00350365589
47 1.65493234 0.00344762267
48 1.6547024 0.00338435059
49 1.65480097 0.00331743761
50 1.65447913 0.00326762742
51 1.65427453 0.00321069811
52 1.65395383 0.00316582121
53 1.65410581 0.00311035695
54 1.65403891 0.00305401429
55 1.65381278 0.00300749567
56 1.65415766 0.00297432456
57 1.65483962 0.00300110344
58 1.6551556 0.00296667409
59 1.65547684 0.00293444666
60 1.6562982 0.00300054568
61 1.65691977 0.00301648832
62 1.65779841 0.00309553694
63 1.65788853 0.00304811783
64 1.65774421 0.00300432586
65 1.65791433 0.00296334305
66 1.65765505 0.0029302729
67 1.65844568 0.00299316738
68 1.65827262 0.00295454192
69 1.65852938 0.00292332573
70 1.65866997 0.0028852854
71 1.65865731 0.00284495794
72 1.65894667 0.00282059687
73 1.65850792 0.00281660263
74 1.65801129 0.00282282421
75 1.65831735 0.00280219885
76 1.65742516 0.00290591983
77 1.65725758 0.0028733132
78 1.65636905 0.0029726086
79 1.65666523 0.00295012047
80 1.65639504 0.00292597319
81 1.65641282 0.00289012503
82 1.65623878 0.0028603918
83 1.65601393 0.00283506455
84 1.65661272 0.00286478833
85 1.65659266 0.00283135195
86 1.65601104 0.0028584159
87 1.65627809 0.0028383385
88 1.65622211 0.00280682429
89 1.65620756 0.00277550024
90 1.65671855 0.00279198946
91 1.65652893 0.00276797801
92 1.65651488 0.00273808909
93 1.65609624 0.00274096241
94 1.65620227 0.00271402884
95 1.65663939 0.00272094922
96 1.65630722 0.00271316209
97 1.65589696 0.00271649356
98 1.65627865 0.00271586937
99 1.65628198 0.00268857558
