0 -3.35426619 0
1 -3.35343784 0.000828344418
2 -3.35327955 0.000503762266
3 -3.35359536 0.000476055952
4 -3.35330674 0.000468277132
5 -3.35334195 0.000383964645
6 -3.35350083 0.000361317531
7 -3.35374577 0.000397372893
8 -3.35377615 0.000351764586
9 -3.35362017 0.000351168471
10 -3.35338034 0.000398015642
11 -3.35323319 0.000392002867
12 -3.35327081 0.000362546744
13 -3.353446 0.000378624278
14 -3.35345153 0.000352523398
15 -3.35338947 0.000335545221
16 -3.35336608 0.000316056798
17 -3.35335593 0.00029815372
18 -3.35331398 0.000285128296
19 -3.35326989 0.00027406652
20 -3.3532248 0.000264560438
21 -3.35322582 0.000252250543
22 -3.35318517 0.000244436678
23 -3.35325024 0.000242907437
24 -3.3532298 0.000233883931
25 -3.3532724 0.000228711668
26 -3.35334598 0.000232052417
27 -3.35332089 0.000225014377
28 -3.35332434 0.000217144105
29 -3.35331102 0.000210203809
30 -3.35329975 0.000203622145
31 -3.35327215 0.000199078724
32 -3.35327521 0.000192976023
33 -3.35327319 0.000187225155
34 -3.3533233 0.000188576766
35 -3.35342228 0.000208285666
36 -3.35347223 0.000208645753
37 -3.35354904 0.00021712184
38 -3.35351106 0.000214865785
39 -3.35346476 0.000214481333
40 -3.35349959 0.000212064327
41 -3.35351775 0.000207749084
42 -3.35350686 0.000203152311
43 -3.35351623 0.000198702372
44 -3.35353304 0.000194963
45 -3.35355373 0.000191796728
46 -3.3535705 0.0001884195
47 -3.35358016 0.000184705103
48 -3.35353772 0.000185808922
49 -3.35353812 0.000182055264
50 -3.35351276 0.000180243751
51 -3.35354143 0.000179054116
52 -3.3535322 0.000175885614
53 -3.35351939 0.000173072632
54 -3.35348159 0.00017404932
55 -3.35349227 0.000171246211
56 -3.35346932 0.000169772983
57 -3.35346304 0.000166938474
58 -3.3534552 0.000164271953
59 -3.35350272 0.000168357737
60 -3.35349447 0.000165780529
61 -3.3535212 0.000165262344
62 -3.35354558 0.000164435332
63 -3.35352888 0.000162705373
64 -3.35350594 0.000161816401
65 -3.35348219 0.000161106566
66 -3.35347527 0.000158834819
67 -3.35346621 0.000156743248
68 -3.35348544 0.000155646849
69 -3.35350183 0.000154280688
70 -3.35349952 0.000152109806
71 -3.35348325 0.000150861866
72 -3.35348859 0.000148876658
73 -3.35345358 0.000150966916
74 -3.3534295 0.000150874096
75 -3.35344323 0.000149507091
76 -3.3534361 0.000147724847
77 -3.3534359 0.000145818772
78 -3.35343661 0.000143962901
79 -3.35342383 0.000142725187
80 -3.35339527 0.000143816904
81 -3.35340545 0.000142416158
82 -3.35341621 0.000141100613
83 -3.35338219 0.000143499627
84 -3.35339888 0.000142779706
85 -3.35341127 0.000141652323
86 -3.3534279 0.000140999706
87 -3.35341785 0.000139750589
88 -3.35341429 0.000138217145
89 -3.35339464 0.000138078637
90 -3.35339291 0.000136563756
91 -3.35343741 0.000142212777
92 -3.35344363 0.00014081245
93 -3.3534455 0.000139318993
94 -3.35347159 0.000140292634
95 -3.35349352 0.000140544028
96 -3.35348671 0.000139254318
97 -3.35347352 0.000138455607
98 -3.35350369 0.000140332902
99 -3.35350196 0.00013893332
