0 0.780326057 0
1 0.787974724 0.00764866738
2 0.785621203 0.00500397489
3 0.785949936 0.00355358232
4 0.785260305 0.00283766788
5 0.785738173 0.00236571278
6 0.785840806 0.0020020247
7 0.786125877 0.00175708346
8 0.786558445 0.00160884493
9 0.786357604 0.00145294282
10 0.786390001 0.00131463548
11 0.78666105 0.00123032089
12 0.786433705 0.00115433972
13 0.786872253 0.0011551917
14 0.786895997 0.00107568702
15 0.786896084 0.00100621307
16 0.786823531 0.000947953116
17 0.786624499 0.000915632364
18 0.786902074 0.000909494147
19 0.786737139 0.000878444841
20 0.787004164 0.000877197791
21 0.787043813 0.000837314554
22 0.786717003 0.000864254382
23 0.786768921 0.000829087723
24 0.786734855 0.000795962334
25 0.786979328 0.000802862306
26 0.787103997 0.000782549059
27 0.786752695 0.00083189786
28 0.786955646 0.000827958298
29 0.786905881 0.000801430261
30 0.787041531 0.000786926552
31 0.787048166 0.000761967242
32 0.786892154 0.000754815301
33 0.786739408 0.000748039574
34 0.786905541 0.000745109609
35 0.786857603 0.000725701426
36 0.786890537 0.000706583367
37 0.787007695 0.000697645447
38 0.787032505 0.000679974449
39 0.78710065 0.000666251321
40 0.786953725 0.000666201646
41 0.787003287 0.000652032605
42 0.787109077 0.000645417526
43 0.78692897 0.000655795444
44 0.786947875 0.00064133528
45 0.786810505 0.000642104561
46 0.786687883 0.000640148271
47 0.78679452 0.000635678004
48 0.78681499 0.000622906272
49 0.786871014 0.00061288695
50 0.7869589 0.000607144014
51 0.786924217 0.000596363066
52 0.786985403 0.000588193736
53 0.786957018 0.000577896011
54 0.78709458 0.000583731891
55 0.786877331 0.000613001293
56 0.786774624 0.000610847336
57 0.786879738 0.000609357702
58 0.786880083 0.000598940663
59 0.786929172 0.000590916228
60 0.78680555 0.000594151436
61 0.786870586 0.00058809702
62 0.786885877 0.000578888829
63 0.786882971 0.000569779309
64 0.787030204 0.000579945388
65 0.786883488 0.000589635571
66 0.786884147 0.00058076874
67 0.786948735 0.000575798177
68 0.786872669 0.000572467917
69 0.786899307 0.000564858959
70 0.786828673 0.000561308254
71 0.786749665 0.000559068338
72 0.786869989 0.000564333225
73 0.786800623 0.000560960051
74 0.786787701 0.00055358089
75 0.786857363 0.000550672342
76 0.786843164 0.000543659146
77 0.786791049 0.000539168425
78 0.786845767 0.0005351047
79 0.786889043 0.000530142862
80 0.786819363 0.000528173555
81 0.786786062 0.00052275438
82 0.786846642 0.000519958804
83 0.786800965 0.000515758114
84 0.786772795 0.000510432197
85 0.78687913 0.000515547284
86 0.786869519 0.000509677617
87 0.786880078 0.000503963173
88 0.786909976 0.000499164638
89 0.786887497 0.000494098784
90 0.786905965 0.000488987825
91 0.786858793 0.000485938533
92 0.786868197 0.000480776967
93 0.786778573 0.00048400501
94 0.786740541 0.000480390976
95 0.786780201 0.0004770121
96 0.786762287 0.000472408587
97 0.78674783 0.000467786713
98 0.786740056 0.000463102737
99 0.786785446 0.000460689807
