0 -5.50823274 0
1 -5.50810355 0.00012918931
2 -5.50822067 0.000138849893
3 -5.50782668 0.000406039418
4 -5.50769442 0.000341191828
5 -5.50781853 0.000304975898
6 -5.50790007 0.000270341354
7 -5.50787748 0.00023520981
8 -5.50786971 0.000207580838
9 -5.50785297 0.000186419477
10 -5.50785775 0.000168690455
11 -5.5078449 0.000154528024
12 -5.50774471 0.000173902203
13 -5.50770234 0.000166484451
14 -5.5076807 0.000156492491
15 -5.5077005 0.000147718273
16 -5.50769751 0.000138789232
17 -5.50767618 0.000132579852
18 -5.50771267 0.000130611185
19 -5.50768676 0.000126589329
20 -5.50772363 0.000125929476
21 -5.5077189 0.000120162357
22 -5.50766213 0.000128084478
23 -5.50764264 0.000124171222
24 -5.50762083 0.000121082097
25 -5.50762233 0.00011634167
26 -5.50762722 0.000112056612
27 -5.50759908 0.000111588766
28 -5.50758293 0.000108875656
29 -5.50755583 0.000108620039
30 -5.50751833 0.000111549523
31 -5.50753173 0.000108835236
32 -5.50751456 0.000106874243
33 -5.50747686 0.000110323674
34 -5.50749261 0.000108277761
35 -5.50747302 0.000107035099
36 -5.50746696 0.000104278568
37 -5.50749143 0.000104405276
38 -5.50745946 0.000106600837
39 -5.50745061 0.00010427786
40 -5.50744604 0.000101805015
41 -5.50744829 9.93770246e-05
42 -5.50744171 9.72618192e-05
43 -5.50742435 9.65978219e-05
44 -5.50741783 9.46516513e-05
45 -5.50739968 9.43339698e-05
46 -5.50739734 9.23345216e-05
47 -5.50737592 9.28949367e-05
48 -5.507363 9.18925474e-05
49 -5.50735382 9.05025753e-05
50 -5.50737643 9.15468117e-05
51 -5.50738806 9.05189697e-05
52 -5.50741417 9.25535075e-05
53 -5.50740688 9.11152988e-05
54 -5.50740239 8.95559639e-05
55 -5.50739726 8.80918524e-05
56 -5.50740434 8.68222869e-05
57 -5.5074003 8.54076902e-05
58 -5.50739848 8.39674876e-05
59 -5.50740953 8.32921416e-05
60 -5.50740569 8.20048796e-05
61 -5.50739397 8.15182818e-05
62 -5.5074005 8.04786942e-05
63 -5.5074275 8.36877494e-05
64 -5.50746394 9.00900973e-05
65 -5.50745978 8.88124657e-05
66 -5.50745918 8.747893e-05
67 -5.50745907 8.61829403e-05
68 -5.5074455 8.60015285e-05
69 -5.50746039 8.60621022e-05
70 -5.50747201 8.56323158e-05
71 -5.50746932 8.44773821e-05
72 -5.50746119 8.37080729e-05
73 -5.50746362 8.26049039e-05
74 -5.50745397 8.20649071e-05
75 -5.50745902 8.11352688e-05
76 -5.50745682 8.0104776e-05
77 -5.50746269 7.92885827e-05
78 -5.5074582 7.84072794e-05
79 -5.50744384 7.87410346e-05
80 -5.50744131 7.78041232e-05
81 -5.50743607 7.70276016e-05
82 -5.50743366 7.61322639e-05
83 -5.50742789 7.54412049e-05
84 -5.50742259 7.47361423e-05
85 -5.50743935 7.57394318e-05
86 -5.50744984 7.55939959e-05
87 -5.50745085 7.47369366e-05
88 -5.50744907 7.39138458e-05
89 -5.50745173 7.3136244e-05
90 -5.50744916 7.23735178e-05
91 -5.50744947 7.15831697e-05
92 -5.50744025 7.14067097e-05
93 -5.50741904 7.37589105e-05
94 -5.50740994 7.35428245e-05
95 -5.50739542 7.42079861e-05
96 -5.50739093 7.35763028e-05
97 -5.50739012 7.28261504e-05
98 -5.50739465 7.2228875e-05
99 -5.50739825 7.1593687e-05
