0 -6.67872183 0
1 -6.69006564 0.0113438118
2 -6.68665247 0.00738537228
3 -6.68675158 0.00522318718
4 -6.68558488 0.00421072432
5 -6.68642579 0.00353938684
6 -6.68666128 0.00300058283
7 -6.68706629 0.00262995444
8 -6.68770738 0.00240637048
9 -6.68738938 0.00217568913
10 -6.68744275 0.00196870852
11 -6.68783647 0.00183979901
12 -6.68739527 0.00174893446
13 -6.68801072 0.00173221944
14 -6.68802469 0.00161266907
15 -6.68804462 0.00150864543
16 -6.68793281 0.00142152983
17 -6.68761293 0.00137787712
18 -6.68806579 0.00137977572
19 -6.68779247 0.00133720039
20 -6.68822988 0.00134504158
21 -6.68828462 0.00128361452
22 -6.68773764 0.00134297341
23 -6.68779602 0.00128712394
24 -6.68772311 0.00123671717
25 -6.68809132 0.00124394556
26 -6.68828322 0.00121227136
27 -6.68772812 0.00129335443
28 -6.6880164 0.00128082348
29 -6.68791465 0.00124156954
30 -6.68808063 0.00121226726
31 -6.68810398 0.00117400496
32 -6.68785279 0.0011652687
33 -6.68758597 0.00116153738
34 -6.68785093 0.00115856607
35 -6.68775943 0.0011296354
36 -6.68780277 0.00109953496
37 -6.68800297 0.00108877423
38 -6.68800821 0.0010605025
39 -6.68810158 0.00103785836
40 -6.68787663 0.00103692285
41 -6.68795323 0.00101482769
42 -6.68810532 0.00100255046
43 -6.6878178 0.00102082677
44 -6.68783964 0.000998122825
45 -6.68761543 0.00100159989
46 -6.68742917 0.000997601048
47 -6.6875677 0.000986372738
48 -6.68758548 0.000966196627
49 -6.68766034 0.00094963051
50 -6.68781478 0.000943549563
51 -6.68777438 0.000926107924
52 -6.68789227 0.000916083033
53 -6.68784241 0.000900340416
54 -6.68804426 0.000906576196
55 -6.68771325 0.000949785396
56 -6.68756628 0.00094447944
57 -6.68771991 0.00094068322
58 -6.6877186 0.000924602906
59 -6.68780328 0.0009129979
60 -6.68761402 0.000917636398
61 -6.68769985 0.000906786151
62 -6.68772931 0.000892762791
63 -6.68775196 0.000878994417
64 -6.68800925 0.000902804968
65 -6.68778501 0.000916865569
66 -6.6877854 0.000903077414
67 -6.68788217 0.000894945566
68 -6.68775451 0.000891072685
69 -6.68780935 0.000879961762
70 -6.68771502 0.000872593904
71 -6.68759382 0.000868883846
72 -6.68776617 0.000874060086
73 -6.68766455 0.000868135338
74 -6.68763552 0.000856973801
75 -6.68774507 0.00085268834
76 -6.68772157 0.000841869534
77 -6.68764927 0.000834145772
78 -6.68772685 0.000827165833
79 -6.68777741 0.000818324035
80 -6.68767035 0.00081521796
81 -6.68761517 0.000807103842
82 -6.68770362 0.000802211765
83 -6.68762934 0.000796077272
84 -6.68758179 0.00078809169
85 -6.68775805 0.000798569075
86 -6.68775411 0.000789346557
87 -6.68777097 0.000780507159
88 -6.68781403 0.000772888383
89 -6.68778297 0.000764883412
90 -6.68780811 0.000756848972
91 -6.68773766 0.000751885341
92 -6.68774255 0.000743772675
93 -6.6875869 0.000752099503
94 -6.68752076 0.000747074289
95 -6.68756572 0.000740617537
96 -6.68753436 0.000733613264
97 -6.68751186 0.000726437223
98 -6.68750473 0.000719097405
99 -6.68757642 0.000715470664
