0 1.17048909 0
1 1.18196209 0.0114730011
2 1.1784318 0.00750596233
3 1.1789249 0.00533037349
4 1.17789046 0.00425650182
5 1.17860726 0.00354856917
6 1.17876121 0.00300303706
7 1.17918881 0.00263562519
8 1.17983767 0.0024132674
9 1.17953641 0.00217941423
10 1.179585 0.00197195322
11 1.17999158 0.00184548134
12 1.17965056 0.00173150958
13 1.18030838 0.00173278754
14 1.18034399 0.00161353052
15 1.18034413 0.00150931961
16 1.1802353 0.00142192967
17 1.17993675 0.00137344855
18 1.18035311 0.00136424122
19 1.18010571 0.00131766726
20 1.18050625 0.00131579669
21 1.18056572 0.00125597183
22 1.1800755 0.00129638157
23 1.18015338 0.00124363158
24 1.18010228 0.0011939435
25 1.18046899 0.00120429346
26 1.180656 0.00117382359
27 1.18012904 0.00124784679
28 1.18043347 0.00124193745
29 1.18035882 0.00120214539
30 1.1805623 0.00118038983
31 1.18057225 0.00114295086
32 1.18033823 0.00113222295
33 1.18010911 0.00112205936
34 1.18035831 0.00111766441
35 1.1802864 0.00108855214
36 1.18033581 0.00105987505
37 1.18051154 0.00104646817
38 1.18054876 0.00101996167
39 1.18065098 0.000999376982
40 1.18043059 0.00099930247
41 1.18050493 0.000978048908
42 1.18066362 0.000968126289
43 1.18039346 0.000983693167
44 1.18042181 0.00096200292
45 1.18021576 0.000963156841
46 1.18003182 0.000960222407
47 1.18019178 0.000953517006
48 1.18022248 0.000934359409
49 1.18030652 0.000919330425
50 1.18043835 0.00091071602
51 1.18038633 0.0008945446
52 1.1804781 0.000882290605
53 1.18043553 0.000866844017
54 1.18064187 0.000875597837
55 1.180316 0.000919501939
56 1.18016194 0.000916271003
57 1.18031961 0.000914036553
58 1.18032012 0.000898410994
59 1.18039376 0.000886374342
60 1.18020832 0.000891227154
61 1.18030588 0.000882145529
62 1.18032882 0.000868333244
63 1.18032446 0.000854668963
64 1.18054531 0.000869918083
65 1.18032523 0.000884453357
66 1.18032622 0.00087115311
67 1.1804231 0.000863697265
68 1.180309 0.000858701875
69 1.18034896 0.000847288439
70 1.18024301 0.000841962381
71 1.1801245 0.000838602506
72 1.18030498 0.000846499838
73 1.18020094 0.000841440076
74 1.18018155 0.000830371335
75 1.18028604 0.000826008513
76 1.18026475 0.000815488719
77 1.18018657 0.000808752638
78 1.18026865 0.00080265705
79 1.18033356 0.000795214292
80 1.18022904 0.000792260333
81 1.18017909 0.000784131571
82 1.18026996 0.000779938205
83 1.18020145 0.000773637171
84 1.18015919 0.000765648295
85 1.18031869 0.000773320925
86 1.18030428 0.000764516425
87 1.18032012 0.000755944759
88 1.18036496 0.000748746957
89 1.18033125 0.000741148176
90 1.18035895 0.000733481738
91 1.18028819 0.0007289078
92 1.1803023 0.00072116545
93 1.18016786 0.000726007514
94 1.18011081 0.000720586464
95 1.1801703 0.00071551815
96 1.18014343 0.000708612881
97 1.18012174 0.00070168007
98 1.18011008 0.000694654105
99 1.18017817 0.000691034711
